[2022-08-21 13:58:02] local.ERROR: The "--columns" option does not exist. {"exception":"[object] (Symfony\\Component\\Console\\Exception\\RuntimeException(code: 0): The \"--columns\" option does not exist. at /home/abdmalik/livewire-ckeditor/vendor/symfony/console/Input/ArgvInput.php:220)
[stacktrace]
#0 /home/abdmalik/livewire-ckeditor/vendor/symfony/console/Input/ArgvInput.php(147): Symfony\\Component\\Console\\Input\\ArgvInput->addLongOption()
#1 /home/abdmalik/livewire-ckeditor/vendor/symfony/console/Input/ArgvInput.php(82): Symfony\\Component\\Console\\Input\\ArgvInput->parseLongOption()
#2 /home/abdmalik/livewire-ckeditor/vendor/symfony/console/Input/ArgvInput.php(71): Symfony\\Component\\Console\\Input\\ArgvInput->parseToken()
#3 /home/abdmalik/livewire-ckeditor/vendor/symfony/console/Input/Input.php(55): Symfony\\Component\\Console\\Input\\ArgvInput->parse()
#4 /home/abdmalik/livewire-ckeditor/vendor/symfony/console/Command/Command.php(267): Symfony\\Component\\Console\\Input\\Input->bind()
#5 /home/abdmalik/livewire-ckeditor/vendor/laravel/framework/src/Illuminate/Console/Command.php(124): Symfony\\Component\\Console\\Command\\Command->run()
#6 /home/abdmalik/livewire-ckeditor/vendor/symfony/console/Application.php(998): Illuminate\\Console\\Command->run()
#7 /home/abdmalik/livewire-ckeditor/vendor/symfony/console/Application.php(299): Symfony\\Component\\Console\\Application->doRunCommand()
#8 /home/abdmalik/livewire-ckeditor/vendor/symfony/console/Application.php(171): Symfony\\Component\\Console\\Application->doRun()
#9 /home/abdmalik/livewire-ckeditor/vendor/laravel/framework/src/Illuminate/Console/Application.php(102): Symfony\\Component\\Console\\Application->run()
#10 /home/abdmalik/livewire-ckeditor/vendor/laravel/framework/src/Illuminate/Foundation/Console/Kernel.php(129): Illuminate\\Console\\Application->run()
#11 /home/abdmalik/livewire-ckeditor/artisan(37): Illuminate\\Foundation\\Console\\Kernel->handle()
#12 {main}
"} 
[2022-08-21 13:58:04] local.ERROR: The "--columns" option does not exist. {"exception":"[object] (Symfony\\Component\\Console\\Exception\\RuntimeException(code: 0): The \"--columns\" option does not exist. at /home/abdmalik/livewire-ckeditor/vendor/symfony/console/Input/ArgvInput.php:220)
[stacktrace]
#0 /home/abdmalik/livewire-ckeditor/vendor/symfony/console/Input/ArgvInput.php(147): Symfony\\Component\\Console\\Input\\ArgvInput->addLongOption()
#1 /home/abdmalik/livewire-ckeditor/vendor/symfony/console/Input/ArgvInput.php(82): Symfony\\Component\\Console\\Input\\ArgvInput->parseLongOption()
#2 /home/abdmalik/livewire-ckeditor/vendor/symfony/console/Input/ArgvInput.php(71): Symfony\\Component\\Console\\Input\\ArgvInput->parseToken()
#3 /home/abdmalik/livewire-ckeditor/vendor/symfony/console/Input/Input.php(55): Symfony\\Component\\Console\\Input\\ArgvInput->parse()
#4 /home/abdmalik/livewire-ckeditor/vendor/symfony/console/Command/Command.php(267): Symfony\\Component\\Console\\Input\\Input->bind()
#5 /home/abdmalik/livewire-ckeditor/vendor/laravel/framework/src/Illuminate/Console/Command.php(124): Symfony\\Component\\Console\\Command\\Command->run()
#6 /home/abdmalik/livewire-ckeditor/vendor/symfony/console/Application.php(998): Illuminate\\Console\\Command->run()
#7 /home/abdmalik/livewire-ckeditor/vendor/symfony/console/Application.php(299): Symfony\\Component\\Console\\Application->doRunCommand()
#8 /home/abdmalik/livewire-ckeditor/vendor/symfony/console/Application.php(171): Symfony\\Component\\Console\\Application->doRun()
#9 /home/abdmalik/livewire-ckeditor/vendor/laravel/framework/src/Illuminate/Console/Application.php(102): Symfony\\Component\\Console\\Application->run()
#10 /home/abdmalik/livewire-ckeditor/vendor/laravel/framework/src/Illuminate/Foundation/Console/Kernel.php(129): Illuminate\\Console\\Application->run()
#11 /home/abdmalik/livewire-ckeditor/artisan(37): Illuminate\\Foundation\\Console\\Kernel->handle()
#12 {main}
"} 
[2022-08-21 13:58:07] local.ERROR: The "--columns" option does not exist. {"exception":"[object] (Symfony\\Component\\Console\\Exception\\RuntimeException(code: 0): The \"--columns\" option does not exist. at /home/abdmalik/livewire-ckeditor/vendor/symfony/console/Input/ArgvInput.php:220)
[stacktrace]
#0 /home/abdmalik/livewire-ckeditor/vendor/symfony/console/Input/ArgvInput.php(147): Symfony\\Component\\Console\\Input\\ArgvInput->addLongOption()
#1 /home/abdmalik/livewire-ckeditor/vendor/symfony/console/Input/ArgvInput.php(82): Symfony\\Component\\Console\\Input\\ArgvInput->parseLongOption()
#2 /home/abdmalik/livewire-ckeditor/vendor/symfony/console/Input/ArgvInput.php(71): Symfony\\Component\\Console\\Input\\ArgvInput->parseToken()
#3 /home/abdmalik/livewire-ckeditor/vendor/symfony/console/Input/Input.php(55): Symfony\\Component\\Console\\Input\\ArgvInput->parse()
#4 /home/abdmalik/livewire-ckeditor/vendor/symfony/console/Command/Command.php(267): Symfony\\Component\\Console\\Input\\Input->bind()
#5 /home/abdmalik/livewire-ckeditor/vendor/laravel/framework/src/Illuminate/Console/Command.php(124): Symfony\\Component\\Console\\Command\\Command->run()
#6 /home/abdmalik/livewire-ckeditor/vendor/symfony/console/Application.php(998): Illuminate\\Console\\Command->run()
#7 /home/abdmalik/livewire-ckeditor/vendor/symfony/console/Application.php(299): Symfony\\Component\\Console\\Application->doRunCommand()
#8 /home/abdmalik/livewire-ckeditor/vendor/symfony/console/Application.php(171): Symfony\\Component\\Console\\Application->doRun()
#9 /home/abdmalik/livewire-ckeditor/vendor/laravel/framework/src/Illuminate/Console/Application.php(102): Symfony\\Component\\Console\\Application->run()
#10 /home/abdmalik/livewire-ckeditor/vendor/laravel/framework/src/Illuminate/Foundation/Console/Kernel.php(129): Illuminate\\Console\\Application->run()
#11 /home/abdmalik/livewire-ckeditor/artisan(37): Illuminate\\Foundation\\Console\\Kernel->handle()
#12 {main}
"} 
[2022-08-21 14:02:00] local.ERROR: There are no commands defined in the "ide-helper" namespace. {"exception":"[object] (Symfony\\Component\\Console\\Exception\\NamespaceNotFoundException(code: 0): There are no commands defined in the \"ide-helper\" namespace. at /home/abdmalik/livewire-ckeditor/vendor/symfony/console/Application.php:622)
[stacktrace]
#0 /home/abdmalik/livewire-ckeditor/vendor/symfony/console/Application.php(673): Symfony\\Component\\Console\\Application->findNamespace()
#1 /home/abdmalik/livewire-ckeditor/vendor/symfony/console/Application.php(259): Symfony\\Component\\Console\\Application->find()
#2 /home/abdmalik/livewire-ckeditor/vendor/symfony/console/Application.php(171): Symfony\\Component\\Console\\Application->doRun()
#3 /home/abdmalik/livewire-ckeditor/vendor/laravel/framework/src/Illuminate/Console/Application.php(102): Symfony\\Component\\Console\\Application->run()
#4 /home/abdmalik/livewire-ckeditor/vendor/laravel/framework/src/Illuminate/Foundation/Console/Kernel.php(129): Illuminate\\Console\\Application->run()
#5 /home/abdmalik/livewire-ckeditor/artisan(37): Illuminate\\Foundation\\Console\\Kernel->handle()
#6 {main}
"} 
[2022-08-21 14:06:11] local.ERROR: There are no commands defined in the "ide-helper" namespace. {"exception":"[object] (Symfony\\Component\\Console\\Exception\\NamespaceNotFoundException(code: 0): There are no commands defined in the \"ide-helper\" namespace. at /home/abdmalik/livewire-ckeditor/vendor/symfony/console/Application.php:622)
[stacktrace]
#0 /home/abdmalik/livewire-ckeditor/vendor/symfony/console/Application.php(673): Symfony\\Component\\Console\\Application->findNamespace()
#1 /home/abdmalik/livewire-ckeditor/vendor/symfony/console/Application.php(259): Symfony\\Component\\Console\\Application->find()
#2 /home/abdmalik/livewire-ckeditor/vendor/symfony/console/Application.php(171): Symfony\\Component\\Console\\Application->doRun()
#3 /home/abdmalik/livewire-ckeditor/vendor/laravel/framework/src/Illuminate/Console/Application.php(102): Symfony\\Component\\Console\\Application->run()
#4 /home/abdmalik/livewire-ckeditor/vendor/laravel/framework/src/Illuminate/Foundation/Console/Kernel.php(129): Illuminate\\Console\\Application->run()
#5 /home/abdmalik/livewire-ckeditor/artisan(37): Illuminate\\Foundation\\Console\\Kernel->handle()
#6 {main}
"} 
[2022-08-22 02:25:15] local.ERROR: The "--columns" option does not exist. {"exception":"[object] (Symfony\\Component\\Console\\Exception\\RuntimeException(code: 0): The \"--columns\" option does not exist. at /home/abdmalik/livewire-ckeditor/vendor/symfony/console/Input/ArgvInput.php:220)
[stacktrace]
#0 /home/abdmalik/livewire-ckeditor/vendor/symfony/console/Input/ArgvInput.php(147): Symfony\\Component\\Console\\Input\\ArgvInput->addLongOption()
#1 /home/abdmalik/livewire-ckeditor/vendor/symfony/console/Input/ArgvInput.php(82): Symfony\\Component\\Console\\Input\\ArgvInput->parseLongOption()
#2 /home/abdmalik/livewire-ckeditor/vendor/symfony/console/Input/ArgvInput.php(71): Symfony\\Component\\Console\\Input\\ArgvInput->parseToken()
#3 /home/abdmalik/livewire-ckeditor/vendor/symfony/console/Input/Input.php(55): Symfony\\Component\\Console\\Input\\ArgvInput->parse()
#4 /home/abdmalik/livewire-ckeditor/vendor/symfony/console/Command/Command.php(267): Symfony\\Component\\Console\\Input\\Input->bind()
#5 /home/abdmalik/livewire-ckeditor/vendor/laravel/framework/src/Illuminate/Console/Command.php(124): Symfony\\Component\\Console\\Command\\Command->run()
#6 /home/abdmalik/livewire-ckeditor/vendor/symfony/console/Application.php(998): Illuminate\\Console\\Command->run()
#7 /home/abdmalik/livewire-ckeditor/vendor/symfony/console/Application.php(299): Symfony\\Component\\Console\\Application->doRunCommand()
#8 /home/abdmalik/livewire-ckeditor/vendor/symfony/console/Application.php(171): Symfony\\Component\\Console\\Application->doRun()
#9 /home/abdmalik/livewire-ckeditor/vendor/laravel/framework/src/Illuminate/Console/Application.php(102): Symfony\\Component\\Console\\Application->run()
#10 /home/abdmalik/livewire-ckeditor/vendor/laravel/framework/src/Illuminate/Foundation/Console/Kernel.php(129): Illuminate\\Console\\Application->run()
#11 /home/abdmalik/livewire-ckeditor/artisan(37): Illuminate\\Foundation\\Console\\Kernel->handle()
#12 {main}
"} 
[2022-08-22 02:25:18] local.ERROR: The "--columns" option does not exist. {"exception":"[object] (Symfony\\Component\\Console\\Exception\\RuntimeException(code: 0): The \"--columns\" option does not exist. at /home/abdmalik/livewire-ckeditor/vendor/symfony/console/Input/ArgvInput.php:220)
[stacktrace]
#0 /home/abdmalik/livewire-ckeditor/vendor/symfony/console/Input/ArgvInput.php(147): Symfony\\Component\\Console\\Input\\ArgvInput->addLongOption()
#1 /home/abdmalik/livewire-ckeditor/vendor/symfony/console/Input/ArgvInput.php(82): Symfony\\Component\\Console\\Input\\ArgvInput->parseLongOption()
#2 /home/abdmalik/livewire-ckeditor/vendor/symfony/console/Input/ArgvInput.php(71): Symfony\\Component\\Console\\Input\\ArgvInput->parseToken()
#3 /home/abdmalik/livewire-ckeditor/vendor/symfony/console/Input/Input.php(55): Symfony\\Component\\Console\\Input\\ArgvInput->parse()
#4 /home/abdmalik/livewire-ckeditor/vendor/symfony/console/Command/Command.php(267): Symfony\\Component\\Console\\Input\\Input->bind()
#5 /home/abdmalik/livewire-ckeditor/vendor/laravel/framework/src/Illuminate/Console/Command.php(124): Symfony\\Component\\Console\\Command\\Command->run()
#6 /home/abdmalik/livewire-ckeditor/vendor/symfony/console/Application.php(998): Illuminate\\Console\\Command->run()
#7 /home/abdmalik/livewire-ckeditor/vendor/symfony/console/Application.php(299): Symfony\\Component\\Console\\Application->doRunCommand()
#8 /home/abdmalik/livewire-ckeditor/vendor/symfony/console/Application.php(171): Symfony\\Component\\Console\\Application->doRun()
#9 /home/abdmalik/livewire-ckeditor/vendor/laravel/framework/src/Illuminate/Console/Application.php(102): Symfony\\Component\\Console\\Application->run()
#10 /home/abdmalik/livewire-ckeditor/vendor/laravel/framework/src/Illuminate/Foundation/Console/Kernel.php(129): Illuminate\\Console\\Application->run()
#11 /home/abdmalik/livewire-ckeditor/artisan(37): Illuminate\\Foundation\\Console\\Kernel->handle()
#12 {main}
"} 
[2022-08-22 02:25:21] local.ERROR: The "--columns" option does not exist. {"exception":"[object] (Symfony\\Component\\Console\\Exception\\RuntimeException(code: 0): The \"--columns\" option does not exist. at /home/abdmalik/livewire-ckeditor/vendor/symfony/console/Input/ArgvInput.php:220)
[stacktrace]
#0 /home/abdmalik/livewire-ckeditor/vendor/symfony/console/Input/ArgvInput.php(147): Symfony\\Component\\Console\\Input\\ArgvInput->addLongOption()
#1 /home/abdmalik/livewire-ckeditor/vendor/symfony/console/Input/ArgvInput.php(82): Symfony\\Component\\Console\\Input\\ArgvInput->parseLongOption()
#2 /home/abdmalik/livewire-ckeditor/vendor/symfony/console/Input/ArgvInput.php(71): Symfony\\Component\\Console\\Input\\ArgvInput->parseToken()
#3 /home/abdmalik/livewire-ckeditor/vendor/symfony/console/Input/Input.php(55): Symfony\\Component\\Console\\Input\\ArgvInput->parse()
#4 /home/abdmalik/livewire-ckeditor/vendor/symfony/console/Command/Command.php(267): Symfony\\Component\\Console\\Input\\Input->bind()
#5 /home/abdmalik/livewire-ckeditor/vendor/laravel/framework/src/Illuminate/Console/Command.php(124): Symfony\\Component\\Console\\Command\\Command->run()
#6 /home/abdmalik/livewire-ckeditor/vendor/symfony/console/Application.php(998): Illuminate\\Console\\Command->run()
#7 /home/abdmalik/livewire-ckeditor/vendor/symfony/console/Application.php(299): Symfony\\Component\\Console\\Application->doRunCommand()
#8 /home/abdmalik/livewire-ckeditor/vendor/symfony/console/Application.php(171): Symfony\\Component\\Console\\Application->doRun()
#9 /home/abdmalik/livewire-ckeditor/vendor/laravel/framework/src/Illuminate/Console/Application.php(102): Symfony\\Component\\Console\\Application->run()
#10 /home/abdmalik/livewire-ckeditor/vendor/laravel/framework/src/Illuminate/Foundation/Console/Kernel.php(129): Illuminate\\Console\\Application->run()
#11 /home/abdmalik/livewire-ckeditor/artisan(37): Illuminate\\Foundation\\Console\\Kernel->handle()
#12 {main}
"} 
[2022-08-22 02:35:45] local.ERROR: There are no commands defined in the "ide-helper" namespace. {"exception":"[object] (Symfony\\Component\\Console\\Exception\\NamespaceNotFoundException(code: 0): There are no commands defined in the \"ide-helper\" namespace. at /home/abdmalik/livewire-ckeditor/vendor/symfony/console/Application.php:622)
[stacktrace]
#0 /home/abdmalik/livewire-ckeditor/vendor/symfony/console/Application.php(673): Symfony\\Component\\Console\\Application->findNamespace()
#1 /home/abdmalik/livewire-ckeditor/vendor/symfony/console/Application.php(259): Symfony\\Component\\Console\\Application->find()
#2 /home/abdmalik/livewire-ckeditor/vendor/symfony/console/Application.php(171): Symfony\\Component\\Console\\Application->doRun()
#3 /home/abdmalik/livewire-ckeditor/vendor/laravel/framework/src/Illuminate/Console/Application.php(102): Symfony\\Component\\Console\\Application->run()
#4 /home/abdmalik/livewire-ckeditor/vendor/laravel/framework/src/Illuminate/Foundation/Console/Kernel.php(129): Illuminate\\Console\\Application->run()
#5 /home/abdmalik/livewire-ckeditor/artisan(37): Illuminate\\Foundation\\Console\\Kernel->handle()
#6 {main}
"} 
[2022-08-22 02:35:45] local.ERROR: There are no commands defined in the "ide-helper" namespace. {"exception":"[object] (Symfony\\Component\\Console\\Exception\\NamespaceNotFoundException(code: 0): There are no commands defined in the \"ide-helper\" namespace. at /home/abdmalik/livewire-ckeditor/vendor/symfony/console/Application.php:622)
[stacktrace]
#0 /home/abdmalik/livewire-ckeditor/vendor/symfony/console/Application.php(673): Symfony\\Component\\Console\\Application->findNamespace()
#1 /home/abdmalik/livewire-ckeditor/vendor/symfony/console/Application.php(259): Symfony\\Component\\Console\\Application->find()
#2 /home/abdmalik/livewire-ckeditor/vendor/symfony/console/Application.php(171): Symfony\\Component\\Console\\Application->doRun()
#3 /home/abdmalik/livewire-ckeditor/vendor/laravel/framework/src/Illuminate/Console/Application.php(102): Symfony\\Component\\Console\\Application->run()
#4 /home/abdmalik/livewire-ckeditor/vendor/laravel/framework/src/Illuminate/Foundation/Console/Kernel.php(129): Illuminate\\Console\\Application->run()
#5 /home/abdmalik/livewire-ckeditor/artisan(37): Illuminate\\Foundation\\Console\\Kernel->handle()
#6 {main}
"} 
[2022-08-22 02:36:45] local.ERROR: SQLSTATE[HY000] [1045] Access denied for user 'root'@'localhost' (using password: NO) (SQL: select * from information_schema.tables where table_schema = livewire_ckeditor and table_name = migrations and table_type = 'BASE TABLE') {"exception":"[object] (Illuminate\\Database\\QueryException(code: 1045): SQLSTATE[HY000] [1045] Access denied for user 'root'@'localhost' (using password: NO) (SQL: select * from information_schema.tables where table_schema = livewire_ckeditor and table_name = migrations and table_type = 'BASE TABLE') at /home/abdmalik/livewire-ckeditor/vendor/laravel/framework/src/Illuminate/Database/Connection.php:759)
[stacktrace]
#0 /home/abdmalik/livewire-ckeditor/vendor/laravel/framework/src/Illuminate/Database/Connection.php(719): Illuminate\\Database\\Connection->runQueryCallback()
#1 /home/abdmalik/livewire-ckeditor/vendor/laravel/framework/src/Illuminate/Database/Connection.php(421): Illuminate\\Database\\Connection->run()
#2 /home/abdmalik/livewire-ckeditor/vendor/laravel/framework/src/Illuminate/Database/Schema/MySqlBuilder.php(44): Illuminate\\Database\\Connection->select()
#3 /home/abdmalik/livewire-ckeditor/vendor/laravel/framework/src/Illuminate/Database/Migrations/DatabaseMigrationRepository.php(169): Illuminate\\Database\\Schema\\MySqlBuilder->hasTable()
#4 /home/abdmalik/livewire-ckeditor/vendor/laravel/framework/src/Illuminate/Database/Migrations/Migrator.php(683): Illuminate\\Database\\Migrations\\DatabaseMigrationRepository->repositoryExists()
#5 /home/abdmalik/livewire-ckeditor/vendor/laravel/framework/src/Illuminate/Database/Console/Migrations/MigrateCommand.php(111): Illuminate\\Database\\Migrations\\Migrator->repositoryExists()
#6 /home/abdmalik/livewire-ckeditor/vendor/laravel/framework/src/Illuminate/Database/Console/Migrations/MigrateCommand.php(79): Illuminate\\Database\\Console\\Migrations\\MigrateCommand->prepareDatabase()
#7 /home/abdmalik/livewire-ckeditor/vendor/laravel/framework/src/Illuminate/Database/Migrations/Migrator.php(616): Illuminate\\Database\\Console\\Migrations\\MigrateCommand->Illuminate\\Database\\Console\\Migrations\\{closure}()
#8 /home/abdmalik/livewire-ckeditor/vendor/laravel/framework/src/Illuminate/Database/Console/Migrations/MigrateCommand.php(99): Illuminate\\Database\\Migrations\\Migrator->usingConnection()
#9 /home/abdmalik/livewire-ckeditor/vendor/laravel/framework/src/Illuminate/Container/BoundMethod.php(36): Illuminate\\Database\\Console\\Migrations\\MigrateCommand->handle()
#10 /home/abdmalik/livewire-ckeditor/vendor/laravel/framework/src/Illuminate/Container/Util.php(41): Illuminate\\Container\\BoundMethod::Illuminate\\Container\\{closure}()
#11 /home/abdmalik/livewire-ckeditor/vendor/laravel/framework/src/Illuminate/Container/BoundMethod.php(93): Illuminate\\Container\\Util::unwrapIfClosure()
#12 /home/abdmalik/livewire-ckeditor/vendor/laravel/framework/src/Illuminate/Container/BoundMethod.php(37): Illuminate\\Container\\BoundMethod::callBoundMethod()
#13 /home/abdmalik/livewire-ckeditor/vendor/laravel/framework/src/Illuminate/Container/Container.php(651): Illuminate\\Container\\BoundMethod::call()
#14 /home/abdmalik/livewire-ckeditor/vendor/laravel/framework/src/Illuminate/Console/Command.php(139): Illuminate\\Container\\Container->call()
#15 /home/abdmalik/livewire-ckeditor/vendor/symfony/console/Command/Command.php(308): Illuminate\\Console\\Command->execute()
#16 /home/abdmalik/livewire-ckeditor/vendor/laravel/framework/src/Illuminate/Console/Command.php(124): Symfony\\Component\\Console\\Command\\Command->run()
#17 /home/abdmalik/livewire-ckeditor/vendor/symfony/console/Application.php(998): Illuminate\\Console\\Command->run()
#18 /home/abdmalik/livewire-ckeditor/vendor/symfony/console/Application.php(299): Symfony\\Component\\Console\\Application->doRunCommand()
#19 /home/abdmalik/livewire-ckeditor/vendor/symfony/console/Application.php(171): Symfony\\Component\\Console\\Application->doRun()
#20 /home/abdmalik/livewire-ckeditor/vendor/laravel/framework/src/Illuminate/Console/Application.php(102): Symfony\\Component\\Console\\Application->run()
#21 /home/abdmalik/livewire-ckeditor/vendor/laravel/framework/src/Illuminate/Foundation/Console/Kernel.php(129): Illuminate\\Console\\Application->run()
#22 /home/abdmalik/livewire-ckeditor/artisan(37): Illuminate\\Foundation\\Console\\Kernel->handle()
#23 {main}

[previous exception] [object] (PDOException(code: 1045): SQLSTATE[HY000] [1045] Access denied for user 'root'@'localhost' (using password: NO) at /home/abdmalik/livewire-ckeditor/vendor/laravel/framework/src/Illuminate/Database/Connectors/Connector.php:70)
[stacktrace]
#0 /home/abdmalik/livewire-ckeditor/vendor/laravel/framework/src/Illuminate/Database/Connectors/Connector.php(70): PDO->__construct()
#1 /home/abdmalik/livewire-ckeditor/vendor/laravel/framework/src/Illuminate/Database/Connectors/Connector.php(46): Illuminate\\Database\\Connectors\\Connector->createPdoConnection()
#2 /home/abdmalik/livewire-ckeditor/vendor/laravel/framework/src/Illuminate/Database/Connectors/MySqlConnector.php(24): Illuminate\\Database\\Connectors\\Connector->createConnection()
#3 /home/abdmalik/livewire-ckeditor/vendor/laravel/framework/src/Illuminate/Database/Connectors/ConnectionFactory.php(184): Illuminate\\Database\\Connectors\\MySqlConnector->connect()
#4 [internal function]: Illuminate\\Database\\Connectors\\ConnectionFactory->Illuminate\\Database\\Connectors\\{closure}()
#5 /home/abdmalik/livewire-ckeditor/vendor/laravel/framework/src/Illuminate/Database/Connection.php(1168): call_user_func()
#6 /home/abdmalik/livewire-ckeditor/vendor/laravel/framework/src/Illuminate/Database/Connection.php(1204): Illuminate\\Database\\Connection->getPdo()
#7 /home/abdmalik/livewire-ckeditor/vendor/laravel/framework/src/Illuminate/Database/Connection.php(485): Illuminate\\Database\\Connection->getReadPdo()
#8 /home/abdmalik/livewire-ckeditor/vendor/laravel/framework/src/Illuminate/Database/Connection.php(413): Illuminate\\Database\\Connection->getPdoForSelect()
#9 /home/abdmalik/livewire-ckeditor/vendor/laravel/framework/src/Illuminate/Database/Connection.php(752): Illuminate\\Database\\Connection->Illuminate\\Database\\{closure}()
#10 /home/abdmalik/livewire-ckeditor/vendor/laravel/framework/src/Illuminate/Database/Connection.php(719): Illuminate\\Database\\Connection->runQueryCallback()
#11 /home/abdmalik/livewire-ckeditor/vendor/laravel/framework/src/Illuminate/Database/Connection.php(421): Illuminate\\Database\\Connection->run()
#12 /home/abdmalik/livewire-ckeditor/vendor/laravel/framework/src/Illuminate/Database/Schema/MySqlBuilder.php(44): Illuminate\\Database\\Connection->select()
#13 /home/abdmalik/livewire-ckeditor/vendor/laravel/framework/src/Illuminate/Database/Migrations/DatabaseMigrationRepository.php(169): Illuminate\\Database\\Schema\\MySqlBuilder->hasTable()
#14 /home/abdmalik/livewire-ckeditor/vendor/laravel/framework/src/Illuminate/Database/Migrations/Migrator.php(683): Illuminate\\Database\\Migrations\\DatabaseMigrationRepository->repositoryExists()
#15 /home/abdmalik/livewire-ckeditor/vendor/laravel/framework/src/Illuminate/Database/Console/Migrations/MigrateCommand.php(111): Illuminate\\Database\\Migrations\\Migrator->repositoryExists()
#16 /home/abdmalik/livewire-ckeditor/vendor/laravel/framework/src/Illuminate/Database/Console/Migrations/MigrateCommand.php(79): Illuminate\\Database\\Console\\Migrations\\MigrateCommand->prepareDatabase()
#17 /home/abdmalik/livewire-ckeditor/vendor/laravel/framework/src/Illuminate/Database/Migrations/Migrator.php(616): Illuminate\\Database\\Console\\Migrations\\MigrateCommand->Illuminate\\Database\\Console\\Migrations\\{closure}()
#18 /home/abdmalik/livewire-ckeditor/vendor/laravel/framework/src/Illuminate/Database/Console/Migrations/MigrateCommand.php(99): Illuminate\\Database\\Migrations\\Migrator->usingConnection()
#19 /home/abdmalik/livewire-ckeditor/vendor/laravel/framework/src/Illuminate/Container/BoundMethod.php(36): Illuminate\\Database\\Console\\Migrations\\MigrateCommand->handle()
#20 /home/abdmalik/livewire-ckeditor/vendor/laravel/framework/src/Illuminate/Container/Util.php(41): Illuminate\\Container\\BoundMethod::Illuminate\\Container\\{closure}()
#21 /home/abdmalik/livewire-ckeditor/vendor/laravel/framework/src/Illuminate/Container/BoundMethod.php(93): Illuminate\\Container\\Util::unwrapIfClosure()
#22 /home/abdmalik/livewire-ckeditor/vendor/laravel/framework/src/Illuminate/Container/BoundMethod.php(37): Illuminate\\Container\\BoundMethod::callBoundMethod()
#23 /home/abdmalik/livewire-ckeditor/vendor/laravel/framework/src/Illuminate/Container/Container.php(651): Illuminate\\Container\\BoundMethod::call()
#24 /home/abdmalik/livewire-ckeditor/vendor/laravel/framework/src/Illuminate/Console/Command.php(139): Illuminate\\Container\\Container->call()
#25 /home/abdmalik/livewire-ckeditor/vendor/symfony/console/Command/Command.php(308): Illuminate\\Console\\Command->execute()
#26 /home/abdmalik/livewire-ckeditor/vendor/laravel/framework/src/Illuminate/Console/Command.php(124): Symfony\\Component\\Console\\Command\\Command->run()
#27 /home/abdmalik/livewire-ckeditor/vendor/symfony/console/Application.php(998): Illuminate\\Console\\Command->run()
#28 /home/abdmalik/livewire-ckeditor/vendor/symfony/console/Application.php(299): Symfony\\Component\\Console\\Application->doRunCommand()
#29 /home/abdmalik/livewire-ckeditor/vendor/symfony/console/Application.php(171): Symfony\\Component\\Console\\Application->doRun()
#30 /home/abdmalik/livewire-ckeditor/vendor/laravel/framework/src/Illuminate/Console/Application.php(102): Symfony\\Component\\Console\\Application->run()
#31 /home/abdmalik/livewire-ckeditor/vendor/laravel/framework/src/Illuminate/Foundation/Console/Kernel.php(129): Illuminate\\Console\\Application->run()
#32 /home/abdmalik/livewire-ckeditor/artisan(37): Illuminate\\Foundation\\Console\\Kernel->handle()
#33 {main}
"} 
[2022-08-22 02:38:49] local.ERROR: There are no commands defined in the "ide-helper" namespace. {"exception":"[object] (Symfony\\Component\\Console\\Exception\\NamespaceNotFoundException(code: 0): There are no commands defined in the \"ide-helper\" namespace. at /home/abdmalik/livewire-ckeditor/vendor/symfony/console/Application.php:622)
[stacktrace]
#0 /home/abdmalik/livewire-ckeditor/vendor/symfony/console/Application.php(673): Symfony\\Component\\Console\\Application->findNamespace()
#1 /home/abdmalik/livewire-ckeditor/vendor/symfony/console/Application.php(259): Symfony\\Component\\Console\\Application->find()
#2 /home/abdmalik/livewire-ckeditor/vendor/symfony/console/Application.php(171): Symfony\\Component\\Console\\Application->doRun()
#3 /home/abdmalik/livewire-ckeditor/vendor/laravel/framework/src/Illuminate/Console/Application.php(102): Symfony\\Component\\Console\\Application->run()
#4 /home/abdmalik/livewire-ckeditor/vendor/laravel/framework/src/Illuminate/Foundation/Console/Kernel.php(129): Illuminate\\Console\\Application->run()
#5 /home/abdmalik/livewire-ckeditor/artisan(37): Illuminate\\Foundation\\Console\\Kernel->handle()
#6 {main}
"} 
[2022-08-22 02:39:22] local.ERROR: There are no commands defined in the "ide-helper" namespace. {"exception":"[object] (Symfony\\Component\\Console\\Exception\\NamespaceNotFoundException(code: 0): There are no commands defined in the \"ide-helper\" namespace. at /home/abdmalik/livewire-ckeditor/vendor/symfony/console/Application.php:622)
[stacktrace]
#0 /home/abdmalik/livewire-ckeditor/vendor/symfony/console/Application.php(673): Symfony\\Component\\Console\\Application->findNamespace()
#1 /home/abdmalik/livewire-ckeditor/vendor/symfony/console/Application.php(259): Symfony\\Component\\Console\\Application->find()
#2 /home/abdmalik/livewire-ckeditor/vendor/symfony/console/Application.php(171): Symfony\\Component\\Console\\Application->doRun()
#3 /home/abdmalik/livewire-ckeditor/vendor/laravel/framework/src/Illuminate/Console/Application.php(102): Symfony\\Component\\Console\\Application->run()
#4 /home/abdmalik/livewire-ckeditor/vendor/laravel/framework/src/Illuminate/Foundation/Console/Kernel.php(129): Illuminate\\Console\\Application->run()
#5 /home/abdmalik/livewire-ckeditor/artisan(37): Illuminate\\Foundation\\Console\\Kernel->handle()
#6 {main}
"} 
[2022-08-22 02:39:26] local.ERROR: There are no commands defined in the "ide-helper" namespace. {"exception":"[object] (Symfony\\Component\\Console\\Exception\\NamespaceNotFoundException(code: 0): There are no commands defined in the \"ide-helper\" namespace. at /home/abdmalik/livewire-ckeditor/vendor/symfony/console/Application.php:622)
[stacktrace]
#0 /home/abdmalik/livewire-ckeditor/vendor/symfony/console/Application.php(673): Symfony\\Component\\Console\\Application->findNamespace()
#1 /home/abdmalik/livewire-ckeditor/vendor/symfony/console/Application.php(259): Symfony\\Component\\Console\\Application->find()
#2 /home/abdmalik/livewire-ckeditor/vendor/symfony/console/Application.php(171): Symfony\\Component\\Console\\Application->doRun()
#3 /home/abdmalik/livewire-ckeditor/vendor/laravel/framework/src/Illuminate/Console/Application.php(102): Symfony\\Component\\Console\\Application->run()
#4 /home/abdmalik/livewire-ckeditor/vendor/laravel/framework/src/Illuminate/Foundation/Console/Kernel.php(129): Illuminate\\Console\\Application->run()
#5 /home/abdmalik/livewire-ckeditor/artisan(37): Illuminate\\Foundation\\Console\\Kernel->handle()
#6 {main}
"} 
[2022-08-22 02:39:38] local.ERROR: There are no commands defined in the "ide-helper" namespace. {"exception":"[object] (Symfony\\Component\\Console\\Exception\\NamespaceNotFoundException(code: 0): There are no commands defined in the \"ide-helper\" namespace. at /home/abdmalik/livewire-ckeditor/vendor/symfony/console/Application.php:622)
[stacktrace]
#0 /home/abdmalik/livewire-ckeditor/vendor/symfony/console/Application.php(673): Symfony\\Component\\Console\\Application->findNamespace()
#1 /home/abdmalik/livewire-ckeditor/vendor/symfony/console/Application.php(259): Symfony\\Component\\Console\\Application->find()
#2 /home/abdmalik/livewire-ckeditor/vendor/symfony/console/Application.php(171): Symfony\\Component\\Console\\Application->doRun()
#3 /home/abdmalik/livewire-ckeditor/vendor/laravel/framework/src/Illuminate/Console/Application.php(102): Symfony\\Component\\Console\\Application->run()
#4 /home/abdmalik/livewire-ckeditor/vendor/laravel/framework/src/Illuminate/Foundation/Console/Kernel.php(129): Illuminate\\Console\\Application->run()
#5 /home/abdmalik/livewire-ckeditor/artisan(37): Illuminate\\Foundation\\Console\\Kernel->handle()
#6 {main}
"} 
[2022-08-22 02:39:55] local.ERROR: There are no commands defined in the "ide-helper" namespace. {"exception":"[object] (Symfony\\Component\\Console\\Exception\\NamespaceNotFoundException(code: 0): There are no commands defined in the \"ide-helper\" namespace. at /home/abdmalik/livewire-ckeditor/vendor/symfony/console/Application.php:622)
[stacktrace]
#0 /home/abdmalik/livewire-ckeditor/vendor/symfony/console/Application.php(673): Symfony\\Component\\Console\\Application->findNamespace()
#1 /home/abdmalik/livewire-ckeditor/vendor/symfony/console/Application.php(259): Symfony\\Component\\Console\\Application->find()
#2 /home/abdmalik/livewire-ckeditor/vendor/symfony/console/Application.php(171): Symfony\\Component\\Console\\Application->doRun()
#3 /home/abdmalik/livewire-ckeditor/vendor/laravel/framework/src/Illuminate/Console/Application.php(102): Symfony\\Component\\Console\\Application->run()
#4 /home/abdmalik/livewire-ckeditor/vendor/laravel/framework/src/Illuminate/Foundation/Console/Kernel.php(129): Illuminate\\Console\\Application->run()
#5 /home/abdmalik/livewire-ckeditor/artisan(37): Illuminate\\Foundation\\Console\\Kernel->handle()
#6 {main}
"} 
[2022-08-22 02:52:13] local.ERROR: There are no commands defined in the "ide-helper" namespace. {"exception":"[object] (Symfony\\Component\\Console\\Exception\\NamespaceNotFoundException(code: 0): There are no commands defined in the \"ide-helper\" namespace. at /home/abdmalik/livewire-ckeditor/vendor/symfony/console/Application.php:622)
[stacktrace]
#0 /home/abdmalik/livewire-ckeditor/vendor/symfony/console/Application.php(673): Symfony\\Component\\Console\\Application->findNamespace()
#1 /home/abdmalik/livewire-ckeditor/vendor/symfony/console/Application.php(259): Symfony\\Component\\Console\\Application->find()
#2 /home/abdmalik/livewire-ckeditor/vendor/symfony/console/Application.php(171): Symfony\\Component\\Console\\Application->doRun()
#3 /home/abdmalik/livewire-ckeditor/vendor/laravel/framework/src/Illuminate/Console/Application.php(102): Symfony\\Component\\Console\\Application->run()
#4 /home/abdmalik/livewire-ckeditor/vendor/laravel/framework/src/Illuminate/Foundation/Console/Kernel.php(129): Illuminate\\Console\\Application->run()
#5 /home/abdmalik/livewire-ckeditor/artisan(37): Illuminate\\Foundation\\Console\\Kernel->handle()
#6 {main}
"} 
[2022-08-22 02:52:20] local.ERROR: There are no commands defined in the "ide-helper" namespace. {"exception":"[object] (Symfony\\Component\\Console\\Exception\\NamespaceNotFoundException(code: 0): There are no commands defined in the \"ide-helper\" namespace. at /home/abdmalik/livewire-ckeditor/vendor/symfony/console/Application.php:622)
[stacktrace]
#0 /home/abdmalik/livewire-ckeditor/vendor/symfony/console/Application.php(673): Symfony\\Component\\Console\\Application->findNamespace()
#1 /home/abdmalik/livewire-ckeditor/vendor/symfony/console/Application.php(259): Symfony\\Component\\Console\\Application->find()
#2 /home/abdmalik/livewire-ckeditor/vendor/symfony/console/Application.php(171): Symfony\\Component\\Console\\Application->doRun()
#3 /home/abdmalik/livewire-ckeditor/vendor/laravel/framework/src/Illuminate/Console/Application.php(102): Symfony\\Component\\Console\\Application->run()
#4 /home/abdmalik/livewire-ckeditor/vendor/laravel/framework/src/Illuminate/Foundation/Console/Kernel.php(129): Illuminate\\Console\\Application->run()
#5 /home/abdmalik/livewire-ckeditor/artisan(37): Illuminate\\Foundation\\Console\\Kernel->handle()
#6 {main}
"} 
[2022-08-22 02:52:55] local.ERROR: There are no commands defined in the "ide-helper" namespace. {"exception":"[object] (Symfony\\Component\\Console\\Exception\\NamespaceNotFoundException(code: 0): There are no commands defined in the \"ide-helper\" namespace. at /home/abdmalik/livewire-ckeditor/vendor/symfony/console/Application.php:622)
[stacktrace]
#0 /home/abdmalik/livewire-ckeditor/vendor/symfony/console/Application.php(673): Symfony\\Component\\Console\\Application->findNamespace()
#1 /home/abdmalik/livewire-ckeditor/vendor/symfony/console/Application.php(259): Symfony\\Component\\Console\\Application->find()
#2 /home/abdmalik/livewire-ckeditor/vendor/symfony/console/Application.php(171): Symfony\\Component\\Console\\Application->doRun()
#3 /home/abdmalik/livewire-ckeditor/vendor/laravel/framework/src/Illuminate/Console/Application.php(102): Symfony\\Component\\Console\\Application->run()
#4 /home/abdmalik/livewire-ckeditor/vendor/laravel/framework/src/Illuminate/Foundation/Console/Kernel.php(129): Illuminate\\Console\\Application->run()
#5 /home/abdmalik/livewire-ckeditor/artisan(37): Illuminate\\Foundation\\Console\\Kernel->handle()
#6 {main}
"} 
[2022-08-22 02:57:29] local.ERROR: There are no commands defined in the "ide-helper" namespace. {"exception":"[object] (Symfony\\Component\\Console\\Exception\\NamespaceNotFoundException(code: 0): There are no commands defined in the \"ide-helper\" namespace. at /home/abdmalik/livewire-ckeditor/vendor/symfony/console/Application.php:622)
[stacktrace]
#0 /home/abdmalik/livewire-ckeditor/vendor/symfony/console/Application.php(673): Symfony\\Component\\Console\\Application->findNamespace()
#1 /home/abdmalik/livewire-ckeditor/vendor/symfony/console/Application.php(259): Symfony\\Component\\Console\\Application->find()
#2 /home/abdmalik/livewire-ckeditor/vendor/symfony/console/Application.php(171): Symfony\\Component\\Console\\Application->doRun()
#3 /home/abdmalik/livewire-ckeditor/vendor/laravel/framework/src/Illuminate/Console/Application.php(102): Symfony\\Component\\Console\\Application->run()
#4 /home/abdmalik/livewire-ckeditor/vendor/laravel/framework/src/Illuminate/Foundation/Console/Kernel.php(129): Illuminate\\Console\\Application->run()
#5 /home/abdmalik/livewire-ckeditor/artisan(37): Illuminate\\Foundation\\Console\\Kernel->handle()
#6 {main}
"} 
[2022-08-22 03:01:37] local.ERROR: There are no commands defined in the "ide-helper" namespace. {"exception":"[object] (Symfony\\Component\\Console\\Exception\\NamespaceNotFoundException(code: 0): There are no commands defined in the \"ide-helper\" namespace. at /home/abdmalik/livewire-ckeditor/vendor/symfony/console/Application.php:622)
[stacktrace]
#0 /home/abdmalik/livewire-ckeditor/vendor/symfony/console/Application.php(673): Symfony\\Component\\Console\\Application->findNamespace()
#1 /home/abdmalik/livewire-ckeditor/vendor/symfony/console/Application.php(259): Symfony\\Component\\Console\\Application->find()
#2 /home/abdmalik/livewire-ckeditor/vendor/symfony/console/Application.php(171): Symfony\\Component\\Console\\Application->doRun()
#3 /home/abdmalik/livewire-ckeditor/vendor/laravel/framework/src/Illuminate/Console/Application.php(102): Symfony\\Component\\Console\\Application->run()
#4 /home/abdmalik/livewire-ckeditor/vendor/laravel/framework/src/Illuminate/Foundation/Console/Kernel.php(129): Illuminate\\Console\\Application->run()
#5 /home/abdmalik/livewire-ckeditor/artisan(37): Illuminate\\Foundation\\Console\\Kernel->handle()
#6 {main}
"} 
[2022-08-22 03:03:01] local.ERROR: There are no commands defined in the "ide-helper" namespace. {"exception":"[object] (Symfony\\Component\\Console\\Exception\\NamespaceNotFoundException(code: 0): There are no commands defined in the \"ide-helper\" namespace. at /home/abdmalik/livewire-ckeditor/vendor/symfony/console/Application.php:622)
[stacktrace]
#0 /home/abdmalik/livewire-ckeditor/vendor/symfony/console/Application.php(673): Symfony\\Component\\Console\\Application->findNamespace()
#1 /home/abdmalik/livewire-ckeditor/vendor/symfony/console/Application.php(259): Symfony\\Component\\Console\\Application->find()
#2 /home/abdmalik/livewire-ckeditor/vendor/symfony/console/Application.php(171): Symfony\\Component\\Console\\Application->doRun()
#3 /home/abdmalik/livewire-ckeditor/vendor/laravel/framework/src/Illuminate/Console/Application.php(102): Symfony\\Component\\Console\\Application->run()
#4 /home/abdmalik/livewire-ckeditor/vendor/laravel/framework/src/Illuminate/Foundation/Console/Kernel.php(129): Illuminate\\Console\\Application->run()
#5 /home/abdmalik/livewire-ckeditor/artisan(37): Illuminate\\Foundation\\Console\\Kernel->handle()
#6 {main}
"} 
[2022-08-22 03:03:05] local.ERROR: There are no commands defined in the "ide-helper" namespace. {"exception":"[object] (Symfony\\Component\\Console\\Exception\\NamespaceNotFoundException(code: 0): There are no commands defined in the \"ide-helper\" namespace. at /home/abdmalik/livewire-ckeditor/vendor/symfony/console/Application.php:622)
[stacktrace]
#0 /home/abdmalik/livewire-ckeditor/vendor/symfony/console/Application.php(673): Symfony\\Component\\Console\\Application->findNamespace()
#1 /home/abdmalik/livewire-ckeditor/vendor/symfony/console/Application.php(259): Symfony\\Component\\Console\\Application->find()
#2 /home/abdmalik/livewire-ckeditor/vendor/symfony/console/Application.php(171): Symfony\\Component\\Console\\Application->doRun()
#3 /home/abdmalik/livewire-ckeditor/vendor/laravel/framework/src/Illuminate/Console/Application.php(102): Symfony\\Component\\Console\\Application->run()
#4 /home/abdmalik/livewire-ckeditor/vendor/laravel/framework/src/Illuminate/Foundation/Console/Kernel.php(129): Illuminate\\Console\\Application->run()
#5 /home/abdmalik/livewire-ckeditor/artisan(37): Illuminate\\Foundation\\Console\\Kernel->handle()
#6 {main}
"} 
[2022-08-22 03:03:25] local.ERROR: There are no commands defined in the "ide-helper" namespace. {"exception":"[object] (Symfony\\Component\\Console\\Exception\\NamespaceNotFoundException(code: 0): There are no commands defined in the \"ide-helper\" namespace. at /home/abdmalik/livewire-ckeditor/vendor/symfony/console/Application.php:622)
[stacktrace]
#0 /home/abdmalik/livewire-ckeditor/vendor/symfony/console/Application.php(673): Symfony\\Component\\Console\\Application->findNamespace()
#1 /home/abdmalik/livewire-ckeditor/vendor/symfony/console/Application.php(259): Symfony\\Component\\Console\\Application->find()
#2 /home/abdmalik/livewire-ckeditor/vendor/symfony/console/Application.php(171): Symfony\\Component\\Console\\Application->doRun()
#3 /home/abdmalik/livewire-ckeditor/vendor/laravel/framework/src/Illuminate/Console/Application.php(102): Symfony\\Component\\Console\\Application->run()
#4 /home/abdmalik/livewire-ckeditor/vendor/laravel/framework/src/Illuminate/Foundation/Console/Kernel.php(129): Illuminate\\Console\\Application->run()
#5 /home/abdmalik/livewire-ckeditor/artisan(37): Illuminate\\Foundation\\Console\\Kernel->handle()
#6 {main}
"} 
[2022-08-22 03:05:19] local.ERROR: Missing required parameter for [Route: articles.show] [URI: articles/{id}] [Missing parameter: id]. {"view":{"view":"/home/abdmalik/livewire-ckeditor/resources/views/livewire/my-editor.blade.php","data":[]},"exception":"[object] (Spatie\\LaravelIgnition\\Exceptions\\ViewException(code: 0): Missing required parameter for [Route: articles.show] [URI: articles/{id}] [Missing parameter: id]. at /home/abdmalik/livewire-ckeditor/vendor/laravel/framework/src/Illuminate/Routing/Exceptions/UrlGenerationException.php:35)
[stacktrace]
#0 /home/abdmalik/livewire-ckeditor/vendor/laravel/framework/src/Illuminate/Routing/RouteUrlGenerator.php(90): Illuminate\\Routing\\Exceptions\\UrlGenerationException::forMissingParameters()
#1 /home/abdmalik/livewire-ckeditor/vendor/laravel/framework/src/Illuminate/Routing/UrlGenerator.php(493): Illuminate\\Routing\\RouteUrlGenerator->to()
#2 /home/abdmalik/livewire-ckeditor/vendor/laravel/framework/src/Illuminate/Routing/UrlGenerator.php(464): Illuminate\\Routing\\UrlGenerator->toRoute()
#3 /home/abdmalik/livewire-ckeditor/vendor/laravel/framework/src/Illuminate/Foundation/helpers.php(760): Illuminate\\Routing\\UrlGenerator->route()
#4 /home/abdmalik/livewire-ckeditor/resources/views/livewire/my-editor.blade.php(16): route()
#5 /home/abdmalik/livewire-ckeditor/vendor/livewire/livewire/src/ComponentConcerns/RendersLivewireComponents.php(83): include('...')
#6 /home/abdmalik/livewire-ckeditor/vendor/livewire/livewire/src/ComponentConcerns/RendersLivewireComponents.php(84): App\\Http\\Livewire\\MyEditor->Livewire\\ComponentConcerns\\{closure}()
#7 /home/abdmalik/livewire-ckeditor/vendor/livewire/livewire/src/ComponentConcerns/RendersLivewireComponents.php(59): Livewire\\LivewireViewCompilerEngine->evaluatePath()
#8 /home/abdmalik/livewire-ckeditor/vendor/laravel/framework/src/Illuminate/View/View.php(139): Livewire\\LivewireViewCompilerEngine->get()
#9 /home/abdmalik/livewire-ckeditor/vendor/laravel/framework/src/Illuminate/View/View.php(122): Illuminate\\View\\View->getContents()
#10 /home/abdmalik/livewire-ckeditor/vendor/laravel/framework/src/Illuminate/View/View.php(91): Illuminate\\View\\View->renderContents()
#11 /home/abdmalik/livewire-ckeditor/vendor/livewire/livewire/src/Component.php(235): Illuminate\\View\\View->render()
#12 /home/abdmalik/livewire-ckeditor/vendor/livewire/livewire/src/HydrationMiddleware/RenderView.php(14): Livewire\\Component->output()
#13 /home/abdmalik/livewire-ckeditor/vendor/livewire/livewire/src/LifecycleManager.php(141): Livewire\\HydrationMiddleware\\RenderView::dehydrate()
#14 /home/abdmalik/livewire-ckeditor/vendor/livewire/livewire/src/LivewireManager.php(109): Livewire\\LifecycleManager->initialDehydrate()
#15 /home/abdmalik/livewire-ckeditor/vendor/laravel/framework/src/Illuminate/Support/Facades/Facade.php(338): Livewire\\LivewireManager->mount()
#16 /home/abdmalik/livewire-ckeditor/resources/views/tutorial.blade.php(15): Illuminate\\Support\\Facades\\Facade::__callStatic()
#17 /home/abdmalik/livewire-ckeditor/vendor/laravel/framework/src/Illuminate/Filesystem/Filesystem.php(109): require('...')
#18 /home/abdmalik/livewire-ckeditor/vendor/laravel/framework/src/Illuminate/Filesystem/Filesystem.php(110): Illuminate\\Filesystem\\Filesystem::Illuminate\\Filesystem\\{closure}()
#19 /home/abdmalik/livewire-ckeditor/vendor/laravel/framework/src/Illuminate/View/Engines/PhpEngine.php(58): Illuminate\\Filesystem\\Filesystem->getRequire()
#20 /home/abdmalik/livewire-ckeditor/vendor/livewire/livewire/src/ComponentConcerns/RendersLivewireComponents.php(69): Illuminate\\View\\Engines\\PhpEngine->evaluatePath()
#21 /home/abdmalik/livewire-ckeditor/vendor/laravel/framework/src/Illuminate/View/Engines/CompilerEngine.php(61): Livewire\\LivewireViewCompilerEngine->evaluatePath()
#22 /home/abdmalik/livewire-ckeditor/vendor/livewire/livewire/src/ComponentConcerns/RendersLivewireComponents.php(35): Illuminate\\View\\Engines\\CompilerEngine->get()
#23 /home/abdmalik/livewire-ckeditor/vendor/laravel/framework/src/Illuminate/View/View.php(139): Livewire\\LivewireViewCompilerEngine->get()
#24 /home/abdmalik/livewire-ckeditor/vendor/laravel/framework/src/Illuminate/View/View.php(122): Illuminate\\View\\View->getContents()
#25 /home/abdmalik/livewire-ckeditor/vendor/laravel/framework/src/Illuminate/View/View.php(91): Illuminate\\View\\View->renderContents()
#26 /home/abdmalik/livewire-ckeditor/vendor/laravel/framework/src/Illuminate/Http/Response.php(69): Illuminate\\View\\View->render()
#27 /home/abdmalik/livewire-ckeditor/vendor/laravel/framework/src/Illuminate/Http/Response.php(35): Illuminate\\Http\\Response->setContent()
#28 /home/abdmalik/livewire-ckeditor/vendor/laravel/framework/src/Illuminate/Routing/Router.php(833): Illuminate\\Http\\Response->__construct()
#29 /home/abdmalik/livewire-ckeditor/vendor/laravel/framework/src/Illuminate/Routing/Router.php(802): Illuminate\\Routing\\Router::toResponse()
#30 /home/abdmalik/livewire-ckeditor/vendor/laravel/framework/src/Illuminate/Routing/Router.php(725): Illuminate\\Routing\\Router->prepareResponse()
#31 /home/abdmalik/livewire-ckeditor/vendor/laravel/framework/src/Illuminate/Pipeline/Pipeline.php(141): Illuminate\\Routing\\Router->Illuminate\\Routing\\{closure}()
#32 /home/abdmalik/livewire-ckeditor/vendor/laravel/framework/src/Illuminate/Routing/Middleware/SubstituteBindings.php(50): Illuminate\\Pipeline\\Pipeline->Illuminate\\Pipeline\\{closure}()
#33 /home/abdmalik/livewire-ckeditor/vendor/laravel/framework/src/Illuminate/Pipeline/Pipeline.php(180): Illuminate\\Routing\\Middleware\\SubstituteBindings->handle()
#34 /home/abdmalik/livewire-ckeditor/vendor/laravel/framework/src/Illuminate/Foundation/Http/Middleware/VerifyCsrfToken.php(78): Illuminate\\Pipeline\\Pipeline->Illuminate\\Pipeline\\{closure}()
#35 /home/abdmalik/livewire-ckeditor/vendor/laravel/framework/src/Illuminate/Pipeline/Pipeline.php(180): Illuminate\\Foundation\\Http\\Middleware\\VerifyCsrfToken->handle()
#36 /home/abdmalik/livewire-ckeditor/vendor/laravel/framework/src/Illuminate/View/Middleware/ShareErrorsFromSession.php(49): Illuminate\\Pipeline\\Pipeline->Illuminate\\Pipeline\\{closure}()
#37 /home/abdmalik/livewire-ckeditor/vendor/laravel/framework/src/Illuminate/Pipeline/Pipeline.php(180): Illuminate\\View\\Middleware\\ShareErrorsFromSession->handle()
#38 /home/abdmalik/livewire-ckeditor/vendor/laravel/framework/src/Illuminate/Session/Middleware/StartSession.php(121): Illuminate\\Pipeline\\Pipeline->Illuminate\\Pipeline\\{closure}()
#39 /home/abdmalik/livewire-ckeditor/vendor/laravel/framework/src/Illuminate/Session/Middleware/StartSession.php(64): Illuminate\\Session\\Middleware\\StartSession->handleStatefulRequest()
#40 /home/abdmalik/livewire-ckeditor/vendor/laravel/framework/src/Illuminate/Pipeline/Pipeline.php(180): Illuminate\\Session\\Middleware\\StartSession->handle()
#41 /home/abdmalik/livewire-ckeditor/vendor/laravel/framework/src/Illuminate/Cookie/Middleware/AddQueuedCookiesToResponse.php(37): Illuminate\\Pipeline\\Pipeline->Illuminate\\Pipeline\\{closure}()
#42 /home/abdmalik/livewire-ckeditor/vendor/laravel/framework/src/Illuminate/Pipeline/Pipeline.php(180): Illuminate\\Cookie\\Middleware\\AddQueuedCookiesToResponse->handle()
#43 /home/abdmalik/livewire-ckeditor/vendor/laravel/framework/src/Illuminate/Cookie/Middleware/EncryptCookies.php(67): Illuminate\\Pipeline\\Pipeline->Illuminate\\Pipeline\\{closure}()
#44 /home/abdmalik/livewire-ckeditor/vendor/laravel/framework/src/Illuminate/Pipeline/Pipeline.php(180): Illuminate\\Cookie\\Middleware\\EncryptCookies->handle()
#45 /home/abdmalik/livewire-ckeditor/vendor/laravel/framework/src/Illuminate/Pipeline/Pipeline.php(116): Illuminate\\Pipeline\\Pipeline->Illuminate\\Pipeline\\{closure}()
#46 /home/abdmalik/livewire-ckeditor/vendor/laravel/framework/src/Illuminate/Routing/Router.php(726): Illuminate\\Pipeline\\Pipeline->then()
#47 /home/abdmalik/livewire-ckeditor/vendor/laravel/framework/src/Illuminate/Routing/Router.php(703): Illuminate\\Routing\\Router->runRouteWithinStack()
#48 /home/abdmalik/livewire-ckeditor/vendor/laravel/framework/src/Illuminate/Routing/Router.php(667): Illuminate\\Routing\\Router->runRoute()
#49 /home/abdmalik/livewire-ckeditor/vendor/laravel/framework/src/Illuminate/Routing/Router.php(656): Illuminate\\Routing\\Router->dispatchToRoute()
#50 /home/abdmalik/livewire-ckeditor/vendor/laravel/framework/src/Illuminate/Foundation/Http/Kernel.php(167): Illuminate\\Routing\\Router->dispatch()
#51 /home/abdmalik/livewire-ckeditor/vendor/laravel/framework/src/Illuminate/Pipeline/Pipeline.php(141): Illuminate\\Foundation\\Http\\Kernel->Illuminate\\Foundation\\Http\\{closure}()
#52 /home/abdmalik/livewire-ckeditor/vendor/livewire/livewire/src/DisableBrowserCache.php(19): Illuminate\\Pipeline\\Pipeline->Illuminate\\Pipeline\\{closure}()
#53 /home/abdmalik/livewire-ckeditor/vendor/laravel/framework/src/Illuminate/Pipeline/Pipeline.php(180): Livewire\\DisableBrowserCache->handle()
#54 /home/abdmalik/livewire-ckeditor/vendor/laravel/framework/src/Illuminate/Foundation/Http/Middleware/TransformsRequest.php(21): Illuminate\\Pipeline\\Pipeline->Illuminate\\Pipeline\\{closure}()
#55 /home/abdmalik/livewire-ckeditor/vendor/laravel/framework/src/Illuminate/Foundation/Http/Middleware/ConvertEmptyStringsToNull.php(31): Illuminate\\Foundation\\Http\\Middleware\\TransformsRequest->handle()
#56 /home/abdmalik/livewire-ckeditor/vendor/laravel/framework/src/Illuminate/Pipeline/Pipeline.php(180): Illuminate\\Foundation\\Http\\Middleware\\ConvertEmptyStringsToNull->handle()
#57 /home/abdmalik/livewire-ckeditor/vendor/laravel/framework/src/Illuminate/Foundation/Http/Middleware/TransformsRequest.php(21): Illuminate\\Pipeline\\Pipeline->Illuminate\\Pipeline\\{closure}()
#58 /home/abdmalik/livewire-ckeditor/vendor/laravel/framework/src/Illuminate/Foundation/Http/Middleware/TrimStrings.php(40): Illuminate\\Foundation\\Http\\Middleware\\TransformsRequest->handle()
#59 /home/abdmalik/livewire-ckeditor/vendor/laravel/framework/src/Illuminate/Pipeline/Pipeline.php(180): Illuminate\\Foundation\\Http\\Middleware\\TrimStrings->handle()
#60 /home/abdmalik/livewire-ckeditor/vendor/laravel/framework/src/Illuminate/Foundation/Http/Middleware/ValidatePostSize.php(27): Illuminate\\Pipeline\\Pipeline->Illuminate\\Pipeline\\{closure}()
#61 /home/abdmalik/livewire-ckeditor/vendor/laravel/framework/src/Illuminate/Pipeline/Pipeline.php(180): Illuminate\\Foundation\\Http\\Middleware\\ValidatePostSize->handle()
#62 /home/abdmalik/livewire-ckeditor/vendor/laravel/framework/src/Illuminate/Foundation/Http/Middleware/PreventRequestsDuringMaintenance.php(86): Illuminate\\Pipeline\\Pipeline->Illuminate\\Pipeline\\{closure}()
#63 /home/abdmalik/livewire-ckeditor/vendor/laravel/framework/src/Illuminate/Pipeline/Pipeline.php(180): Illuminate\\Foundation\\Http\\Middleware\\PreventRequestsDuringMaintenance->handle()
#64 /home/abdmalik/livewire-ckeditor/vendor/laravel/framework/src/Illuminate/Http/Middleware/HandleCors.php(49): Illuminate\\Pipeline\\Pipeline->Illuminate\\Pipeline\\{closure}()
#65 /home/abdmalik/livewire-ckeditor/vendor/laravel/framework/src/Illuminate/Pipeline/Pipeline.php(180): Illuminate\\Http\\Middleware\\HandleCors->handle()
#66 /home/abdmalik/livewire-ckeditor/vendor/laravel/framework/src/Illuminate/Http/Middleware/TrustProxies.php(39): Illuminate\\Pipeline\\Pipeline->Illuminate\\Pipeline\\{closure}()
#67 /home/abdmalik/livewire-ckeditor/vendor/laravel/framework/src/Illuminate/Pipeline/Pipeline.php(180): Illuminate\\Http\\Middleware\\TrustProxies->handle()
#68 /home/abdmalik/livewire-ckeditor/vendor/laravel/framework/src/Illuminate/Pipeline/Pipeline.php(116): Illuminate\\Pipeline\\Pipeline->Illuminate\\Pipeline\\{closure}()
#69 /home/abdmalik/livewire-ckeditor/vendor/laravel/framework/src/Illuminate/Foundation/Http/Kernel.php(142): Illuminate\\Pipeline\\Pipeline->then()
#70 /home/abdmalik/livewire-ckeditor/vendor/laravel/framework/src/Illuminate/Foundation/Http/Kernel.php(111): Illuminate\\Foundation\\Http\\Kernel->sendRequestThroughRouter()
#71 /home/abdmalik/livewire-ckeditor/public/index.php(52): Illuminate\\Foundation\\Http\\Kernel->handle()
#72 /home/abdmalik/livewire-ckeditor/vendor/laravel/framework/src/Illuminate/Foundation/resources/server.php(16): require_once('...')
#73 {main}

[previous exception] [object] (Illuminate\\Routing\\Exceptions\\UrlGenerationException(code: 0): Missing required parameter for [Route: articles.show] [URI: articles/{id}] [Missing parameter: id]. at /home/abdmalik/livewire-ckeditor/vendor/laravel/framework/src/Illuminate/Routing/Exceptions/UrlGenerationException.php:35)
[stacktrace]
#0 /home/abdmalik/livewire-ckeditor/vendor/laravel/framework/src/Illuminate/Routing/RouteUrlGenerator.php(90): Illuminate\\Routing\\Exceptions\\UrlGenerationException::forMissingParameters()
#1 /home/abdmalik/livewire-ckeditor/vendor/laravel/framework/src/Illuminate/Routing/UrlGenerator.php(493): Illuminate\\Routing\\RouteUrlGenerator->to()
#2 /home/abdmalik/livewire-ckeditor/vendor/laravel/framework/src/Illuminate/Routing/UrlGenerator.php(464): Illuminate\\Routing\\UrlGenerator->toRoute()
#3 /home/abdmalik/livewire-ckeditor/vendor/laravel/framework/src/Illuminate/Foundation/helpers.php(760): Illuminate\\Routing\\UrlGenerator->route()
#4 /home/abdmalik/livewire-ckeditor/storage/framework/views/6f2408da32e4a7958c207359f16e6da9662a2dc7.php(16): route()
#5 /home/abdmalik/livewire-ckeditor/vendor/livewire/livewire/src/ComponentConcerns/RendersLivewireComponents.php(83): include('...')
#6 /home/abdmalik/livewire-ckeditor/vendor/livewire/livewire/src/ComponentConcerns/RendersLivewireComponents.php(84): App\\Http\\Livewire\\MyEditor->Livewire\\ComponentConcerns\\{closure}()
#7 /home/abdmalik/livewire-ckeditor/vendor/livewire/livewire/src/ComponentConcerns/RendersLivewireComponents.php(59): Livewire\\LivewireViewCompilerEngine->evaluatePath()
#8 /home/abdmalik/livewire-ckeditor/vendor/laravel/framework/src/Illuminate/View/View.php(139): Livewire\\LivewireViewCompilerEngine->get()
#9 /home/abdmalik/livewire-ckeditor/vendor/laravel/framework/src/Illuminate/View/View.php(122): Illuminate\\View\\View->getContents()
#10 /home/abdmalik/livewire-ckeditor/vendor/laravel/framework/src/Illuminate/View/View.php(91): Illuminate\\View\\View->renderContents()
#11 /home/abdmalik/livewire-ckeditor/vendor/livewire/livewire/src/Component.php(235): Illuminate\\View\\View->render()
#12 /home/abdmalik/livewire-ckeditor/vendor/livewire/livewire/src/HydrationMiddleware/RenderView.php(14): Livewire\\Component->output()
#13 /home/abdmalik/livewire-ckeditor/vendor/livewire/livewire/src/LifecycleManager.php(141): Livewire\\HydrationMiddleware\\RenderView::dehydrate()
#14 /home/abdmalik/livewire-ckeditor/vendor/livewire/livewire/src/LivewireManager.php(109): Livewire\\LifecycleManager->initialDehydrate()
#15 /home/abdmalik/livewire-ckeditor/vendor/laravel/framework/src/Illuminate/Support/Facades/Facade.php(338): Livewire\\LivewireManager->mount()
#16 /home/abdmalik/livewire-ckeditor/storage/framework/views/fdd9ea0891b380e82dd7ac23b20f5576941c6e7b.php(16): Illuminate\\Support\\Facades\\Facade::__callStatic()
#17 /home/abdmalik/livewire-ckeditor/vendor/laravel/framework/src/Illuminate/Filesystem/Filesystem.php(109): require('...')
#18 /home/abdmalik/livewire-ckeditor/vendor/laravel/framework/src/Illuminate/Filesystem/Filesystem.php(110): Illuminate\\Filesystem\\Filesystem::Illuminate\\Filesystem\\{closure}()
#19 /home/abdmalik/livewire-ckeditor/vendor/laravel/framework/src/Illuminate/View/Engines/PhpEngine.php(58): Illuminate\\Filesystem\\Filesystem->getRequire()
#20 /home/abdmalik/livewire-ckeditor/vendor/livewire/livewire/src/ComponentConcerns/RendersLivewireComponents.php(69): Illuminate\\View\\Engines\\PhpEngine->evaluatePath()
#21 /home/abdmalik/livewire-ckeditor/vendor/laravel/framework/src/Illuminate/View/Engines/CompilerEngine.php(61): Livewire\\LivewireViewCompilerEngine->evaluatePath()
#22 /home/abdmalik/livewire-ckeditor/vendor/livewire/livewire/src/ComponentConcerns/RendersLivewireComponents.php(35): Illuminate\\View\\Engines\\CompilerEngine->get()
#23 /home/abdmalik/livewire-ckeditor/vendor/laravel/framework/src/Illuminate/View/View.php(139): Livewire\\LivewireViewCompilerEngine->get()
#24 /home/abdmalik/livewire-ckeditor/vendor/laravel/framework/src/Illuminate/View/View.php(122): Illuminate\\View\\View->getContents()
#25 /home/abdmalik/livewire-ckeditor/vendor/laravel/framework/src/Illuminate/View/View.php(91): Illuminate\\View\\View->renderContents()
#26 /home/abdmalik/livewire-ckeditor/vendor/laravel/framework/src/Illuminate/Http/Response.php(69): Illuminate\\View\\View->render()
#27 /home/abdmalik/livewire-ckeditor/vendor/laravel/framework/src/Illuminate/Http/Response.php(35): Illuminate\\Http\\Response->setContent()
#28 /home/abdmalik/livewire-ckeditor/vendor/laravel/framework/src/Illuminate/Routing/Router.php(833): Illuminate\\Http\\Response->__construct()
#29 /home/abdmalik/livewire-ckeditor/vendor/laravel/framework/src/Illuminate/Routing/Router.php(802): Illuminate\\Routing\\Router::toResponse()
#30 /home/abdmalik/livewire-ckeditor/vendor/laravel/framework/src/Illuminate/Routing/Router.php(725): Illuminate\\Routing\\Router->prepareResponse()
#31 /home/abdmalik/livewire-ckeditor/vendor/laravel/framework/src/Illuminate/Pipeline/Pipeline.php(141): Illuminate\\Routing\\Router->Illuminate\\Routing\\{closure}()
#32 /home/abdmalik/livewire-ckeditor/vendor/laravel/framework/src/Illuminate/Routing/Middleware/SubstituteBindings.php(50): Illuminate\\Pipeline\\Pipeline->Illuminate\\Pipeline\\{closure}()
#33 /home/abdmalik/livewire-ckeditor/vendor/laravel/framework/src/Illuminate/Pipeline/Pipeline.php(180): Illuminate\\Routing\\Middleware\\SubstituteBindings->handle()
#34 /home/abdmalik/livewire-ckeditor/vendor/laravel/framework/src/Illuminate/Foundation/Http/Middleware/VerifyCsrfToken.php(78): Illuminate\\Pipeline\\Pipeline->Illuminate\\Pipeline\\{closure}()
#35 /home/abdmalik/livewire-ckeditor/vendor/laravel/framework/src/Illuminate/Pipeline/Pipeline.php(180): Illuminate\\Foundation\\Http\\Middleware\\VerifyCsrfToken->handle()
#36 /home/abdmalik/livewire-ckeditor/vendor/laravel/framework/src/Illuminate/View/Middleware/ShareErrorsFromSession.php(49): Illuminate\\Pipeline\\Pipeline->Illuminate\\Pipeline\\{closure}()
#37 /home/abdmalik/livewire-ckeditor/vendor/laravel/framework/src/Illuminate/Pipeline/Pipeline.php(180): Illuminate\\View\\Middleware\\ShareErrorsFromSession->handle()
#38 /home/abdmalik/livewire-ckeditor/vendor/laravel/framework/src/Illuminate/Session/Middleware/StartSession.php(121): Illuminate\\Pipeline\\Pipeline->Illuminate\\Pipeline\\{closure}()
#39 /home/abdmalik/livewire-ckeditor/vendor/laravel/framework/src/Illuminate/Session/Middleware/StartSession.php(64): Illuminate\\Session\\Middleware\\StartSession->handleStatefulRequest()
#40 /home/abdmalik/livewire-ckeditor/vendor/laravel/framework/src/Illuminate/Pipeline/Pipeline.php(180): Illuminate\\Session\\Middleware\\StartSession->handle()
#41 /home/abdmalik/livewire-ckeditor/vendor/laravel/framework/src/Illuminate/Cookie/Middleware/AddQueuedCookiesToResponse.php(37): Illuminate\\Pipeline\\Pipeline->Illuminate\\Pipeline\\{closure}()
#42 /home/abdmalik/livewire-ckeditor/vendor/laravel/framework/src/Illuminate/Pipeline/Pipeline.php(180): Illuminate\\Cookie\\Middleware\\AddQueuedCookiesToResponse->handle()
#43 /home/abdmalik/livewire-ckeditor/vendor/laravel/framework/src/Illuminate/Cookie/Middleware/EncryptCookies.php(67): Illuminate\\Pipeline\\Pipeline->Illuminate\\Pipeline\\{closure}()
#44 /home/abdmalik/livewire-ckeditor/vendor/laravel/framework/src/Illuminate/Pipeline/Pipeline.php(180): Illuminate\\Cookie\\Middleware\\EncryptCookies->handle()
#45 /home/abdmalik/livewire-ckeditor/vendor/laravel/framework/src/Illuminate/Pipeline/Pipeline.php(116): Illuminate\\Pipeline\\Pipeline->Illuminate\\Pipeline\\{closure}()
#46 /home/abdmalik/livewire-ckeditor/vendor/laravel/framework/src/Illuminate/Routing/Router.php(726): Illuminate\\Pipeline\\Pipeline->then()
#47 /home/abdmalik/livewire-ckeditor/vendor/laravel/framework/src/Illuminate/Routing/Router.php(703): Illuminate\\Routing\\Router->runRouteWithinStack()
#48 /home/abdmalik/livewire-ckeditor/vendor/laravel/framework/src/Illuminate/Routing/Router.php(667): Illuminate\\Routing\\Router->runRoute()
#49 /home/abdmalik/livewire-ckeditor/vendor/laravel/framework/src/Illuminate/Routing/Router.php(656): Illuminate\\Routing\\Router->dispatchToRoute()
#50 /home/abdmalik/livewire-ckeditor/vendor/laravel/framework/src/Illuminate/Foundation/Http/Kernel.php(167): Illuminate\\Routing\\Router->dispatch()
#51 /home/abdmalik/livewire-ckeditor/vendor/laravel/framework/src/Illuminate/Pipeline/Pipeline.php(141): Illuminate\\Foundation\\Http\\Kernel->Illuminate\\Foundation\\Http\\{closure}()
#52 /home/abdmalik/livewire-ckeditor/vendor/livewire/livewire/src/DisableBrowserCache.php(19): Illuminate\\Pipeline\\Pipeline->Illuminate\\Pipeline\\{closure}()
#53 /home/abdmalik/livewire-ckeditor/vendor/laravel/framework/src/Illuminate/Pipeline/Pipeline.php(180): Livewire\\DisableBrowserCache->handle()
#54 /home/abdmalik/livewire-ckeditor/vendor/laravel/framework/src/Illuminate/Foundation/Http/Middleware/TransformsRequest.php(21): Illuminate\\Pipeline\\Pipeline->Illuminate\\Pipeline\\{closure}()
#55 /home/abdmalik/livewire-ckeditor/vendor/laravel/framework/src/Illuminate/Foundation/Http/Middleware/ConvertEmptyStringsToNull.php(31): Illuminate\\Foundation\\Http\\Middleware\\TransformsRequest->handle()
#56 /home/abdmalik/livewire-ckeditor/vendor/laravel/framework/src/Illuminate/Pipeline/Pipeline.php(180): Illuminate\\Foundation\\Http\\Middleware\\ConvertEmptyStringsToNull->handle()
#57 /home/abdmalik/livewire-ckeditor/vendor/laravel/framework/src/Illuminate/Foundation/Http/Middleware/TransformsRequest.php(21): Illuminate\\Pipeline\\Pipeline->Illuminate\\Pipeline\\{closure}()
#58 /home/abdmalik/livewire-ckeditor/vendor/laravel/framework/src/Illuminate/Foundation/Http/Middleware/TrimStrings.php(40): Illuminate\\Foundation\\Http\\Middleware\\TransformsRequest->handle()
#59 /home/abdmalik/livewire-ckeditor/vendor/laravel/framework/src/Illuminate/Pipeline/Pipeline.php(180): Illuminate\\Foundation\\Http\\Middleware\\TrimStrings->handle()
#60 /home/abdmalik/livewire-ckeditor/vendor/laravel/framework/src/Illuminate/Foundation/Http/Middleware/ValidatePostSize.php(27): Illuminate\\Pipeline\\Pipeline->Illuminate\\Pipeline\\{closure}()
#61 /home/abdmalik/livewire-ckeditor/vendor/laravel/framework/src/Illuminate/Pipeline/Pipeline.php(180): Illuminate\\Foundation\\Http\\Middleware\\ValidatePostSize->handle()
#62 /home/abdmalik/livewire-ckeditor/vendor/laravel/framework/src/Illuminate/Foundation/Http/Middleware/PreventRequestsDuringMaintenance.php(86): Illuminate\\Pipeline\\Pipeline->Illuminate\\Pipeline\\{closure}()
#63 /home/abdmalik/livewire-ckeditor/vendor/laravel/framework/src/Illuminate/Pipeline/Pipeline.php(180): Illuminate\\Foundation\\Http\\Middleware\\PreventRequestsDuringMaintenance->handle()
#64 /home/abdmalik/livewire-ckeditor/vendor/laravel/framework/src/Illuminate/Http/Middleware/HandleCors.php(49): Illuminate\\Pipeline\\Pipeline->Illuminate\\Pipeline\\{closure}()
#65 /home/abdmalik/livewire-ckeditor/vendor/laravel/framework/src/Illuminate/Pipeline/Pipeline.php(180): Illuminate\\Http\\Middleware\\HandleCors->handle()
#66 /home/abdmalik/livewire-ckeditor/vendor/laravel/framework/src/Illuminate/Http/Middleware/TrustProxies.php(39): Illuminate\\Pipeline\\Pipeline->Illuminate\\Pipeline\\{closure}()
#67 /home/abdmalik/livewire-ckeditor/vendor/laravel/framework/src/Illuminate/Pipeline/Pipeline.php(180): Illuminate\\Http\\Middleware\\TrustProxies->handle()
#68 /home/abdmalik/livewire-ckeditor/vendor/laravel/framework/src/Illuminate/Pipeline/Pipeline.php(116): Illuminate\\Pipeline\\Pipeline->Illuminate\\Pipeline\\{closure}()
#69 /home/abdmalik/livewire-ckeditor/vendor/laravel/framework/src/Illuminate/Foundation/Http/Kernel.php(142): Illuminate\\Pipeline\\Pipeline->then()
#70 /home/abdmalik/livewire-ckeditor/vendor/laravel/framework/src/Illuminate/Foundation/Http/Kernel.php(111): Illuminate\\Foundation\\Http\\Kernel->sendRequestThroughRouter()
#71 /home/abdmalik/livewire-ckeditor/public/index.php(52): Illuminate\\Foundation\\Http\\Kernel->handle()
#72 /home/abdmalik/livewire-ckeditor/vendor/laravel/framework/src/Illuminate/Foundation/resources/server.php(16): require_once('...')
#73 {main}
"} 
[2022-08-22 03:05:43] local.ERROR: Target class [ArticleController] does not exist. {"exception":"[object] (Illuminate\\Contracts\\Container\\BindingResolutionException(code: 0): Target class [ArticleController] does not exist. at /home/abdmalik/livewire-ckeditor/vendor/laravel/framework/src/Illuminate/Container/Container.php:877)
[stacktrace]
#0 /home/abdmalik/livewire-ckeditor/vendor/laravel/framework/src/Illuminate/Container/Container.php(756): Illuminate\\Container\\Container->build()
#1 /home/abdmalik/livewire-ckeditor/vendor/laravel/framework/src/Illuminate/Foundation/Application.php(857): Illuminate\\Container\\Container->resolve()
#2 /home/abdmalik/livewire-ckeditor/vendor/laravel/framework/src/Illuminate/Container/Container.php(692): Illuminate\\Foundation\\Application->resolve()
#3 /home/abdmalik/livewire-ckeditor/vendor/laravel/framework/src/Illuminate/Foundation/Application.php(842): Illuminate\\Container\\Container->make()
#4 /home/abdmalik/livewire-ckeditor/vendor/laravel/framework/src/Illuminate/Routing/Route.php(275): Illuminate\\Foundation\\Application->make()
#5 /home/abdmalik/livewire-ckeditor/vendor/laravel/framework/src/Illuminate/Routing/Route.php(1081): Illuminate\\Routing\\Route->getController()
#6 /home/abdmalik/livewire-ckeditor/vendor/laravel/framework/src/Illuminate/Routing/Route.php(1024): Illuminate\\Routing\\Route->controllerMiddleware()
#7 /home/abdmalik/livewire-ckeditor/vendor/laravel/framework/src/Illuminate/Routing/Router.php(737): Illuminate\\Routing\\Route->gatherMiddleware()
#8 /home/abdmalik/livewire-ckeditor/vendor/laravel/framework/src/Illuminate/Routing/Router.php(719): Illuminate\\Routing\\Router->gatherRouteMiddleware()
#9 /home/abdmalik/livewire-ckeditor/vendor/laravel/framework/src/Illuminate/Routing/Router.php(703): Illuminate\\Routing\\Router->runRouteWithinStack()
#10 /home/abdmalik/livewire-ckeditor/vendor/laravel/framework/src/Illuminate/Routing/Router.php(667): Illuminate\\Routing\\Router->runRoute()
#11 /home/abdmalik/livewire-ckeditor/vendor/laravel/framework/src/Illuminate/Routing/Router.php(656): Illuminate\\Routing\\Router->dispatchToRoute()
#12 /home/abdmalik/livewire-ckeditor/vendor/laravel/framework/src/Illuminate/Foundation/Http/Kernel.php(167): Illuminate\\Routing\\Router->dispatch()
#13 /home/abdmalik/livewire-ckeditor/vendor/laravel/framework/src/Illuminate/Pipeline/Pipeline.php(141): Illuminate\\Foundation\\Http\\Kernel->Illuminate\\Foundation\\Http\\{closure}()
#14 /home/abdmalik/livewire-ckeditor/vendor/livewire/livewire/src/DisableBrowserCache.php(19): Illuminate\\Pipeline\\Pipeline->Illuminate\\Pipeline\\{closure}()
#15 /home/abdmalik/livewire-ckeditor/vendor/laravel/framework/src/Illuminate/Pipeline/Pipeline.php(180): Livewire\\DisableBrowserCache->handle()
#16 /home/abdmalik/livewire-ckeditor/vendor/laravel/framework/src/Illuminate/Foundation/Http/Middleware/TransformsRequest.php(21): Illuminate\\Pipeline\\Pipeline->Illuminate\\Pipeline\\{closure}()
#17 /home/abdmalik/livewire-ckeditor/vendor/laravel/framework/src/Illuminate/Foundation/Http/Middleware/ConvertEmptyStringsToNull.php(31): Illuminate\\Foundation\\Http\\Middleware\\TransformsRequest->handle()
#18 /home/abdmalik/livewire-ckeditor/vendor/laravel/framework/src/Illuminate/Pipeline/Pipeline.php(180): Illuminate\\Foundation\\Http\\Middleware\\ConvertEmptyStringsToNull->handle()
#19 /home/abdmalik/livewire-ckeditor/vendor/laravel/framework/src/Illuminate/Foundation/Http/Middleware/TransformsRequest.php(21): Illuminate\\Pipeline\\Pipeline->Illuminate\\Pipeline\\{closure}()
#20 /home/abdmalik/livewire-ckeditor/vendor/laravel/framework/src/Illuminate/Foundation/Http/Middleware/TrimStrings.php(40): Illuminate\\Foundation\\Http\\Middleware\\TransformsRequest->handle()
#21 /home/abdmalik/livewire-ckeditor/vendor/laravel/framework/src/Illuminate/Pipeline/Pipeline.php(180): Illuminate\\Foundation\\Http\\Middleware\\TrimStrings->handle()
#22 /home/abdmalik/livewire-ckeditor/vendor/laravel/framework/src/Illuminate/Foundation/Http/Middleware/ValidatePostSize.php(27): Illuminate\\Pipeline\\Pipeline->Illuminate\\Pipeline\\{closure}()
#23 /home/abdmalik/livewire-ckeditor/vendor/laravel/framework/src/Illuminate/Pipeline/Pipeline.php(180): Illuminate\\Foundation\\Http\\Middleware\\ValidatePostSize->handle()
#24 /home/abdmalik/livewire-ckeditor/vendor/laravel/framework/src/Illuminate/Foundation/Http/Middleware/PreventRequestsDuringMaintenance.php(86): Illuminate\\Pipeline\\Pipeline->Illuminate\\Pipeline\\{closure}()
#25 /home/abdmalik/livewire-ckeditor/vendor/laravel/framework/src/Illuminate/Pipeline/Pipeline.php(180): Illuminate\\Foundation\\Http\\Middleware\\PreventRequestsDuringMaintenance->handle()
#26 /home/abdmalik/livewire-ckeditor/vendor/laravel/framework/src/Illuminate/Http/Middleware/HandleCors.php(49): Illuminate\\Pipeline\\Pipeline->Illuminate\\Pipeline\\{closure}()
#27 /home/abdmalik/livewire-ckeditor/vendor/laravel/framework/src/Illuminate/Pipeline/Pipeline.php(180): Illuminate\\Http\\Middleware\\HandleCors->handle()
#28 /home/abdmalik/livewire-ckeditor/vendor/laravel/framework/src/Illuminate/Http/Middleware/TrustProxies.php(39): Illuminate\\Pipeline\\Pipeline->Illuminate\\Pipeline\\{closure}()
#29 /home/abdmalik/livewire-ckeditor/vendor/laravel/framework/src/Illuminate/Pipeline/Pipeline.php(180): Illuminate\\Http\\Middleware\\TrustProxies->handle()
#30 /home/abdmalik/livewire-ckeditor/vendor/laravel/framework/src/Illuminate/Pipeline/Pipeline.php(116): Illuminate\\Pipeline\\Pipeline->Illuminate\\Pipeline\\{closure}()
#31 /home/abdmalik/livewire-ckeditor/vendor/laravel/framework/src/Illuminate/Foundation/Http/Kernel.php(142): Illuminate\\Pipeline\\Pipeline->then()
#32 /home/abdmalik/livewire-ckeditor/vendor/laravel/framework/src/Illuminate/Foundation/Http/Kernel.php(111): Illuminate\\Foundation\\Http\\Kernel->sendRequestThroughRouter()
#33 /home/abdmalik/livewire-ckeditor/public/index.php(52): Illuminate\\Foundation\\Http\\Kernel->handle()
#34 /home/abdmalik/livewire-ckeditor/vendor/laravel/framework/src/Illuminate/Foundation/resources/server.php(16): require_once('...')
#35 {main}

[previous exception] [object] (ReflectionException(code: -1): Class \"ArticleController\" does not exist at /home/abdmalik/livewire-ckeditor/vendor/laravel/framework/src/Illuminate/Container/Container.php:875)
[stacktrace]
#0 /home/abdmalik/livewire-ckeditor/vendor/laravel/framework/src/Illuminate/Container/Container.php(875): ReflectionClass->__construct()
#1 /home/abdmalik/livewire-ckeditor/vendor/laravel/framework/src/Illuminate/Container/Container.php(756): Illuminate\\Container\\Container->build()
#2 /home/abdmalik/livewire-ckeditor/vendor/laravel/framework/src/Illuminate/Foundation/Application.php(857): Illuminate\\Container\\Container->resolve()
#3 /home/abdmalik/livewire-ckeditor/vendor/laravel/framework/src/Illuminate/Container/Container.php(692): Illuminate\\Foundation\\Application->resolve()
#4 /home/abdmalik/livewire-ckeditor/vendor/laravel/framework/src/Illuminate/Foundation/Application.php(842): Illuminate\\Container\\Container->make()
#5 /home/abdmalik/livewire-ckeditor/vendor/laravel/framework/src/Illuminate/Routing/Route.php(275): Illuminate\\Foundation\\Application->make()
#6 /home/abdmalik/livewire-ckeditor/vendor/laravel/framework/src/Illuminate/Routing/Route.php(1081): Illuminate\\Routing\\Route->getController()
#7 /home/abdmalik/livewire-ckeditor/vendor/laravel/framework/src/Illuminate/Routing/Route.php(1024): Illuminate\\Routing\\Route->controllerMiddleware()
#8 /home/abdmalik/livewire-ckeditor/vendor/laravel/framework/src/Illuminate/Routing/Router.php(737): Illuminate\\Routing\\Route->gatherMiddleware()
#9 /home/abdmalik/livewire-ckeditor/vendor/laravel/framework/src/Illuminate/Routing/Router.php(719): Illuminate\\Routing\\Router->gatherRouteMiddleware()
#10 /home/abdmalik/livewire-ckeditor/vendor/laravel/framework/src/Illuminate/Routing/Router.php(703): Illuminate\\Routing\\Router->runRouteWithinStack()
#11 /home/abdmalik/livewire-ckeditor/vendor/laravel/framework/src/Illuminate/Routing/Router.php(667): Illuminate\\Routing\\Router->runRoute()
#12 /home/abdmalik/livewire-ckeditor/vendor/laravel/framework/src/Illuminate/Routing/Router.php(656): Illuminate\\Routing\\Router->dispatchToRoute()
#13 /home/abdmalik/livewire-ckeditor/vendor/laravel/framework/src/Illuminate/Foundation/Http/Kernel.php(167): Illuminate\\Routing\\Router->dispatch()
#14 /home/abdmalik/livewire-ckeditor/vendor/laravel/framework/src/Illuminate/Pipeline/Pipeline.php(141): Illuminate\\Foundation\\Http\\Kernel->Illuminate\\Foundation\\Http\\{closure}()
#15 /home/abdmalik/livewire-ckeditor/vendor/livewire/livewire/src/DisableBrowserCache.php(19): Illuminate\\Pipeline\\Pipeline->Illuminate\\Pipeline\\{closure}()
#16 /home/abdmalik/livewire-ckeditor/vendor/laravel/framework/src/Illuminate/Pipeline/Pipeline.php(180): Livewire\\DisableBrowserCache->handle()
#17 /home/abdmalik/livewire-ckeditor/vendor/laravel/framework/src/Illuminate/Foundation/Http/Middleware/TransformsRequest.php(21): Illuminate\\Pipeline\\Pipeline->Illuminate\\Pipeline\\{closure}()
#18 /home/abdmalik/livewire-ckeditor/vendor/laravel/framework/src/Illuminate/Foundation/Http/Middleware/ConvertEmptyStringsToNull.php(31): Illuminate\\Foundation\\Http\\Middleware\\TransformsRequest->handle()
#19 /home/abdmalik/livewire-ckeditor/vendor/laravel/framework/src/Illuminate/Pipeline/Pipeline.php(180): Illuminate\\Foundation\\Http\\Middleware\\ConvertEmptyStringsToNull->handle()
#20 /home/abdmalik/livewire-ckeditor/vendor/laravel/framework/src/Illuminate/Foundation/Http/Middleware/TransformsRequest.php(21): Illuminate\\Pipeline\\Pipeline->Illuminate\\Pipeline\\{closure}()
#21 /home/abdmalik/livewire-ckeditor/vendor/laravel/framework/src/Illuminate/Foundation/Http/Middleware/TrimStrings.php(40): Illuminate\\Foundation\\Http\\Middleware\\TransformsRequest->handle()
#22 /home/abdmalik/livewire-ckeditor/vendor/laravel/framework/src/Illuminate/Pipeline/Pipeline.php(180): Illuminate\\Foundation\\Http\\Middleware\\TrimStrings->handle()
#23 /home/abdmalik/livewire-ckeditor/vendor/laravel/framework/src/Illuminate/Foundation/Http/Middleware/ValidatePostSize.php(27): Illuminate\\Pipeline\\Pipeline->Illuminate\\Pipeline\\{closure}()
#24 /home/abdmalik/livewire-ckeditor/vendor/laravel/framework/src/Illuminate/Pipeline/Pipeline.php(180): Illuminate\\Foundation\\Http\\Middleware\\ValidatePostSize->handle()
#25 /home/abdmalik/livewire-ckeditor/vendor/laravel/framework/src/Illuminate/Foundation/Http/Middleware/PreventRequestsDuringMaintenance.php(86): Illuminate\\Pipeline\\Pipeline->Illuminate\\Pipeline\\{closure}()
#26 /home/abdmalik/livewire-ckeditor/vendor/laravel/framework/src/Illuminate/Pipeline/Pipeline.php(180): Illuminate\\Foundation\\Http\\Middleware\\PreventRequestsDuringMaintenance->handle()
#27 /home/abdmalik/livewire-ckeditor/vendor/laravel/framework/src/Illuminate/Http/Middleware/HandleCors.php(49): Illuminate\\Pipeline\\Pipeline->Illuminate\\Pipeline\\{closure}()
#28 /home/abdmalik/livewire-ckeditor/vendor/laravel/framework/src/Illuminate/Pipeline/Pipeline.php(180): Illuminate\\Http\\Middleware\\HandleCors->handle()
#29 /home/abdmalik/livewire-ckeditor/vendor/laravel/framework/src/Illuminate/Http/Middleware/TrustProxies.php(39): Illuminate\\Pipeline\\Pipeline->Illuminate\\Pipeline\\{closure}()
#30 /home/abdmalik/livewire-ckeditor/vendor/laravel/framework/src/Illuminate/Pipeline/Pipeline.php(180): Illuminate\\Http\\Middleware\\TrustProxies->handle()
#31 /home/abdmalik/livewire-ckeditor/vendor/laravel/framework/src/Illuminate/Pipeline/Pipeline.php(116): Illuminate\\Pipeline\\Pipeline->Illuminate\\Pipeline\\{closure}()
#32 /home/abdmalik/livewire-ckeditor/vendor/laravel/framework/src/Illuminate/Foundation/Http/Kernel.php(142): Illuminate\\Pipeline\\Pipeline->then()
#33 /home/abdmalik/livewire-ckeditor/vendor/laravel/framework/src/Illuminate/Foundation/Http/Kernel.php(111): Illuminate\\Foundation\\Http\\Kernel->sendRequestThroughRouter()
#34 /home/abdmalik/livewire-ckeditor/public/index.php(52): Illuminate\\Foundation\\Http\\Kernel->handle()
#35 /home/abdmalik/livewire-ckeditor/vendor/laravel/framework/src/Illuminate/Foundation/resources/server.php(16): require_once('...')
#36 {main}
"} 
[2022-08-22 03:08:21] local.ERROR: There are no commands defined in the "ide-helper" namespace. {"exception":"[object] (Symfony\\Component\\Console\\Exception\\NamespaceNotFoundException(code: 0): There are no commands defined in the \"ide-helper\" namespace. at /home/abdmalik/livewire-ckeditor/vendor/symfony/console/Application.php:622)
[stacktrace]
#0 /home/abdmalik/livewire-ckeditor/vendor/symfony/console/Application.php(673): Symfony\\Component\\Console\\Application->findNamespace()
#1 /home/abdmalik/livewire-ckeditor/vendor/symfony/console/Application.php(259): Symfony\\Component\\Console\\Application->find()
#2 /home/abdmalik/livewire-ckeditor/vendor/symfony/console/Application.php(171): Symfony\\Component\\Console\\Application->doRun()
#3 /home/abdmalik/livewire-ckeditor/vendor/laravel/framework/src/Illuminate/Console/Application.php(102): Symfony\\Component\\Console\\Application->run()
#4 /home/abdmalik/livewire-ckeditor/vendor/laravel/framework/src/Illuminate/Foundation/Console/Kernel.php(129): Illuminate\\Console\\Application->run()
#5 /home/abdmalik/livewire-ckeditor/artisan(37): Illuminate\\Foundation\\Console\\Kernel->handle()
#6 {main}
"} 
[2022-08-22 03:10:55] local.ERROR: There are no commands defined in the "ide-helper" namespace. {"exception":"[object] (Symfony\\Component\\Console\\Exception\\NamespaceNotFoundException(code: 0): There are no commands defined in the \"ide-helper\" namespace. at /home/abdmalik/livewire-ckeditor/vendor/symfony/console/Application.php:622)
[stacktrace]
#0 /home/abdmalik/livewire-ckeditor/vendor/symfony/console/Application.php(673): Symfony\\Component\\Console\\Application->findNamespace()
#1 /home/abdmalik/livewire-ckeditor/vendor/symfony/console/Application.php(259): Symfony\\Component\\Console\\Application->find()
#2 /home/abdmalik/livewire-ckeditor/vendor/symfony/console/Application.php(171): Symfony\\Component\\Console\\Application->doRun()
#3 /home/abdmalik/livewire-ckeditor/vendor/laravel/framework/src/Illuminate/Console/Application.php(102): Symfony\\Component\\Console\\Application->run()
#4 /home/abdmalik/livewire-ckeditor/vendor/laravel/framework/src/Illuminate/Foundation/Console/Kernel.php(129): Illuminate\\Console\\Application->run()
#5 /home/abdmalik/livewire-ckeditor/artisan(37): Illuminate\\Foundation\\Console\\Kernel->handle()
#6 {main}
"} 
[2022-08-22 03:11:46] local.ERROR: There are no commands defined in the "ide-helper" namespace. {"exception":"[object] (Symfony\\Component\\Console\\Exception\\NamespaceNotFoundException(code: 0): There are no commands defined in the \"ide-helper\" namespace. at /home/abdmalik/livewire-ckeditor/vendor/symfony/console/Application.php:622)
[stacktrace]
#0 /home/abdmalik/livewire-ckeditor/vendor/symfony/console/Application.php(673): Symfony\\Component\\Console\\Application->findNamespace()
#1 /home/abdmalik/livewire-ckeditor/vendor/symfony/console/Application.php(259): Symfony\\Component\\Console\\Application->find()
#2 /home/abdmalik/livewire-ckeditor/vendor/symfony/console/Application.php(171): Symfony\\Component\\Console\\Application->doRun()
#3 /home/abdmalik/livewire-ckeditor/vendor/laravel/framework/src/Illuminate/Console/Application.php(102): Symfony\\Component\\Console\\Application->run()
#4 /home/abdmalik/livewire-ckeditor/vendor/laravel/framework/src/Illuminate/Foundation/Console/Kernel.php(129): Illuminate\\Console\\Application->run()
#5 /home/abdmalik/livewire-ckeditor/artisan(37): Illuminate\\Foundation\\Console\\Kernel->handle()
#6 {main}
"} 
