[2022-08-23 07:05:12] local.ERROR: The "--columns" option does not exist. {"exception":"[object] (Symfony\\Component\\Console\\Exception\\RuntimeException(code: 0): The \"--columns\" option does not exist. at /home/abdmalik/livewire-sweetalert-bootstraptoast/vendor/symfony/console/Input/ArgvInput.php:220)
[stacktrace]
#0 /home/abdmalik/livewire-sweetalert-bootstraptoast/vendor/symfony/console/Input/ArgvInput.php(147): Symfony\\Component\\Console\\Input\\ArgvInput->addLongOption()
#1 /home/abdmalik/livewire-sweetalert-bootstraptoast/vendor/symfony/console/Input/ArgvInput.php(82): Symfony\\Component\\Console\\Input\\ArgvInput->parseLongOption()
#2 /home/abdmalik/livewire-sweetalert-bootstraptoast/vendor/symfony/console/Input/ArgvInput.php(71): Symfony\\Component\\Console\\Input\\ArgvInput->parseToken()
#3 /home/abdmalik/livewire-sweetalert-bootstraptoast/vendor/symfony/console/Input/Input.php(55): Symfony\\Component\\Console\\Input\\ArgvInput->parse()
#4 /home/abdmalik/livewire-sweetalert-bootstraptoast/vendor/symfony/console/Command/Command.php(267): Symfony\\Component\\Console\\Input\\Input->bind()
#5 /home/abdmalik/livewire-sweetalert-bootstraptoast/vendor/laravel/framework/src/Illuminate/Console/Command.php(124): Symfony\\Component\\Console\\Command\\Command->run()
#6 /home/abdmalik/livewire-sweetalert-bootstraptoast/vendor/symfony/console/Application.php(998): Illuminate\\Console\\Command->run()
#7 /home/abdmalik/livewire-sweetalert-bootstraptoast/vendor/symfony/console/Application.php(299): Symfony\\Component\\Console\\Application->doRunCommand()
#8 /home/abdmalik/livewire-sweetalert-bootstraptoast/vendor/symfony/console/Application.php(171): Symfony\\Component\\Console\\Application->doRun()
#9 /home/abdmalik/livewire-sweetalert-bootstraptoast/vendor/laravel/framework/src/Illuminate/Console/Application.php(102): Symfony\\Component\\Console\\Application->run()
#10 /home/abdmalik/livewire-sweetalert-bootstraptoast/vendor/laravel/framework/src/Illuminate/Foundation/Console/Kernel.php(129): Illuminate\\Console\\Application->run()
#11 /home/abdmalik/livewire-sweetalert-bootstraptoast/artisan(37): Illuminate\\Foundation\\Console\\Kernel->handle()
#12 {main}
"} 
[2022-08-23 07:05:14] local.ERROR: The "--columns" option does not exist. {"exception":"[object] (Symfony\\Component\\Console\\Exception\\RuntimeException(code: 0): The \"--columns\" option does not exist. at /home/abdmalik/livewire-sweetalert-bootstraptoast/vendor/symfony/console/Input/ArgvInput.php:220)
[stacktrace]
#0 /home/abdmalik/livewire-sweetalert-bootstraptoast/vendor/symfony/console/Input/ArgvInput.php(147): Symfony\\Component\\Console\\Input\\ArgvInput->addLongOption()
#1 /home/abdmalik/livewire-sweetalert-bootstraptoast/vendor/symfony/console/Input/ArgvInput.php(82): Symfony\\Component\\Console\\Input\\ArgvInput->parseLongOption()
#2 /home/abdmalik/livewire-sweetalert-bootstraptoast/vendor/symfony/console/Input/ArgvInput.php(71): Symfony\\Component\\Console\\Input\\ArgvInput->parseToken()
#3 /home/abdmalik/livewire-sweetalert-bootstraptoast/vendor/symfony/console/Input/Input.php(55): Symfony\\Component\\Console\\Input\\ArgvInput->parse()
#4 /home/abdmalik/livewire-sweetalert-bootstraptoast/vendor/symfony/console/Command/Command.php(267): Symfony\\Component\\Console\\Input\\Input->bind()
#5 /home/abdmalik/livewire-sweetalert-bootstraptoast/vendor/laravel/framework/src/Illuminate/Console/Command.php(124): Symfony\\Component\\Console\\Command\\Command->run()
#6 /home/abdmalik/livewire-sweetalert-bootstraptoast/vendor/symfony/console/Application.php(998): Illuminate\\Console\\Command->run()
#7 /home/abdmalik/livewire-sweetalert-bootstraptoast/vendor/symfony/console/Application.php(299): Symfony\\Component\\Console\\Application->doRunCommand()
#8 /home/abdmalik/livewire-sweetalert-bootstraptoast/vendor/symfony/console/Application.php(171): Symfony\\Component\\Console\\Application->doRun()
#9 /home/abdmalik/livewire-sweetalert-bootstraptoast/vendor/laravel/framework/src/Illuminate/Console/Application.php(102): Symfony\\Component\\Console\\Application->run()
#10 /home/abdmalik/livewire-sweetalert-bootstraptoast/vendor/laravel/framework/src/Illuminate/Foundation/Console/Kernel.php(129): Illuminate\\Console\\Application->run()
#11 /home/abdmalik/livewire-sweetalert-bootstraptoast/artisan(37): Illuminate\\Foundation\\Console\\Kernel->handle()
#12 {main}
"} 
[2022-08-23 07:05:17] local.ERROR: The "--columns" option does not exist. {"exception":"[object] (Symfony\\Component\\Console\\Exception\\RuntimeException(code: 0): The \"--columns\" option does not exist. at /home/abdmalik/livewire-sweetalert-bootstraptoast/vendor/symfony/console/Input/ArgvInput.php:220)
[stacktrace]
#0 /home/abdmalik/livewire-sweetalert-bootstraptoast/vendor/symfony/console/Input/ArgvInput.php(147): Symfony\\Component\\Console\\Input\\ArgvInput->addLongOption()
#1 /home/abdmalik/livewire-sweetalert-bootstraptoast/vendor/symfony/console/Input/ArgvInput.php(82): Symfony\\Component\\Console\\Input\\ArgvInput->parseLongOption()
#2 /home/abdmalik/livewire-sweetalert-bootstraptoast/vendor/symfony/console/Input/ArgvInput.php(71): Symfony\\Component\\Console\\Input\\ArgvInput->parseToken()
#3 /home/abdmalik/livewire-sweetalert-bootstraptoast/vendor/symfony/console/Input/Input.php(55): Symfony\\Component\\Console\\Input\\ArgvInput->parse()
#4 /home/abdmalik/livewire-sweetalert-bootstraptoast/vendor/symfony/console/Command/Command.php(267): Symfony\\Component\\Console\\Input\\Input->bind()
#5 /home/abdmalik/livewire-sweetalert-bootstraptoast/vendor/laravel/framework/src/Illuminate/Console/Command.php(124): Symfony\\Component\\Console\\Command\\Command->run()
#6 /home/abdmalik/livewire-sweetalert-bootstraptoast/vendor/symfony/console/Application.php(998): Illuminate\\Console\\Command->run()
#7 /home/abdmalik/livewire-sweetalert-bootstraptoast/vendor/symfony/console/Application.php(299): Symfony\\Component\\Console\\Application->doRunCommand()
#8 /home/abdmalik/livewire-sweetalert-bootstraptoast/vendor/symfony/console/Application.php(171): Symfony\\Component\\Console\\Application->doRun()
#9 /home/abdmalik/livewire-sweetalert-bootstraptoast/vendor/laravel/framework/src/Illuminate/Console/Application.php(102): Symfony\\Component\\Console\\Application->run()
#10 /home/abdmalik/livewire-sweetalert-bootstraptoast/vendor/laravel/framework/src/Illuminate/Foundation/Console/Kernel.php(129): Illuminate\\Console\\Application->run()
#11 /home/abdmalik/livewire-sweetalert-bootstraptoast/artisan(37): Illuminate\\Foundation\\Console\\Kernel->handle()
#12 {main}
"} 
[2022-08-23 13:24:32] local.ERROR: There are no commands defined in the "ide-helper" namespace. {"exception":"[object] (Symfony\\Component\\Console\\Exception\\NamespaceNotFoundException(code: 0): There are no commands defined in the \"ide-helper\" namespace. at /home/abdmalik/livewire-sweetalert-bootstraptoast/vendor/symfony/console/Application.php:622)
[stacktrace]
#0 /home/abdmalik/livewire-sweetalert-bootstraptoast/vendor/symfony/console/Application.php(673): Symfony\\Component\\Console\\Application->findNamespace()
#1 /home/abdmalik/livewire-sweetalert-bootstraptoast/vendor/symfony/console/Application.php(259): Symfony\\Component\\Console\\Application->find()
#2 /home/abdmalik/livewire-sweetalert-bootstraptoast/vendor/symfony/console/Application.php(171): Symfony\\Component\\Console\\Application->doRun()
#3 /home/abdmalik/livewire-sweetalert-bootstraptoast/vendor/laravel/framework/src/Illuminate/Console/Application.php(102): Symfony\\Component\\Console\\Application->run()
#4 /home/abdmalik/livewire-sweetalert-bootstraptoast/vendor/laravel/framework/src/Illuminate/Foundation/Console/Kernel.php(129): Illuminate\\Console\\Application->run()
#5 /home/abdmalik/livewire-sweetalert-bootstraptoast/artisan(37): Illuminate\\Foundation\\Console\\Kernel->handle()
#6 {main}
"} 
[2022-08-23 13:58:18] local.ERROR: There are no commands defined in the "ide-helper" namespace. {"exception":"[object] (Symfony\\Component\\Console\\Exception\\NamespaceNotFoundException(code: 0): There are no commands defined in the \"ide-helper\" namespace. at /home/abdmalik/livewire-sweetalert-bootstraptoast/vendor/symfony/console/Application.php:622)
[stacktrace]
#0 /home/abdmalik/livewire-sweetalert-bootstraptoast/vendor/symfony/console/Application.php(673): Symfony\\Component\\Console\\Application->findNamespace()
#1 /home/abdmalik/livewire-sweetalert-bootstraptoast/vendor/symfony/console/Application.php(259): Symfony\\Component\\Console\\Application->find()
#2 /home/abdmalik/livewire-sweetalert-bootstraptoast/vendor/symfony/console/Application.php(171): Symfony\\Component\\Console\\Application->doRun()
#3 /home/abdmalik/livewire-sweetalert-bootstraptoast/vendor/laravel/framework/src/Illuminate/Console/Application.php(102): Symfony\\Component\\Console\\Application->run()
#4 /home/abdmalik/livewire-sweetalert-bootstraptoast/vendor/laravel/framework/src/Illuminate/Foundation/Console/Kernel.php(129): Illuminate\\Console\\Application->run()
#5 /home/abdmalik/livewire-sweetalert-bootstraptoast/artisan(37): Illuminate\\Foundation\\Console\\Kernel->handle()
#6 {main}
"} 
