[2022-03-15 02:50:53] local.ERROR: Uncaught InvalidArgumentException: Attribute [first] does not exist. in /home/abdmalik/laravel/Login-Middleware/vendor/laravel/framework/src/Illuminate/Routing/RouteRegistrar.php:107
Stack trace:
#0 /home/abdmalik/laravel/Login-Middleware/vendor/laravel/framework/src/Illuminate/Routing/Router.php(1371): Illuminate\Routing\RouteRegistrar->attribute()
#1 /home/abdmalik/laravel/Login-Middleware/vendor/laravel/framework/src/Illuminate/Support/Facades/Facade.php(337): Illuminate\Routing\Router->__call()
#2 Command line code(1): Illuminate\Support\Facades\Facade::__callStatic()
#3 {main}
  thrown {"exception":"[object] (Symfony\\Component\\ErrorHandler\\Error\\FatalError(code: 0): Uncaught InvalidArgumentException: Attribute [first] does not exist. in /home/abdmalik/laravel/Login-Middleware/vendor/laravel/framework/src/Illuminate/Routing/RouteRegistrar.php:107
Stack trace:
#0 /home/abdmalik/laravel/Login-Middleware/vendor/laravel/framework/src/Illuminate/Routing/Router.php(1371): Illuminate\\Routing\\RouteRegistrar->attribute()
#1 /home/abdmalik/laravel/Login-Middleware/vendor/laravel/framework/src/Illuminate/Support/Facades/Facade.php(337): Illuminate\\Routing\\Router->__call()
#2 Command line code(1): Illuminate\\Support\\Facades\\Facade::__callStatic()
#3 {main}
  thrown at /home/abdmalik/laravel/Login-Middleware/vendor/laravel/framework/src/Illuminate/Routing/RouteRegistrar.php:107)
[stacktrace]
#0 {main}
"} 
[2022-03-15 03:35:45] local.ERROR: View [halaman] not found. {"exception":"[object] (InvalidArgumentException(code: 0): View [halaman] not found. at /home/abdmalik/laravel/Login-Middleware/vendor/laravel/framework/src/Illuminate/View/FileViewFinder.php:137)
[stacktrace]
#0 /home/abdmalik/laravel/Login-Middleware/vendor/laravel/framework/src/Illuminate/View/FileViewFinder.php(79): Illuminate\\View\\FileViewFinder->findInPaths()
#1 /home/abdmalik/laravel/Login-Middleware/vendor/laravel/framework/src/Illuminate/View/Factory.php(137): Illuminate\\View\\FileViewFinder->find()
#2 /home/abdmalik/laravel/Login-Middleware/vendor/laravel/framework/src/Illuminate/Foundation/helpers.php(948): Illuminate\\View\\Factory->make()
#3 /home/abdmalik/laravel/Login-Middleware/app/Http/Controllers/MahasiswaController.php(10): view()
#4 /home/abdmalik/laravel/Login-Middleware/vendor/laravel/framework/src/Illuminate/Routing/Controller.php(54): App\\Http\\Controllers\\MahasiswaController->daftarMahasiswa()
#5 /home/abdmalik/laravel/Login-Middleware/vendor/laravel/framework/src/Illuminate/Routing/ControllerDispatcher.php(45): Illuminate\\Routing\\Controller->callAction()
#6 /home/abdmalik/laravel/Login-Middleware/vendor/laravel/framework/src/Illuminate/Routing/Route.php(261): Illuminate\\Routing\\ControllerDispatcher->dispatch()
#7 /home/abdmalik/laravel/Login-Middleware/vendor/laravel/framework/src/Illuminate/Routing/Route.php(204): Illuminate\\Routing\\Route->runController()
#8 /home/abdmalik/laravel/Login-Middleware/vendor/laravel/framework/src/Illuminate/Routing/Router.php(725): Illuminate\\Routing\\Route->run()
#9 /home/abdmalik/laravel/Login-Middleware/vendor/laravel/framework/src/Illuminate/Pipeline/Pipeline.php(141): Illuminate\\Routing\\Router->Illuminate\\Routing\\{closure}()
#10 /home/abdmalik/laravel/Login-Middleware/app/Http/Middleware/CekLogin.php(19): Illuminate\\Pipeline\\Pipeline->Illuminate\\Pipeline\\{closure}()
#11 /home/abdmalik/laravel/Login-Middleware/vendor/laravel/framework/src/Illuminate/Pipeline/Pipeline.php(180): App\\Http\\Middleware\\CekLogin->handle()
#12 /home/abdmalik/laravel/Login-Middleware/vendor/laravel/framework/src/Illuminate/Routing/Middleware/SubstituteBindings.php(50): Illuminate\\Pipeline\\Pipeline->Illuminate\\Pipeline\\{closure}()
#13 /home/abdmalik/laravel/Login-Middleware/vendor/laravel/framework/src/Illuminate/Pipeline/Pipeline.php(180): Illuminate\\Routing\\Middleware\\SubstituteBindings->handle()
#14 /home/abdmalik/laravel/Login-Middleware/vendor/laravel/framework/src/Illuminate/Foundation/Http/Middleware/VerifyCsrfToken.php(78): Illuminate\\Pipeline\\Pipeline->Illuminate\\Pipeline\\{closure}()
#15 /home/abdmalik/laravel/Login-Middleware/vendor/laravel/framework/src/Illuminate/Pipeline/Pipeline.php(180): Illuminate\\Foundation\\Http\\Middleware\\VerifyCsrfToken->handle()
#16 /home/abdmalik/laravel/Login-Middleware/vendor/laravel/framework/src/Illuminate/View/Middleware/ShareErrorsFromSession.php(49): Illuminate\\Pipeline\\Pipeline->Illuminate\\Pipeline\\{closure}()
#17 /home/abdmalik/laravel/Login-Middleware/vendor/laravel/framework/src/Illuminate/Pipeline/Pipeline.php(180): Illuminate\\View\\Middleware\\ShareErrorsFromSession->handle()
#18 /home/abdmalik/laravel/Login-Middleware/vendor/laravel/framework/src/Illuminate/Session/Middleware/StartSession.php(121): Illuminate\\Pipeline\\Pipeline->Illuminate\\Pipeline\\{closure}()
#19 /home/abdmalik/laravel/Login-Middleware/vendor/laravel/framework/src/Illuminate/Session/Middleware/StartSession.php(64): Illuminate\\Session\\Middleware\\StartSession->handleStatefulRequest()
#20 /home/abdmalik/laravel/Login-Middleware/vendor/laravel/framework/src/Illuminate/Pipeline/Pipeline.php(180): Illuminate\\Session\\Middleware\\StartSession->handle()
#21 /home/abdmalik/laravel/Login-Middleware/vendor/laravel/framework/src/Illuminate/Cookie/Middleware/AddQueuedCookiesToResponse.php(37): Illuminate\\Pipeline\\Pipeline->Illuminate\\Pipeline\\{closure}()
#22 /home/abdmalik/laravel/Login-Middleware/vendor/laravel/framework/src/Illuminate/Pipeline/Pipeline.php(180): Illuminate\\Cookie\\Middleware\\AddQueuedCookiesToResponse->handle()
#23 /home/abdmalik/laravel/Login-Middleware/vendor/laravel/framework/src/Illuminate/Cookie/Middleware/EncryptCookies.php(67): Illuminate\\Pipeline\\Pipeline->Illuminate\\Pipeline\\{closure}()
#24 /home/abdmalik/laravel/Login-Middleware/vendor/laravel/framework/src/Illuminate/Pipeline/Pipeline.php(180): Illuminate\\Cookie\\Middleware\\EncryptCookies->handle()
#25 /home/abdmalik/laravel/Login-Middleware/vendor/laravel/framework/src/Illuminate/Pipeline/Pipeline.php(116): Illuminate\\Pipeline\\Pipeline->Illuminate\\Pipeline\\{closure}()
#26 /home/abdmalik/laravel/Login-Middleware/vendor/laravel/framework/src/Illuminate/Routing/Router.php(727): Illuminate\\Pipeline\\Pipeline->then()
#27 /home/abdmalik/laravel/Login-Middleware/vendor/laravel/framework/src/Illuminate/Routing/Router.php(702): Illuminate\\Routing\\Router->runRouteWithinStack()
#28 /home/abdmalik/laravel/Login-Middleware/vendor/laravel/framework/src/Illuminate/Routing/Router.php(666): Illuminate\\Routing\\Router->runRoute()
#29 /home/abdmalik/laravel/Login-Middleware/vendor/laravel/framework/src/Illuminate/Routing/Router.php(655): Illuminate\\Routing\\Router->dispatchToRoute()
#30 /home/abdmalik/laravel/Login-Middleware/vendor/laravel/framework/src/Illuminate/Foundation/Http/Kernel.php(167): Illuminate\\Routing\\Router->dispatch()
#31 /home/abdmalik/laravel/Login-Middleware/vendor/laravel/framework/src/Illuminate/Pipeline/Pipeline.php(141): Illuminate\\Foundation\\Http\\Kernel->Illuminate\\Foundation\\Http\\{closure}()
#32 /home/abdmalik/laravel/Login-Middleware/vendor/laravel/framework/src/Illuminate/Foundation/Http/Middleware/TransformsRequest.php(21): Illuminate\\Pipeline\\Pipeline->Illuminate\\Pipeline\\{closure}()
#33 /home/abdmalik/laravel/Login-Middleware/vendor/laravel/framework/src/Illuminate/Foundation/Http/Middleware/ConvertEmptyStringsToNull.php(31): Illuminate\\Foundation\\Http\\Middleware\\TransformsRequest->handle()
#34 /home/abdmalik/laravel/Login-Middleware/vendor/laravel/framework/src/Illuminate/Pipeline/Pipeline.php(180): Illuminate\\Foundation\\Http\\Middleware\\ConvertEmptyStringsToNull->handle()
#35 /home/abdmalik/laravel/Login-Middleware/vendor/laravel/framework/src/Illuminate/Foundation/Http/Middleware/TransformsRequest.php(21): Illuminate\\Pipeline\\Pipeline->Illuminate\\Pipeline\\{closure}()
#36 /home/abdmalik/laravel/Login-Middleware/vendor/laravel/framework/src/Illuminate/Foundation/Http/Middleware/TrimStrings.php(40): Illuminate\\Foundation\\Http\\Middleware\\TransformsRequest->handle()
#37 /home/abdmalik/laravel/Login-Middleware/vendor/laravel/framework/src/Illuminate/Pipeline/Pipeline.php(180): Illuminate\\Foundation\\Http\\Middleware\\TrimStrings->handle()
#38 /home/abdmalik/laravel/Login-Middleware/vendor/laravel/framework/src/Illuminate/Foundation/Http/Middleware/ValidatePostSize.php(27): Illuminate\\Pipeline\\Pipeline->Illuminate\\Pipeline\\{closure}()
#39 /home/abdmalik/laravel/Login-Middleware/vendor/laravel/framework/src/Illuminate/Pipeline/Pipeline.php(180): Illuminate\\Foundation\\Http\\Middleware\\ValidatePostSize->handle()
#40 /home/abdmalik/laravel/Login-Middleware/vendor/laravel/framework/src/Illuminate/Foundation/Http/Middleware/PreventRequestsDuringMaintenance.php(86): Illuminate\\Pipeline\\Pipeline->Illuminate\\Pipeline\\{closure}()
#41 /home/abdmalik/laravel/Login-Middleware/vendor/laravel/framework/src/Illuminate/Pipeline/Pipeline.php(180): Illuminate\\Foundation\\Http\\Middleware\\PreventRequestsDuringMaintenance->handle()
#42 /home/abdmalik/laravel/Login-Middleware/vendor/laravel/framework/src/Illuminate/Http/Middleware/HandleCors.php(49): Illuminate\\Pipeline\\Pipeline->Illuminate\\Pipeline\\{closure}()
#43 /home/abdmalik/laravel/Login-Middleware/vendor/laravel/framework/src/Illuminate/Pipeline/Pipeline.php(180): Illuminate\\Http\\Middleware\\HandleCors->handle()
#44 /home/abdmalik/laravel/Login-Middleware/vendor/laravel/framework/src/Illuminate/Http/Middleware/TrustProxies.php(39): Illuminate\\Pipeline\\Pipeline->Illuminate\\Pipeline\\{closure}()
#45 /home/abdmalik/laravel/Login-Middleware/vendor/laravel/framework/src/Illuminate/Pipeline/Pipeline.php(180): Illuminate\\Http\\Middleware\\TrustProxies->handle()
#46 /home/abdmalik/laravel/Login-Middleware/vendor/laravel/framework/src/Illuminate/Pipeline/Pipeline.php(116): Illuminate\\Pipeline\\Pipeline->Illuminate\\Pipeline\\{closure}()
#47 /home/abdmalik/laravel/Login-Middleware/vendor/laravel/framework/src/Illuminate/Foundation/Http/Kernel.php(142): Illuminate\\Pipeline\\Pipeline->then()
#48 /home/abdmalik/laravel/Login-Middleware/vendor/laravel/framework/src/Illuminate/Foundation/Http/Kernel.php(111): Illuminate\\Foundation\\Http\\Kernel->sendRequestThroughRouter()
#49 /home/abdmalik/laravel/Login-Middleware/public/index.php(52): Illuminate\\Foundation\\Http\\Kernel->handle()
#50 /home/abdmalik/laravel/Login-Middleware/vendor/laravel/framework/src/Illuminate/Foundation/resources/server.php(16): require_once('...')
#51 {main}
"} 
[2022-03-15 03:36:01] local.ERROR: View [halaman] not found. {"exception":"[object] (InvalidArgumentException(code: 0): View [halaman] not found. at /home/abdmalik/laravel/Login-Middleware/vendor/laravel/framework/src/Illuminate/View/FileViewFinder.php:137)
[stacktrace]
#0 /home/abdmalik/laravel/Login-Middleware/vendor/laravel/framework/src/Illuminate/View/FileViewFinder.php(79): Illuminate\\View\\FileViewFinder->findInPaths()
#1 /home/abdmalik/laravel/Login-Middleware/vendor/laravel/framework/src/Illuminate/View/Factory.php(137): Illuminate\\View\\FileViewFinder->find()
#2 /home/abdmalik/laravel/Login-Middleware/vendor/laravel/framework/src/Illuminate/Foundation/helpers.php(948): Illuminate\\View\\Factory->make()
#3 /home/abdmalik/laravel/Login-Middleware/app/Http/Controllers/MahasiswaController.php(10): view()
#4 /home/abdmalik/laravel/Login-Middleware/vendor/laravel/framework/src/Illuminate/Routing/Controller.php(54): App\\Http\\Controllers\\MahasiswaController->daftarMahasiswa()
#5 /home/abdmalik/laravel/Login-Middleware/vendor/laravel/framework/src/Illuminate/Routing/ControllerDispatcher.php(45): Illuminate\\Routing\\Controller->callAction()
#6 /home/abdmalik/laravel/Login-Middleware/vendor/laravel/framework/src/Illuminate/Routing/Route.php(261): Illuminate\\Routing\\ControllerDispatcher->dispatch()
#7 /home/abdmalik/laravel/Login-Middleware/vendor/laravel/framework/src/Illuminate/Routing/Route.php(204): Illuminate\\Routing\\Route->runController()
#8 /home/abdmalik/laravel/Login-Middleware/vendor/laravel/framework/src/Illuminate/Routing/Router.php(725): Illuminate\\Routing\\Route->run()
#9 /home/abdmalik/laravel/Login-Middleware/vendor/laravel/framework/src/Illuminate/Pipeline/Pipeline.php(141): Illuminate\\Routing\\Router->Illuminate\\Routing\\{closure}()
#10 /home/abdmalik/laravel/Login-Middleware/app/Http/Middleware/CekLogin.php(19): Illuminate\\Pipeline\\Pipeline->Illuminate\\Pipeline\\{closure}()
#11 /home/abdmalik/laravel/Login-Middleware/vendor/laravel/framework/src/Illuminate/Pipeline/Pipeline.php(180): App\\Http\\Middleware\\CekLogin->handle()
#12 /home/abdmalik/laravel/Login-Middleware/vendor/laravel/framework/src/Illuminate/Routing/Middleware/SubstituteBindings.php(50): Illuminate\\Pipeline\\Pipeline->Illuminate\\Pipeline\\{closure}()
#13 /home/abdmalik/laravel/Login-Middleware/vendor/laravel/framework/src/Illuminate/Pipeline/Pipeline.php(180): Illuminate\\Routing\\Middleware\\SubstituteBindings->handle()
#14 /home/abdmalik/laravel/Login-Middleware/vendor/laravel/framework/src/Illuminate/Foundation/Http/Middleware/VerifyCsrfToken.php(78): Illuminate\\Pipeline\\Pipeline->Illuminate\\Pipeline\\{closure}()
#15 /home/abdmalik/laravel/Login-Middleware/vendor/laravel/framework/src/Illuminate/Pipeline/Pipeline.php(180): Illuminate\\Foundation\\Http\\Middleware\\VerifyCsrfToken->handle()
#16 /home/abdmalik/laravel/Login-Middleware/vendor/laravel/framework/src/Illuminate/View/Middleware/ShareErrorsFromSession.php(49): Illuminate\\Pipeline\\Pipeline->Illuminate\\Pipeline\\{closure}()
#17 /home/abdmalik/laravel/Login-Middleware/vendor/laravel/framework/src/Illuminate/Pipeline/Pipeline.php(180): Illuminate\\View\\Middleware\\ShareErrorsFromSession->handle()
#18 /home/abdmalik/laravel/Login-Middleware/vendor/laravel/framework/src/Illuminate/Session/Middleware/StartSession.php(121): Illuminate\\Pipeline\\Pipeline->Illuminate\\Pipeline\\{closure}()
#19 /home/abdmalik/laravel/Login-Middleware/vendor/laravel/framework/src/Illuminate/Session/Middleware/StartSession.php(64): Illuminate\\Session\\Middleware\\StartSession->handleStatefulRequest()
#20 /home/abdmalik/laravel/Login-Middleware/vendor/laravel/framework/src/Illuminate/Pipeline/Pipeline.php(180): Illuminate\\Session\\Middleware\\StartSession->handle()
#21 /home/abdmalik/laravel/Login-Middleware/vendor/laravel/framework/src/Illuminate/Cookie/Middleware/AddQueuedCookiesToResponse.php(37): Illuminate\\Pipeline\\Pipeline->Illuminate\\Pipeline\\{closure}()
#22 /home/abdmalik/laravel/Login-Middleware/vendor/laravel/framework/src/Illuminate/Pipeline/Pipeline.php(180): Illuminate\\Cookie\\Middleware\\AddQueuedCookiesToResponse->handle()
#23 /home/abdmalik/laravel/Login-Middleware/vendor/laravel/framework/src/Illuminate/Cookie/Middleware/EncryptCookies.php(67): Illuminate\\Pipeline\\Pipeline->Illuminate\\Pipeline\\{closure}()
#24 /home/abdmalik/laravel/Login-Middleware/vendor/laravel/framework/src/Illuminate/Pipeline/Pipeline.php(180): Illuminate\\Cookie\\Middleware\\EncryptCookies->handle()
#25 /home/abdmalik/laravel/Login-Middleware/vendor/laravel/framework/src/Illuminate/Pipeline/Pipeline.php(116): Illuminate\\Pipeline\\Pipeline->Illuminate\\Pipeline\\{closure}()
#26 /home/abdmalik/laravel/Login-Middleware/vendor/laravel/framework/src/Illuminate/Routing/Router.php(727): Illuminate\\Pipeline\\Pipeline->then()
#27 /home/abdmalik/laravel/Login-Middleware/vendor/laravel/framework/src/Illuminate/Routing/Router.php(702): Illuminate\\Routing\\Router->runRouteWithinStack()
#28 /home/abdmalik/laravel/Login-Middleware/vendor/laravel/framework/src/Illuminate/Routing/Router.php(666): Illuminate\\Routing\\Router->runRoute()
#29 /home/abdmalik/laravel/Login-Middleware/vendor/laravel/framework/src/Illuminate/Routing/Router.php(655): Illuminate\\Routing\\Router->dispatchToRoute()
#30 /home/abdmalik/laravel/Login-Middleware/vendor/laravel/framework/src/Illuminate/Foundation/Http/Kernel.php(167): Illuminate\\Routing\\Router->dispatch()
#31 /home/abdmalik/laravel/Login-Middleware/vendor/laravel/framework/src/Illuminate/Pipeline/Pipeline.php(141): Illuminate\\Foundation\\Http\\Kernel->Illuminate\\Foundation\\Http\\{closure}()
#32 /home/abdmalik/laravel/Login-Middleware/vendor/laravel/framework/src/Illuminate/Foundation/Http/Middleware/TransformsRequest.php(21): Illuminate\\Pipeline\\Pipeline->Illuminate\\Pipeline\\{closure}()
#33 /home/abdmalik/laravel/Login-Middleware/vendor/laravel/framework/src/Illuminate/Foundation/Http/Middleware/ConvertEmptyStringsToNull.php(31): Illuminate\\Foundation\\Http\\Middleware\\TransformsRequest->handle()
#34 /home/abdmalik/laravel/Login-Middleware/vendor/laravel/framework/src/Illuminate/Pipeline/Pipeline.php(180): Illuminate\\Foundation\\Http\\Middleware\\ConvertEmptyStringsToNull->handle()
#35 /home/abdmalik/laravel/Login-Middleware/vendor/laravel/framework/src/Illuminate/Foundation/Http/Middleware/TransformsRequest.php(21): Illuminate\\Pipeline\\Pipeline->Illuminate\\Pipeline\\{closure}()
#36 /home/abdmalik/laravel/Login-Middleware/vendor/laravel/framework/src/Illuminate/Foundation/Http/Middleware/TrimStrings.php(40): Illuminate\\Foundation\\Http\\Middleware\\TransformsRequest->handle()
#37 /home/abdmalik/laravel/Login-Middleware/vendor/laravel/framework/src/Illuminate/Pipeline/Pipeline.php(180): Illuminate\\Foundation\\Http\\Middleware\\TrimStrings->handle()
#38 /home/abdmalik/laravel/Login-Middleware/vendor/laravel/framework/src/Illuminate/Foundation/Http/Middleware/ValidatePostSize.php(27): Illuminate\\Pipeline\\Pipeline->Illuminate\\Pipeline\\{closure}()
#39 /home/abdmalik/laravel/Login-Middleware/vendor/laravel/framework/src/Illuminate/Pipeline/Pipeline.php(180): Illuminate\\Foundation\\Http\\Middleware\\ValidatePostSize->handle()
#40 /home/abdmalik/laravel/Login-Middleware/vendor/laravel/framework/src/Illuminate/Foundation/Http/Middleware/PreventRequestsDuringMaintenance.php(86): Illuminate\\Pipeline\\Pipeline->Illuminate\\Pipeline\\{closure}()
#41 /home/abdmalik/laravel/Login-Middleware/vendor/laravel/framework/src/Illuminate/Pipeline/Pipeline.php(180): Illuminate\\Foundation\\Http\\Middleware\\PreventRequestsDuringMaintenance->handle()
#42 /home/abdmalik/laravel/Login-Middleware/vendor/laravel/framework/src/Illuminate/Http/Middleware/HandleCors.php(49): Illuminate\\Pipeline\\Pipeline->Illuminate\\Pipeline\\{closure}()
#43 /home/abdmalik/laravel/Login-Middleware/vendor/laravel/framework/src/Illuminate/Pipeline/Pipeline.php(180): Illuminate\\Http\\Middleware\\HandleCors->handle()
#44 /home/abdmalik/laravel/Login-Middleware/vendor/laravel/framework/src/Illuminate/Http/Middleware/TrustProxies.php(39): Illuminate\\Pipeline\\Pipeline->Illuminate\\Pipeline\\{closure}()
#45 /home/abdmalik/laravel/Login-Middleware/vendor/laravel/framework/src/Illuminate/Pipeline/Pipeline.php(180): Illuminate\\Http\\Middleware\\TrustProxies->handle()
#46 /home/abdmalik/laravel/Login-Middleware/vendor/laravel/framework/src/Illuminate/Pipeline/Pipeline.php(116): Illuminate\\Pipeline\\Pipeline->Illuminate\\Pipeline\\{closure}()
#47 /home/abdmalik/laravel/Login-Middleware/vendor/laravel/framework/src/Illuminate/Foundation/Http/Kernel.php(142): Illuminate\\Pipeline\\Pipeline->then()
#48 /home/abdmalik/laravel/Login-Middleware/vendor/laravel/framework/src/Illuminate/Foundation/Http/Kernel.php(111): Illuminate\\Foundation\\Http\\Kernel->sendRequestThroughRouter()
#49 /home/abdmalik/laravel/Login-Middleware/public/index.php(52): Illuminate\\Foundation\\Http\\Kernel->handle()
#50 /home/abdmalik/laravel/Login-Middleware/vendor/laravel/framework/src/Illuminate/Foundation/resources/server.php(16): require_once('...')
#51 {main}
"} 
[2022-03-15 03:36:29] local.ERROR: View [halaman] not found. {"exception":"[object] (InvalidArgumentException(code: 0): View [halaman] not found. at /home/abdmalik/laravel/Login-Middleware/vendor/laravel/framework/src/Illuminate/View/FileViewFinder.php:137)
[stacktrace]
#0 /home/abdmalik/laravel/Login-Middleware/vendor/laravel/framework/src/Illuminate/View/FileViewFinder.php(79): Illuminate\\View\\FileViewFinder->findInPaths()
#1 /home/abdmalik/laravel/Login-Middleware/vendor/laravel/framework/src/Illuminate/View/Factory.php(137): Illuminate\\View\\FileViewFinder->find()
#2 /home/abdmalik/laravel/Login-Middleware/vendor/laravel/framework/src/Illuminate/Foundation/helpers.php(948): Illuminate\\View\\Factory->make()
#3 /home/abdmalik/laravel/Login-Middleware/app/Http/Controllers/MahasiswaController.php(10): view()
#4 /home/abdmalik/laravel/Login-Middleware/vendor/laravel/framework/src/Illuminate/Routing/Controller.php(54): App\\Http\\Controllers\\MahasiswaController->daftarMahasiswa()
#5 /home/abdmalik/laravel/Login-Middleware/vendor/laravel/framework/src/Illuminate/Routing/ControllerDispatcher.php(45): Illuminate\\Routing\\Controller->callAction()
#6 /home/abdmalik/laravel/Login-Middleware/vendor/laravel/framework/src/Illuminate/Routing/Route.php(261): Illuminate\\Routing\\ControllerDispatcher->dispatch()
#7 /home/abdmalik/laravel/Login-Middleware/vendor/laravel/framework/src/Illuminate/Routing/Route.php(204): Illuminate\\Routing\\Route->runController()
#8 /home/abdmalik/laravel/Login-Middleware/vendor/laravel/framework/src/Illuminate/Routing/Router.php(725): Illuminate\\Routing\\Route->run()
#9 /home/abdmalik/laravel/Login-Middleware/vendor/laravel/framework/src/Illuminate/Pipeline/Pipeline.php(141): Illuminate\\Routing\\Router->Illuminate\\Routing\\{closure}()
#10 /home/abdmalik/laravel/Login-Middleware/app/Http/Middleware/CekLogin.php(19): Illuminate\\Pipeline\\Pipeline->Illuminate\\Pipeline\\{closure}()
#11 /home/abdmalik/laravel/Login-Middleware/vendor/laravel/framework/src/Illuminate/Pipeline/Pipeline.php(180): App\\Http\\Middleware\\CekLogin->handle()
#12 /home/abdmalik/laravel/Login-Middleware/vendor/laravel/framework/src/Illuminate/Routing/Middleware/SubstituteBindings.php(50): Illuminate\\Pipeline\\Pipeline->Illuminate\\Pipeline\\{closure}()
#13 /home/abdmalik/laravel/Login-Middleware/vendor/laravel/framework/src/Illuminate/Pipeline/Pipeline.php(180): Illuminate\\Routing\\Middleware\\SubstituteBindings->handle()
#14 /home/abdmalik/laravel/Login-Middleware/vendor/laravel/framework/src/Illuminate/Foundation/Http/Middleware/VerifyCsrfToken.php(78): Illuminate\\Pipeline\\Pipeline->Illuminate\\Pipeline\\{closure}()
#15 /home/abdmalik/laravel/Login-Middleware/vendor/laravel/framework/src/Illuminate/Pipeline/Pipeline.php(180): Illuminate\\Foundation\\Http\\Middleware\\VerifyCsrfToken->handle()
#16 /home/abdmalik/laravel/Login-Middleware/vendor/laravel/framework/src/Illuminate/View/Middleware/ShareErrorsFromSession.php(49): Illuminate\\Pipeline\\Pipeline->Illuminate\\Pipeline\\{closure}()
#17 /home/abdmalik/laravel/Login-Middleware/vendor/laravel/framework/src/Illuminate/Pipeline/Pipeline.php(180): Illuminate\\View\\Middleware\\ShareErrorsFromSession->handle()
#18 /home/abdmalik/laravel/Login-Middleware/vendor/laravel/framework/src/Illuminate/Session/Middleware/StartSession.php(121): Illuminate\\Pipeline\\Pipeline->Illuminate\\Pipeline\\{closure}()
#19 /home/abdmalik/laravel/Login-Middleware/vendor/laravel/framework/src/Illuminate/Session/Middleware/StartSession.php(64): Illuminate\\Session\\Middleware\\StartSession->handleStatefulRequest()
#20 /home/abdmalik/laravel/Login-Middleware/vendor/laravel/framework/src/Illuminate/Pipeline/Pipeline.php(180): Illuminate\\Session\\Middleware\\StartSession->handle()
#21 /home/abdmalik/laravel/Login-Middleware/vendor/laravel/framework/src/Illuminate/Cookie/Middleware/AddQueuedCookiesToResponse.php(37): Illuminate\\Pipeline\\Pipeline->Illuminate\\Pipeline\\{closure}()
#22 /home/abdmalik/laravel/Login-Middleware/vendor/laravel/framework/src/Illuminate/Pipeline/Pipeline.php(180): Illuminate\\Cookie\\Middleware\\AddQueuedCookiesToResponse->handle()
#23 /home/abdmalik/laravel/Login-Middleware/vendor/laravel/framework/src/Illuminate/Cookie/Middleware/EncryptCookies.php(67): Illuminate\\Pipeline\\Pipeline->Illuminate\\Pipeline\\{closure}()
#24 /home/abdmalik/laravel/Login-Middleware/vendor/laravel/framework/src/Illuminate/Pipeline/Pipeline.php(180): Illuminate\\Cookie\\Middleware\\EncryptCookies->handle()
#25 /home/abdmalik/laravel/Login-Middleware/vendor/laravel/framework/src/Illuminate/Pipeline/Pipeline.php(116): Illuminate\\Pipeline\\Pipeline->Illuminate\\Pipeline\\{closure}()
#26 /home/abdmalik/laravel/Login-Middleware/vendor/laravel/framework/src/Illuminate/Routing/Router.php(727): Illuminate\\Pipeline\\Pipeline->then()
#27 /home/abdmalik/laravel/Login-Middleware/vendor/laravel/framework/src/Illuminate/Routing/Router.php(702): Illuminate\\Routing\\Router->runRouteWithinStack()
#28 /home/abdmalik/laravel/Login-Middleware/vendor/laravel/framework/src/Illuminate/Routing/Router.php(666): Illuminate\\Routing\\Router->runRoute()
#29 /home/abdmalik/laravel/Login-Middleware/vendor/laravel/framework/src/Illuminate/Routing/Router.php(655): Illuminate\\Routing\\Router->dispatchToRoute()
#30 /home/abdmalik/laravel/Login-Middleware/vendor/laravel/framework/src/Illuminate/Foundation/Http/Kernel.php(167): Illuminate\\Routing\\Router->dispatch()
#31 /home/abdmalik/laravel/Login-Middleware/vendor/laravel/framework/src/Illuminate/Pipeline/Pipeline.php(141): Illuminate\\Foundation\\Http\\Kernel->Illuminate\\Foundation\\Http\\{closure}()
#32 /home/abdmalik/laravel/Login-Middleware/vendor/laravel/framework/src/Illuminate/Foundation/Http/Middleware/TransformsRequest.php(21): Illuminate\\Pipeline\\Pipeline->Illuminate\\Pipeline\\{closure}()
#33 /home/abdmalik/laravel/Login-Middleware/vendor/laravel/framework/src/Illuminate/Foundation/Http/Middleware/ConvertEmptyStringsToNull.php(31): Illuminate\\Foundation\\Http\\Middleware\\TransformsRequest->handle()
#34 /home/abdmalik/laravel/Login-Middleware/vendor/laravel/framework/src/Illuminate/Pipeline/Pipeline.php(180): Illuminate\\Foundation\\Http\\Middleware\\ConvertEmptyStringsToNull->handle()
#35 /home/abdmalik/laravel/Login-Middleware/vendor/laravel/framework/src/Illuminate/Foundation/Http/Middleware/TransformsRequest.php(21): Illuminate\\Pipeline\\Pipeline->Illuminate\\Pipeline\\{closure}()
#36 /home/abdmalik/laravel/Login-Middleware/vendor/laravel/framework/src/Illuminate/Foundation/Http/Middleware/TrimStrings.php(40): Illuminate\\Foundation\\Http\\Middleware\\TransformsRequest->handle()
#37 /home/abdmalik/laravel/Login-Middleware/vendor/laravel/framework/src/Illuminate/Pipeline/Pipeline.php(180): Illuminate\\Foundation\\Http\\Middleware\\TrimStrings->handle()
#38 /home/abdmalik/laravel/Login-Middleware/vendor/laravel/framework/src/Illuminate/Foundation/Http/Middleware/ValidatePostSize.php(27): Illuminate\\Pipeline\\Pipeline->Illuminate\\Pipeline\\{closure}()
#39 /home/abdmalik/laravel/Login-Middleware/vendor/laravel/framework/src/Illuminate/Pipeline/Pipeline.php(180): Illuminate\\Foundation\\Http\\Middleware\\ValidatePostSize->handle()
#40 /home/abdmalik/laravel/Login-Middleware/vendor/laravel/framework/src/Illuminate/Foundation/Http/Middleware/PreventRequestsDuringMaintenance.php(86): Illuminate\\Pipeline\\Pipeline->Illuminate\\Pipeline\\{closure}()
#41 /home/abdmalik/laravel/Login-Middleware/vendor/laravel/framework/src/Illuminate/Pipeline/Pipeline.php(180): Illuminate\\Foundation\\Http\\Middleware\\PreventRequestsDuringMaintenance->handle()
#42 /home/abdmalik/laravel/Login-Middleware/vendor/laravel/framework/src/Illuminate/Http/Middleware/HandleCors.php(49): Illuminate\\Pipeline\\Pipeline->Illuminate\\Pipeline\\{closure}()
#43 /home/abdmalik/laravel/Login-Middleware/vendor/laravel/framework/src/Illuminate/Pipeline/Pipeline.php(180): Illuminate\\Http\\Middleware\\HandleCors->handle()
#44 /home/abdmalik/laravel/Login-Middleware/vendor/laravel/framework/src/Illuminate/Http/Middleware/TrustProxies.php(39): Illuminate\\Pipeline\\Pipeline->Illuminate\\Pipeline\\{closure}()
#45 /home/abdmalik/laravel/Login-Middleware/vendor/laravel/framework/src/Illuminate/Pipeline/Pipeline.php(180): Illuminate\\Http\\Middleware\\TrustProxies->handle()
#46 /home/abdmalik/laravel/Login-Middleware/vendor/laravel/framework/src/Illuminate/Pipeline/Pipeline.php(116): Illuminate\\Pipeline\\Pipeline->Illuminate\\Pipeline\\{closure}()
#47 /home/abdmalik/laravel/Login-Middleware/vendor/laravel/framework/src/Illuminate/Foundation/Http/Kernel.php(142): Illuminate\\Pipeline\\Pipeline->then()
#48 /home/abdmalik/laravel/Login-Middleware/vendor/laravel/framework/src/Illuminate/Foundation/Http/Kernel.php(111): Illuminate\\Foundation\\Http\\Kernel->sendRequestThroughRouter()
#49 /home/abdmalik/laravel/Login-Middleware/public/index.php(52): Illuminate\\Foundation\\Http\\Kernel->handle()
#50 /home/abdmalik/laravel/Login-Middleware/vendor/laravel/framework/src/Illuminate/Foundation/resources/server.php(16): require_once('...')
#51 {main}
"} 
[2022-03-15 03:37:21] local.ERROR: View [halaman] not found. {"exception":"[object] (InvalidArgumentException(code: 0): View [halaman] not found. at /home/abdmalik/laravel/Login-Middleware/vendor/laravel/framework/src/Illuminate/View/FileViewFinder.php:137)
[stacktrace]
#0 /home/abdmalik/laravel/Login-Middleware/vendor/laravel/framework/src/Illuminate/View/FileViewFinder.php(79): Illuminate\\View\\FileViewFinder->findInPaths()
#1 /home/abdmalik/laravel/Login-Middleware/vendor/laravel/framework/src/Illuminate/View/Factory.php(137): Illuminate\\View\\FileViewFinder->find()
#2 /home/abdmalik/laravel/Login-Middleware/vendor/laravel/framework/src/Illuminate/Foundation/helpers.php(948): Illuminate\\View\\Factory->make()
#3 /home/abdmalik/laravel/Login-Middleware/app/Http/Controllers/MahasiswaController.php(10): view()
#4 /home/abdmalik/laravel/Login-Middleware/vendor/laravel/framework/src/Illuminate/Routing/Controller.php(54): App\\Http\\Controllers\\MahasiswaController->daftarMahasiswa()
#5 /home/abdmalik/laravel/Login-Middleware/vendor/laravel/framework/src/Illuminate/Routing/ControllerDispatcher.php(45): Illuminate\\Routing\\Controller->callAction()
#6 /home/abdmalik/laravel/Login-Middleware/vendor/laravel/framework/src/Illuminate/Routing/Route.php(261): Illuminate\\Routing\\ControllerDispatcher->dispatch()
#7 /home/abdmalik/laravel/Login-Middleware/vendor/laravel/framework/src/Illuminate/Routing/Route.php(204): Illuminate\\Routing\\Route->runController()
#8 /home/abdmalik/laravel/Login-Middleware/vendor/laravel/framework/src/Illuminate/Routing/Router.php(725): Illuminate\\Routing\\Route->run()
#9 /home/abdmalik/laravel/Login-Middleware/vendor/laravel/framework/src/Illuminate/Pipeline/Pipeline.php(141): Illuminate\\Routing\\Router->Illuminate\\Routing\\{closure}()
#10 /home/abdmalik/laravel/Login-Middleware/app/Http/Middleware/CekLogin.php(19): Illuminate\\Pipeline\\Pipeline->Illuminate\\Pipeline\\{closure}()
#11 /home/abdmalik/laravel/Login-Middleware/vendor/laravel/framework/src/Illuminate/Pipeline/Pipeline.php(180): App\\Http\\Middleware\\CekLogin->handle()
#12 /home/abdmalik/laravel/Login-Middleware/vendor/laravel/framework/src/Illuminate/Routing/Middleware/SubstituteBindings.php(50): Illuminate\\Pipeline\\Pipeline->Illuminate\\Pipeline\\{closure}()
#13 /home/abdmalik/laravel/Login-Middleware/vendor/laravel/framework/src/Illuminate/Pipeline/Pipeline.php(180): Illuminate\\Routing\\Middleware\\SubstituteBindings->handle()
#14 /home/abdmalik/laravel/Login-Middleware/vendor/laravel/framework/src/Illuminate/Foundation/Http/Middleware/VerifyCsrfToken.php(78): Illuminate\\Pipeline\\Pipeline->Illuminate\\Pipeline\\{closure}()
#15 /home/abdmalik/laravel/Login-Middleware/vendor/laravel/framework/src/Illuminate/Pipeline/Pipeline.php(180): Illuminate\\Foundation\\Http\\Middleware\\VerifyCsrfToken->handle()
#16 /home/abdmalik/laravel/Login-Middleware/vendor/laravel/framework/src/Illuminate/View/Middleware/ShareErrorsFromSession.php(49): Illuminate\\Pipeline\\Pipeline->Illuminate\\Pipeline\\{closure}()
#17 /home/abdmalik/laravel/Login-Middleware/vendor/laravel/framework/src/Illuminate/Pipeline/Pipeline.php(180): Illuminate\\View\\Middleware\\ShareErrorsFromSession->handle()
#18 /home/abdmalik/laravel/Login-Middleware/vendor/laravel/framework/src/Illuminate/Session/Middleware/StartSession.php(121): Illuminate\\Pipeline\\Pipeline->Illuminate\\Pipeline\\{closure}()
#19 /home/abdmalik/laravel/Login-Middleware/vendor/laravel/framework/src/Illuminate/Session/Middleware/StartSession.php(64): Illuminate\\Session\\Middleware\\StartSession->handleStatefulRequest()
#20 /home/abdmalik/laravel/Login-Middleware/vendor/laravel/framework/src/Illuminate/Pipeline/Pipeline.php(180): Illuminate\\Session\\Middleware\\StartSession->handle()
#21 /home/abdmalik/laravel/Login-Middleware/vendor/laravel/framework/src/Illuminate/Cookie/Middleware/AddQueuedCookiesToResponse.php(37): Illuminate\\Pipeline\\Pipeline->Illuminate\\Pipeline\\{closure}()
#22 /home/abdmalik/laravel/Login-Middleware/vendor/laravel/framework/src/Illuminate/Pipeline/Pipeline.php(180): Illuminate\\Cookie\\Middleware\\AddQueuedCookiesToResponse->handle()
#23 /home/abdmalik/laravel/Login-Middleware/vendor/laravel/framework/src/Illuminate/Cookie/Middleware/EncryptCookies.php(67): Illuminate\\Pipeline\\Pipeline->Illuminate\\Pipeline\\{closure}()
#24 /home/abdmalik/laravel/Login-Middleware/vendor/laravel/framework/src/Illuminate/Pipeline/Pipeline.php(180): Illuminate\\Cookie\\Middleware\\EncryptCookies->handle()
#25 /home/abdmalik/laravel/Login-Middleware/vendor/laravel/framework/src/Illuminate/Pipeline/Pipeline.php(116): Illuminate\\Pipeline\\Pipeline->Illuminate\\Pipeline\\{closure}()
#26 /home/abdmalik/laravel/Login-Middleware/vendor/laravel/framework/src/Illuminate/Routing/Router.php(727): Illuminate\\Pipeline\\Pipeline->then()
#27 /home/abdmalik/laravel/Login-Middleware/vendor/laravel/framework/src/Illuminate/Routing/Router.php(702): Illuminate\\Routing\\Router->runRouteWithinStack()
#28 /home/abdmalik/laravel/Login-Middleware/vendor/laravel/framework/src/Illuminate/Routing/Router.php(666): Illuminate\\Routing\\Router->runRoute()
#29 /home/abdmalik/laravel/Login-Middleware/vendor/laravel/framework/src/Illuminate/Routing/Router.php(655): Illuminate\\Routing\\Router->dispatchToRoute()
#30 /home/abdmalik/laravel/Login-Middleware/vendor/laravel/framework/src/Illuminate/Foundation/Http/Kernel.php(167): Illuminate\\Routing\\Router->dispatch()
#31 /home/abdmalik/laravel/Login-Middleware/vendor/laravel/framework/src/Illuminate/Pipeline/Pipeline.php(141): Illuminate\\Foundation\\Http\\Kernel->Illuminate\\Foundation\\Http\\{closure}()
#32 /home/abdmalik/laravel/Login-Middleware/vendor/laravel/framework/src/Illuminate/Foundation/Http/Middleware/TransformsRequest.php(21): Illuminate\\Pipeline\\Pipeline->Illuminate\\Pipeline\\{closure}()
#33 /home/abdmalik/laravel/Login-Middleware/vendor/laravel/framework/src/Illuminate/Foundation/Http/Middleware/ConvertEmptyStringsToNull.php(31): Illuminate\\Foundation\\Http\\Middleware\\TransformsRequest->handle()
#34 /home/abdmalik/laravel/Login-Middleware/vendor/laravel/framework/src/Illuminate/Pipeline/Pipeline.php(180): Illuminate\\Foundation\\Http\\Middleware\\ConvertEmptyStringsToNull->handle()
#35 /home/abdmalik/laravel/Login-Middleware/vendor/laravel/framework/src/Illuminate/Foundation/Http/Middleware/TransformsRequest.php(21): Illuminate\\Pipeline\\Pipeline->Illuminate\\Pipeline\\{closure}()
#36 /home/abdmalik/laravel/Login-Middleware/vendor/laravel/framework/src/Illuminate/Foundation/Http/Middleware/TrimStrings.php(40): Illuminate\\Foundation\\Http\\Middleware\\TransformsRequest->handle()
#37 /home/abdmalik/laravel/Login-Middleware/vendor/laravel/framework/src/Illuminate/Pipeline/Pipeline.php(180): Illuminate\\Foundation\\Http\\Middleware\\TrimStrings->handle()
#38 /home/abdmalik/laravel/Login-Middleware/vendor/laravel/framework/src/Illuminate/Foundation/Http/Middleware/ValidatePostSize.php(27): Illuminate\\Pipeline\\Pipeline->Illuminate\\Pipeline\\{closure}()
#39 /home/abdmalik/laravel/Login-Middleware/vendor/laravel/framework/src/Illuminate/Pipeline/Pipeline.php(180): Illuminate\\Foundation\\Http\\Middleware\\ValidatePostSize->handle()
#40 /home/abdmalik/laravel/Login-Middleware/vendor/laravel/framework/src/Illuminate/Foundation/Http/Middleware/PreventRequestsDuringMaintenance.php(86): Illuminate\\Pipeline\\Pipeline->Illuminate\\Pipeline\\{closure}()
#41 /home/abdmalik/laravel/Login-Middleware/vendor/laravel/framework/src/Illuminate/Pipeline/Pipeline.php(180): Illuminate\\Foundation\\Http\\Middleware\\PreventRequestsDuringMaintenance->handle()
#42 /home/abdmalik/laravel/Login-Middleware/vendor/laravel/framework/src/Illuminate/Http/Middleware/HandleCors.php(49): Illuminate\\Pipeline\\Pipeline->Illuminate\\Pipeline\\{closure}()
#43 /home/abdmalik/laravel/Login-Middleware/vendor/laravel/framework/src/Illuminate/Pipeline/Pipeline.php(180): Illuminate\\Http\\Middleware\\HandleCors->handle()
#44 /home/abdmalik/laravel/Login-Middleware/vendor/laravel/framework/src/Illuminate/Http/Middleware/TrustProxies.php(39): Illuminate\\Pipeline\\Pipeline->Illuminate\\Pipeline\\{closure}()
#45 /home/abdmalik/laravel/Login-Middleware/vendor/laravel/framework/src/Illuminate/Pipeline/Pipeline.php(180): Illuminate\\Http\\Middleware\\TrustProxies->handle()
#46 /home/abdmalik/laravel/Login-Middleware/vendor/laravel/framework/src/Illuminate/Pipeline/Pipeline.php(116): Illuminate\\Pipeline\\Pipeline->Illuminate\\Pipeline\\{closure}()
#47 /home/abdmalik/laravel/Login-Middleware/vendor/laravel/framework/src/Illuminate/Foundation/Http/Kernel.php(142): Illuminate\\Pipeline\\Pipeline->then()
#48 /home/abdmalik/laravel/Login-Middleware/vendor/laravel/framework/src/Illuminate/Foundation/Http/Kernel.php(111): Illuminate\\Foundation\\Http\\Kernel->sendRequestThroughRouter()
#49 /home/abdmalik/laravel/Login-Middleware/public/index.php(52): Illuminate\\Foundation\\Http\\Kernel->handle()
#50 /home/abdmalik/laravel/Login-Middleware/vendor/laravel/framework/src/Illuminate/Foundation/resources/server.php(16): require_once('...')
#51 {main}
"} 
[2022-11-22 13:55:51] local.ERROR: The "--columns" option does not exist. {"exception":"[object] (Symfony\\Component\\Console\\Exception\\RuntimeException(code: 0): The \"--columns\" option does not exist. at /home/abdmalik1207/Documents/Pembelajaran-2/Laravel/Angkatan-Ali/Login-Middleware/vendor/symfony/console/Input/ArgvInput.php:220)
[stacktrace]
#0 /home/abdmalik1207/Documents/Pembelajaran-2/Laravel/Angkatan-Ali/Login-Middleware/vendor/symfony/console/Input/ArgvInput.php(147): Symfony\\Component\\Console\\Input\\ArgvInput->addLongOption()
#1 /home/abdmalik1207/Documents/Pembelajaran-2/Laravel/Angkatan-Ali/Login-Middleware/vendor/symfony/console/Input/ArgvInput.php(82): Symfony\\Component\\Console\\Input\\ArgvInput->parseLongOption()
#2 /home/abdmalik1207/Documents/Pembelajaran-2/Laravel/Angkatan-Ali/Login-Middleware/vendor/symfony/console/Input/ArgvInput.php(71): Symfony\\Component\\Console\\Input\\ArgvInput->parseToken()
#3 /home/abdmalik1207/Documents/Pembelajaran-2/Laravel/Angkatan-Ali/Login-Middleware/vendor/symfony/console/Input/Input.php(55): Symfony\\Component\\Console\\Input\\ArgvInput->parse()
#4 /home/abdmalik1207/Documents/Pembelajaran-2/Laravel/Angkatan-Ali/Login-Middleware/vendor/symfony/console/Command/Command.php(250): Symfony\\Component\\Console\\Input\\Input->bind()
#5 /home/abdmalik1207/Documents/Pembelajaran-2/Laravel/Angkatan-Ali/Login-Middleware/vendor/laravel/framework/src/Illuminate/Console/Command.php(121): Symfony\\Component\\Console\\Command\\Command->run()
#6 /home/abdmalik1207/Documents/Pembelajaran-2/Laravel/Angkatan-Ali/Login-Middleware/vendor/symfony/console/Application.php(989): Illuminate\\Console\\Command->run()
#7 /home/abdmalik1207/Documents/Pembelajaran-2/Laravel/Angkatan-Ali/Login-Middleware/vendor/symfony/console/Application.php(299): Symfony\\Component\\Console\\Application->doRunCommand()
#8 /home/abdmalik1207/Documents/Pembelajaran-2/Laravel/Angkatan-Ali/Login-Middleware/vendor/symfony/console/Application.php(171): Symfony\\Component\\Console\\Application->doRun()
#9 /home/abdmalik1207/Documents/Pembelajaran-2/Laravel/Angkatan-Ali/Login-Middleware/vendor/laravel/framework/src/Illuminate/Console/Application.php(102): Symfony\\Component\\Console\\Application->run()
#10 /home/abdmalik1207/Documents/Pembelajaran-2/Laravel/Angkatan-Ali/Login-Middleware/vendor/laravel/framework/src/Illuminate/Foundation/Console/Kernel.php(129): Illuminate\\Console\\Application->run()
#11 /home/abdmalik1207/Documents/Pembelajaran-2/Laravel/Angkatan-Ali/Login-Middleware/artisan(37): Illuminate\\Foundation\\Console\\Kernel->handle()
#12 {main}
"} 
[2022-11-22 13:55:56] local.ERROR: The "--columns" option does not exist. {"exception":"[object] (Symfony\\Component\\Console\\Exception\\RuntimeException(code: 0): The \"--columns\" option does not exist. at /home/abdmalik1207/Documents/Pembelajaran-2/Laravel/Angkatan-Ali/Login-Middleware/vendor/symfony/console/Input/ArgvInput.php:220)
[stacktrace]
#0 /home/abdmalik1207/Documents/Pembelajaran-2/Laravel/Angkatan-Ali/Login-Middleware/vendor/symfony/console/Input/ArgvInput.php(147): Symfony\\Component\\Console\\Input\\ArgvInput->addLongOption()
#1 /home/abdmalik1207/Documents/Pembelajaran-2/Laravel/Angkatan-Ali/Login-Middleware/vendor/symfony/console/Input/ArgvInput.php(82): Symfony\\Component\\Console\\Input\\ArgvInput->parseLongOption()
#2 /home/abdmalik1207/Documents/Pembelajaran-2/Laravel/Angkatan-Ali/Login-Middleware/vendor/symfony/console/Input/ArgvInput.php(71): Symfony\\Component\\Console\\Input\\ArgvInput->parseToken()
#3 /home/abdmalik1207/Documents/Pembelajaran-2/Laravel/Angkatan-Ali/Login-Middleware/vendor/symfony/console/Input/Input.php(55): Symfony\\Component\\Console\\Input\\ArgvInput->parse()
#4 /home/abdmalik1207/Documents/Pembelajaran-2/Laravel/Angkatan-Ali/Login-Middleware/vendor/symfony/console/Command/Command.php(250): Symfony\\Component\\Console\\Input\\Input->bind()
#5 /home/abdmalik1207/Documents/Pembelajaran-2/Laravel/Angkatan-Ali/Login-Middleware/vendor/laravel/framework/src/Illuminate/Console/Command.php(121): Symfony\\Component\\Console\\Command\\Command->run()
#6 /home/abdmalik1207/Documents/Pembelajaran-2/Laravel/Angkatan-Ali/Login-Middleware/vendor/symfony/console/Application.php(989): Illuminate\\Console\\Command->run()
#7 /home/abdmalik1207/Documents/Pembelajaran-2/Laravel/Angkatan-Ali/Login-Middleware/vendor/symfony/console/Application.php(299): Symfony\\Component\\Console\\Application->doRunCommand()
#8 /home/abdmalik1207/Documents/Pembelajaran-2/Laravel/Angkatan-Ali/Login-Middleware/vendor/symfony/console/Application.php(171): Symfony\\Component\\Console\\Application->doRun()
#9 /home/abdmalik1207/Documents/Pembelajaran-2/Laravel/Angkatan-Ali/Login-Middleware/vendor/laravel/framework/src/Illuminate/Console/Application.php(102): Symfony\\Component\\Console\\Application->run()
#10 /home/abdmalik1207/Documents/Pembelajaran-2/Laravel/Angkatan-Ali/Login-Middleware/vendor/laravel/framework/src/Illuminate/Foundation/Console/Kernel.php(129): Illuminate\\Console\\Application->run()
#11 /home/abdmalik1207/Documents/Pembelajaran-2/Laravel/Angkatan-Ali/Login-Middleware/artisan(37): Illuminate\\Foundation\\Console\\Kernel->handle()
#12 {main}
"} 
[2022-11-22 13:56:01] local.ERROR: The "--columns" option does not exist. {"exception":"[object] (Symfony\\Component\\Console\\Exception\\RuntimeException(code: 0): The \"--columns\" option does not exist. at /home/abdmalik1207/Documents/Pembelajaran-2/Laravel/Angkatan-Ali/Login-Middleware/vendor/symfony/console/Input/ArgvInput.php:220)
[stacktrace]
#0 /home/abdmalik1207/Documents/Pembelajaran-2/Laravel/Angkatan-Ali/Login-Middleware/vendor/symfony/console/Input/ArgvInput.php(147): Symfony\\Component\\Console\\Input\\ArgvInput->addLongOption()
#1 /home/abdmalik1207/Documents/Pembelajaran-2/Laravel/Angkatan-Ali/Login-Middleware/vendor/symfony/console/Input/ArgvInput.php(82): Symfony\\Component\\Console\\Input\\ArgvInput->parseLongOption()
#2 /home/abdmalik1207/Documents/Pembelajaran-2/Laravel/Angkatan-Ali/Login-Middleware/vendor/symfony/console/Input/ArgvInput.php(71): Symfony\\Component\\Console\\Input\\ArgvInput->parseToken()
#3 /home/abdmalik1207/Documents/Pembelajaran-2/Laravel/Angkatan-Ali/Login-Middleware/vendor/symfony/console/Input/Input.php(55): Symfony\\Component\\Console\\Input\\ArgvInput->parse()
#4 /home/abdmalik1207/Documents/Pembelajaran-2/Laravel/Angkatan-Ali/Login-Middleware/vendor/symfony/console/Command/Command.php(250): Symfony\\Component\\Console\\Input\\Input->bind()
#5 /home/abdmalik1207/Documents/Pembelajaran-2/Laravel/Angkatan-Ali/Login-Middleware/vendor/laravel/framework/src/Illuminate/Console/Command.php(121): Symfony\\Component\\Console\\Command\\Command->run()
#6 /home/abdmalik1207/Documents/Pembelajaran-2/Laravel/Angkatan-Ali/Login-Middleware/vendor/symfony/console/Application.php(989): Illuminate\\Console\\Command->run()
#7 /home/abdmalik1207/Documents/Pembelajaran-2/Laravel/Angkatan-Ali/Login-Middleware/vendor/symfony/console/Application.php(299): Symfony\\Component\\Console\\Application->doRunCommand()
#8 /home/abdmalik1207/Documents/Pembelajaran-2/Laravel/Angkatan-Ali/Login-Middleware/vendor/symfony/console/Application.php(171): Symfony\\Component\\Console\\Application->doRun()
#9 /home/abdmalik1207/Documents/Pembelajaran-2/Laravel/Angkatan-Ali/Login-Middleware/vendor/laravel/framework/src/Illuminate/Console/Application.php(102): Symfony\\Component\\Console\\Application->run()
#10 /home/abdmalik1207/Documents/Pembelajaran-2/Laravel/Angkatan-Ali/Login-Middleware/vendor/laravel/framework/src/Illuminate/Foundation/Console/Kernel.php(129): Illuminate\\Console\\Application->run()
#11 /home/abdmalik1207/Documents/Pembelajaran-2/Laravel/Angkatan-Ali/Login-Middleware/artisan(37): Illuminate\\Foundation\\Console\\Kernel->handle()
#12 {main}
"} 
[2022-11-22 13:56:38] local.ERROR: SQLSTATE[HY000] [1049] Unknown database 'laravel_middleware_1' (SQL: SHOW FULL TABLES WHERE table_type = 'BASE TABLE') {"exception":"[object] (Illuminate\\Database\\QueryException(code: 1049): SQLSTATE[HY000] [1049] Unknown database 'laravel_middleware_1' (SQL: SHOW FULL TABLES WHERE table_type = 'BASE TABLE') at /home/abdmalik1207/Documents/Pembelajaran-2/Laravel/Angkatan-Ali/Login-Middleware/vendor/laravel/framework/src/Illuminate/Database/Connection.php:716)
[stacktrace]
#0 /home/abdmalik1207/Documents/Pembelajaran-2/Laravel/Angkatan-Ali/Login-Middleware/vendor/laravel/framework/src/Illuminate/Database/Connection.php(676): Illuminate\\Database\\Connection->runQueryCallback()
#1 /home/abdmalik1207/Documents/Pembelajaran-2/Laravel/Angkatan-Ali/Login-Middleware/vendor/laravel/framework/src/Illuminate/Database/Connection.php(376): Illuminate\\Database\\Connection->run()
#2 /home/abdmalik1207/Documents/Pembelajaran-2/Laravel/Angkatan-Ali/Login-Middleware/vendor/laravel/framework/src/Illuminate/Database/Schema/MySqlBuilder.php(125): Illuminate\\Database\\Connection->select()
#3 /home/abdmalik1207/Documents/Pembelajaran-2/Laravel/Angkatan-Ali/Login-Middleware/vendor/laravel/framework/src/Illuminate/Database/Schema/MySqlBuilder.php(74): Illuminate\\Database\\Schema\\MySqlBuilder->getAllTables()
#4 /home/abdmalik1207/Documents/Pembelajaran-2/Laravel/Angkatan-Ali/Login-Middleware/vendor/laravel/framework/src/Illuminate/Database/Console/WipeCommand.php(78): Illuminate\\Database\\Schema\\MySqlBuilder->dropAllTables()
#5 /home/abdmalik1207/Documents/Pembelajaran-2/Laravel/Angkatan-Ali/Login-Middleware/vendor/laravel/framework/src/Illuminate/Database/Console/WipeCommand.php(55): Illuminate\\Database\\Console\\WipeCommand->dropAllTables()
#6 /home/abdmalik1207/Documents/Pembelajaran-2/Laravel/Angkatan-Ali/Login-Middleware/vendor/laravel/framework/src/Illuminate/Container/BoundMethod.php(36): Illuminate\\Database\\Console\\WipeCommand->handle()
#7 /home/abdmalik1207/Documents/Pembelajaran-2/Laravel/Angkatan-Ali/Login-Middleware/vendor/laravel/framework/src/Illuminate/Container/Util.php(41): Illuminate\\Container\\BoundMethod::Illuminate\\Container\\{closure}()
#8 /home/abdmalik1207/Documents/Pembelajaran-2/Laravel/Angkatan-Ali/Login-Middleware/vendor/laravel/framework/src/Illuminate/Container/BoundMethod.php(93): Illuminate\\Container\\Util::unwrapIfClosure()
#9 /home/abdmalik1207/Documents/Pembelajaran-2/Laravel/Angkatan-Ali/Login-Middleware/vendor/laravel/framework/src/Illuminate/Container/BoundMethod.php(37): Illuminate\\Container\\BoundMethod::callBoundMethod()
#10 /home/abdmalik1207/Documents/Pembelajaran-2/Laravel/Angkatan-Ali/Login-Middleware/vendor/laravel/framework/src/Illuminate/Container/Container.php(653): Illuminate\\Container\\BoundMethod::call()
#11 /home/abdmalik1207/Documents/Pembelajaran-2/Laravel/Angkatan-Ali/Login-Middleware/vendor/laravel/framework/src/Illuminate/Console/Command.php(136): Illuminate\\Container\\Container->call()
#12 /home/abdmalik1207/Documents/Pembelajaran-2/Laravel/Angkatan-Ali/Login-Middleware/vendor/symfony/console/Command/Command.php(291): Illuminate\\Console\\Command->execute()
#13 /home/abdmalik1207/Documents/Pembelajaran-2/Laravel/Angkatan-Ali/Login-Middleware/vendor/laravel/framework/src/Illuminate/Console/Command.php(121): Symfony\\Component\\Console\\Command\\Command->run()
#14 /home/abdmalik1207/Documents/Pembelajaran-2/Laravel/Angkatan-Ali/Login-Middleware/vendor/laravel/framework/src/Illuminate/Console/Concerns/CallsCommands.php(68): Illuminate\\Console\\Command->run()
#15 /home/abdmalik1207/Documents/Pembelajaran-2/Laravel/Angkatan-Ali/Login-Middleware/vendor/laravel/framework/src/Illuminate/Console/Concerns/CallsCommands.php(28): Illuminate\\Console\\Command->runCommand()
#16 /home/abdmalik1207/Documents/Pembelajaran-2/Laravel/Angkatan-Ali/Login-Middleware/vendor/laravel/framework/src/Illuminate/Database/Console/Migrations/FreshCommand.php(43): Illuminate\\Console\\Command->call()
#17 /home/abdmalik1207/Documents/Pembelajaran-2/Laravel/Angkatan-Ali/Login-Middleware/vendor/laravel/framework/src/Illuminate/Container/BoundMethod.php(36): Illuminate\\Database\\Console\\Migrations\\FreshCommand->handle()
#18 /home/abdmalik1207/Documents/Pembelajaran-2/Laravel/Angkatan-Ali/Login-Middleware/vendor/laravel/framework/src/Illuminate/Container/Util.php(41): Illuminate\\Container\\BoundMethod::Illuminate\\Container\\{closure}()
#19 /home/abdmalik1207/Documents/Pembelajaran-2/Laravel/Angkatan-Ali/Login-Middleware/vendor/laravel/framework/src/Illuminate/Container/BoundMethod.php(93): Illuminate\\Container\\Util::unwrapIfClosure()
#20 /home/abdmalik1207/Documents/Pembelajaran-2/Laravel/Angkatan-Ali/Login-Middleware/vendor/laravel/framework/src/Illuminate/Container/BoundMethod.php(37): Illuminate\\Container\\BoundMethod::callBoundMethod()
#21 /home/abdmalik1207/Documents/Pembelajaran-2/Laravel/Angkatan-Ali/Login-Middleware/vendor/laravel/framework/src/Illuminate/Container/Container.php(653): Illuminate\\Container\\BoundMethod::call()
#22 /home/abdmalik1207/Documents/Pembelajaran-2/Laravel/Angkatan-Ali/Login-Middleware/vendor/laravel/framework/src/Illuminate/Console/Command.php(136): Illuminate\\Container\\Container->call()
#23 /home/abdmalik1207/Documents/Pembelajaran-2/Laravel/Angkatan-Ali/Login-Middleware/vendor/symfony/console/Command/Command.php(291): Illuminate\\Console\\Command->execute()
#24 /home/abdmalik1207/Documents/Pembelajaran-2/Laravel/Angkatan-Ali/Login-Middleware/vendor/laravel/framework/src/Illuminate/Console/Command.php(121): Symfony\\Component\\Console\\Command\\Command->run()
#25 /home/abdmalik1207/Documents/Pembelajaran-2/Laravel/Angkatan-Ali/Login-Middleware/vendor/symfony/console/Application.php(989): Illuminate\\Console\\Command->run()
#26 /home/abdmalik1207/Documents/Pembelajaran-2/Laravel/Angkatan-Ali/Login-Middleware/vendor/symfony/console/Application.php(299): Symfony\\Component\\Console\\Application->doRunCommand()
#27 /home/abdmalik1207/Documents/Pembelajaran-2/Laravel/Angkatan-Ali/Login-Middleware/vendor/symfony/console/Application.php(171): Symfony\\Component\\Console\\Application->doRun()
#28 /home/abdmalik1207/Documents/Pembelajaran-2/Laravel/Angkatan-Ali/Login-Middleware/vendor/laravel/framework/src/Illuminate/Console/Application.php(102): Symfony\\Component\\Console\\Application->run()
#29 /home/abdmalik1207/Documents/Pembelajaran-2/Laravel/Angkatan-Ali/Login-Middleware/vendor/laravel/framework/src/Illuminate/Foundation/Console/Kernel.php(129): Illuminate\\Console\\Application->run()
#30 /home/abdmalik1207/Documents/Pembelajaran-2/Laravel/Angkatan-Ali/Login-Middleware/artisan(37): Illuminate\\Foundation\\Console\\Kernel->handle()
#31 {main}

[previous exception] [object] (PDOException(code: 1049): SQLSTATE[HY000] [1049] Unknown database 'laravel_middleware_1' at /home/abdmalik1207/Documents/Pembelajaran-2/Laravel/Angkatan-Ali/Login-Middleware/vendor/laravel/framework/src/Illuminate/Database/Connectors/Connector.php:70)
[stacktrace]
#0 /home/abdmalik1207/Documents/Pembelajaran-2/Laravel/Angkatan-Ali/Login-Middleware/vendor/laravel/framework/src/Illuminate/Database/Connectors/Connector.php(70): PDO->__construct()
#1 /home/abdmalik1207/Documents/Pembelajaran-2/Laravel/Angkatan-Ali/Login-Middleware/vendor/laravel/framework/src/Illuminate/Database/Connectors/Connector.php(46): Illuminate\\Database\\Connectors\\Connector->createPdoConnection()
#2 /home/abdmalik1207/Documents/Pembelajaran-2/Laravel/Angkatan-Ali/Login-Middleware/vendor/laravel/framework/src/Illuminate/Database/Connectors/MySqlConnector.php(24): Illuminate\\Database\\Connectors\\Connector->createConnection()
#3 /home/abdmalik1207/Documents/Pembelajaran-2/Laravel/Angkatan-Ali/Login-Middleware/vendor/laravel/framework/src/Illuminate/Database/Connectors/ConnectionFactory.php(184): Illuminate\\Database\\Connectors\\MySqlConnector->connect()
#4 [internal function]: Illuminate\\Database\\Connectors\\ConnectionFactory->Illuminate\\Database\\Connectors\\{closure}()
#5 /home/abdmalik1207/Documents/Pembelajaran-2/Laravel/Angkatan-Ali/Login-Middleware/vendor/laravel/framework/src/Illuminate/Database/Connection.php(1064): call_user_func()
#6 /home/abdmalik1207/Documents/Pembelajaran-2/Laravel/Angkatan-Ali/Login-Middleware/vendor/laravel/framework/src/Illuminate/Database/Connection.php(1100): Illuminate\\Database\\Connection->getPdo()
#7 /home/abdmalik1207/Documents/Pembelajaran-2/Laravel/Angkatan-Ali/Login-Middleware/vendor/laravel/framework/src/Illuminate/Database/Connection.php(442): Illuminate\\Database\\Connection->getReadPdo()
#8 /home/abdmalik1207/Documents/Pembelajaran-2/Laravel/Angkatan-Ali/Login-Middleware/vendor/laravel/framework/src/Illuminate/Database/Connection.php(368): Illuminate\\Database\\Connection->getPdoForSelect()
#9 /home/abdmalik1207/Documents/Pembelajaran-2/Laravel/Angkatan-Ali/Login-Middleware/vendor/laravel/framework/src/Illuminate/Database/Connection.php(709): Illuminate\\Database\\Connection->Illuminate\\Database\\{closure}()
#10 /home/abdmalik1207/Documents/Pembelajaran-2/Laravel/Angkatan-Ali/Login-Middleware/vendor/laravel/framework/src/Illuminate/Database/Connection.php(676): Illuminate\\Database\\Connection->runQueryCallback()
#11 /home/abdmalik1207/Documents/Pembelajaran-2/Laravel/Angkatan-Ali/Login-Middleware/vendor/laravel/framework/src/Illuminate/Database/Connection.php(376): Illuminate\\Database\\Connection->run()
#12 /home/abdmalik1207/Documents/Pembelajaran-2/Laravel/Angkatan-Ali/Login-Middleware/vendor/laravel/framework/src/Illuminate/Database/Schema/MySqlBuilder.php(125): Illuminate\\Database\\Connection->select()
#13 /home/abdmalik1207/Documents/Pembelajaran-2/Laravel/Angkatan-Ali/Login-Middleware/vendor/laravel/framework/src/Illuminate/Database/Schema/MySqlBuilder.php(74): Illuminate\\Database\\Schema\\MySqlBuilder->getAllTables()
#14 /home/abdmalik1207/Documents/Pembelajaran-2/Laravel/Angkatan-Ali/Login-Middleware/vendor/laravel/framework/src/Illuminate/Database/Console/WipeCommand.php(78): Illuminate\\Database\\Schema\\MySqlBuilder->dropAllTables()
#15 /home/abdmalik1207/Documents/Pembelajaran-2/Laravel/Angkatan-Ali/Login-Middleware/vendor/laravel/framework/src/Illuminate/Database/Console/WipeCommand.php(55): Illuminate\\Database\\Console\\WipeCommand->dropAllTables()
#16 /home/abdmalik1207/Documents/Pembelajaran-2/Laravel/Angkatan-Ali/Login-Middleware/vendor/laravel/framework/src/Illuminate/Container/BoundMethod.php(36): Illuminate\\Database\\Console\\WipeCommand->handle()
#17 /home/abdmalik1207/Documents/Pembelajaran-2/Laravel/Angkatan-Ali/Login-Middleware/vendor/laravel/framework/src/Illuminate/Container/Util.php(41): Illuminate\\Container\\BoundMethod::Illuminate\\Container\\{closure}()
#18 /home/abdmalik1207/Documents/Pembelajaran-2/Laravel/Angkatan-Ali/Login-Middleware/vendor/laravel/framework/src/Illuminate/Container/BoundMethod.php(93): Illuminate\\Container\\Util::unwrapIfClosure()
#19 /home/abdmalik1207/Documents/Pembelajaran-2/Laravel/Angkatan-Ali/Login-Middleware/vendor/laravel/framework/src/Illuminate/Container/BoundMethod.php(37): Illuminate\\Container\\BoundMethod::callBoundMethod()
#20 /home/abdmalik1207/Documents/Pembelajaran-2/Laravel/Angkatan-Ali/Login-Middleware/vendor/laravel/framework/src/Illuminate/Container/Container.php(653): Illuminate\\Container\\BoundMethod::call()
#21 /home/abdmalik1207/Documents/Pembelajaran-2/Laravel/Angkatan-Ali/Login-Middleware/vendor/laravel/framework/src/Illuminate/Console/Command.php(136): Illuminate\\Container\\Container->call()
#22 /home/abdmalik1207/Documents/Pembelajaran-2/Laravel/Angkatan-Ali/Login-Middleware/vendor/symfony/console/Command/Command.php(291): Illuminate\\Console\\Command->execute()
#23 /home/abdmalik1207/Documents/Pembelajaran-2/Laravel/Angkatan-Ali/Login-Middleware/vendor/laravel/framework/src/Illuminate/Console/Command.php(121): Symfony\\Component\\Console\\Command\\Command->run()
#24 /home/abdmalik1207/Documents/Pembelajaran-2/Laravel/Angkatan-Ali/Login-Middleware/vendor/laravel/framework/src/Illuminate/Console/Concerns/CallsCommands.php(68): Illuminate\\Console\\Command->run()
#25 /home/abdmalik1207/Documents/Pembelajaran-2/Laravel/Angkatan-Ali/Login-Middleware/vendor/laravel/framework/src/Illuminate/Console/Concerns/CallsCommands.php(28): Illuminate\\Console\\Command->runCommand()
#26 /home/abdmalik1207/Documents/Pembelajaran-2/Laravel/Angkatan-Ali/Login-Middleware/vendor/laravel/framework/src/Illuminate/Database/Console/Migrations/FreshCommand.php(43): Illuminate\\Console\\Command->call()
#27 /home/abdmalik1207/Documents/Pembelajaran-2/Laravel/Angkatan-Ali/Login-Middleware/vendor/laravel/framework/src/Illuminate/Container/BoundMethod.php(36): Illuminate\\Database\\Console\\Migrations\\FreshCommand->handle()
#28 /home/abdmalik1207/Documents/Pembelajaran-2/Laravel/Angkatan-Ali/Login-Middleware/vendor/laravel/framework/src/Illuminate/Container/Util.php(41): Illuminate\\Container\\BoundMethod::Illuminate\\Container\\{closure}()
#29 /home/abdmalik1207/Documents/Pembelajaran-2/Laravel/Angkatan-Ali/Login-Middleware/vendor/laravel/framework/src/Illuminate/Container/BoundMethod.php(93): Illuminate\\Container\\Util::unwrapIfClosure()
#30 /home/abdmalik1207/Documents/Pembelajaran-2/Laravel/Angkatan-Ali/Login-Middleware/vendor/laravel/framework/src/Illuminate/Container/BoundMethod.php(37): Illuminate\\Container\\BoundMethod::callBoundMethod()
#31 /home/abdmalik1207/Documents/Pembelajaran-2/Laravel/Angkatan-Ali/Login-Middleware/vendor/laravel/framework/src/Illuminate/Container/Container.php(653): Illuminate\\Container\\BoundMethod::call()
#32 /home/abdmalik1207/Documents/Pembelajaran-2/Laravel/Angkatan-Ali/Login-Middleware/vendor/laravel/framework/src/Illuminate/Console/Command.php(136): Illuminate\\Container\\Container->call()
#33 /home/abdmalik1207/Documents/Pembelajaran-2/Laravel/Angkatan-Ali/Login-Middleware/vendor/symfony/console/Command/Command.php(291): Illuminate\\Console\\Command->execute()
#34 /home/abdmalik1207/Documents/Pembelajaran-2/Laravel/Angkatan-Ali/Login-Middleware/vendor/laravel/framework/src/Illuminate/Console/Command.php(121): Symfony\\Component\\Console\\Command\\Command->run()
#35 /home/abdmalik1207/Documents/Pembelajaran-2/Laravel/Angkatan-Ali/Login-Middleware/vendor/symfony/console/Application.php(989): Illuminate\\Console\\Command->run()
#36 /home/abdmalik1207/Documents/Pembelajaran-2/Laravel/Angkatan-Ali/Login-Middleware/vendor/symfony/console/Application.php(299): Symfony\\Component\\Console\\Application->doRunCommand()
#37 /home/abdmalik1207/Documents/Pembelajaran-2/Laravel/Angkatan-Ali/Login-Middleware/vendor/symfony/console/Application.php(171): Symfony\\Component\\Console\\Application->doRun()
#38 /home/abdmalik1207/Documents/Pembelajaran-2/Laravel/Angkatan-Ali/Login-Middleware/vendor/laravel/framework/src/Illuminate/Console/Application.php(102): Symfony\\Component\\Console\\Application->run()
#39 /home/abdmalik1207/Documents/Pembelajaran-2/Laravel/Angkatan-Ali/Login-Middleware/vendor/laravel/framework/src/Illuminate/Foundation/Console/Kernel.php(129): Illuminate\\Console\\Application->run()
#40 /home/abdmalik1207/Documents/Pembelajaran-2/Laravel/Angkatan-Ali/Login-Middleware/artisan(37): Illuminate\\Foundation\\Console\\Kernel->handle()
#41 {main}
"} 
