[2022-06-03 13:59:24] local.ERROR: Uncaught InvalidArgumentException: Attribute [first] does not exist. in /home/abdmalik/Laravel/belajarApi/vendor/laravel/framework/src/Illuminate/Routing/RouteRegistrar.php:107
Stack trace:
#0 /home/abdmalik/Laravel/belajarApi/vendor/laravel/framework/src/Illuminate/Routing/Router.php(1370): Illuminate\Routing\RouteRegistrar->attribute()
#1 /home/abdmalik/Laravel/belajarApi/vendor/laravel/framework/src/Illuminate/Support/Facades/Facade.php(337): Illuminate\Routing\Router->__call()
#2 Command line code(1): Illuminate\Support\Facades\Facade::__callStatic()
#3 {main}
  thrown {"exception":"[object] (Symfony\\Component\\ErrorHandler\\Error\\FatalError(code: 0): Uncaught InvalidArgumentException: Attribute [first] does not exist. in /home/abdmalik/Laravel/belajarApi/vendor/laravel/framework/src/Illuminate/Routing/RouteRegistrar.php:107
Stack trace:
#0 /home/abdmalik/Laravel/belajarApi/vendor/laravel/framework/src/Illuminate/Routing/Router.php(1370): Illuminate\\Routing\\RouteRegistrar->attribute()
#1 /home/abdmalik/Laravel/belajarApi/vendor/laravel/framework/src/Illuminate/Support/Facades/Facade.php(337): Illuminate\\Routing\\Router->__call()
#2 Command line code(1): Illuminate\\Support\\Facades\\Facade::__callStatic()
#3 {main}
  thrown at /home/abdmalik/Laravel/belajarApi/vendor/laravel/framework/src/Illuminate/Routing/RouteRegistrar.php:107)
[stacktrace]
#0 {main}
"} 
[2022-06-03 14:46:34] local.ERROR: SQLSTATE[HY000]: General error: 1364 Field 'name' doesn't have a default value (SQL: insert into `products` (`updated_at`, `created_at`) values (2022-06-03 14:46:34, 2022-06-03 14:46:34)) {"exception":"[object] (Illuminate\\Database\\QueryException(code: HY000): SQLSTATE[HY000]: General error: 1364 Field 'name' doesn't have a default value (SQL: insert into `products` (`updated_at`, `created_at`) values (2022-06-03 14:46:34, 2022-06-03 14:46:34)) at /home/abdmalik/Laravel/belajarApi/vendor/laravel/framework/src/Illuminate/Database/Connection.php:742)
[stacktrace]
#0 /home/abdmalik/Laravel/belajarApi/vendor/laravel/framework/src/Illuminate/Database/Connection.php(702): Illuminate\\Database\\Connection->runQueryCallback()
#1 /home/abdmalik/Laravel/belajarApi/vendor/laravel/framework/src/Illuminate/Database/Connection.php(528): Illuminate\\Database\\Connection->run()
#2 /home/abdmalik/Laravel/belajarApi/vendor/laravel/framework/src/Illuminate/Database/Connection.php(480): Illuminate\\Database\\Connection->statement()
#3 /home/abdmalik/Laravel/belajarApi/vendor/laravel/framework/src/Illuminate/Database/Query/Processors/Processor.php(32): Illuminate\\Database\\Connection->insert()
#4 /home/abdmalik/Laravel/belajarApi/vendor/laravel/framework/src/Illuminate/Database/Query/Builder.php(3246): Illuminate\\Database\\Query\\Processors\\Processor->processInsertGetId()
#5 /home/abdmalik/Laravel/belajarApi/vendor/laravel/framework/src/Illuminate/Database/Eloquent/Builder.php(1745): Illuminate\\Database\\Query\\Builder->insertGetId()
#6 /home/abdmalik/Laravel/belajarApi/vendor/laravel/framework/src/Illuminate/Database/Eloquent/Model.php(1220): Illuminate\\Database\\Eloquent\\Builder->__call()
#7 /home/abdmalik/Laravel/belajarApi/vendor/laravel/framework/src/Illuminate/Database/Eloquent/Model.php(1185): Illuminate\\Database\\Eloquent\\Model->insertAndSetId()
#8 /home/abdmalik/Laravel/belajarApi/vendor/laravel/framework/src/Illuminate/Database/Eloquent/Model.php(1026): Illuminate\\Database\\Eloquent\\Model->performInsert()
#9 /home/abdmalik/Laravel/belajarApi/vendor/laravel/framework/src/Illuminate/Database/Eloquent/Builder.php(974): Illuminate\\Database\\Eloquent\\Model->save()
#10 /home/abdmalik/Laravel/belajarApi/vendor/laravel/framework/src/Illuminate/Support/helpers.php(302): Illuminate\\Database\\Eloquent\\Builder->Illuminate\\Database\\Eloquent\\{closure}()
#11 /home/abdmalik/Laravel/belajarApi/vendor/laravel/framework/src/Illuminate/Database/Eloquent/Builder.php(975): tap()
#12 /home/abdmalik/Laravel/belajarApi/vendor/laravel/framework/src/Illuminate/Support/Traits/ForwardsCalls.php(23): Illuminate\\Database\\Eloquent\\Builder->create()
#13 /home/abdmalik/Laravel/belajarApi/vendor/laravel/framework/src/Illuminate/Database/Eloquent/Model.php(2163): Illuminate\\Database\\Eloquent\\Model->forwardCallTo()
#14 /home/abdmalik/Laravel/belajarApi/vendor/laravel/framework/src/Illuminate/Database/Eloquent/Model.php(2175): Illuminate\\Database\\Eloquent\\Model->__call()
#15 /home/abdmalik/Laravel/belajarApi/app/Http/Controllers/ProductController.php(40): Illuminate\\Database\\Eloquent\\Model::__callStatic()
#16 /home/abdmalik/Laravel/belajarApi/vendor/laravel/framework/src/Illuminate/Routing/Controller.php(54): App\\Http\\Controllers\\ProductController->store()
#17 /home/abdmalik/Laravel/belajarApi/vendor/laravel/framework/src/Illuminate/Routing/ControllerDispatcher.php(45): Illuminate\\Routing\\Controller->callAction()
#18 /home/abdmalik/Laravel/belajarApi/vendor/laravel/framework/src/Illuminate/Routing/Route.php(261): Illuminate\\Routing\\ControllerDispatcher->dispatch()
#19 /home/abdmalik/Laravel/belajarApi/vendor/laravel/framework/src/Illuminate/Routing/Route.php(204): Illuminate\\Routing\\Route->runController()
#20 /home/abdmalik/Laravel/belajarApi/vendor/laravel/framework/src/Illuminate/Routing/Router.php(725): Illuminate\\Routing\\Route->run()
#21 /home/abdmalik/Laravel/belajarApi/vendor/laravel/framework/src/Illuminate/Pipeline/Pipeline.php(141): Illuminate\\Routing\\Router->Illuminate\\Routing\\{closure}()
#22 /home/abdmalik/Laravel/belajarApi/vendor/laravel/framework/src/Illuminate/Routing/Middleware/SubstituteBindings.php(50): Illuminate\\Pipeline\\Pipeline->Illuminate\\Pipeline\\{closure}()
#23 /home/abdmalik/Laravel/belajarApi/vendor/laravel/framework/src/Illuminate/Pipeline/Pipeline.php(180): Illuminate\\Routing\\Middleware\\SubstituteBindings->handle()
#24 /home/abdmalik/Laravel/belajarApi/vendor/laravel/framework/src/Illuminate/Routing/Middleware/ThrottleRequests.php(126): Illuminate\\Pipeline\\Pipeline->Illuminate\\Pipeline\\{closure}()
#25 /home/abdmalik/Laravel/belajarApi/vendor/laravel/framework/src/Illuminate/Routing/Middleware/ThrottleRequests.php(102): Illuminate\\Routing\\Middleware\\ThrottleRequests->handleRequest()
#26 /home/abdmalik/Laravel/belajarApi/vendor/laravel/framework/src/Illuminate/Routing/Middleware/ThrottleRequests.php(54): Illuminate\\Routing\\Middleware\\ThrottleRequests->handleRequestUsingNamedLimiter()
#27 /home/abdmalik/Laravel/belajarApi/vendor/laravel/framework/src/Illuminate/Pipeline/Pipeline.php(180): Illuminate\\Routing\\Middleware\\ThrottleRequests->handle()
#28 /home/abdmalik/Laravel/belajarApi/vendor/laravel/framework/src/Illuminate/Pipeline/Pipeline.php(116): Illuminate\\Pipeline\\Pipeline->Illuminate\\Pipeline\\{closure}()
#29 /home/abdmalik/Laravel/belajarApi/vendor/laravel/framework/src/Illuminate/Routing/Router.php(726): Illuminate\\Pipeline\\Pipeline->then()
#30 /home/abdmalik/Laravel/belajarApi/vendor/laravel/framework/src/Illuminate/Routing/Router.php(703): Illuminate\\Routing\\Router->runRouteWithinStack()
#31 /home/abdmalik/Laravel/belajarApi/vendor/laravel/framework/src/Illuminate/Routing/Router.php(667): Illuminate\\Routing\\Router->runRoute()
#32 /home/abdmalik/Laravel/belajarApi/vendor/laravel/framework/src/Illuminate/Routing/Router.php(656): Illuminate\\Routing\\Router->dispatchToRoute()
#33 /home/abdmalik/Laravel/belajarApi/vendor/laravel/framework/src/Illuminate/Foundation/Http/Kernel.php(167): Illuminate\\Routing\\Router->dispatch()
#34 /home/abdmalik/Laravel/belajarApi/vendor/laravel/framework/src/Illuminate/Pipeline/Pipeline.php(141): Illuminate\\Foundation\\Http\\Kernel->Illuminate\\Foundation\\Http\\{closure}()
#35 /home/abdmalik/Laravel/belajarApi/vendor/laravel/framework/src/Illuminate/Foundation/Http/Middleware/TransformsRequest.php(21): Illuminate\\Pipeline\\Pipeline->Illuminate\\Pipeline\\{closure}()
#36 /home/abdmalik/Laravel/belajarApi/vendor/laravel/framework/src/Illuminate/Foundation/Http/Middleware/ConvertEmptyStringsToNull.php(31): Illuminate\\Foundation\\Http\\Middleware\\TransformsRequest->handle()
#37 /home/abdmalik/Laravel/belajarApi/vendor/laravel/framework/src/Illuminate/Pipeline/Pipeline.php(180): Illuminate\\Foundation\\Http\\Middleware\\ConvertEmptyStringsToNull->handle()
#38 /home/abdmalik/Laravel/belajarApi/vendor/laravel/framework/src/Illuminate/Foundation/Http/Middleware/TransformsRequest.php(21): Illuminate\\Pipeline\\Pipeline->Illuminate\\Pipeline\\{closure}()
#39 /home/abdmalik/Laravel/belajarApi/vendor/laravel/framework/src/Illuminate/Foundation/Http/Middleware/TrimStrings.php(40): Illuminate\\Foundation\\Http\\Middleware\\TransformsRequest->handle()
#40 /home/abdmalik/Laravel/belajarApi/vendor/laravel/framework/src/Illuminate/Pipeline/Pipeline.php(180): Illuminate\\Foundation\\Http\\Middleware\\TrimStrings->handle()
#41 /home/abdmalik/Laravel/belajarApi/vendor/laravel/framework/src/Illuminate/Foundation/Http/Middleware/ValidatePostSize.php(27): Illuminate\\Pipeline\\Pipeline->Illuminate\\Pipeline\\{closure}()
#42 /home/abdmalik/Laravel/belajarApi/vendor/laravel/framework/src/Illuminate/Pipeline/Pipeline.php(180): Illuminate\\Foundation\\Http\\Middleware\\ValidatePostSize->handle()
#43 /home/abdmalik/Laravel/belajarApi/vendor/laravel/framework/src/Illuminate/Foundation/Http/Middleware/PreventRequestsDuringMaintenance.php(86): Illuminate\\Pipeline\\Pipeline->Illuminate\\Pipeline\\{closure}()
#44 /home/abdmalik/Laravel/belajarApi/vendor/laravel/framework/src/Illuminate/Pipeline/Pipeline.php(180): Illuminate\\Foundation\\Http\\Middleware\\PreventRequestsDuringMaintenance->handle()
#45 /home/abdmalik/Laravel/belajarApi/vendor/laravel/framework/src/Illuminate/Http/Middleware/HandleCors.php(62): Illuminate\\Pipeline\\Pipeline->Illuminate\\Pipeline\\{closure}()
#46 /home/abdmalik/Laravel/belajarApi/vendor/laravel/framework/src/Illuminate/Pipeline/Pipeline.php(180): Illuminate\\Http\\Middleware\\HandleCors->handle()
#47 /home/abdmalik/Laravel/belajarApi/vendor/laravel/framework/src/Illuminate/Http/Middleware/TrustProxies.php(39): Illuminate\\Pipeline\\Pipeline->Illuminate\\Pipeline\\{closure}()
#48 /home/abdmalik/Laravel/belajarApi/vendor/laravel/framework/src/Illuminate/Pipeline/Pipeline.php(180): Illuminate\\Http\\Middleware\\TrustProxies->handle()
#49 /home/abdmalik/Laravel/belajarApi/vendor/laravel/framework/src/Illuminate/Pipeline/Pipeline.php(116): Illuminate\\Pipeline\\Pipeline->Illuminate\\Pipeline\\{closure}()
#50 /home/abdmalik/Laravel/belajarApi/vendor/laravel/framework/src/Illuminate/Foundation/Http/Kernel.php(142): Illuminate\\Pipeline\\Pipeline->then()
#51 /home/abdmalik/Laravel/belajarApi/vendor/laravel/framework/src/Illuminate/Foundation/Http/Kernel.php(111): Illuminate\\Foundation\\Http\\Kernel->sendRequestThroughRouter()
#52 /home/abdmalik/Laravel/belajarApi/public/index.php(52): Illuminate\\Foundation\\Http\\Kernel->handle()
#53 /home/abdmalik/Laravel/belajarApi/vendor/laravel/framework/src/Illuminate/Foundation/resources/server.php(16): require_once('...')
#54 {main}

[previous exception] [object] (PDOException(code: HY000): SQLSTATE[HY000]: General error: 1364 Field 'name' doesn't have a default value at /home/abdmalik/Laravel/belajarApi/vendor/laravel/framework/src/Illuminate/Database/Connection.php:527)
[stacktrace]
#0 /home/abdmalik/Laravel/belajarApi/vendor/laravel/framework/src/Illuminate/Database/Connection.php(527): PDOStatement->execute()
#1 /home/abdmalik/Laravel/belajarApi/vendor/laravel/framework/src/Illuminate/Database/Connection.php(735): Illuminate\\Database\\Connection->Illuminate\\Database\\{closure}()
#2 /home/abdmalik/Laravel/belajarApi/vendor/laravel/framework/src/Illuminate/Database/Connection.php(702): Illuminate\\Database\\Connection->runQueryCallback()
#3 /home/abdmalik/Laravel/belajarApi/vendor/laravel/framework/src/Illuminate/Database/Connection.php(528): Illuminate\\Database\\Connection->run()
#4 /home/abdmalik/Laravel/belajarApi/vendor/laravel/framework/src/Illuminate/Database/Connection.php(480): Illuminate\\Database\\Connection->statement()
#5 /home/abdmalik/Laravel/belajarApi/vendor/laravel/framework/src/Illuminate/Database/Query/Processors/Processor.php(32): Illuminate\\Database\\Connection->insert()
#6 /home/abdmalik/Laravel/belajarApi/vendor/laravel/framework/src/Illuminate/Database/Query/Builder.php(3246): Illuminate\\Database\\Query\\Processors\\Processor->processInsertGetId()
#7 /home/abdmalik/Laravel/belajarApi/vendor/laravel/framework/src/Illuminate/Database/Eloquent/Builder.php(1745): Illuminate\\Database\\Query\\Builder->insertGetId()
#8 /home/abdmalik/Laravel/belajarApi/vendor/laravel/framework/src/Illuminate/Database/Eloquent/Model.php(1220): Illuminate\\Database\\Eloquent\\Builder->__call()
#9 /home/abdmalik/Laravel/belajarApi/vendor/laravel/framework/src/Illuminate/Database/Eloquent/Model.php(1185): Illuminate\\Database\\Eloquent\\Model->insertAndSetId()
#10 /home/abdmalik/Laravel/belajarApi/vendor/laravel/framework/src/Illuminate/Database/Eloquent/Model.php(1026): Illuminate\\Database\\Eloquent\\Model->performInsert()
#11 /home/abdmalik/Laravel/belajarApi/vendor/laravel/framework/src/Illuminate/Database/Eloquent/Builder.php(974): Illuminate\\Database\\Eloquent\\Model->save()
#12 /home/abdmalik/Laravel/belajarApi/vendor/laravel/framework/src/Illuminate/Support/helpers.php(302): Illuminate\\Database\\Eloquent\\Builder->Illuminate\\Database\\Eloquent\\{closure}()
#13 /home/abdmalik/Laravel/belajarApi/vendor/laravel/framework/src/Illuminate/Database/Eloquent/Builder.php(975): tap()
#14 /home/abdmalik/Laravel/belajarApi/vendor/laravel/framework/src/Illuminate/Support/Traits/ForwardsCalls.php(23): Illuminate\\Database\\Eloquent\\Builder->create()
#15 /home/abdmalik/Laravel/belajarApi/vendor/laravel/framework/src/Illuminate/Database/Eloquent/Model.php(2163): Illuminate\\Database\\Eloquent\\Model->forwardCallTo()
#16 /home/abdmalik/Laravel/belajarApi/vendor/laravel/framework/src/Illuminate/Database/Eloquent/Model.php(2175): Illuminate\\Database\\Eloquent\\Model->__call()
#17 /home/abdmalik/Laravel/belajarApi/app/Http/Controllers/ProductController.php(40): Illuminate\\Database\\Eloquent\\Model::__callStatic()
#18 /home/abdmalik/Laravel/belajarApi/vendor/laravel/framework/src/Illuminate/Routing/Controller.php(54): App\\Http\\Controllers\\ProductController->store()
#19 /home/abdmalik/Laravel/belajarApi/vendor/laravel/framework/src/Illuminate/Routing/ControllerDispatcher.php(45): Illuminate\\Routing\\Controller->callAction()
#20 /home/abdmalik/Laravel/belajarApi/vendor/laravel/framework/src/Illuminate/Routing/Route.php(261): Illuminate\\Routing\\ControllerDispatcher->dispatch()
#21 /home/abdmalik/Laravel/belajarApi/vendor/laravel/framework/src/Illuminate/Routing/Route.php(204): Illuminate\\Routing\\Route->runController()
#22 /home/abdmalik/Laravel/belajarApi/vendor/laravel/framework/src/Illuminate/Routing/Router.php(725): Illuminate\\Routing\\Route->run()
#23 /home/abdmalik/Laravel/belajarApi/vendor/laravel/framework/src/Illuminate/Pipeline/Pipeline.php(141): Illuminate\\Routing\\Router->Illuminate\\Routing\\{closure}()
#24 /home/abdmalik/Laravel/belajarApi/vendor/laravel/framework/src/Illuminate/Routing/Middleware/SubstituteBindings.php(50): Illuminate\\Pipeline\\Pipeline->Illuminate\\Pipeline\\{closure}()
#25 /home/abdmalik/Laravel/belajarApi/vendor/laravel/framework/src/Illuminate/Pipeline/Pipeline.php(180): Illuminate\\Routing\\Middleware\\SubstituteBindings->handle()
#26 /home/abdmalik/Laravel/belajarApi/vendor/laravel/framework/src/Illuminate/Routing/Middleware/ThrottleRequests.php(126): Illuminate\\Pipeline\\Pipeline->Illuminate\\Pipeline\\{closure}()
#27 /home/abdmalik/Laravel/belajarApi/vendor/laravel/framework/src/Illuminate/Routing/Middleware/ThrottleRequests.php(102): Illuminate\\Routing\\Middleware\\ThrottleRequests->handleRequest()
#28 /home/abdmalik/Laravel/belajarApi/vendor/laravel/framework/src/Illuminate/Routing/Middleware/ThrottleRequests.php(54): Illuminate\\Routing\\Middleware\\ThrottleRequests->handleRequestUsingNamedLimiter()
#29 /home/abdmalik/Laravel/belajarApi/vendor/laravel/framework/src/Illuminate/Pipeline/Pipeline.php(180): Illuminate\\Routing\\Middleware\\ThrottleRequests->handle()
#30 /home/abdmalik/Laravel/belajarApi/vendor/laravel/framework/src/Illuminate/Pipeline/Pipeline.php(116): Illuminate\\Pipeline\\Pipeline->Illuminate\\Pipeline\\{closure}()
#31 /home/abdmalik/Laravel/belajarApi/vendor/laravel/framework/src/Illuminate/Routing/Router.php(726): Illuminate\\Pipeline\\Pipeline->then()
#32 /home/abdmalik/Laravel/belajarApi/vendor/laravel/framework/src/Illuminate/Routing/Router.php(703): Illuminate\\Routing\\Router->runRouteWithinStack()
#33 /home/abdmalik/Laravel/belajarApi/vendor/laravel/framework/src/Illuminate/Routing/Router.php(667): Illuminate\\Routing\\Router->runRoute()
#34 /home/abdmalik/Laravel/belajarApi/vendor/laravel/framework/src/Illuminate/Routing/Router.php(656): Illuminate\\Routing\\Router->dispatchToRoute()
#35 /home/abdmalik/Laravel/belajarApi/vendor/laravel/framework/src/Illuminate/Foundation/Http/Kernel.php(167): Illuminate\\Routing\\Router->dispatch()
#36 /home/abdmalik/Laravel/belajarApi/vendor/laravel/framework/src/Illuminate/Pipeline/Pipeline.php(141): Illuminate\\Foundation\\Http\\Kernel->Illuminate\\Foundation\\Http\\{closure}()
#37 /home/abdmalik/Laravel/belajarApi/vendor/laravel/framework/src/Illuminate/Foundation/Http/Middleware/TransformsRequest.php(21): Illuminate\\Pipeline\\Pipeline->Illuminate\\Pipeline\\{closure}()
#38 /home/abdmalik/Laravel/belajarApi/vendor/laravel/framework/src/Illuminate/Foundation/Http/Middleware/ConvertEmptyStringsToNull.php(31): Illuminate\\Foundation\\Http\\Middleware\\TransformsRequest->handle()
#39 /home/abdmalik/Laravel/belajarApi/vendor/laravel/framework/src/Illuminate/Pipeline/Pipeline.php(180): Illuminate\\Foundation\\Http\\Middleware\\ConvertEmptyStringsToNull->handle()
#40 /home/abdmalik/Laravel/belajarApi/vendor/laravel/framework/src/Illuminate/Foundation/Http/Middleware/TransformsRequest.php(21): Illuminate\\Pipeline\\Pipeline->Illuminate\\Pipeline\\{closure}()
#41 /home/abdmalik/Laravel/belajarApi/vendor/laravel/framework/src/Illuminate/Foundation/Http/Middleware/TrimStrings.php(40): Illuminate\\Foundation\\Http\\Middleware\\TransformsRequest->handle()
#42 /home/abdmalik/Laravel/belajarApi/vendor/laravel/framework/src/Illuminate/Pipeline/Pipeline.php(180): Illuminate\\Foundation\\Http\\Middleware\\TrimStrings->handle()
#43 /home/abdmalik/Laravel/belajarApi/vendor/laravel/framework/src/Illuminate/Foundation/Http/Middleware/ValidatePostSize.php(27): Illuminate\\Pipeline\\Pipeline->Illuminate\\Pipeline\\{closure}()
#44 /home/abdmalik/Laravel/belajarApi/vendor/laravel/framework/src/Illuminate/Pipeline/Pipeline.php(180): Illuminate\\Foundation\\Http\\Middleware\\ValidatePostSize->handle()
#45 /home/abdmalik/Laravel/belajarApi/vendor/laravel/framework/src/Illuminate/Foundation/Http/Middleware/PreventRequestsDuringMaintenance.php(86): Illuminate\\Pipeline\\Pipeline->Illuminate\\Pipeline\\{closure}()
#46 /home/abdmalik/Laravel/belajarApi/vendor/laravel/framework/src/Illuminate/Pipeline/Pipeline.php(180): Illuminate\\Foundation\\Http\\Middleware\\PreventRequestsDuringMaintenance->handle()
#47 /home/abdmalik/Laravel/belajarApi/vendor/laravel/framework/src/Illuminate/Http/Middleware/HandleCors.php(62): Illuminate\\Pipeline\\Pipeline->Illuminate\\Pipeline\\{closure}()
#48 /home/abdmalik/Laravel/belajarApi/vendor/laravel/framework/src/Illuminate/Pipeline/Pipeline.php(180): Illuminate\\Http\\Middleware\\HandleCors->handle()
#49 /home/abdmalik/Laravel/belajarApi/vendor/laravel/framework/src/Illuminate/Http/Middleware/TrustProxies.php(39): Illuminate\\Pipeline\\Pipeline->Illuminate\\Pipeline\\{closure}()
#50 /home/abdmalik/Laravel/belajarApi/vendor/laravel/framework/src/Illuminate/Pipeline/Pipeline.php(180): Illuminate\\Http\\Middleware\\TrustProxies->handle()
#51 /home/abdmalik/Laravel/belajarApi/vendor/laravel/framework/src/Illuminate/Pipeline/Pipeline.php(116): Illuminate\\Pipeline\\Pipeline->Illuminate\\Pipeline\\{closure}()
#52 /home/abdmalik/Laravel/belajarApi/vendor/laravel/framework/src/Illuminate/Foundation/Http/Kernel.php(142): Illuminate\\Pipeline\\Pipeline->then()
#53 /home/abdmalik/Laravel/belajarApi/vendor/laravel/framework/src/Illuminate/Foundation/Http/Kernel.php(111): Illuminate\\Foundation\\Http\\Kernel->sendRequestThroughRouter()
#54 /home/abdmalik/Laravel/belajarApi/public/index.php(52): Illuminate\\Foundation\\Http\\Kernel->handle()
#55 /home/abdmalik/Laravel/belajarApi/vendor/laravel/framework/src/Illuminate/Foundation/resources/server.php(16): require_once('...')
#56 {main}
"} 
