[2022-03-15 14:05:08] local.ERROR: Too many arguments to "ui" command, expected arguments "type". {"exception":"[object] (Symfony\\Component\\Console\\Exception\\RuntimeException(code: 0): Too many arguments to \"ui\" command, expected arguments \"type\". at /home/abdmalik/laravel/Authentication/vendor/symfony/console/Input/ArgvInput.php:193)
[stacktrace]
#0 /home/abdmalik/laravel/Authentication/vendor/symfony/console/Input/ArgvInput.php(86): Symfony\\Component\\Console\\Input\\ArgvInput->parseArgument()
#1 /home/abdmalik/laravel/Authentication/vendor/symfony/console/Input/ArgvInput.php(71): Symfony\\Component\\Console\\Input\\ArgvInput->parseToken()
#2 /home/abdmalik/laravel/Authentication/vendor/symfony/console/Input/Input.php(55): Symfony\\Component\\Console\\Input\\ArgvInput->parse()
#3 /home/abdmalik/laravel/Authentication/vendor/symfony/console/Command/Command.php(250): Symfony\\Component\\Console\\Input\\Input->bind()
#4 /home/abdmalik/laravel/Authentication/vendor/laravel/framework/src/Illuminate/Console/Command.php(121): Symfony\\Component\\Console\\Command\\Command->run()
#5 /home/abdmalik/laravel/Authentication/vendor/symfony/console/Application.php(989): Illuminate\\Console\\Command->run()
#6 /home/abdmalik/laravel/Authentication/vendor/symfony/console/Application.php(299): Symfony\\Component\\Console\\Application->doRunCommand()
#7 /home/abdmalik/laravel/Authentication/vendor/symfony/console/Application.php(171): Symfony\\Component\\Console\\Application->doRun()
#8 /home/abdmalik/laravel/Authentication/vendor/laravel/framework/src/Illuminate/Console/Application.php(102): Symfony\\Component\\Console\\Application->run()
#9 /home/abdmalik/laravel/Authentication/vendor/laravel/framework/src/Illuminate/Foundation/Console/Kernel.php(129): Illuminate\\Console\\Application->run()
#10 /home/abdmalik/laravel/Authentication/artisan(37): Illuminate\\Foundation\\Console\\Kernel->handle()
#11 {main}
"} 
[2022-03-15 14:05:17] local.ERROR: The "-a" option does not exist. {"exception":"[object] (Symfony\\Component\\Console\\Exception\\RuntimeException(code: 0): The \"-a\" option does not exist. at /home/abdmalik/laravel/Authentication/vendor/symfony/console/Input/ArgvInput.php:122)
[stacktrace]
#0 /home/abdmalik/laravel/Authentication/vendor/symfony/console/Input/ArgvInput.php(104): Symfony\\Component\\Console\\Input\\ArgvInput->parseShortOptionSet()
#1 /home/abdmalik/laravel/Authentication/vendor/symfony/console/Input/ArgvInput.php(84): Symfony\\Component\\Console\\Input\\ArgvInput->parseShortOption()
#2 /home/abdmalik/laravel/Authentication/vendor/symfony/console/Input/ArgvInput.php(71): Symfony\\Component\\Console\\Input\\ArgvInput->parseToken()
#3 /home/abdmalik/laravel/Authentication/vendor/symfony/console/Input/Input.php(55): Symfony\\Component\\Console\\Input\\ArgvInput->parse()
#4 /home/abdmalik/laravel/Authentication/vendor/symfony/console/Command/Command.php(250): Symfony\\Component\\Console\\Input\\Input->bind()
#5 /home/abdmalik/laravel/Authentication/vendor/laravel/framework/src/Illuminate/Console/Command.php(121): Symfony\\Component\\Console\\Command\\Command->run()
#6 /home/abdmalik/laravel/Authentication/vendor/symfony/console/Application.php(989): Illuminate\\Console\\Command->run()
#7 /home/abdmalik/laravel/Authentication/vendor/symfony/console/Application.php(299): Symfony\\Component\\Console\\Application->doRunCommand()
#8 /home/abdmalik/laravel/Authentication/vendor/symfony/console/Application.php(171): Symfony\\Component\\Console\\Application->doRun()
#9 /home/abdmalik/laravel/Authentication/vendor/laravel/framework/src/Illuminate/Console/Application.php(102): Symfony\\Component\\Console\\Application->run()
#10 /home/abdmalik/laravel/Authentication/vendor/laravel/framework/src/Illuminate/Foundation/Console/Kernel.php(129): Illuminate\\Console\\Application->run()
#11 /home/abdmalik/laravel/Authentication/artisan(37): Illuminate\\Foundation\\Console\\Kernel->handle()
#12 {main}
"} 
[2022-03-24 01:39:21] local.ERROR: SQLSTATE[HY000] [1045] Access denied for user 'root'@'localhost' (using password: NO) (SQL: select * from `users` where `email` = abdmalik1207@gmail.com limit 1) {"exception":"[object] (Illuminate\\Database\\QueryException(code: 1045): SQLSTATE[HY000] [1045] Access denied for user 'root'@'localhost' (using password: NO) (SQL: select * from `users` where `email` = abdmalik1207@gmail.com limit 1) at /home/abdmalik/laravel/authentication/vendor/laravel/framework/src/Illuminate/Database/Connection.php:716)
[stacktrace]
#0 /home/abdmalik/laravel/authentication/vendor/laravel/framework/src/Illuminate/Database/Connection.php(676): Illuminate\\Database\\Connection->runQueryCallback()
#1 /home/abdmalik/laravel/authentication/vendor/laravel/framework/src/Illuminate/Database/Connection.php(376): Illuminate\\Database\\Connection->run()
#2 /home/abdmalik/laravel/authentication/vendor/laravel/framework/src/Illuminate/Database/Query/Builder.php(2556): Illuminate\\Database\\Connection->select()
#3 /home/abdmalik/laravel/authentication/vendor/laravel/framework/src/Illuminate/Database/Query/Builder.php(2544): Illuminate\\Database\\Query\\Builder->runSelect()
#4 /home/abdmalik/laravel/authentication/vendor/laravel/framework/src/Illuminate/Database/Query/Builder.php(3078): Illuminate\\Database\\Query\\Builder->Illuminate\\Database\\Query\\{closure}()
#5 /home/abdmalik/laravel/authentication/vendor/laravel/framework/src/Illuminate/Database/Query/Builder.php(2545): Illuminate\\Database\\Query\\Builder->onceWithColumns()
#6 /home/abdmalik/laravel/authentication/vendor/laravel/framework/src/Illuminate/Database/Eloquent/Builder.php(675): Illuminate\\Database\\Query\\Builder->get()
#7 /home/abdmalik/laravel/authentication/vendor/laravel/framework/src/Illuminate/Database/Eloquent/Builder.php(659): Illuminate\\Database\\Eloquent\\Builder->getModels()
#8 /home/abdmalik/laravel/authentication/vendor/laravel/framework/src/Illuminate/Database/Concerns/BuildsQueries.php(296): Illuminate\\Database\\Eloquent\\Builder->get()
#9 /home/abdmalik/laravel/authentication/vendor/laravel/framework/src/Illuminate/Auth/EloquentUserProvider.php(133): Illuminate\\Database\\Eloquent\\Builder->first()
#10 /home/abdmalik/laravel/authentication/vendor/laravel/framework/src/Illuminate/Auth/SessionGuard.php(366): Illuminate\\Auth\\EloquentUserProvider->retrieveByCredentials()
#11 /home/abdmalik/laravel/authentication/vendor/laravel/ui/auth-backend/AuthenticatesUsers.php(87): Illuminate\\Auth\\SessionGuard->attempt()
#12 /home/abdmalik/laravel/authentication/vendor/laravel/ui/auth-backend/AuthenticatesUsers.php(46): App\\Http\\Controllers\\Auth\\LoginController->attemptLogin()
#13 /home/abdmalik/laravel/authentication/vendor/laravel/framework/src/Illuminate/Routing/Controller.php(54): App\\Http\\Controllers\\Auth\\LoginController->login()
#14 /home/abdmalik/laravel/authentication/vendor/laravel/framework/src/Illuminate/Routing/ControllerDispatcher.php(45): Illuminate\\Routing\\Controller->callAction()
#15 /home/abdmalik/laravel/authentication/vendor/laravel/framework/src/Illuminate/Routing/Route.php(261): Illuminate\\Routing\\ControllerDispatcher->dispatch()
#16 /home/abdmalik/laravel/authentication/vendor/laravel/framework/src/Illuminate/Routing/Route.php(204): Illuminate\\Routing\\Route->runController()
#17 /home/abdmalik/laravel/authentication/vendor/laravel/framework/src/Illuminate/Routing/Router.php(725): Illuminate\\Routing\\Route->run()
#18 /home/abdmalik/laravel/authentication/vendor/laravel/framework/src/Illuminate/Pipeline/Pipeline.php(141): Illuminate\\Routing\\Router->Illuminate\\Routing\\{closure}()
#19 /home/abdmalik/laravel/authentication/app/Http/Middleware/RedirectIfAuthenticated.php(30): Illuminate\\Pipeline\\Pipeline->Illuminate\\Pipeline\\{closure}()
#20 /home/abdmalik/laravel/authentication/vendor/laravel/framework/src/Illuminate/Pipeline/Pipeline.php(180): App\\Http\\Middleware\\RedirectIfAuthenticated->handle()
#21 /home/abdmalik/laravel/authentication/vendor/laravel/framework/src/Illuminate/Routing/Middleware/SubstituteBindings.php(50): Illuminate\\Pipeline\\Pipeline->Illuminate\\Pipeline\\{closure}()
#22 /home/abdmalik/laravel/authentication/vendor/laravel/framework/src/Illuminate/Pipeline/Pipeline.php(180): Illuminate\\Routing\\Middleware\\SubstituteBindings->handle()
#23 /home/abdmalik/laravel/authentication/vendor/laravel/framework/src/Illuminate/Foundation/Http/Middleware/VerifyCsrfToken.php(78): Illuminate\\Pipeline\\Pipeline->Illuminate\\Pipeline\\{closure}()
#24 /home/abdmalik/laravel/authentication/vendor/laravel/framework/src/Illuminate/Pipeline/Pipeline.php(180): Illuminate\\Foundation\\Http\\Middleware\\VerifyCsrfToken->handle()
#25 /home/abdmalik/laravel/authentication/vendor/laravel/framework/src/Illuminate/View/Middleware/ShareErrorsFromSession.php(49): Illuminate\\Pipeline\\Pipeline->Illuminate\\Pipeline\\{closure}()
#26 /home/abdmalik/laravel/authentication/vendor/laravel/framework/src/Illuminate/Pipeline/Pipeline.php(180): Illuminate\\View\\Middleware\\ShareErrorsFromSession->handle()
#27 /home/abdmalik/laravel/authentication/vendor/laravel/framework/src/Illuminate/Session/Middleware/StartSession.php(121): Illuminate\\Pipeline\\Pipeline->Illuminate\\Pipeline\\{closure}()
#28 /home/abdmalik/laravel/authentication/vendor/laravel/framework/src/Illuminate/Session/Middleware/StartSession.php(64): Illuminate\\Session\\Middleware\\StartSession->handleStatefulRequest()
#29 /home/abdmalik/laravel/authentication/vendor/laravel/framework/src/Illuminate/Pipeline/Pipeline.php(180): Illuminate\\Session\\Middleware\\StartSession->handle()
#30 /home/abdmalik/laravel/authentication/vendor/laravel/framework/src/Illuminate/Cookie/Middleware/AddQueuedCookiesToResponse.php(37): Illuminate\\Pipeline\\Pipeline->Illuminate\\Pipeline\\{closure}()
#31 /home/abdmalik/laravel/authentication/vendor/laravel/framework/src/Illuminate/Pipeline/Pipeline.php(180): Illuminate\\Cookie\\Middleware\\AddQueuedCookiesToResponse->handle()
#32 /home/abdmalik/laravel/authentication/vendor/laravel/framework/src/Illuminate/Cookie/Middleware/EncryptCookies.php(67): Illuminate\\Pipeline\\Pipeline->Illuminate\\Pipeline\\{closure}()
#33 /home/abdmalik/laravel/authentication/vendor/laravel/framework/src/Illuminate/Pipeline/Pipeline.php(180): Illuminate\\Cookie\\Middleware\\EncryptCookies->handle()
#34 /home/abdmalik/laravel/authentication/vendor/laravel/framework/src/Illuminate/Pipeline/Pipeline.php(116): Illuminate\\Pipeline\\Pipeline->Illuminate\\Pipeline\\{closure}()
#35 /home/abdmalik/laravel/authentication/vendor/laravel/framework/src/Illuminate/Routing/Router.php(727): Illuminate\\Pipeline\\Pipeline->then()
#36 /home/abdmalik/laravel/authentication/vendor/laravel/framework/src/Illuminate/Routing/Router.php(702): Illuminate\\Routing\\Router->runRouteWithinStack()
#37 /home/abdmalik/laravel/authentication/vendor/laravel/framework/src/Illuminate/Routing/Router.php(666): Illuminate\\Routing\\Router->runRoute()
#38 /home/abdmalik/laravel/authentication/vendor/laravel/framework/src/Illuminate/Routing/Router.php(655): Illuminate\\Routing\\Router->dispatchToRoute()
#39 /home/abdmalik/laravel/authentication/vendor/laravel/framework/src/Illuminate/Foundation/Http/Kernel.php(167): Illuminate\\Routing\\Router->dispatch()
#40 /home/abdmalik/laravel/authentication/vendor/laravel/framework/src/Illuminate/Pipeline/Pipeline.php(141): Illuminate\\Foundation\\Http\\Kernel->Illuminate\\Foundation\\Http\\{closure}()
#41 /home/abdmalik/laravel/authentication/vendor/laravel/framework/src/Illuminate/Foundation/Http/Middleware/TransformsRequest.php(21): Illuminate\\Pipeline\\Pipeline->Illuminate\\Pipeline\\{closure}()
#42 /home/abdmalik/laravel/authentication/vendor/laravel/framework/src/Illuminate/Foundation/Http/Middleware/ConvertEmptyStringsToNull.php(31): Illuminate\\Foundation\\Http\\Middleware\\TransformsRequest->handle()
#43 /home/abdmalik/laravel/authentication/vendor/laravel/framework/src/Illuminate/Pipeline/Pipeline.php(180): Illuminate\\Foundation\\Http\\Middleware\\ConvertEmptyStringsToNull->handle()
#44 /home/abdmalik/laravel/authentication/vendor/laravel/framework/src/Illuminate/Foundation/Http/Middleware/TransformsRequest.php(21): Illuminate\\Pipeline\\Pipeline->Illuminate\\Pipeline\\{closure}()
#45 /home/abdmalik/laravel/authentication/vendor/laravel/framework/src/Illuminate/Foundation/Http/Middleware/TrimStrings.php(40): Illuminate\\Foundation\\Http\\Middleware\\TransformsRequest->handle()
#46 /home/abdmalik/laravel/authentication/vendor/laravel/framework/src/Illuminate/Pipeline/Pipeline.php(180): Illuminate\\Foundation\\Http\\Middleware\\TrimStrings->handle()
#47 /home/abdmalik/laravel/authentication/vendor/laravel/framework/src/Illuminate/Foundation/Http/Middleware/ValidatePostSize.php(27): Illuminate\\Pipeline\\Pipeline->Illuminate\\Pipeline\\{closure}()
#48 /home/abdmalik/laravel/authentication/vendor/laravel/framework/src/Illuminate/Pipeline/Pipeline.php(180): Illuminate\\Foundation\\Http\\Middleware\\ValidatePostSize->handle()
#49 /home/abdmalik/laravel/authentication/vendor/laravel/framework/src/Illuminate/Foundation/Http/Middleware/PreventRequestsDuringMaintenance.php(86): Illuminate\\Pipeline\\Pipeline->Illuminate\\Pipeline\\{closure}()
#50 /home/abdmalik/laravel/authentication/vendor/laravel/framework/src/Illuminate/Pipeline/Pipeline.php(180): Illuminate\\Foundation\\Http\\Middleware\\PreventRequestsDuringMaintenance->handle()
#51 /home/abdmalik/laravel/authentication/vendor/laravel/framework/src/Illuminate/Http/Middleware/HandleCors.php(49): Illuminate\\Pipeline\\Pipeline->Illuminate\\Pipeline\\{closure}()
#52 /home/abdmalik/laravel/authentication/vendor/laravel/framework/src/Illuminate/Pipeline/Pipeline.php(180): Illuminate\\Http\\Middleware\\HandleCors->handle()
#53 /home/abdmalik/laravel/authentication/vendor/laravel/framework/src/Illuminate/Http/Middleware/TrustProxies.php(39): Illuminate\\Pipeline\\Pipeline->Illuminate\\Pipeline\\{closure}()
#54 /home/abdmalik/laravel/authentication/vendor/laravel/framework/src/Illuminate/Pipeline/Pipeline.php(180): Illuminate\\Http\\Middleware\\TrustProxies->handle()
#55 /home/abdmalik/laravel/authentication/vendor/laravel/framework/src/Illuminate/Pipeline/Pipeline.php(116): Illuminate\\Pipeline\\Pipeline->Illuminate\\Pipeline\\{closure}()
#56 /home/abdmalik/laravel/authentication/vendor/laravel/framework/src/Illuminate/Foundation/Http/Kernel.php(142): Illuminate\\Pipeline\\Pipeline->then()
#57 /home/abdmalik/laravel/authentication/vendor/laravel/framework/src/Illuminate/Foundation/Http/Kernel.php(111): Illuminate\\Foundation\\Http\\Kernel->sendRequestThroughRouter()
#58 /home/abdmalik/laravel/authentication/public/index.php(52): Illuminate\\Foundation\\Http\\Kernel->handle()
#59 /home/abdmalik/laravel/authentication/vendor/laravel/framework/src/Illuminate/Foundation/resources/server.php(16): require_once('...')
#60 {main}

[previous exception] [object] (PDOException(code: 1045): SQLSTATE[HY000] [1045] Access denied for user 'root'@'localhost' (using password: NO) at /home/abdmalik/laravel/authentication/vendor/laravel/framework/src/Illuminate/Database/Connectors/Connector.php:70)
[stacktrace]
#0 /home/abdmalik/laravel/authentication/vendor/laravel/framework/src/Illuminate/Database/Connectors/Connector.php(70): PDO->__construct()
#1 /home/abdmalik/laravel/authentication/vendor/laravel/framework/src/Illuminate/Database/Connectors/Connector.php(46): Illuminate\\Database\\Connectors\\Connector->createPdoConnection()
#2 /home/abdmalik/laravel/authentication/vendor/laravel/framework/src/Illuminate/Database/Connectors/MySqlConnector.php(24): Illuminate\\Database\\Connectors\\Connector->createConnection()
#3 /home/abdmalik/laravel/authentication/vendor/laravel/framework/src/Illuminate/Database/Connectors/ConnectionFactory.php(184): Illuminate\\Database\\Connectors\\MySqlConnector->connect()
#4 [internal function]: Illuminate\\Database\\Connectors\\ConnectionFactory->Illuminate\\Database\\Connectors\\{closure}()
#5 /home/abdmalik/laravel/authentication/vendor/laravel/framework/src/Illuminate/Database/Connection.php(1064): call_user_func()
#6 /home/abdmalik/laravel/authentication/vendor/laravel/framework/src/Illuminate/Database/Connection.php(1100): Illuminate\\Database\\Connection->getPdo()
#7 /home/abdmalik/laravel/authentication/vendor/laravel/framework/src/Illuminate/Database/Connection.php(442): Illuminate\\Database\\Connection->getReadPdo()
#8 /home/abdmalik/laravel/authentication/vendor/laravel/framework/src/Illuminate/Database/Connection.php(368): Illuminate\\Database\\Connection->getPdoForSelect()
#9 /home/abdmalik/laravel/authentication/vendor/laravel/framework/src/Illuminate/Database/Connection.php(709): Illuminate\\Database\\Connection->Illuminate\\Database\\{closure}()
#10 /home/abdmalik/laravel/authentication/vendor/laravel/framework/src/Illuminate/Database/Connection.php(676): Illuminate\\Database\\Connection->runQueryCallback()
#11 /home/abdmalik/laravel/authentication/vendor/laravel/framework/src/Illuminate/Database/Connection.php(376): Illuminate\\Database\\Connection->run()
#12 /home/abdmalik/laravel/authentication/vendor/laravel/framework/src/Illuminate/Database/Query/Builder.php(2556): Illuminate\\Database\\Connection->select()
#13 /home/abdmalik/laravel/authentication/vendor/laravel/framework/src/Illuminate/Database/Query/Builder.php(2544): Illuminate\\Database\\Query\\Builder->runSelect()
#14 /home/abdmalik/laravel/authentication/vendor/laravel/framework/src/Illuminate/Database/Query/Builder.php(3078): Illuminate\\Database\\Query\\Builder->Illuminate\\Database\\Query\\{closure}()
#15 /home/abdmalik/laravel/authentication/vendor/laravel/framework/src/Illuminate/Database/Query/Builder.php(2545): Illuminate\\Database\\Query\\Builder->onceWithColumns()
#16 /home/abdmalik/laravel/authentication/vendor/laravel/framework/src/Illuminate/Database/Eloquent/Builder.php(675): Illuminate\\Database\\Query\\Builder->get()
#17 /home/abdmalik/laravel/authentication/vendor/laravel/framework/src/Illuminate/Database/Eloquent/Builder.php(659): Illuminate\\Database\\Eloquent\\Builder->getModels()
#18 /home/abdmalik/laravel/authentication/vendor/laravel/framework/src/Illuminate/Database/Concerns/BuildsQueries.php(296): Illuminate\\Database\\Eloquent\\Builder->get()
#19 /home/abdmalik/laravel/authentication/vendor/laravel/framework/src/Illuminate/Auth/EloquentUserProvider.php(133): Illuminate\\Database\\Eloquent\\Builder->first()
#20 /home/abdmalik/laravel/authentication/vendor/laravel/framework/src/Illuminate/Auth/SessionGuard.php(366): Illuminate\\Auth\\EloquentUserProvider->retrieveByCredentials()
#21 /home/abdmalik/laravel/authentication/vendor/laravel/ui/auth-backend/AuthenticatesUsers.php(87): Illuminate\\Auth\\SessionGuard->attempt()
#22 /home/abdmalik/laravel/authentication/vendor/laravel/ui/auth-backend/AuthenticatesUsers.php(46): App\\Http\\Controllers\\Auth\\LoginController->attemptLogin()
#23 /home/abdmalik/laravel/authentication/vendor/laravel/framework/src/Illuminate/Routing/Controller.php(54): App\\Http\\Controllers\\Auth\\LoginController->login()
#24 /home/abdmalik/laravel/authentication/vendor/laravel/framework/src/Illuminate/Routing/ControllerDispatcher.php(45): Illuminate\\Routing\\Controller->callAction()
#25 /home/abdmalik/laravel/authentication/vendor/laravel/framework/src/Illuminate/Routing/Route.php(261): Illuminate\\Routing\\ControllerDispatcher->dispatch()
#26 /home/abdmalik/laravel/authentication/vendor/laravel/framework/src/Illuminate/Routing/Route.php(204): Illuminate\\Routing\\Route->runController()
#27 /home/abdmalik/laravel/authentication/vendor/laravel/framework/src/Illuminate/Routing/Router.php(725): Illuminate\\Routing\\Route->run()
#28 /home/abdmalik/laravel/authentication/vendor/laravel/framework/src/Illuminate/Pipeline/Pipeline.php(141): Illuminate\\Routing\\Router->Illuminate\\Routing\\{closure}()
#29 /home/abdmalik/laravel/authentication/app/Http/Middleware/RedirectIfAuthenticated.php(30): Illuminate\\Pipeline\\Pipeline->Illuminate\\Pipeline\\{closure}()
#30 /home/abdmalik/laravel/authentication/vendor/laravel/framework/src/Illuminate/Pipeline/Pipeline.php(180): App\\Http\\Middleware\\RedirectIfAuthenticated->handle()
#31 /home/abdmalik/laravel/authentication/vendor/laravel/framework/src/Illuminate/Routing/Middleware/SubstituteBindings.php(50): Illuminate\\Pipeline\\Pipeline->Illuminate\\Pipeline\\{closure}()
#32 /home/abdmalik/laravel/authentication/vendor/laravel/framework/src/Illuminate/Pipeline/Pipeline.php(180): Illuminate\\Routing\\Middleware\\SubstituteBindings->handle()
#33 /home/abdmalik/laravel/authentication/vendor/laravel/framework/src/Illuminate/Foundation/Http/Middleware/VerifyCsrfToken.php(78): Illuminate\\Pipeline\\Pipeline->Illuminate\\Pipeline\\{closure}()
#34 /home/abdmalik/laravel/authentication/vendor/laravel/framework/src/Illuminate/Pipeline/Pipeline.php(180): Illuminate\\Foundation\\Http\\Middleware\\VerifyCsrfToken->handle()
#35 /home/abdmalik/laravel/authentication/vendor/laravel/framework/src/Illuminate/View/Middleware/ShareErrorsFromSession.php(49): Illuminate\\Pipeline\\Pipeline->Illuminate\\Pipeline\\{closure}()
#36 /home/abdmalik/laravel/authentication/vendor/laravel/framework/src/Illuminate/Pipeline/Pipeline.php(180): Illuminate\\View\\Middleware\\ShareErrorsFromSession->handle()
#37 /home/abdmalik/laravel/authentication/vendor/laravel/framework/src/Illuminate/Session/Middleware/StartSession.php(121): Illuminate\\Pipeline\\Pipeline->Illuminate\\Pipeline\\{closure}()
#38 /home/abdmalik/laravel/authentication/vendor/laravel/framework/src/Illuminate/Session/Middleware/StartSession.php(64): Illuminate\\Session\\Middleware\\StartSession->handleStatefulRequest()
#39 /home/abdmalik/laravel/authentication/vendor/laravel/framework/src/Illuminate/Pipeline/Pipeline.php(180): Illuminate\\Session\\Middleware\\StartSession->handle()
#40 /home/abdmalik/laravel/authentication/vendor/laravel/framework/src/Illuminate/Cookie/Middleware/AddQueuedCookiesToResponse.php(37): Illuminate\\Pipeline\\Pipeline->Illuminate\\Pipeline\\{closure}()
#41 /home/abdmalik/laravel/authentication/vendor/laravel/framework/src/Illuminate/Pipeline/Pipeline.php(180): Illuminate\\Cookie\\Middleware\\AddQueuedCookiesToResponse->handle()
#42 /home/abdmalik/laravel/authentication/vendor/laravel/framework/src/Illuminate/Cookie/Middleware/EncryptCookies.php(67): Illuminate\\Pipeline\\Pipeline->Illuminate\\Pipeline\\{closure}()
#43 /home/abdmalik/laravel/authentication/vendor/laravel/framework/src/Illuminate/Pipeline/Pipeline.php(180): Illuminate\\Cookie\\Middleware\\EncryptCookies->handle()
#44 /home/abdmalik/laravel/authentication/vendor/laravel/framework/src/Illuminate/Pipeline/Pipeline.php(116): Illuminate\\Pipeline\\Pipeline->Illuminate\\Pipeline\\{closure}()
#45 /home/abdmalik/laravel/authentication/vendor/laravel/framework/src/Illuminate/Routing/Router.php(727): Illuminate\\Pipeline\\Pipeline->then()
#46 /home/abdmalik/laravel/authentication/vendor/laravel/framework/src/Illuminate/Routing/Router.php(702): Illuminate\\Routing\\Router->runRouteWithinStack()
#47 /home/abdmalik/laravel/authentication/vendor/laravel/framework/src/Illuminate/Routing/Router.php(666): Illuminate\\Routing\\Router->runRoute()
#48 /home/abdmalik/laravel/authentication/vendor/laravel/framework/src/Illuminate/Routing/Router.php(655): Illuminate\\Routing\\Router->dispatchToRoute()
#49 /home/abdmalik/laravel/authentication/vendor/laravel/framework/src/Illuminate/Foundation/Http/Kernel.php(167): Illuminate\\Routing\\Router->dispatch()
#50 /home/abdmalik/laravel/authentication/vendor/laravel/framework/src/Illuminate/Pipeline/Pipeline.php(141): Illuminate\\Foundation\\Http\\Kernel->Illuminate\\Foundation\\Http\\{closure}()
#51 /home/abdmalik/laravel/authentication/vendor/laravel/framework/src/Illuminate/Foundation/Http/Middleware/TransformsRequest.php(21): Illuminate\\Pipeline\\Pipeline->Illuminate\\Pipeline\\{closure}()
#52 /home/abdmalik/laravel/authentication/vendor/laravel/framework/src/Illuminate/Foundation/Http/Middleware/ConvertEmptyStringsToNull.php(31): Illuminate\\Foundation\\Http\\Middleware\\TransformsRequest->handle()
#53 /home/abdmalik/laravel/authentication/vendor/laravel/framework/src/Illuminate/Pipeline/Pipeline.php(180): Illuminate\\Foundation\\Http\\Middleware\\ConvertEmptyStringsToNull->handle()
#54 /home/abdmalik/laravel/authentication/vendor/laravel/framework/src/Illuminate/Foundation/Http/Middleware/TransformsRequest.php(21): Illuminate\\Pipeline\\Pipeline->Illuminate\\Pipeline\\{closure}()
#55 /home/abdmalik/laravel/authentication/vendor/laravel/framework/src/Illuminate/Foundation/Http/Middleware/TrimStrings.php(40): Illuminate\\Foundation\\Http\\Middleware\\TransformsRequest->handle()
#56 /home/abdmalik/laravel/authentication/vendor/laravel/framework/src/Illuminate/Pipeline/Pipeline.php(180): Illuminate\\Foundation\\Http\\Middleware\\TrimStrings->handle()
#57 /home/abdmalik/laravel/authentication/vendor/laravel/framework/src/Illuminate/Foundation/Http/Middleware/ValidatePostSize.php(27): Illuminate\\Pipeline\\Pipeline->Illuminate\\Pipeline\\{closure}()
#58 /home/abdmalik/laravel/authentication/vendor/laravel/framework/src/Illuminate/Pipeline/Pipeline.php(180): Illuminate\\Foundation\\Http\\Middleware\\ValidatePostSize->handle()
#59 /home/abdmalik/laravel/authentication/vendor/laravel/framework/src/Illuminate/Foundation/Http/Middleware/PreventRequestsDuringMaintenance.php(86): Illuminate\\Pipeline\\Pipeline->Illuminate\\Pipeline\\{closure}()
#60 /home/abdmalik/laravel/authentication/vendor/laravel/framework/src/Illuminate/Pipeline/Pipeline.php(180): Illuminate\\Foundation\\Http\\Middleware\\PreventRequestsDuringMaintenance->handle()
#61 /home/abdmalik/laravel/authentication/vendor/laravel/framework/src/Illuminate/Http/Middleware/HandleCors.php(49): Illuminate\\Pipeline\\Pipeline->Illuminate\\Pipeline\\{closure}()
#62 /home/abdmalik/laravel/authentication/vendor/laravel/framework/src/Illuminate/Pipeline/Pipeline.php(180): Illuminate\\Http\\Middleware\\HandleCors->handle()
#63 /home/abdmalik/laravel/authentication/vendor/laravel/framework/src/Illuminate/Http/Middleware/TrustProxies.php(39): Illuminate\\Pipeline\\Pipeline->Illuminate\\Pipeline\\{closure}()
#64 /home/abdmalik/laravel/authentication/vendor/laravel/framework/src/Illuminate/Pipeline/Pipeline.php(180): Illuminate\\Http\\Middleware\\TrustProxies->handle()
#65 /home/abdmalik/laravel/authentication/vendor/laravel/framework/src/Illuminate/Pipeline/Pipeline.php(116): Illuminate\\Pipeline\\Pipeline->Illuminate\\Pipeline\\{closure}()
#66 /home/abdmalik/laravel/authentication/vendor/laravel/framework/src/Illuminate/Foundation/Http/Kernel.php(142): Illuminate\\Pipeline\\Pipeline->then()
#67 /home/abdmalik/laravel/authentication/vendor/laravel/framework/src/Illuminate/Foundation/Http/Kernel.php(111): Illuminate\\Foundation\\Http\\Kernel->sendRequestThroughRouter()
#68 /home/abdmalik/laravel/authentication/public/index.php(52): Illuminate\\Foundation\\Http\\Kernel->handle()
#69 /home/abdmalik/laravel/authentication/vendor/laravel/framework/src/Illuminate/Foundation/resources/server.php(16): require_once('...')
#70 {main}
"} 
[2022-11-22 06:00:50] local.ERROR: The "--columns" option does not exist. {"exception":"[object] (Symfony\\Component\\Console\\Exception\\RuntimeException(code: 0): The \"--columns\" option does not exist. at /home/abdmalik1207/Documents/Pembelajaran-2/Laravel/Angkatan-Ali/Authentication/vendor/symfony/console/Input/ArgvInput.php:220)
[stacktrace]
#0 /home/abdmalik1207/Documents/Pembelajaran-2/Laravel/Angkatan-Ali/Authentication/vendor/symfony/console/Input/ArgvInput.php(147): Symfony\\Component\\Console\\Input\\ArgvInput->addLongOption()
#1 /home/abdmalik1207/Documents/Pembelajaran-2/Laravel/Angkatan-Ali/Authentication/vendor/symfony/console/Input/ArgvInput.php(82): Symfony\\Component\\Console\\Input\\ArgvInput->parseLongOption()
#2 /home/abdmalik1207/Documents/Pembelajaran-2/Laravel/Angkatan-Ali/Authentication/vendor/symfony/console/Input/ArgvInput.php(71): Symfony\\Component\\Console\\Input\\ArgvInput->parseToken()
#3 /home/abdmalik1207/Documents/Pembelajaran-2/Laravel/Angkatan-Ali/Authentication/vendor/symfony/console/Input/Input.php(55): Symfony\\Component\\Console\\Input\\ArgvInput->parse()
#4 /home/abdmalik1207/Documents/Pembelajaran-2/Laravel/Angkatan-Ali/Authentication/vendor/symfony/console/Command/Command.php(250): Symfony\\Component\\Console\\Input\\Input->bind()
#5 /home/abdmalik1207/Documents/Pembelajaran-2/Laravel/Angkatan-Ali/Authentication/vendor/laravel/framework/src/Illuminate/Console/Command.php(121): Symfony\\Component\\Console\\Command\\Command->run()
#6 /home/abdmalik1207/Documents/Pembelajaran-2/Laravel/Angkatan-Ali/Authentication/vendor/symfony/console/Application.php(989): Illuminate\\Console\\Command->run()
#7 /home/abdmalik1207/Documents/Pembelajaran-2/Laravel/Angkatan-Ali/Authentication/vendor/symfony/console/Application.php(299): Symfony\\Component\\Console\\Application->doRunCommand()
#8 /home/abdmalik1207/Documents/Pembelajaran-2/Laravel/Angkatan-Ali/Authentication/vendor/symfony/console/Application.php(171): Symfony\\Component\\Console\\Application->doRun()
#9 /home/abdmalik1207/Documents/Pembelajaran-2/Laravel/Angkatan-Ali/Authentication/vendor/laravel/framework/src/Illuminate/Console/Application.php(102): Symfony\\Component\\Console\\Application->run()
#10 /home/abdmalik1207/Documents/Pembelajaran-2/Laravel/Angkatan-Ali/Authentication/vendor/laravel/framework/src/Illuminate/Foundation/Console/Kernel.php(129): Illuminate\\Console\\Application->run()
#11 /home/abdmalik1207/Documents/Pembelajaran-2/Laravel/Angkatan-Ali/Authentication/artisan(37): Illuminate\\Foundation\\Console\\Kernel->handle()
#12 {main}
"} 
[2022-11-22 06:00:52] local.ERROR: The "--columns" option does not exist. {"exception":"[object] (Symfony\\Component\\Console\\Exception\\RuntimeException(code: 0): The \"--columns\" option does not exist. at /home/abdmalik1207/Documents/Pembelajaran-2/Laravel/Angkatan-Ali/Authentication/vendor/symfony/console/Input/ArgvInput.php:220)
[stacktrace]
#0 /home/abdmalik1207/Documents/Pembelajaran-2/Laravel/Angkatan-Ali/Authentication/vendor/symfony/console/Input/ArgvInput.php(147): Symfony\\Component\\Console\\Input\\ArgvInput->addLongOption()
#1 /home/abdmalik1207/Documents/Pembelajaran-2/Laravel/Angkatan-Ali/Authentication/vendor/symfony/console/Input/ArgvInput.php(82): Symfony\\Component\\Console\\Input\\ArgvInput->parseLongOption()
#2 /home/abdmalik1207/Documents/Pembelajaran-2/Laravel/Angkatan-Ali/Authentication/vendor/symfony/console/Input/ArgvInput.php(71): Symfony\\Component\\Console\\Input\\ArgvInput->parseToken()
#3 /home/abdmalik1207/Documents/Pembelajaran-2/Laravel/Angkatan-Ali/Authentication/vendor/symfony/console/Input/Input.php(55): Symfony\\Component\\Console\\Input\\ArgvInput->parse()
#4 /home/abdmalik1207/Documents/Pembelajaran-2/Laravel/Angkatan-Ali/Authentication/vendor/symfony/console/Command/Command.php(250): Symfony\\Component\\Console\\Input\\Input->bind()
#5 /home/abdmalik1207/Documents/Pembelajaran-2/Laravel/Angkatan-Ali/Authentication/vendor/laravel/framework/src/Illuminate/Console/Command.php(121): Symfony\\Component\\Console\\Command\\Command->run()
#6 /home/abdmalik1207/Documents/Pembelajaran-2/Laravel/Angkatan-Ali/Authentication/vendor/symfony/console/Application.php(989): Illuminate\\Console\\Command->run()
#7 /home/abdmalik1207/Documents/Pembelajaran-2/Laravel/Angkatan-Ali/Authentication/vendor/symfony/console/Application.php(299): Symfony\\Component\\Console\\Application->doRunCommand()
#8 /home/abdmalik1207/Documents/Pembelajaran-2/Laravel/Angkatan-Ali/Authentication/vendor/symfony/console/Application.php(171): Symfony\\Component\\Console\\Application->doRun()
#9 /home/abdmalik1207/Documents/Pembelajaran-2/Laravel/Angkatan-Ali/Authentication/vendor/laravel/framework/src/Illuminate/Console/Application.php(102): Symfony\\Component\\Console\\Application->run()
#10 /home/abdmalik1207/Documents/Pembelajaran-2/Laravel/Angkatan-Ali/Authentication/vendor/laravel/framework/src/Illuminate/Foundation/Console/Kernel.php(129): Illuminate\\Console\\Application->run()
#11 /home/abdmalik1207/Documents/Pembelajaran-2/Laravel/Angkatan-Ali/Authentication/artisan(37): Illuminate\\Foundation\\Console\\Kernel->handle()
#12 {main}
"} 
[2022-11-22 06:00:55] local.ERROR: The "--columns" option does not exist. {"exception":"[object] (Symfony\\Component\\Console\\Exception\\RuntimeException(code: 0): The \"--columns\" option does not exist. at /home/abdmalik1207/Documents/Pembelajaran-2/Laravel/Angkatan-Ali/Authentication/vendor/symfony/console/Input/ArgvInput.php:220)
[stacktrace]
#0 /home/abdmalik1207/Documents/Pembelajaran-2/Laravel/Angkatan-Ali/Authentication/vendor/symfony/console/Input/ArgvInput.php(147): Symfony\\Component\\Console\\Input\\ArgvInput->addLongOption()
#1 /home/abdmalik1207/Documents/Pembelajaran-2/Laravel/Angkatan-Ali/Authentication/vendor/symfony/console/Input/ArgvInput.php(82): Symfony\\Component\\Console\\Input\\ArgvInput->parseLongOption()
#2 /home/abdmalik1207/Documents/Pembelajaran-2/Laravel/Angkatan-Ali/Authentication/vendor/symfony/console/Input/ArgvInput.php(71): Symfony\\Component\\Console\\Input\\ArgvInput->parseToken()
#3 /home/abdmalik1207/Documents/Pembelajaran-2/Laravel/Angkatan-Ali/Authentication/vendor/symfony/console/Input/Input.php(55): Symfony\\Component\\Console\\Input\\ArgvInput->parse()
#4 /home/abdmalik1207/Documents/Pembelajaran-2/Laravel/Angkatan-Ali/Authentication/vendor/symfony/console/Command/Command.php(250): Symfony\\Component\\Console\\Input\\Input->bind()
#5 /home/abdmalik1207/Documents/Pembelajaran-2/Laravel/Angkatan-Ali/Authentication/vendor/laravel/framework/src/Illuminate/Console/Command.php(121): Symfony\\Component\\Console\\Command\\Command->run()
#6 /home/abdmalik1207/Documents/Pembelajaran-2/Laravel/Angkatan-Ali/Authentication/vendor/symfony/console/Application.php(989): Illuminate\\Console\\Command->run()
#7 /home/abdmalik1207/Documents/Pembelajaran-2/Laravel/Angkatan-Ali/Authentication/vendor/symfony/console/Application.php(299): Symfony\\Component\\Console\\Application->doRunCommand()
#8 /home/abdmalik1207/Documents/Pembelajaran-2/Laravel/Angkatan-Ali/Authentication/vendor/symfony/console/Application.php(171): Symfony\\Component\\Console\\Application->doRun()
#9 /home/abdmalik1207/Documents/Pembelajaran-2/Laravel/Angkatan-Ali/Authentication/vendor/laravel/framework/src/Illuminate/Console/Application.php(102): Symfony\\Component\\Console\\Application->run()
#10 /home/abdmalik1207/Documents/Pembelajaran-2/Laravel/Angkatan-Ali/Authentication/vendor/laravel/framework/src/Illuminate/Foundation/Console/Kernel.php(129): Illuminate\\Console\\Application->run()
#11 /home/abdmalik1207/Documents/Pembelajaran-2/Laravel/Angkatan-Ali/Authentication/artisan(37): Illuminate\\Foundation\\Console\\Kernel->handle()
#12 {main}
"} 
[2022-11-22 06:01:41] local.ERROR: Command "migrate-fresh" is not defined.

Did you mean one of these?
    migrate:fresh
    migrate:refresh
    migrate:reset {"exception":"[object] (Symfony\\Component\\Console\\Exception\\CommandNotFoundException(code: 0): Command \"migrate-fresh\" is not defined.

Did you mean one of these?
    migrate:fresh
    migrate:refresh
    migrate:reset at /home/abdmalik1207/Documents/Pembelajaran-2/Laravel/Angkatan-Ali/Authentication/vendor/symfony/console/Application.php:683)
[stacktrace]
#0 /home/abdmalik1207/Documents/Pembelajaran-2/Laravel/Angkatan-Ali/Authentication/vendor/symfony/console/Application.php(259): Symfony\\Component\\Console\\Application->find()
#1 /home/abdmalik1207/Documents/Pembelajaran-2/Laravel/Angkatan-Ali/Authentication/vendor/symfony/console/Application.php(171): Symfony\\Component\\Console\\Application->doRun()
#2 /home/abdmalik1207/Documents/Pembelajaran-2/Laravel/Angkatan-Ali/Authentication/vendor/laravel/framework/src/Illuminate/Console/Application.php(102): Symfony\\Component\\Console\\Application->run()
#3 /home/abdmalik1207/Documents/Pembelajaran-2/Laravel/Angkatan-Ali/Authentication/vendor/laravel/framework/src/Illuminate/Foundation/Console/Kernel.php(129): Illuminate\\Console\\Application->run()
#4 /home/abdmalik1207/Documents/Pembelajaran-2/Laravel/Angkatan-Ali/Authentication/artisan(37): Illuminate\\Foundation\\Console\\Kernel->handle()
#5 {main}
"} 
[2022-11-22 07:17:27] local.ERROR: The "--columns" option does not exist. {"exception":"[object] (Symfony\\Component\\Console\\Exception\\RuntimeException(code: 0): The \"--columns\" option does not exist. at /home/abdmalik1207/Documents/Pembelajaran-2/Laravel/Angkatan-Ali/Authentication/vendor/symfony/console/Input/ArgvInput.php:220)
[stacktrace]
#0 /home/abdmalik1207/Documents/Pembelajaran-2/Laravel/Angkatan-Ali/Authentication/vendor/symfony/console/Input/ArgvInput.php(147): Symfony\\Component\\Console\\Input\\ArgvInput->addLongOption()
#1 /home/abdmalik1207/Documents/Pembelajaran-2/Laravel/Angkatan-Ali/Authentication/vendor/symfony/console/Input/ArgvInput.php(82): Symfony\\Component\\Console\\Input\\ArgvInput->parseLongOption()
#2 /home/abdmalik1207/Documents/Pembelajaran-2/Laravel/Angkatan-Ali/Authentication/vendor/symfony/console/Input/ArgvInput.php(71): Symfony\\Component\\Console\\Input\\ArgvInput->parseToken()
#3 /home/abdmalik1207/Documents/Pembelajaran-2/Laravel/Angkatan-Ali/Authentication/vendor/symfony/console/Input/Input.php(55): Symfony\\Component\\Console\\Input\\ArgvInput->parse()
#4 /home/abdmalik1207/Documents/Pembelajaran-2/Laravel/Angkatan-Ali/Authentication/vendor/symfony/console/Command/Command.php(250): Symfony\\Component\\Console\\Input\\Input->bind()
#5 /home/abdmalik1207/Documents/Pembelajaran-2/Laravel/Angkatan-Ali/Authentication/vendor/laravel/framework/src/Illuminate/Console/Command.php(121): Symfony\\Component\\Console\\Command\\Command->run()
#6 /home/abdmalik1207/Documents/Pembelajaran-2/Laravel/Angkatan-Ali/Authentication/vendor/symfony/console/Application.php(989): Illuminate\\Console\\Command->run()
#7 /home/abdmalik1207/Documents/Pembelajaran-2/Laravel/Angkatan-Ali/Authentication/vendor/symfony/console/Application.php(299): Symfony\\Component\\Console\\Application->doRunCommand()
#8 /home/abdmalik1207/Documents/Pembelajaran-2/Laravel/Angkatan-Ali/Authentication/vendor/symfony/console/Application.php(171): Symfony\\Component\\Console\\Application->doRun()
#9 /home/abdmalik1207/Documents/Pembelajaran-2/Laravel/Angkatan-Ali/Authentication/vendor/laravel/framework/src/Illuminate/Console/Application.php(102): Symfony\\Component\\Console\\Application->run()
#10 /home/abdmalik1207/Documents/Pembelajaran-2/Laravel/Angkatan-Ali/Authentication/vendor/laravel/framework/src/Illuminate/Foundation/Console/Kernel.php(129): Illuminate\\Console\\Application->run()
#11 /home/abdmalik1207/Documents/Pembelajaran-2/Laravel/Angkatan-Ali/Authentication/artisan(37): Illuminate\\Foundation\\Console\\Kernel->handle()
#12 {main}
"} 
[2022-11-22 07:17:32] local.ERROR: The "--columns" option does not exist. {"exception":"[object] (Symfony\\Component\\Console\\Exception\\RuntimeException(code: 0): The \"--columns\" option does not exist. at /home/abdmalik1207/Documents/Pembelajaran-2/Laravel/Angkatan-Ali/Authentication/vendor/symfony/console/Input/ArgvInput.php:220)
[stacktrace]
#0 /home/abdmalik1207/Documents/Pembelajaran-2/Laravel/Angkatan-Ali/Authentication/vendor/symfony/console/Input/ArgvInput.php(147): Symfony\\Component\\Console\\Input\\ArgvInput->addLongOption()
#1 /home/abdmalik1207/Documents/Pembelajaran-2/Laravel/Angkatan-Ali/Authentication/vendor/symfony/console/Input/ArgvInput.php(82): Symfony\\Component\\Console\\Input\\ArgvInput->parseLongOption()
#2 /home/abdmalik1207/Documents/Pembelajaran-2/Laravel/Angkatan-Ali/Authentication/vendor/symfony/console/Input/ArgvInput.php(71): Symfony\\Component\\Console\\Input\\ArgvInput->parseToken()
#3 /home/abdmalik1207/Documents/Pembelajaran-2/Laravel/Angkatan-Ali/Authentication/vendor/symfony/console/Input/Input.php(55): Symfony\\Component\\Console\\Input\\ArgvInput->parse()
#4 /home/abdmalik1207/Documents/Pembelajaran-2/Laravel/Angkatan-Ali/Authentication/vendor/symfony/console/Command/Command.php(250): Symfony\\Component\\Console\\Input\\Input->bind()
#5 /home/abdmalik1207/Documents/Pembelajaran-2/Laravel/Angkatan-Ali/Authentication/vendor/laravel/framework/src/Illuminate/Console/Command.php(121): Symfony\\Component\\Console\\Command\\Command->run()
#6 /home/abdmalik1207/Documents/Pembelajaran-2/Laravel/Angkatan-Ali/Authentication/vendor/symfony/console/Application.php(989): Illuminate\\Console\\Command->run()
#7 /home/abdmalik1207/Documents/Pembelajaran-2/Laravel/Angkatan-Ali/Authentication/vendor/symfony/console/Application.php(299): Symfony\\Component\\Console\\Application->doRunCommand()
#8 /home/abdmalik1207/Documents/Pembelajaran-2/Laravel/Angkatan-Ali/Authentication/vendor/symfony/console/Application.php(171): Symfony\\Component\\Console\\Application->doRun()
#9 /home/abdmalik1207/Documents/Pembelajaran-2/Laravel/Angkatan-Ali/Authentication/vendor/laravel/framework/src/Illuminate/Console/Application.php(102): Symfony\\Component\\Console\\Application->run()
#10 /home/abdmalik1207/Documents/Pembelajaran-2/Laravel/Angkatan-Ali/Authentication/vendor/laravel/framework/src/Illuminate/Foundation/Console/Kernel.php(129): Illuminate\\Console\\Application->run()
#11 /home/abdmalik1207/Documents/Pembelajaran-2/Laravel/Angkatan-Ali/Authentication/artisan(37): Illuminate\\Foundation\\Console\\Kernel->handle()
#12 {main}
"} 
[2022-11-22 07:17:40] local.ERROR: The "--columns" option does not exist. {"exception":"[object] (Symfony\\Component\\Console\\Exception\\RuntimeException(code: 0): The \"--columns\" option does not exist. at /home/abdmalik1207/Documents/Pembelajaran-2/Laravel/Angkatan-Ali/Authentication/vendor/symfony/console/Input/ArgvInput.php:220)
[stacktrace]
#0 /home/abdmalik1207/Documents/Pembelajaran-2/Laravel/Angkatan-Ali/Authentication/vendor/symfony/console/Input/ArgvInput.php(147): Symfony\\Component\\Console\\Input\\ArgvInput->addLongOption()
#1 /home/abdmalik1207/Documents/Pembelajaran-2/Laravel/Angkatan-Ali/Authentication/vendor/symfony/console/Input/ArgvInput.php(82): Symfony\\Component\\Console\\Input\\ArgvInput->parseLongOption()
#2 /home/abdmalik1207/Documents/Pembelajaran-2/Laravel/Angkatan-Ali/Authentication/vendor/symfony/console/Input/ArgvInput.php(71): Symfony\\Component\\Console\\Input\\ArgvInput->parseToken()
#3 /home/abdmalik1207/Documents/Pembelajaran-2/Laravel/Angkatan-Ali/Authentication/vendor/symfony/console/Input/Input.php(55): Symfony\\Component\\Console\\Input\\ArgvInput->parse()
#4 /home/abdmalik1207/Documents/Pembelajaran-2/Laravel/Angkatan-Ali/Authentication/vendor/symfony/console/Command/Command.php(250): Symfony\\Component\\Console\\Input\\Input->bind()
#5 /home/abdmalik1207/Documents/Pembelajaran-2/Laravel/Angkatan-Ali/Authentication/vendor/laravel/framework/src/Illuminate/Console/Command.php(121): Symfony\\Component\\Console\\Command\\Command->run()
#6 /home/abdmalik1207/Documents/Pembelajaran-2/Laravel/Angkatan-Ali/Authentication/vendor/symfony/console/Application.php(989): Illuminate\\Console\\Command->run()
#7 /home/abdmalik1207/Documents/Pembelajaran-2/Laravel/Angkatan-Ali/Authentication/vendor/symfony/console/Application.php(299): Symfony\\Component\\Console\\Application->doRunCommand()
#8 /home/abdmalik1207/Documents/Pembelajaran-2/Laravel/Angkatan-Ali/Authentication/vendor/symfony/console/Application.php(171): Symfony\\Component\\Console\\Application->doRun()
#9 /home/abdmalik1207/Documents/Pembelajaran-2/Laravel/Angkatan-Ali/Authentication/vendor/laravel/framework/src/Illuminate/Console/Application.php(102): Symfony\\Component\\Console\\Application->run()
#10 /home/abdmalik1207/Documents/Pembelajaran-2/Laravel/Angkatan-Ali/Authentication/vendor/laravel/framework/src/Illuminate/Foundation/Console/Kernel.php(129): Illuminate\\Console\\Application->run()
#11 /home/abdmalik1207/Documents/Pembelajaran-2/Laravel/Angkatan-Ali/Authentication/artisan(37): Illuminate\\Foundation\\Console\\Kernel->handle()
#12 {main}
"} 
[2022-11-22 07:18:22] local.ERROR: Command "serev" is not defined. {"exception":"[object] (Symfony\\Component\\Console\\Exception\\CommandNotFoundException(code: 0): Command \"serev\" is not defined. at /home/abdmalik1207/Documents/Pembelajaran-2/Laravel/Angkatan-Ali/Authentication/vendor/symfony/console/Application.php:683)
[stacktrace]
#0 /home/abdmalik1207/Documents/Pembelajaran-2/Laravel/Angkatan-Ali/Authentication/vendor/symfony/console/Application.php(259): Symfony\\Component\\Console\\Application->find()
#1 /home/abdmalik1207/Documents/Pembelajaran-2/Laravel/Angkatan-Ali/Authentication/vendor/symfony/console/Application.php(171): Symfony\\Component\\Console\\Application->doRun()
#2 /home/abdmalik1207/Documents/Pembelajaran-2/Laravel/Angkatan-Ali/Authentication/vendor/laravel/framework/src/Illuminate/Console/Application.php(102): Symfony\\Component\\Console\\Application->run()
#3 /home/abdmalik1207/Documents/Pembelajaran-2/Laravel/Angkatan-Ali/Authentication/vendor/laravel/framework/src/Illuminate/Foundation/Console/Kernel.php(129): Illuminate\\Console\\Application->run()
#4 /home/abdmalik1207/Documents/Pembelajaran-2/Laravel/Angkatan-Ali/Authentication/artisan(37): Illuminate\\Foundation\\Console\\Kernel->handle()
#5 {main}
"} 
