[2022-08-21 07:11:34] local.ERROR: The "--columns" option does not exist. {"exception":"[object] (Symfony\\Component\\Console\\Exception\\RuntimeException(code: 0): The \"--columns\" option does not exist. at /home/abdmalik/livewire-search-pagination/vendor/symfony/console/Input/ArgvInput.php:220)
[stacktrace]
#0 /home/abdmalik/livewire-search-pagination/vendor/symfony/console/Input/ArgvInput.php(147): Symfony\\Component\\Console\\Input\\ArgvInput->addLongOption()
#1 /home/abdmalik/livewire-search-pagination/vendor/symfony/console/Input/ArgvInput.php(82): Symfony\\Component\\Console\\Input\\ArgvInput->parseLongOption()
#2 /home/abdmalik/livewire-search-pagination/vendor/symfony/console/Input/ArgvInput.php(71): Symfony\\Component\\Console\\Input\\ArgvInput->parseToken()
#3 /home/abdmalik/livewire-search-pagination/vendor/symfony/console/Input/Input.php(55): Symfony\\Component\\Console\\Input\\ArgvInput->parse()
#4 /home/abdmalik/livewire-search-pagination/vendor/symfony/console/Command/Command.php(267): Symfony\\Component\\Console\\Input\\Input->bind()
#5 /home/abdmalik/livewire-search-pagination/vendor/laravel/framework/src/Illuminate/Console/Command.php(124): Symfony\\Component\\Console\\Command\\Command->run()
#6 /home/abdmalik/livewire-search-pagination/vendor/symfony/console/Application.php(998): Illuminate\\Console\\Command->run()
#7 /home/abdmalik/livewire-search-pagination/vendor/symfony/console/Application.php(299): Symfony\\Component\\Console\\Application->doRunCommand()
#8 /home/abdmalik/livewire-search-pagination/vendor/symfony/console/Application.php(171): Symfony\\Component\\Console\\Application->doRun()
#9 /home/abdmalik/livewire-search-pagination/vendor/laravel/framework/src/Illuminate/Console/Application.php(102): Symfony\\Component\\Console\\Application->run()
#10 /home/abdmalik/livewire-search-pagination/vendor/laravel/framework/src/Illuminate/Foundation/Console/Kernel.php(129): Illuminate\\Console\\Application->run()
#11 /home/abdmalik/livewire-search-pagination/artisan(37): Illuminate\\Foundation\\Console\\Kernel->handle()
#12 {main}
"} 
[2022-08-21 07:11:37] local.ERROR: The "--columns" option does not exist. {"exception":"[object] (Symfony\\Component\\Console\\Exception\\RuntimeException(code: 0): The \"--columns\" option does not exist. at /home/abdmalik/livewire-search-pagination/vendor/symfony/console/Input/ArgvInput.php:220)
[stacktrace]
#0 /home/abdmalik/livewire-search-pagination/vendor/symfony/console/Input/ArgvInput.php(147): Symfony\\Component\\Console\\Input\\ArgvInput->addLongOption()
#1 /home/abdmalik/livewire-search-pagination/vendor/symfony/console/Input/ArgvInput.php(82): Symfony\\Component\\Console\\Input\\ArgvInput->parseLongOption()
#2 /home/abdmalik/livewire-search-pagination/vendor/symfony/console/Input/ArgvInput.php(71): Symfony\\Component\\Console\\Input\\ArgvInput->parseToken()
#3 /home/abdmalik/livewire-search-pagination/vendor/symfony/console/Input/Input.php(55): Symfony\\Component\\Console\\Input\\ArgvInput->parse()
#4 /home/abdmalik/livewire-search-pagination/vendor/symfony/console/Command/Command.php(267): Symfony\\Component\\Console\\Input\\Input->bind()
#5 /home/abdmalik/livewire-search-pagination/vendor/laravel/framework/src/Illuminate/Console/Command.php(124): Symfony\\Component\\Console\\Command\\Command->run()
#6 /home/abdmalik/livewire-search-pagination/vendor/symfony/console/Application.php(998): Illuminate\\Console\\Command->run()
#7 /home/abdmalik/livewire-search-pagination/vendor/symfony/console/Application.php(299): Symfony\\Component\\Console\\Application->doRunCommand()
#8 /home/abdmalik/livewire-search-pagination/vendor/symfony/console/Application.php(171): Symfony\\Component\\Console\\Application->doRun()
#9 /home/abdmalik/livewire-search-pagination/vendor/laravel/framework/src/Illuminate/Console/Application.php(102): Symfony\\Component\\Console\\Application->run()
#10 /home/abdmalik/livewire-search-pagination/vendor/laravel/framework/src/Illuminate/Foundation/Console/Kernel.php(129): Illuminate\\Console\\Application->run()
#11 /home/abdmalik/livewire-search-pagination/artisan(37): Illuminate\\Foundation\\Console\\Kernel->handle()
#12 {main}
"} 
[2022-08-21 07:11:40] local.ERROR: The "--columns" option does not exist. {"exception":"[object] (Symfony\\Component\\Console\\Exception\\RuntimeException(code: 0): The \"--columns\" option does not exist. at /home/abdmalik/livewire-search-pagination/vendor/symfony/console/Input/ArgvInput.php:220)
[stacktrace]
#0 /home/abdmalik/livewire-search-pagination/vendor/symfony/console/Input/ArgvInput.php(147): Symfony\\Component\\Console\\Input\\ArgvInput->addLongOption()
#1 /home/abdmalik/livewire-search-pagination/vendor/symfony/console/Input/ArgvInput.php(82): Symfony\\Component\\Console\\Input\\ArgvInput->parseLongOption()
#2 /home/abdmalik/livewire-search-pagination/vendor/symfony/console/Input/ArgvInput.php(71): Symfony\\Component\\Console\\Input\\ArgvInput->parseToken()
#3 /home/abdmalik/livewire-search-pagination/vendor/symfony/console/Input/Input.php(55): Symfony\\Component\\Console\\Input\\ArgvInput->parse()
#4 /home/abdmalik/livewire-search-pagination/vendor/symfony/console/Command/Command.php(267): Symfony\\Component\\Console\\Input\\Input->bind()
#5 /home/abdmalik/livewire-search-pagination/vendor/laravel/framework/src/Illuminate/Console/Command.php(124): Symfony\\Component\\Console\\Command\\Command->run()
#6 /home/abdmalik/livewire-search-pagination/vendor/symfony/console/Application.php(998): Illuminate\\Console\\Command->run()
#7 /home/abdmalik/livewire-search-pagination/vendor/symfony/console/Application.php(299): Symfony\\Component\\Console\\Application->doRunCommand()
#8 /home/abdmalik/livewire-search-pagination/vendor/symfony/console/Application.php(171): Symfony\\Component\\Console\\Application->doRun()
#9 /home/abdmalik/livewire-search-pagination/vendor/laravel/framework/src/Illuminate/Console/Application.php(102): Symfony\\Component\\Console\\Application->run()
#10 /home/abdmalik/livewire-search-pagination/vendor/laravel/framework/src/Illuminate/Foundation/Console/Kernel.php(129): Illuminate\\Console\\Application->run()
#11 /home/abdmalik/livewire-search-pagination/artisan(37): Illuminate\\Foundation\\Console\\Kernel->handle()
#12 {main}
"} 
[2022-08-21 07:17:56] local.ERROR: There are no commands defined in the "ide-helper" namespace. {"exception":"[object] (Symfony\\Component\\Console\\Exception\\NamespaceNotFoundException(code: 0): There are no commands defined in the \"ide-helper\" namespace. at /home/abdmalik/livewire-search-pagination/vendor/symfony/console/Application.php:622)
[stacktrace]
#0 /home/abdmalik/livewire-search-pagination/vendor/symfony/console/Application.php(673): Symfony\\Component\\Console\\Application->findNamespace()
#1 /home/abdmalik/livewire-search-pagination/vendor/symfony/console/Application.php(259): Symfony\\Component\\Console\\Application->find()
#2 /home/abdmalik/livewire-search-pagination/vendor/symfony/console/Application.php(171): Symfony\\Component\\Console\\Application->doRun()
#3 /home/abdmalik/livewire-search-pagination/vendor/laravel/framework/src/Illuminate/Console/Application.php(102): Symfony\\Component\\Console\\Application->run()
#4 /home/abdmalik/livewire-search-pagination/vendor/laravel/framework/src/Illuminate/Foundation/Console/Kernel.php(129): Illuminate\\Console\\Application->run()
#5 /home/abdmalik/livewire-search-pagination/artisan(37): Illuminate\\Foundation\\Console\\Kernel->handle()
#6 {main}
"} 
[2022-08-21 07:18:06] local.ERROR: There are no commands defined in the "ide-helper" namespace. {"exception":"[object] (Symfony\\Component\\Console\\Exception\\NamespaceNotFoundException(code: 0): There are no commands defined in the \"ide-helper\" namespace. at /home/abdmalik/livewire-search-pagination/vendor/symfony/console/Application.php:622)
[stacktrace]
#0 /home/abdmalik/livewire-search-pagination/vendor/symfony/console/Application.php(673): Symfony\\Component\\Console\\Application->findNamespace()
#1 /home/abdmalik/livewire-search-pagination/vendor/symfony/console/Application.php(259): Symfony\\Component\\Console\\Application->find()
#2 /home/abdmalik/livewire-search-pagination/vendor/symfony/console/Application.php(171): Symfony\\Component\\Console\\Application->doRun()
#3 /home/abdmalik/livewire-search-pagination/vendor/laravel/framework/src/Illuminate/Console/Application.php(102): Symfony\\Component\\Console\\Application->run()
#4 /home/abdmalik/livewire-search-pagination/vendor/laravel/framework/src/Illuminate/Foundation/Console/Kernel.php(129): Illuminate\\Console\\Application->run()
#5 /home/abdmalik/livewire-search-pagination/artisan(37): Illuminate\\Foundation\\Console\\Kernel->handle()
#6 {main}
"} 
[2022-08-21 07:19:34] local.ERROR: There are no commands defined in the "ide-helper" namespace. {"exception":"[object] (Symfony\\Component\\Console\\Exception\\NamespaceNotFoundException(code: 0): There are no commands defined in the \"ide-helper\" namespace. at /home/abdmalik/livewire-search-pagination/vendor/symfony/console/Application.php:622)
[stacktrace]
#0 /home/abdmalik/livewire-search-pagination/vendor/symfony/console/Application.php(673): Symfony\\Component\\Console\\Application->findNamespace()
#1 /home/abdmalik/livewire-search-pagination/vendor/symfony/console/Application.php(259): Symfony\\Component\\Console\\Application->find()
#2 /home/abdmalik/livewire-search-pagination/vendor/symfony/console/Application.php(171): Symfony\\Component\\Console\\Application->doRun()
#3 /home/abdmalik/livewire-search-pagination/vendor/laravel/framework/src/Illuminate/Console/Application.php(102): Symfony\\Component\\Console\\Application->run()
#4 /home/abdmalik/livewire-search-pagination/vendor/laravel/framework/src/Illuminate/Foundation/Console/Kernel.php(129): Illuminate\\Console\\Application->run()
#5 /home/abdmalik/livewire-search-pagination/artisan(37): Illuminate\\Foundation\\Console\\Kernel->handle()
#6 {main}
"} 
[2022-08-21 07:19:56] local.ERROR: There are no commands defined in the "ide-helper" namespace. {"exception":"[object] (Symfony\\Component\\Console\\Exception\\NamespaceNotFoundException(code: 0): There are no commands defined in the \"ide-helper\" namespace. at /home/abdmalik/livewire-search-pagination/vendor/symfony/console/Application.php:622)
[stacktrace]
#0 /home/abdmalik/livewire-search-pagination/vendor/symfony/console/Application.php(673): Symfony\\Component\\Console\\Application->findNamespace()
#1 /home/abdmalik/livewire-search-pagination/vendor/symfony/console/Application.php(259): Symfony\\Component\\Console\\Application->find()
#2 /home/abdmalik/livewire-search-pagination/vendor/symfony/console/Application.php(171): Symfony\\Component\\Console\\Application->doRun()
#3 /home/abdmalik/livewire-search-pagination/vendor/laravel/framework/src/Illuminate/Console/Application.php(102): Symfony\\Component\\Console\\Application->run()
#4 /home/abdmalik/livewire-search-pagination/vendor/laravel/framework/src/Illuminate/Foundation/Console/Kernel.php(129): Illuminate\\Console\\Application->run()
#5 /home/abdmalik/livewire-search-pagination/artisan(37): Illuminate\\Foundation\\Console\\Kernel->handle()
#6 {main}
"} 
[2022-08-21 07:20:22] local.ERROR: There are no commands defined in the "ide-helper" namespace. {"exception":"[object] (Symfony\\Component\\Console\\Exception\\NamespaceNotFoundException(code: 0): There are no commands defined in the \"ide-helper\" namespace. at /home/abdmalik/livewire-search-pagination/vendor/symfony/console/Application.php:622)
[stacktrace]
#0 /home/abdmalik/livewire-search-pagination/vendor/symfony/console/Application.php(673): Symfony\\Component\\Console\\Application->findNamespace()
#1 /home/abdmalik/livewire-search-pagination/vendor/symfony/console/Application.php(259): Symfony\\Component\\Console\\Application->find()
#2 /home/abdmalik/livewire-search-pagination/vendor/symfony/console/Application.php(171): Symfony\\Component\\Console\\Application->doRun()
#3 /home/abdmalik/livewire-search-pagination/vendor/laravel/framework/src/Illuminate/Console/Application.php(102): Symfony\\Component\\Console\\Application->run()
#4 /home/abdmalik/livewire-search-pagination/vendor/laravel/framework/src/Illuminate/Foundation/Console/Kernel.php(129): Illuminate\\Console\\Application->run()
#5 /home/abdmalik/livewire-search-pagination/artisan(37): Illuminate\\Foundation\\Console\\Kernel->handle()
#6 {main}
"} 
[2022-08-21 07:20:31] local.ERROR: There are no commands defined in the "ide-helper" namespace. {"exception":"[object] (Symfony\\Component\\Console\\Exception\\NamespaceNotFoundException(code: 0): There are no commands defined in the \"ide-helper\" namespace. at /home/abdmalik/livewire-search-pagination/vendor/symfony/console/Application.php:622)
[stacktrace]
#0 /home/abdmalik/livewire-search-pagination/vendor/symfony/console/Application.php(673): Symfony\\Component\\Console\\Application->findNamespace()
#1 /home/abdmalik/livewire-search-pagination/vendor/symfony/console/Application.php(259): Symfony\\Component\\Console\\Application->find()
#2 /home/abdmalik/livewire-search-pagination/vendor/symfony/console/Application.php(171): Symfony\\Component\\Console\\Application->doRun()
#3 /home/abdmalik/livewire-search-pagination/vendor/laravel/framework/src/Illuminate/Console/Application.php(102): Symfony\\Component\\Console\\Application->run()
#4 /home/abdmalik/livewire-search-pagination/vendor/laravel/framework/src/Illuminate/Foundation/Console/Kernel.php(129): Illuminate\\Console\\Application->run()
#5 /home/abdmalik/livewire-search-pagination/artisan(37): Illuminate\\Foundation\\Console\\Kernel->handle()
#6 {main}
"} 
[2022-08-21 07:21:11] local.ERROR: There are no commands defined in the "ide-helper" namespace. {"exception":"[object] (Symfony\\Component\\Console\\Exception\\NamespaceNotFoundException(code: 0): There are no commands defined in the \"ide-helper\" namespace. at /home/abdmalik/livewire-search-pagination/vendor/symfony/console/Application.php:622)
[stacktrace]
#0 /home/abdmalik/livewire-search-pagination/vendor/symfony/console/Application.php(673): Symfony\\Component\\Console\\Application->findNamespace()
#1 /home/abdmalik/livewire-search-pagination/vendor/symfony/console/Application.php(259): Symfony\\Component\\Console\\Application->find()
#2 /home/abdmalik/livewire-search-pagination/vendor/symfony/console/Application.php(171): Symfony\\Component\\Console\\Application->doRun()
#3 /home/abdmalik/livewire-search-pagination/vendor/laravel/framework/src/Illuminate/Console/Application.php(102): Symfony\\Component\\Console\\Application->run()
#4 /home/abdmalik/livewire-search-pagination/vendor/laravel/framework/src/Illuminate/Foundation/Console/Kernel.php(129): Illuminate\\Console\\Application->run()
#5 /home/abdmalik/livewire-search-pagination/artisan(37): Illuminate\\Foundation\\Console\\Kernel->handle()
#6 {main}
"} 
[2022-08-21 07:21:15] local.ERROR: There are no commands defined in the "ide-helper" namespace. {"exception":"[object] (Symfony\\Component\\Console\\Exception\\NamespaceNotFoundException(code: 0): There are no commands defined in the \"ide-helper\" namespace. at /home/abdmalik/livewire-search-pagination/vendor/symfony/console/Application.php:622)
[stacktrace]
#0 /home/abdmalik/livewire-search-pagination/vendor/symfony/console/Application.php(673): Symfony\\Component\\Console\\Application->findNamespace()
#1 /home/abdmalik/livewire-search-pagination/vendor/symfony/console/Application.php(259): Symfony\\Component\\Console\\Application->find()
#2 /home/abdmalik/livewire-search-pagination/vendor/symfony/console/Application.php(171): Symfony\\Component\\Console\\Application->doRun()
#3 /home/abdmalik/livewire-search-pagination/vendor/laravel/framework/src/Illuminate/Console/Application.php(102): Symfony\\Component\\Console\\Application->run()
#4 /home/abdmalik/livewire-search-pagination/vendor/laravel/framework/src/Illuminate/Foundation/Console/Kernel.php(129): Illuminate\\Console\\Application->run()
#5 /home/abdmalik/livewire-search-pagination/artisan(37): Illuminate\\Foundation\\Console\\Kernel->handle()
#6 {main}
"} 
[2022-08-21 07:21:37] local.ERROR: There are no commands defined in the "ide-helper" namespace. {"exception":"[object] (Symfony\\Component\\Console\\Exception\\NamespaceNotFoundException(code: 0): There are no commands defined in the \"ide-helper\" namespace. at /home/abdmalik/livewire-search-pagination/vendor/symfony/console/Application.php:622)
[stacktrace]
#0 /home/abdmalik/livewire-search-pagination/vendor/symfony/console/Application.php(673): Symfony\\Component\\Console\\Application->findNamespace()
#1 /home/abdmalik/livewire-search-pagination/vendor/symfony/console/Application.php(259): Symfony\\Component\\Console\\Application->find()
#2 /home/abdmalik/livewire-search-pagination/vendor/symfony/console/Application.php(171): Symfony\\Component\\Console\\Application->doRun()
#3 /home/abdmalik/livewire-search-pagination/vendor/laravel/framework/src/Illuminate/Console/Application.php(102): Symfony\\Component\\Console\\Application->run()
#4 /home/abdmalik/livewire-search-pagination/vendor/laravel/framework/src/Illuminate/Foundation/Console/Kernel.php(129): Illuminate\\Console\\Application->run()
#5 /home/abdmalik/livewire-search-pagination/artisan(37): Illuminate\\Foundation\\Console\\Kernel->handle()
#6 {main}
"} 
[2022-08-21 07:32:04] local.ERROR: There are no commands defined in the "ide-helper" namespace. {"exception":"[object] (Symfony\\Component\\Console\\Exception\\NamespaceNotFoundException(code: 0): There are no commands defined in the \"ide-helper\" namespace. at /home/abdmalik/livewire-search-pagination/vendor/symfony/console/Application.php:622)
[stacktrace]
#0 /home/abdmalik/livewire-search-pagination/vendor/symfony/console/Application.php(673): Symfony\\Component\\Console\\Application->findNamespace()
#1 /home/abdmalik/livewire-search-pagination/vendor/symfony/console/Application.php(259): Symfony\\Component\\Console\\Application->find()
#2 /home/abdmalik/livewire-search-pagination/vendor/symfony/console/Application.php(171): Symfony\\Component\\Console\\Application->doRun()
#3 /home/abdmalik/livewire-search-pagination/vendor/laravel/framework/src/Illuminate/Console/Application.php(102): Symfony\\Component\\Console\\Application->run()
#4 /home/abdmalik/livewire-search-pagination/vendor/laravel/framework/src/Illuminate/Foundation/Console/Kernel.php(129): Illuminate\\Console\\Application->run()
#5 /home/abdmalik/livewire-search-pagination/artisan(37): Illuminate\\Foundation\\Console\\Kernel->handle()
#6 {main}
"} 
[2022-08-21 07:32:04] local.ERROR: There are no commands defined in the "ide-helper" namespace. {"exception":"[object] (Symfony\\Component\\Console\\Exception\\NamespaceNotFoundException(code: 0): There are no commands defined in the \"ide-helper\" namespace. at /home/abdmalik/livewire-search-pagination/vendor/symfony/console/Application.php:622)
[stacktrace]
#0 /home/abdmalik/livewire-search-pagination/vendor/symfony/console/Application.php(673): Symfony\\Component\\Console\\Application->findNamespace()
#1 /home/abdmalik/livewire-search-pagination/vendor/symfony/console/Application.php(259): Symfony\\Component\\Console\\Application->find()
#2 /home/abdmalik/livewire-search-pagination/vendor/symfony/console/Application.php(171): Symfony\\Component\\Console\\Application->doRun()
#3 /home/abdmalik/livewire-search-pagination/vendor/laravel/framework/src/Illuminate/Console/Application.php(102): Symfony\\Component\\Console\\Application->run()
#4 /home/abdmalik/livewire-search-pagination/vendor/laravel/framework/src/Illuminate/Foundation/Console/Kernel.php(129): Illuminate\\Console\\Application->run()
#5 /home/abdmalik/livewire-search-pagination/artisan(37): Illuminate\\Foundation\\Console\\Kernel->handle()
#6 {main}
"} 
[2022-08-21 13:15:55] local.ERROR: There are no commands defined in the "ide-helper" namespace. {"exception":"[object] (Symfony\\Component\\Console\\Exception\\NamespaceNotFoundException(code: 0): There are no commands defined in the \"ide-helper\" namespace. at /home/abdmalik/livewire-search-pagination/vendor/symfony/console/Application.php:622)
[stacktrace]
#0 /home/abdmalik/livewire-search-pagination/vendor/symfony/console/Application.php(673): Symfony\\Component\\Console\\Application->findNamespace()
#1 /home/abdmalik/livewire-search-pagination/vendor/symfony/console/Application.php(259): Symfony\\Component\\Console\\Application->find()
#2 /home/abdmalik/livewire-search-pagination/vendor/symfony/console/Application.php(171): Symfony\\Component\\Console\\Application->doRun()
#3 /home/abdmalik/livewire-search-pagination/vendor/laravel/framework/src/Illuminate/Console/Application.php(102): Symfony\\Component\\Console\\Application->run()
#4 /home/abdmalik/livewire-search-pagination/vendor/laravel/framework/src/Illuminate/Foundation/Console/Kernel.php(129): Illuminate\\Console\\Application->run()
#5 /home/abdmalik/livewire-search-pagination/artisan(37): Illuminate\\Foundation\\Console\\Kernel->handle()
#6 {main}
"} 
[2022-08-21 13:18:19] local.ERROR: There are no commands defined in the "ide-helper" namespace. {"exception":"[object] (Symfony\\Component\\Console\\Exception\\NamespaceNotFoundException(code: 0): There are no commands defined in the \"ide-helper\" namespace. at /home/abdmalik/livewire-search-pagination/vendor/symfony/console/Application.php:622)
[stacktrace]
#0 /home/abdmalik/livewire-search-pagination/vendor/symfony/console/Application.php(673): Symfony\\Component\\Console\\Application->findNamespace()
#1 /home/abdmalik/livewire-search-pagination/vendor/symfony/console/Application.php(259): Symfony\\Component\\Console\\Application->find()
#2 /home/abdmalik/livewire-search-pagination/vendor/symfony/console/Application.php(171): Symfony\\Component\\Console\\Application->doRun()
#3 /home/abdmalik/livewire-search-pagination/vendor/laravel/framework/src/Illuminate/Console/Application.php(102): Symfony\\Component\\Console\\Application->run()
#4 /home/abdmalik/livewire-search-pagination/vendor/laravel/framework/src/Illuminate/Foundation/Console/Kernel.php(129): Illuminate\\Console\\Application->run()
#5 /home/abdmalik/livewire-search-pagination/artisan(37): Illuminate\\Foundation\\Console\\Kernel->handle()
#6 {main}
"} 
[2022-08-21 13:19:09] local.ERROR: There are no commands defined in the "ide-helper" namespace. {"exception":"[object] (Symfony\\Component\\Console\\Exception\\NamespaceNotFoundException(code: 0): There are no commands defined in the \"ide-helper\" namespace. at /home/abdmalik/livewire-search-pagination/vendor/symfony/console/Application.php:622)
[stacktrace]
#0 /home/abdmalik/livewire-search-pagination/vendor/symfony/console/Application.php(673): Symfony\\Component\\Console\\Application->findNamespace()
#1 /home/abdmalik/livewire-search-pagination/vendor/symfony/console/Application.php(259): Symfony\\Component\\Console\\Application->find()
#2 /home/abdmalik/livewire-search-pagination/vendor/symfony/console/Application.php(171): Symfony\\Component\\Console\\Application->doRun()
#3 /home/abdmalik/livewire-search-pagination/vendor/laravel/framework/src/Illuminate/Console/Application.php(102): Symfony\\Component\\Console\\Application->run()
#4 /home/abdmalik/livewire-search-pagination/vendor/laravel/framework/src/Illuminate/Foundation/Console/Kernel.php(129): Illuminate\\Console\\Application->run()
#5 /home/abdmalik/livewire-search-pagination/artisan(37): Illuminate\\Foundation\\Console\\Kernel->handle()
#6 {main}
"} 
[2022-08-21 13:19:51] local.ERROR: Undefined variable $product {"view":{"view":"/home/abdmalik/livewire-search-pagination/resources/views/livewire/product-table.blade.php","data":[]},"exception":"[object] (Spatie\\LaravelIgnition\\Exceptions\\ViewException(code: 0): Undefined variable $product at /home/abdmalik/livewire-search-pagination/resources/views/livewire/product-table.blade.php:13)
[stacktrace]
#0 /home/abdmalik/livewire-search-pagination/vendor/laravel/framework/src/Illuminate/Foundation/Bootstrap/HandleExceptions.php(257): Illuminate\\Foundation\\Bootstrap\\HandleExceptions->handleError()
#1 /home/abdmalik/livewire-search-pagination/resources/views/livewire/product-table.blade.php(13): Illuminate\\Foundation\\Bootstrap\\HandleExceptions->Illuminate\\Foundation\\Bootstrap\\{closure}()
#2 /home/abdmalik/livewire-search-pagination/vendor/livewire/livewire/src/ComponentConcerns/RendersLivewireComponents.php(83): include('...')
#3 /home/abdmalik/livewire-search-pagination/vendor/livewire/livewire/src/ComponentConcerns/RendersLivewireComponents.php(84): App\\Http\\Livewire\\ProductTable->Livewire\\ComponentConcerns\\{closure}()
#4 /home/abdmalik/livewire-search-pagination/vendor/livewire/livewire/src/ComponentConcerns/RendersLivewireComponents.php(59): Livewire\\LivewireViewCompilerEngine->evaluatePath()
#5 /home/abdmalik/livewire-search-pagination/vendor/laravel/framework/src/Illuminate/View/View.php(139): Livewire\\LivewireViewCompilerEngine->get()
#6 /home/abdmalik/livewire-search-pagination/vendor/laravel/framework/src/Illuminate/View/View.php(122): Illuminate\\View\\View->getContents()
#7 /home/abdmalik/livewire-search-pagination/vendor/laravel/framework/src/Illuminate/View/View.php(91): Illuminate\\View\\View->renderContents()
#8 /home/abdmalik/livewire-search-pagination/vendor/livewire/livewire/src/Component.php(235): Illuminate\\View\\View->render()
#9 /home/abdmalik/livewire-search-pagination/vendor/livewire/livewire/src/HydrationMiddleware/RenderView.php(14): Livewire\\Component->output()
#10 /home/abdmalik/livewire-search-pagination/vendor/livewire/livewire/src/LifecycleManager.php(141): Livewire\\HydrationMiddleware\\RenderView::dehydrate()
#11 /home/abdmalik/livewire-search-pagination/vendor/livewire/livewire/src/LivewireManager.php(109): Livewire\\LifecycleManager->initialDehydrate()
#12 /home/abdmalik/livewire-search-pagination/vendor/laravel/framework/src/Illuminate/Support/Facades/Facade.php(338): Livewire\\LivewireManager->mount()
#13 /home/abdmalik/livewire-search-pagination/resources/views/products.blade.php(11): Illuminate\\Support\\Facades\\Facade::__callStatic()
#14 /home/abdmalik/livewire-search-pagination/vendor/laravel/framework/src/Illuminate/Filesystem/Filesystem.php(109): require('...')
#15 /home/abdmalik/livewire-search-pagination/vendor/laravel/framework/src/Illuminate/Filesystem/Filesystem.php(110): Illuminate\\Filesystem\\Filesystem::Illuminate\\Filesystem\\{closure}()
#16 /home/abdmalik/livewire-search-pagination/vendor/laravel/framework/src/Illuminate/View/Engines/PhpEngine.php(58): Illuminate\\Filesystem\\Filesystem->getRequire()
#17 /home/abdmalik/livewire-search-pagination/vendor/livewire/livewire/src/ComponentConcerns/RendersLivewireComponents.php(69): Illuminate\\View\\Engines\\PhpEngine->evaluatePath()
#18 /home/abdmalik/livewire-search-pagination/vendor/laravel/framework/src/Illuminate/View/Engines/CompilerEngine.php(61): Livewire\\LivewireViewCompilerEngine->evaluatePath()
#19 /home/abdmalik/livewire-search-pagination/vendor/livewire/livewire/src/ComponentConcerns/RendersLivewireComponents.php(35): Illuminate\\View\\Engines\\CompilerEngine->get()
#20 /home/abdmalik/livewire-search-pagination/vendor/laravel/framework/src/Illuminate/View/View.php(139): Livewire\\LivewireViewCompilerEngine->get()
#21 /home/abdmalik/livewire-search-pagination/vendor/laravel/framework/src/Illuminate/View/View.php(122): Illuminate\\View\\View->getContents()
#22 /home/abdmalik/livewire-search-pagination/vendor/laravel/framework/src/Illuminate/View/View.php(91): Illuminate\\View\\View->renderContents()
#23 /home/abdmalik/livewire-search-pagination/vendor/laravel/framework/src/Illuminate/Http/Response.php(69): Illuminate\\View\\View->render()
#24 /home/abdmalik/livewire-search-pagination/vendor/laravel/framework/src/Illuminate/Http/Response.php(35): Illuminate\\Http\\Response->setContent()
#25 /home/abdmalik/livewire-search-pagination/vendor/laravel/framework/src/Illuminate/Routing/Router.php(833): Illuminate\\Http\\Response->__construct()
#26 /home/abdmalik/livewire-search-pagination/vendor/laravel/framework/src/Illuminate/Routing/Router.php(802): Illuminate\\Routing\\Router::toResponse()
#27 /home/abdmalik/livewire-search-pagination/vendor/laravel/framework/src/Illuminate/Routing/Router.php(725): Illuminate\\Routing\\Router->prepareResponse()
#28 /home/abdmalik/livewire-search-pagination/vendor/laravel/framework/src/Illuminate/Pipeline/Pipeline.php(141): Illuminate\\Routing\\Router->Illuminate\\Routing\\{closure}()
#29 /home/abdmalik/livewire-search-pagination/vendor/laravel/framework/src/Illuminate/Routing/Middleware/SubstituteBindings.php(50): Illuminate\\Pipeline\\Pipeline->Illuminate\\Pipeline\\{closure}()
#30 /home/abdmalik/livewire-search-pagination/vendor/laravel/framework/src/Illuminate/Pipeline/Pipeline.php(180): Illuminate\\Routing\\Middleware\\SubstituteBindings->handle()
#31 /home/abdmalik/livewire-search-pagination/vendor/laravel/framework/src/Illuminate/Foundation/Http/Middleware/VerifyCsrfToken.php(78): Illuminate\\Pipeline\\Pipeline->Illuminate\\Pipeline\\{closure}()
#32 /home/abdmalik/livewire-search-pagination/vendor/laravel/framework/src/Illuminate/Pipeline/Pipeline.php(180): Illuminate\\Foundation\\Http\\Middleware\\VerifyCsrfToken->handle()
#33 /home/abdmalik/livewire-search-pagination/vendor/laravel/framework/src/Illuminate/View/Middleware/ShareErrorsFromSession.php(49): Illuminate\\Pipeline\\Pipeline->Illuminate\\Pipeline\\{closure}()
#34 /home/abdmalik/livewire-search-pagination/vendor/laravel/framework/src/Illuminate/Pipeline/Pipeline.php(180): Illuminate\\View\\Middleware\\ShareErrorsFromSession->handle()
#35 /home/abdmalik/livewire-search-pagination/vendor/laravel/framework/src/Illuminate/Session/Middleware/StartSession.php(121): Illuminate\\Pipeline\\Pipeline->Illuminate\\Pipeline\\{closure}()
#36 /home/abdmalik/livewire-search-pagination/vendor/laravel/framework/src/Illuminate/Session/Middleware/StartSession.php(64): Illuminate\\Session\\Middleware\\StartSession->handleStatefulRequest()
#37 /home/abdmalik/livewire-search-pagination/vendor/laravel/framework/src/Illuminate/Pipeline/Pipeline.php(180): Illuminate\\Session\\Middleware\\StartSession->handle()
#38 /home/abdmalik/livewire-search-pagination/vendor/laravel/framework/src/Illuminate/Cookie/Middleware/AddQueuedCookiesToResponse.php(37): Illuminate\\Pipeline\\Pipeline->Illuminate\\Pipeline\\{closure}()
#39 /home/abdmalik/livewire-search-pagination/vendor/laravel/framework/src/Illuminate/Pipeline/Pipeline.php(180): Illuminate\\Cookie\\Middleware\\AddQueuedCookiesToResponse->handle()
#40 /home/abdmalik/livewire-search-pagination/vendor/laravel/framework/src/Illuminate/Cookie/Middleware/EncryptCookies.php(67): Illuminate\\Pipeline\\Pipeline->Illuminate\\Pipeline\\{closure}()
#41 /home/abdmalik/livewire-search-pagination/vendor/laravel/framework/src/Illuminate/Pipeline/Pipeline.php(180): Illuminate\\Cookie\\Middleware\\EncryptCookies->handle()
#42 /home/abdmalik/livewire-search-pagination/vendor/laravel/framework/src/Illuminate/Pipeline/Pipeline.php(116): Illuminate\\Pipeline\\Pipeline->Illuminate\\Pipeline\\{closure}()
#43 /home/abdmalik/livewire-search-pagination/vendor/laravel/framework/src/Illuminate/Routing/Router.php(726): Illuminate\\Pipeline\\Pipeline->then()
#44 /home/abdmalik/livewire-search-pagination/vendor/laravel/framework/src/Illuminate/Routing/Router.php(703): Illuminate\\Routing\\Router->runRouteWithinStack()
#45 /home/abdmalik/livewire-search-pagination/vendor/laravel/framework/src/Illuminate/Routing/Router.php(667): Illuminate\\Routing\\Router->runRoute()
#46 /home/abdmalik/livewire-search-pagination/vendor/laravel/framework/src/Illuminate/Routing/Router.php(656): Illuminate\\Routing\\Router->dispatchToRoute()
#47 /home/abdmalik/livewire-search-pagination/vendor/laravel/framework/src/Illuminate/Foundation/Http/Kernel.php(167): Illuminate\\Routing\\Router->dispatch()
#48 /home/abdmalik/livewire-search-pagination/vendor/laravel/framework/src/Illuminate/Pipeline/Pipeline.php(141): Illuminate\\Foundation\\Http\\Kernel->Illuminate\\Foundation\\Http\\{closure}()
#49 /home/abdmalik/livewire-search-pagination/vendor/livewire/livewire/src/DisableBrowserCache.php(19): Illuminate\\Pipeline\\Pipeline->Illuminate\\Pipeline\\{closure}()
#50 /home/abdmalik/livewire-search-pagination/vendor/laravel/framework/src/Illuminate/Pipeline/Pipeline.php(180): Livewire\\DisableBrowserCache->handle()
#51 /home/abdmalik/livewire-search-pagination/vendor/laravel/framework/src/Illuminate/Foundation/Http/Middleware/TransformsRequest.php(21): Illuminate\\Pipeline\\Pipeline->Illuminate\\Pipeline\\{closure}()
#52 /home/abdmalik/livewire-search-pagination/vendor/laravel/framework/src/Illuminate/Foundation/Http/Middleware/ConvertEmptyStringsToNull.php(31): Illuminate\\Foundation\\Http\\Middleware\\TransformsRequest->handle()
#53 /home/abdmalik/livewire-search-pagination/vendor/laravel/framework/src/Illuminate/Pipeline/Pipeline.php(180): Illuminate\\Foundation\\Http\\Middleware\\ConvertEmptyStringsToNull->handle()
#54 /home/abdmalik/livewire-search-pagination/vendor/laravel/framework/src/Illuminate/Foundation/Http/Middleware/TransformsRequest.php(21): Illuminate\\Pipeline\\Pipeline->Illuminate\\Pipeline\\{closure}()
#55 /home/abdmalik/livewire-search-pagination/vendor/laravel/framework/src/Illuminate/Foundation/Http/Middleware/TrimStrings.php(40): Illuminate\\Foundation\\Http\\Middleware\\TransformsRequest->handle()
#56 /home/abdmalik/livewire-search-pagination/vendor/laravel/framework/src/Illuminate/Pipeline/Pipeline.php(180): Illuminate\\Foundation\\Http\\Middleware\\TrimStrings->handle()
#57 /home/abdmalik/livewire-search-pagination/vendor/laravel/framework/src/Illuminate/Foundation/Http/Middleware/ValidatePostSize.php(27): Illuminate\\Pipeline\\Pipeline->Illuminate\\Pipeline\\{closure}()
#58 /home/abdmalik/livewire-search-pagination/vendor/laravel/framework/src/Illuminate/Pipeline/Pipeline.php(180): Illuminate\\Foundation\\Http\\Middleware\\ValidatePostSize->handle()
#59 /home/abdmalik/livewire-search-pagination/vendor/laravel/framework/src/Illuminate/Foundation/Http/Middleware/PreventRequestsDuringMaintenance.php(86): Illuminate\\Pipeline\\Pipeline->Illuminate\\Pipeline\\{closure}()
#60 /home/abdmalik/livewire-search-pagination/vendor/laravel/framework/src/Illuminate/Pipeline/Pipeline.php(180): Illuminate\\Foundation\\Http\\Middleware\\PreventRequestsDuringMaintenance->handle()
#61 /home/abdmalik/livewire-search-pagination/vendor/laravel/framework/src/Illuminate/Http/Middleware/HandleCors.php(49): Illuminate\\Pipeline\\Pipeline->Illuminate\\Pipeline\\{closure}()
#62 /home/abdmalik/livewire-search-pagination/vendor/laravel/framework/src/Illuminate/Pipeline/Pipeline.php(180): Illuminate\\Http\\Middleware\\HandleCors->handle()
#63 /home/abdmalik/livewire-search-pagination/vendor/laravel/framework/src/Illuminate/Http/Middleware/TrustProxies.php(39): Illuminate\\Pipeline\\Pipeline->Illuminate\\Pipeline\\{closure}()
#64 /home/abdmalik/livewire-search-pagination/vendor/laravel/framework/src/Illuminate/Pipeline/Pipeline.php(180): Illuminate\\Http\\Middleware\\TrustProxies->handle()
#65 /home/abdmalik/livewire-search-pagination/vendor/laravel/framework/src/Illuminate/Pipeline/Pipeline.php(116): Illuminate\\Pipeline\\Pipeline->Illuminate\\Pipeline\\{closure}()
#66 /home/abdmalik/livewire-search-pagination/vendor/laravel/framework/src/Illuminate/Foundation/Http/Kernel.php(142): Illuminate\\Pipeline\\Pipeline->then()
#67 /home/abdmalik/livewire-search-pagination/vendor/laravel/framework/src/Illuminate/Foundation/Http/Kernel.php(111): Illuminate\\Foundation\\Http\\Kernel->sendRequestThroughRouter()
#68 /home/abdmalik/livewire-search-pagination/public/index.php(52): Illuminate\\Foundation\\Http\\Kernel->handle()
#69 /home/abdmalik/livewire-search-pagination/vendor/laravel/framework/src/Illuminate/Foundation/resources/server.php(16): require_once('...')
#70 {main}

[previous exception] [object] (ErrorException(code: 0): Undefined variable $product at /home/abdmalik/livewire-search-pagination/storage/framework/views/b1c5b051bc7a988872135aae656756c33b3d749f.php:13)
[stacktrace]
#0 /home/abdmalik/livewire-search-pagination/vendor/laravel/framework/src/Illuminate/Foundation/Bootstrap/HandleExceptions.php(257): Illuminate\\Foundation\\Bootstrap\\HandleExceptions->handleError()
#1 /home/abdmalik/livewire-search-pagination/storage/framework/views/b1c5b051bc7a988872135aae656756c33b3d749f.php(13): Illuminate\\Foundation\\Bootstrap\\HandleExceptions->Illuminate\\Foundation\\Bootstrap\\{closure}()
#2 /home/abdmalik/livewire-search-pagination/vendor/livewire/livewire/src/ComponentConcerns/RendersLivewireComponents.php(83): include('...')
#3 /home/abdmalik/livewire-search-pagination/vendor/livewire/livewire/src/ComponentConcerns/RendersLivewireComponents.php(84): App\\Http\\Livewire\\ProductTable->Livewire\\ComponentConcerns\\{closure}()
#4 /home/abdmalik/livewire-search-pagination/vendor/livewire/livewire/src/ComponentConcerns/RendersLivewireComponents.php(59): Livewire\\LivewireViewCompilerEngine->evaluatePath()
#5 /home/abdmalik/livewire-search-pagination/vendor/laravel/framework/src/Illuminate/View/View.php(139): Livewire\\LivewireViewCompilerEngine->get()
#6 /home/abdmalik/livewire-search-pagination/vendor/laravel/framework/src/Illuminate/View/View.php(122): Illuminate\\View\\View->getContents()
#7 /home/abdmalik/livewire-search-pagination/vendor/laravel/framework/src/Illuminate/View/View.php(91): Illuminate\\View\\View->renderContents()
#8 /home/abdmalik/livewire-search-pagination/vendor/livewire/livewire/src/Component.php(235): Illuminate\\View\\View->render()
#9 /home/abdmalik/livewire-search-pagination/vendor/livewire/livewire/src/HydrationMiddleware/RenderView.php(14): Livewire\\Component->output()
#10 /home/abdmalik/livewire-search-pagination/vendor/livewire/livewire/src/LifecycleManager.php(141): Livewire\\HydrationMiddleware\\RenderView::dehydrate()
#11 /home/abdmalik/livewire-search-pagination/vendor/livewire/livewire/src/LivewireManager.php(109): Livewire\\LifecycleManager->initialDehydrate()
#12 /home/abdmalik/livewire-search-pagination/vendor/laravel/framework/src/Illuminate/Support/Facades/Facade.php(338): Livewire\\LivewireManager->mount()
#13 /home/abdmalik/livewire-search-pagination/storage/framework/views/23a945e301a7a6eb1f69c6d58b09ecdbf9cf7478.php(12): Illuminate\\Support\\Facades\\Facade::__callStatic()
#14 /home/abdmalik/livewire-search-pagination/vendor/laravel/framework/src/Illuminate/Filesystem/Filesystem.php(109): require('...')
#15 /home/abdmalik/livewire-search-pagination/vendor/laravel/framework/src/Illuminate/Filesystem/Filesystem.php(110): Illuminate\\Filesystem\\Filesystem::Illuminate\\Filesystem\\{closure}()
#16 /home/abdmalik/livewire-search-pagination/vendor/laravel/framework/src/Illuminate/View/Engines/PhpEngine.php(58): Illuminate\\Filesystem\\Filesystem->getRequire()
#17 /home/abdmalik/livewire-search-pagination/vendor/livewire/livewire/src/ComponentConcerns/RendersLivewireComponents.php(69): Illuminate\\View\\Engines\\PhpEngine->evaluatePath()
#18 /home/abdmalik/livewire-search-pagination/vendor/laravel/framework/src/Illuminate/View/Engines/CompilerEngine.php(61): Livewire\\LivewireViewCompilerEngine->evaluatePath()
#19 /home/abdmalik/livewire-search-pagination/vendor/livewire/livewire/src/ComponentConcerns/RendersLivewireComponents.php(35): Illuminate\\View\\Engines\\CompilerEngine->get()
#20 /home/abdmalik/livewire-search-pagination/vendor/laravel/framework/src/Illuminate/View/View.php(139): Livewire\\LivewireViewCompilerEngine->get()
#21 /home/abdmalik/livewire-search-pagination/vendor/laravel/framework/src/Illuminate/View/View.php(122): Illuminate\\View\\View->getContents()
#22 /home/abdmalik/livewire-search-pagination/vendor/laravel/framework/src/Illuminate/View/View.php(91): Illuminate\\View\\View->renderContents()
#23 /home/abdmalik/livewire-search-pagination/vendor/laravel/framework/src/Illuminate/Http/Response.php(69): Illuminate\\View\\View->render()
#24 /home/abdmalik/livewire-search-pagination/vendor/laravel/framework/src/Illuminate/Http/Response.php(35): Illuminate\\Http\\Response->setContent()
#25 /home/abdmalik/livewire-search-pagination/vendor/laravel/framework/src/Illuminate/Routing/Router.php(833): Illuminate\\Http\\Response->__construct()
#26 /home/abdmalik/livewire-search-pagination/vendor/laravel/framework/src/Illuminate/Routing/Router.php(802): Illuminate\\Routing\\Router::toResponse()
#27 /home/abdmalik/livewire-search-pagination/vendor/laravel/framework/src/Illuminate/Routing/Router.php(725): Illuminate\\Routing\\Router->prepareResponse()
#28 /home/abdmalik/livewire-search-pagination/vendor/laravel/framework/src/Illuminate/Pipeline/Pipeline.php(141): Illuminate\\Routing\\Router->Illuminate\\Routing\\{closure}()
#29 /home/abdmalik/livewire-search-pagination/vendor/laravel/framework/src/Illuminate/Routing/Middleware/SubstituteBindings.php(50): Illuminate\\Pipeline\\Pipeline->Illuminate\\Pipeline\\{closure}()
#30 /home/abdmalik/livewire-search-pagination/vendor/laravel/framework/src/Illuminate/Pipeline/Pipeline.php(180): Illuminate\\Routing\\Middleware\\SubstituteBindings->handle()
#31 /home/abdmalik/livewire-search-pagination/vendor/laravel/framework/src/Illuminate/Foundation/Http/Middleware/VerifyCsrfToken.php(78): Illuminate\\Pipeline\\Pipeline->Illuminate\\Pipeline\\{closure}()
#32 /home/abdmalik/livewire-search-pagination/vendor/laravel/framework/src/Illuminate/Pipeline/Pipeline.php(180): Illuminate\\Foundation\\Http\\Middleware\\VerifyCsrfToken->handle()
#33 /home/abdmalik/livewire-search-pagination/vendor/laravel/framework/src/Illuminate/View/Middleware/ShareErrorsFromSession.php(49): Illuminate\\Pipeline\\Pipeline->Illuminate\\Pipeline\\{closure}()
#34 /home/abdmalik/livewire-search-pagination/vendor/laravel/framework/src/Illuminate/Pipeline/Pipeline.php(180): Illuminate\\View\\Middleware\\ShareErrorsFromSession->handle()
#35 /home/abdmalik/livewire-search-pagination/vendor/laravel/framework/src/Illuminate/Session/Middleware/StartSession.php(121): Illuminate\\Pipeline\\Pipeline->Illuminate\\Pipeline\\{closure}()
#36 /home/abdmalik/livewire-search-pagination/vendor/laravel/framework/src/Illuminate/Session/Middleware/StartSession.php(64): Illuminate\\Session\\Middleware\\StartSession->handleStatefulRequest()
#37 /home/abdmalik/livewire-search-pagination/vendor/laravel/framework/src/Illuminate/Pipeline/Pipeline.php(180): Illuminate\\Session\\Middleware\\StartSession->handle()
#38 /home/abdmalik/livewire-search-pagination/vendor/laravel/framework/src/Illuminate/Cookie/Middleware/AddQueuedCookiesToResponse.php(37): Illuminate\\Pipeline\\Pipeline->Illuminate\\Pipeline\\{closure}()
#39 /home/abdmalik/livewire-search-pagination/vendor/laravel/framework/src/Illuminate/Pipeline/Pipeline.php(180): Illuminate\\Cookie\\Middleware\\AddQueuedCookiesToResponse->handle()
#40 /home/abdmalik/livewire-search-pagination/vendor/laravel/framework/src/Illuminate/Cookie/Middleware/EncryptCookies.php(67): Illuminate\\Pipeline\\Pipeline->Illuminate\\Pipeline\\{closure}()
#41 /home/abdmalik/livewire-search-pagination/vendor/laravel/framework/src/Illuminate/Pipeline/Pipeline.php(180): Illuminate\\Cookie\\Middleware\\EncryptCookies->handle()
#42 /home/abdmalik/livewire-search-pagination/vendor/laravel/framework/src/Illuminate/Pipeline/Pipeline.php(116): Illuminate\\Pipeline\\Pipeline->Illuminate\\Pipeline\\{closure}()
#43 /home/abdmalik/livewire-search-pagination/vendor/laravel/framework/src/Illuminate/Routing/Router.php(726): Illuminate\\Pipeline\\Pipeline->then()
#44 /home/abdmalik/livewire-search-pagination/vendor/laravel/framework/src/Illuminate/Routing/Router.php(703): Illuminate\\Routing\\Router->runRouteWithinStack()
#45 /home/abdmalik/livewire-search-pagination/vendor/laravel/framework/src/Illuminate/Routing/Router.php(667): Illuminate\\Routing\\Router->runRoute()
#46 /home/abdmalik/livewire-search-pagination/vendor/laravel/framework/src/Illuminate/Routing/Router.php(656): Illuminate\\Routing\\Router->dispatchToRoute()
#47 /home/abdmalik/livewire-search-pagination/vendor/laravel/framework/src/Illuminate/Foundation/Http/Kernel.php(167): Illuminate\\Routing\\Router->dispatch()
#48 /home/abdmalik/livewire-search-pagination/vendor/laravel/framework/src/Illuminate/Pipeline/Pipeline.php(141): Illuminate\\Foundation\\Http\\Kernel->Illuminate\\Foundation\\Http\\{closure}()
#49 /home/abdmalik/livewire-search-pagination/vendor/livewire/livewire/src/DisableBrowserCache.php(19): Illuminate\\Pipeline\\Pipeline->Illuminate\\Pipeline\\{closure}()
#50 /home/abdmalik/livewire-search-pagination/vendor/laravel/framework/src/Illuminate/Pipeline/Pipeline.php(180): Livewire\\DisableBrowserCache->handle()
#51 /home/abdmalik/livewire-search-pagination/vendor/laravel/framework/src/Illuminate/Foundation/Http/Middleware/TransformsRequest.php(21): Illuminate\\Pipeline\\Pipeline->Illuminate\\Pipeline\\{closure}()
#52 /home/abdmalik/livewire-search-pagination/vendor/laravel/framework/src/Illuminate/Foundation/Http/Middleware/ConvertEmptyStringsToNull.php(31): Illuminate\\Foundation\\Http\\Middleware\\TransformsRequest->handle()
#53 /home/abdmalik/livewire-search-pagination/vendor/laravel/framework/src/Illuminate/Pipeline/Pipeline.php(180): Illuminate\\Foundation\\Http\\Middleware\\ConvertEmptyStringsToNull->handle()
#54 /home/abdmalik/livewire-search-pagination/vendor/laravel/framework/src/Illuminate/Foundation/Http/Middleware/TransformsRequest.php(21): Illuminate\\Pipeline\\Pipeline->Illuminate\\Pipeline\\{closure}()
#55 /home/abdmalik/livewire-search-pagination/vendor/laravel/framework/src/Illuminate/Foundation/Http/Middleware/TrimStrings.php(40): Illuminate\\Foundation\\Http\\Middleware\\TransformsRequest->handle()
#56 /home/abdmalik/livewire-search-pagination/vendor/laravel/framework/src/Illuminate/Pipeline/Pipeline.php(180): Illuminate\\Foundation\\Http\\Middleware\\TrimStrings->handle()
#57 /home/abdmalik/livewire-search-pagination/vendor/laravel/framework/src/Illuminate/Foundation/Http/Middleware/ValidatePostSize.php(27): Illuminate\\Pipeline\\Pipeline->Illuminate\\Pipeline\\{closure}()
#58 /home/abdmalik/livewire-search-pagination/vendor/laravel/framework/src/Illuminate/Pipeline/Pipeline.php(180): Illuminate\\Foundation\\Http\\Middleware\\ValidatePostSize->handle()
#59 /home/abdmalik/livewire-search-pagination/vendor/laravel/framework/src/Illuminate/Foundation/Http/Middleware/PreventRequestsDuringMaintenance.php(86): Illuminate\\Pipeline\\Pipeline->Illuminate\\Pipeline\\{closure}()
#60 /home/abdmalik/livewire-search-pagination/vendor/laravel/framework/src/Illuminate/Pipeline/Pipeline.php(180): Illuminate\\Foundation\\Http\\Middleware\\PreventRequestsDuringMaintenance->handle()
#61 /home/abdmalik/livewire-search-pagination/vendor/laravel/framework/src/Illuminate/Http/Middleware/HandleCors.php(49): Illuminate\\Pipeline\\Pipeline->Illuminate\\Pipeline\\{closure}()
#62 /home/abdmalik/livewire-search-pagination/vendor/laravel/framework/src/Illuminate/Pipeline/Pipeline.php(180): Illuminate\\Http\\Middleware\\HandleCors->handle()
#63 /home/abdmalik/livewire-search-pagination/vendor/laravel/framework/src/Illuminate/Http/Middleware/TrustProxies.php(39): Illuminate\\Pipeline\\Pipeline->Illuminate\\Pipeline\\{closure}()
#64 /home/abdmalik/livewire-search-pagination/vendor/laravel/framework/src/Illuminate/Pipeline/Pipeline.php(180): Illuminate\\Http\\Middleware\\TrustProxies->handle()
#65 /home/abdmalik/livewire-search-pagination/vendor/laravel/framework/src/Illuminate/Pipeline/Pipeline.php(116): Illuminate\\Pipeline\\Pipeline->Illuminate\\Pipeline\\{closure}()
#66 /home/abdmalik/livewire-search-pagination/vendor/laravel/framework/src/Illuminate/Foundation/Http/Kernel.php(142): Illuminate\\Pipeline\\Pipeline->then()
#67 /home/abdmalik/livewire-search-pagination/vendor/laravel/framework/src/Illuminate/Foundation/Http/Kernel.php(111): Illuminate\\Foundation\\Http\\Kernel->sendRequestThroughRouter()
#68 /home/abdmalik/livewire-search-pagination/public/index.php(52): Illuminate\\Foundation\\Http\\Kernel->handle()
#69 /home/abdmalik/livewire-search-pagination/vendor/laravel/framework/src/Illuminate/Foundation/resources/server.php(16): require_once('...')
#70 {main}
"} 
[2022-08-21 13:21:12] local.ERROR: There are no commands defined in the "ide-helper" namespace. {"exception":"[object] (Symfony\\Component\\Console\\Exception\\NamespaceNotFoundException(code: 0): There are no commands defined in the \"ide-helper\" namespace. at /home/abdmalik/livewire-search-pagination/vendor/symfony/console/Application.php:622)
[stacktrace]
#0 /home/abdmalik/livewire-search-pagination/vendor/symfony/console/Application.php(673): Symfony\\Component\\Console\\Application->findNamespace()
#1 /home/abdmalik/livewire-search-pagination/vendor/symfony/console/Application.php(259): Symfony\\Component\\Console\\Application->find()
#2 /home/abdmalik/livewire-search-pagination/vendor/symfony/console/Application.php(171): Symfony\\Component\\Console\\Application->doRun()
#3 /home/abdmalik/livewire-search-pagination/vendor/laravel/framework/src/Illuminate/Console/Application.php(102): Symfony\\Component\\Console\\Application->run()
#4 /home/abdmalik/livewire-search-pagination/vendor/laravel/framework/src/Illuminate/Foundation/Console/Kernel.php(129): Illuminate\\Console\\Application->run()
#5 /home/abdmalik/livewire-search-pagination/artisan(37): Illuminate\\Foundation\\Console\\Kernel->handle()
#6 {main}
"} 
[2022-08-21 13:22:36] local.ERROR: There are no commands defined in the "ide-helper" namespace. {"exception":"[object] (Symfony\\Component\\Console\\Exception\\NamespaceNotFoundException(code: 0): There are no commands defined in the \"ide-helper\" namespace. at /home/abdmalik/livewire-search-pagination/vendor/symfony/console/Application.php:622)
[stacktrace]
#0 /home/abdmalik/livewire-search-pagination/vendor/symfony/console/Application.php(673): Symfony\\Component\\Console\\Application->findNamespace()
#1 /home/abdmalik/livewire-search-pagination/vendor/symfony/console/Application.php(259): Symfony\\Component\\Console\\Application->find()
#2 /home/abdmalik/livewire-search-pagination/vendor/symfony/console/Application.php(171): Symfony\\Component\\Console\\Application->doRun()
#3 /home/abdmalik/livewire-search-pagination/vendor/laravel/framework/src/Illuminate/Console/Application.php(102): Symfony\\Component\\Console\\Application->run()
#4 /home/abdmalik/livewire-search-pagination/vendor/laravel/framework/src/Illuminate/Foundation/Console/Kernel.php(129): Illuminate\\Console\\Application->run()
#5 /home/abdmalik/livewire-search-pagination/artisan(37): Illuminate\\Foundation\\Console\\Kernel->handle()
#6 {main}
"} 
[2022-08-21 13:23:48] local.ERROR: There are no commands defined in the "ide-helper" namespace. {"exception":"[object] (Symfony\\Component\\Console\\Exception\\NamespaceNotFoundException(code: 0): There are no commands defined in the \"ide-helper\" namespace. at /home/abdmalik/livewire-search-pagination/vendor/symfony/console/Application.php:622)
[stacktrace]
#0 /home/abdmalik/livewire-search-pagination/vendor/symfony/console/Application.php(673): Symfony\\Component\\Console\\Application->findNamespace()
#1 /home/abdmalik/livewire-search-pagination/vendor/symfony/console/Application.php(259): Symfony\\Component\\Console\\Application->find()
#2 /home/abdmalik/livewire-search-pagination/vendor/symfony/console/Application.php(171): Symfony\\Component\\Console\\Application->doRun()
#3 /home/abdmalik/livewire-search-pagination/vendor/laravel/framework/src/Illuminate/Console/Application.php(102): Symfony\\Component\\Console\\Application->run()
#4 /home/abdmalik/livewire-search-pagination/vendor/laravel/framework/src/Illuminate/Foundation/Console/Kernel.php(129): Illuminate\\Console\\Application->run()
#5 /home/abdmalik/livewire-search-pagination/artisan(37): Illuminate\\Foundation\\Console\\Kernel->handle()
#6 {main}
"} 
[2022-08-21 13:24:10] local.ERROR: There are no commands defined in the "ide-helper" namespace. {"exception":"[object] (Symfony\\Component\\Console\\Exception\\NamespaceNotFoundException(code: 0): There are no commands defined in the \"ide-helper\" namespace. at /home/abdmalik/livewire-search-pagination/vendor/symfony/console/Application.php:622)
[stacktrace]
#0 /home/abdmalik/livewire-search-pagination/vendor/symfony/console/Application.php(673): Symfony\\Component\\Console\\Application->findNamespace()
#1 /home/abdmalik/livewire-search-pagination/vendor/symfony/console/Application.php(259): Symfony\\Component\\Console\\Application->find()
#2 /home/abdmalik/livewire-search-pagination/vendor/symfony/console/Application.php(171): Symfony\\Component\\Console\\Application->doRun()
#3 /home/abdmalik/livewire-search-pagination/vendor/laravel/framework/src/Illuminate/Console/Application.php(102): Symfony\\Component\\Console\\Application->run()
#4 /home/abdmalik/livewire-search-pagination/vendor/laravel/framework/src/Illuminate/Foundation/Console/Kernel.php(129): Illuminate\\Console\\Application->run()
#5 /home/abdmalik/livewire-search-pagination/artisan(37): Illuminate\\Foundation\\Console\\Kernel->handle()
#6 {main}
"} 
[2022-08-21 13:24:22] local.ERROR: There are no commands defined in the "ide-helper" namespace. {"exception":"[object] (Symfony\\Component\\Console\\Exception\\NamespaceNotFoundException(code: 0): There are no commands defined in the \"ide-helper\" namespace. at /home/abdmalik/livewire-search-pagination/vendor/symfony/console/Application.php:622)
[stacktrace]
#0 /home/abdmalik/livewire-search-pagination/vendor/symfony/console/Application.php(673): Symfony\\Component\\Console\\Application->findNamespace()
#1 /home/abdmalik/livewire-search-pagination/vendor/symfony/console/Application.php(259): Symfony\\Component\\Console\\Application->find()
#2 /home/abdmalik/livewire-search-pagination/vendor/symfony/console/Application.php(171): Symfony\\Component\\Console\\Application->doRun()
#3 /home/abdmalik/livewire-search-pagination/vendor/laravel/framework/src/Illuminate/Console/Application.php(102): Symfony\\Component\\Console\\Application->run()
#4 /home/abdmalik/livewire-search-pagination/vendor/laravel/framework/src/Illuminate/Foundation/Console/Kernel.php(129): Illuminate\\Console\\Application->run()
#5 /home/abdmalik/livewire-search-pagination/artisan(37): Illuminate\\Foundation\\Console\\Kernel->handle()
#6 {main}
"} 
[2022-08-21 13:26:11] local.ERROR: There are no commands defined in the "ide-helper" namespace. {"exception":"[object] (Symfony\\Component\\Console\\Exception\\NamespaceNotFoundException(code: 0): There are no commands defined in the \"ide-helper\" namespace. at /home/abdmalik/livewire-search-pagination/vendor/symfony/console/Application.php:622)
[stacktrace]
#0 /home/abdmalik/livewire-search-pagination/vendor/symfony/console/Application.php(673): Symfony\\Component\\Console\\Application->findNamespace()
#1 /home/abdmalik/livewire-search-pagination/vendor/symfony/console/Application.php(259): Symfony\\Component\\Console\\Application->find()
#2 /home/abdmalik/livewire-search-pagination/vendor/symfony/console/Application.php(171): Symfony\\Component\\Console\\Application->doRun()
#3 /home/abdmalik/livewire-search-pagination/vendor/laravel/framework/src/Illuminate/Console/Application.php(102): Symfony\\Component\\Console\\Application->run()
#4 /home/abdmalik/livewire-search-pagination/vendor/laravel/framework/src/Illuminate/Foundation/Console/Kernel.php(129): Illuminate\\Console\\Application->run()
#5 /home/abdmalik/livewire-search-pagination/artisan(37): Illuminate\\Foundation\\Console\\Kernel->handle()
#6 {main}
"} 
[2022-08-21 13:36:19] local.ERROR: There are no commands defined in the "ide-helper" namespace. {"exception":"[object] (Symfony\\Component\\Console\\Exception\\NamespaceNotFoundException(code: 0): There are no commands defined in the \"ide-helper\" namespace. at /home/abdmalik/livewire-search-pagination/vendor/symfony/console/Application.php:622)
[stacktrace]
#0 /home/abdmalik/livewire-search-pagination/vendor/symfony/console/Application.php(673): Symfony\\Component\\Console\\Application->findNamespace()
#1 /home/abdmalik/livewire-search-pagination/vendor/symfony/console/Application.php(259): Symfony\\Component\\Console\\Application->find()
#2 /home/abdmalik/livewire-search-pagination/vendor/symfony/console/Application.php(171): Symfony\\Component\\Console\\Application->doRun()
#3 /home/abdmalik/livewire-search-pagination/vendor/laravel/framework/src/Illuminate/Console/Application.php(102): Symfony\\Component\\Console\\Application->run()
#4 /home/abdmalik/livewire-search-pagination/vendor/laravel/framework/src/Illuminate/Foundation/Console/Kernel.php(129): Illuminate\\Console\\Application->run()
#5 /home/abdmalik/livewire-search-pagination/artisan(37): Illuminate\\Foundation\\Console\\Kernel->handle()
#6 {main}
"} 
[2022-08-21 13:37:18] local.ERROR: There are no commands defined in the "ide-helper" namespace. {"exception":"[object] (Symfony\\Component\\Console\\Exception\\NamespaceNotFoundException(code: 0): There are no commands defined in the \"ide-helper\" namespace. at /home/abdmalik/livewire-search-pagination/vendor/symfony/console/Application.php:622)
[stacktrace]
#0 /home/abdmalik/livewire-search-pagination/vendor/symfony/console/Application.php(673): Symfony\\Component\\Console\\Application->findNamespace()
#1 /home/abdmalik/livewire-search-pagination/vendor/symfony/console/Application.php(259): Symfony\\Component\\Console\\Application->find()
#2 /home/abdmalik/livewire-search-pagination/vendor/symfony/console/Application.php(171): Symfony\\Component\\Console\\Application->doRun()
#3 /home/abdmalik/livewire-search-pagination/vendor/laravel/framework/src/Illuminate/Console/Application.php(102): Symfony\\Component\\Console\\Application->run()
#4 /home/abdmalik/livewire-search-pagination/vendor/laravel/framework/src/Illuminate/Foundation/Console/Kernel.php(129): Illuminate\\Console\\Application->run()
#5 /home/abdmalik/livewire-search-pagination/artisan(37): Illuminate\\Foundation\\Console\\Kernel->handle()
#6 {main}
"} 
[2022-08-21 13:37:35] local.ERROR: There are no commands defined in the "ide-helper" namespace. {"exception":"[object] (Symfony\\Component\\Console\\Exception\\NamespaceNotFoundException(code: 0): There are no commands defined in the \"ide-helper\" namespace. at /home/abdmalik/livewire-search-pagination/vendor/symfony/console/Application.php:622)
[stacktrace]
#0 /home/abdmalik/livewire-search-pagination/vendor/symfony/console/Application.php(673): Symfony\\Component\\Console\\Application->findNamespace()
#1 /home/abdmalik/livewire-search-pagination/vendor/symfony/console/Application.php(259): Symfony\\Component\\Console\\Application->find()
#2 /home/abdmalik/livewire-search-pagination/vendor/symfony/console/Application.php(171): Symfony\\Component\\Console\\Application->doRun()
#3 /home/abdmalik/livewire-search-pagination/vendor/laravel/framework/src/Illuminate/Console/Application.php(102): Symfony\\Component\\Console\\Application->run()
#4 /home/abdmalik/livewire-search-pagination/vendor/laravel/framework/src/Illuminate/Foundation/Console/Kernel.php(129): Illuminate\\Console\\Application->run()
#5 /home/abdmalik/livewire-search-pagination/artisan(37): Illuminate\\Foundation\\Console\\Kernel->handle()
#6 {main}
"} 
[2022-08-21 13:37:40] local.ERROR: There are no commands defined in the "ide-helper" namespace. {"exception":"[object] (Symfony\\Component\\Console\\Exception\\NamespaceNotFoundException(code: 0): There are no commands defined in the \"ide-helper\" namespace. at /home/abdmalik/livewire-search-pagination/vendor/symfony/console/Application.php:622)
[stacktrace]
#0 /home/abdmalik/livewire-search-pagination/vendor/symfony/console/Application.php(673): Symfony\\Component\\Console\\Application->findNamespace()
#1 /home/abdmalik/livewire-search-pagination/vendor/symfony/console/Application.php(259): Symfony\\Component\\Console\\Application->find()
#2 /home/abdmalik/livewire-search-pagination/vendor/symfony/console/Application.php(171): Symfony\\Component\\Console\\Application->doRun()
#3 /home/abdmalik/livewire-search-pagination/vendor/laravel/framework/src/Illuminate/Console/Application.php(102): Symfony\\Component\\Console\\Application->run()
#4 /home/abdmalik/livewire-search-pagination/vendor/laravel/framework/src/Illuminate/Foundation/Console/Kernel.php(129): Illuminate\\Console\\Application->run()
#5 /home/abdmalik/livewire-search-pagination/artisan(37): Illuminate\\Foundation\\Console\\Kernel->handle()
#6 {main}
"} 
[2022-08-21 13:41:12] local.ERROR: Attempt to read property "id" on array {"exception":"[object] (ErrorException(code: 0): Attempt to read property \"id\" on array at /home/abdmalik/livewire-search-pagination/app/Http/Livewire/ProductTable.php:34)
[stacktrace]
#0 /home/abdmalik/livewire-search-pagination/vendor/laravel/framework/src/Illuminate/Foundation/Bootstrap/HandleExceptions.php(257): Illuminate\\Foundation\\Bootstrap\\HandleExceptions->handleError()
#1 /home/abdmalik/livewire-search-pagination/app/Http/Livewire/ProductTable.php(34): Illuminate\\Foundation\\Bootstrap\\HandleExceptions->Illuminate\\Foundation\\Bootstrap\\{closure}()
#2 /home/abdmalik/livewire-search-pagination/vendor/laravel/framework/src/Illuminate/Container/BoundMethod.php(36): App\\Http\\Livewire\\ProductTable->editProduct()
#3 /home/abdmalik/livewire-search-pagination/vendor/laravel/framework/src/Illuminate/Container/Util.php(41): Illuminate\\Container\\BoundMethod::Illuminate\\Container\\{closure}()
#4 /home/abdmalik/livewire-search-pagination/vendor/laravel/framework/src/Illuminate/Container/BoundMethod.php(93): Illuminate\\Container\\Util::unwrapIfClosure()
#5 /home/abdmalik/livewire-search-pagination/vendor/laravel/framework/src/Illuminate/Container/BoundMethod.php(37): Illuminate\\Container\\BoundMethod::callBoundMethod()
#6 /home/abdmalik/livewire-search-pagination/vendor/livewire/livewire/src/ComponentConcerns/HandlesActions.php(149): Illuminate\\Container\\BoundMethod::call()
#7 /home/abdmalik/livewire-search-pagination/vendor/livewire/livewire/src/HydrationMiddleware/PerformActionCalls.php(38): Livewire\\Component->callMethod()
#8 /home/abdmalik/livewire-search-pagination/vendor/livewire/livewire/src/LifecycleManager.php(89): Livewire\\HydrationMiddleware\\PerformActionCalls::hydrate()
#9 /home/abdmalik/livewire-search-pagination/vendor/livewire/livewire/src/Connection/ConnectionHandler.php(13): Livewire\\LifecycleManager->hydrate()
#10 /home/abdmalik/livewire-search-pagination/vendor/livewire/livewire/src/Controllers/HttpConnectionHandler.php(20): Livewire\\Connection\\ConnectionHandler->handle()
#11 /home/abdmalik/livewire-search-pagination/vendor/laravel/framework/src/Illuminate/Routing/ControllerDispatcher.php(48): Livewire\\Controllers\\HttpConnectionHandler->__invoke()
#12 /home/abdmalik/livewire-search-pagination/vendor/laravel/framework/src/Illuminate/Routing/Route.php(261): Illuminate\\Routing\\ControllerDispatcher->dispatch()
#13 /home/abdmalik/livewire-search-pagination/vendor/laravel/framework/src/Illuminate/Routing/Route.php(204): Illuminate\\Routing\\Route->runController()
#14 /home/abdmalik/livewire-search-pagination/vendor/laravel/framework/src/Illuminate/Routing/Router.php(725): Illuminate\\Routing\\Route->run()
#15 /home/abdmalik/livewire-search-pagination/vendor/laravel/framework/src/Illuminate/Pipeline/Pipeline.php(141): Illuminate\\Routing\\Router->Illuminate\\Routing\\{closure}()
#16 /home/abdmalik/livewire-search-pagination/vendor/laravel/framework/src/Illuminate/Routing/Middleware/SubstituteBindings.php(50): Illuminate\\Pipeline\\Pipeline->Illuminate\\Pipeline\\{closure}()
#17 /home/abdmalik/livewire-search-pagination/vendor/laravel/framework/src/Illuminate/Pipeline/Pipeline.php(180): Illuminate\\Routing\\Middleware\\SubstituteBindings->handle()
#18 /home/abdmalik/livewire-search-pagination/vendor/laravel/framework/src/Illuminate/Foundation/Http/Middleware/VerifyCsrfToken.php(78): Illuminate\\Pipeline\\Pipeline->Illuminate\\Pipeline\\{closure}()
#19 /home/abdmalik/livewire-search-pagination/vendor/laravel/framework/src/Illuminate/Pipeline/Pipeline.php(180): Illuminate\\Foundation\\Http\\Middleware\\VerifyCsrfToken->handle()
#20 /home/abdmalik/livewire-search-pagination/vendor/laravel/framework/src/Illuminate/View/Middleware/ShareErrorsFromSession.php(49): Illuminate\\Pipeline\\Pipeline->Illuminate\\Pipeline\\{closure}()
#21 /home/abdmalik/livewire-search-pagination/vendor/laravel/framework/src/Illuminate/Pipeline/Pipeline.php(180): Illuminate\\View\\Middleware\\ShareErrorsFromSession->handle()
#22 /home/abdmalik/livewire-search-pagination/vendor/laravel/framework/src/Illuminate/Session/Middleware/StartSession.php(121): Illuminate\\Pipeline\\Pipeline->Illuminate\\Pipeline\\{closure}()
#23 /home/abdmalik/livewire-search-pagination/vendor/laravel/framework/src/Illuminate/Session/Middleware/StartSession.php(64): Illuminate\\Session\\Middleware\\StartSession->handleStatefulRequest()
#24 /home/abdmalik/livewire-search-pagination/vendor/laravel/framework/src/Illuminate/Pipeline/Pipeline.php(180): Illuminate\\Session\\Middleware\\StartSession->handle()
#25 /home/abdmalik/livewire-search-pagination/vendor/laravel/framework/src/Illuminate/Cookie/Middleware/AddQueuedCookiesToResponse.php(37): Illuminate\\Pipeline\\Pipeline->Illuminate\\Pipeline\\{closure}()
#26 /home/abdmalik/livewire-search-pagination/vendor/laravel/framework/src/Illuminate/Pipeline/Pipeline.php(180): Illuminate\\Cookie\\Middleware\\AddQueuedCookiesToResponse->handle()
#27 /home/abdmalik/livewire-search-pagination/vendor/laravel/framework/src/Illuminate/Cookie/Middleware/EncryptCookies.php(67): Illuminate\\Pipeline\\Pipeline->Illuminate\\Pipeline\\{closure}()
#28 /home/abdmalik/livewire-search-pagination/vendor/laravel/framework/src/Illuminate/Pipeline/Pipeline.php(180): Illuminate\\Cookie\\Middleware\\EncryptCookies->handle()
#29 /home/abdmalik/livewire-search-pagination/vendor/laravel/framework/src/Illuminate/Pipeline/Pipeline.php(116): Illuminate\\Pipeline\\Pipeline->Illuminate\\Pipeline\\{closure}()
#30 /home/abdmalik/livewire-search-pagination/vendor/laravel/framework/src/Illuminate/Routing/Router.php(726): Illuminate\\Pipeline\\Pipeline->then()
#31 /home/abdmalik/livewire-search-pagination/vendor/laravel/framework/src/Illuminate/Routing/Router.php(703): Illuminate\\Routing\\Router->runRouteWithinStack()
#32 /home/abdmalik/livewire-search-pagination/vendor/laravel/framework/src/Illuminate/Routing/Router.php(667): Illuminate\\Routing\\Router->runRoute()
#33 /home/abdmalik/livewire-search-pagination/vendor/laravel/framework/src/Illuminate/Routing/Router.php(656): Illuminate\\Routing\\Router->dispatchToRoute()
#34 /home/abdmalik/livewire-search-pagination/vendor/laravel/framework/src/Illuminate/Foundation/Http/Kernel.php(167): Illuminate\\Routing\\Router->dispatch()
#35 /home/abdmalik/livewire-search-pagination/vendor/laravel/framework/src/Illuminate/Pipeline/Pipeline.php(141): Illuminate\\Foundation\\Http\\Kernel->Illuminate\\Foundation\\Http\\{closure}()
#36 /home/abdmalik/livewire-search-pagination/vendor/livewire/livewire/src/DisableBrowserCache.php(19): Illuminate\\Pipeline\\Pipeline->Illuminate\\Pipeline\\{closure}()
#37 /home/abdmalik/livewire-search-pagination/vendor/laravel/framework/src/Illuminate/Pipeline/Pipeline.php(180): Livewire\\DisableBrowserCache->handle()
#38 /home/abdmalik/livewire-search-pagination/vendor/laravel/framework/src/Illuminate/Foundation/Http/Middleware/ConvertEmptyStringsToNull.php(27): Illuminate\\Pipeline\\Pipeline->Illuminate\\Pipeline\\{closure}()
#39 /home/abdmalik/livewire-search-pagination/vendor/laravel/framework/src/Illuminate/Pipeline/Pipeline.php(180): Illuminate\\Foundation\\Http\\Middleware\\ConvertEmptyStringsToNull->handle()
#40 /home/abdmalik/livewire-search-pagination/vendor/laravel/framework/src/Illuminate/Foundation/Http/Middleware/TrimStrings.php(36): Illuminate\\Pipeline\\Pipeline->Illuminate\\Pipeline\\{closure}()
#41 /home/abdmalik/livewire-search-pagination/vendor/laravel/framework/src/Illuminate/Pipeline/Pipeline.php(180): Illuminate\\Foundation\\Http\\Middleware\\TrimStrings->handle()
#42 /home/abdmalik/livewire-search-pagination/vendor/laravel/framework/src/Illuminate/Foundation/Http/Middleware/ValidatePostSize.php(27): Illuminate\\Pipeline\\Pipeline->Illuminate\\Pipeline\\{closure}()
#43 /home/abdmalik/livewire-search-pagination/vendor/laravel/framework/src/Illuminate/Pipeline/Pipeline.php(180): Illuminate\\Foundation\\Http\\Middleware\\ValidatePostSize->handle()
#44 /home/abdmalik/livewire-search-pagination/vendor/laravel/framework/src/Illuminate/Foundation/Http/Middleware/PreventRequestsDuringMaintenance.php(86): Illuminate\\Pipeline\\Pipeline->Illuminate\\Pipeline\\{closure}()
#45 /home/abdmalik/livewire-search-pagination/vendor/laravel/framework/src/Illuminate/Pipeline/Pipeline.php(180): Illuminate\\Foundation\\Http\\Middleware\\PreventRequestsDuringMaintenance->handle()
#46 /home/abdmalik/livewire-search-pagination/vendor/laravel/framework/src/Illuminate/Http/Middleware/HandleCors.php(49): Illuminate\\Pipeline\\Pipeline->Illuminate\\Pipeline\\{closure}()
#47 /home/abdmalik/livewire-search-pagination/vendor/laravel/framework/src/Illuminate/Pipeline/Pipeline.php(180): Illuminate\\Http\\Middleware\\HandleCors->handle()
#48 /home/abdmalik/livewire-search-pagination/vendor/laravel/framework/src/Illuminate/Http/Middleware/TrustProxies.php(39): Illuminate\\Pipeline\\Pipeline->Illuminate\\Pipeline\\{closure}()
#49 /home/abdmalik/livewire-search-pagination/vendor/laravel/framework/src/Illuminate/Pipeline/Pipeline.php(180): Illuminate\\Http\\Middleware\\TrustProxies->handle()
#50 /home/abdmalik/livewire-search-pagination/vendor/laravel/framework/src/Illuminate/Pipeline/Pipeline.php(116): Illuminate\\Pipeline\\Pipeline->Illuminate\\Pipeline\\{closure}()
#51 /home/abdmalik/livewire-search-pagination/vendor/laravel/framework/src/Illuminate/Foundation/Http/Kernel.php(142): Illuminate\\Pipeline\\Pipeline->then()
#52 /home/abdmalik/livewire-search-pagination/vendor/laravel/framework/src/Illuminate/Foundation/Http/Kernel.php(111): Illuminate\\Foundation\\Http\\Kernel->sendRequestThroughRouter()
#53 /home/abdmalik/livewire-search-pagination/public/index.php(52): Illuminate\\Foundation\\Http\\Kernel->handle()
#54 /home/abdmalik/livewire-search-pagination/vendor/laravel/framework/src/Illuminate/Foundation/resources/server.php(16): require_once('...')
#55 {main}
"} 
[2022-08-21 13:42:09] local.ERROR: There are no commands defined in the "ide-helper" namespace. {"exception":"[object] (Symfony\\Component\\Console\\Exception\\NamespaceNotFoundException(code: 0): There are no commands defined in the \"ide-helper\" namespace. at /home/abdmalik/livewire-search-pagination/vendor/symfony/console/Application.php:622)
[stacktrace]
#0 /home/abdmalik/livewire-search-pagination/vendor/symfony/console/Application.php(673): Symfony\\Component\\Console\\Application->findNamespace()
#1 /home/abdmalik/livewire-search-pagination/vendor/symfony/console/Application.php(259): Symfony\\Component\\Console\\Application->find()
#2 /home/abdmalik/livewire-search-pagination/vendor/symfony/console/Application.php(171): Symfony\\Component\\Console\\Application->doRun()
#3 /home/abdmalik/livewire-search-pagination/vendor/laravel/framework/src/Illuminate/Console/Application.php(102): Symfony\\Component\\Console\\Application->run()
#4 /home/abdmalik/livewire-search-pagination/vendor/laravel/framework/src/Illuminate/Foundation/Console/Kernel.php(129): Illuminate\\Console\\Application->run()
#5 /home/abdmalik/livewire-search-pagination/artisan(37): Illuminate\\Foundation\\Console\\Kernel->handle()
#6 {main}
"} 
[2022-08-21 13:43:29] local.ERROR: There are no commands defined in the "ide-helper" namespace. {"exception":"[object] (Symfony\\Component\\Console\\Exception\\NamespaceNotFoundException(code: 0): There are no commands defined in the \"ide-helper\" namespace. at /home/abdmalik/livewire-search-pagination/vendor/symfony/console/Application.php:622)
[stacktrace]
#0 /home/abdmalik/livewire-search-pagination/vendor/symfony/console/Application.php(673): Symfony\\Component\\Console\\Application->findNamespace()
#1 /home/abdmalik/livewire-search-pagination/vendor/symfony/console/Application.php(259): Symfony\\Component\\Console\\Application->find()
#2 /home/abdmalik/livewire-search-pagination/vendor/symfony/console/Application.php(171): Symfony\\Component\\Console\\Application->doRun()
#3 /home/abdmalik/livewire-search-pagination/vendor/laravel/framework/src/Illuminate/Console/Application.php(102): Symfony\\Component\\Console\\Application->run()
#4 /home/abdmalik/livewire-search-pagination/vendor/laravel/framework/src/Illuminate/Foundation/Console/Kernel.php(129): Illuminate\\Console\\Application->run()
#5 /home/abdmalik/livewire-search-pagination/artisan(37): Illuminate\\Foundation\\Console\\Kernel->handle()
#6 {main}
"} 
[2022-08-21 13:44:23] local.ERROR: There are no commands defined in the "ide-helper" namespace. {"exception":"[object] (Symfony\\Component\\Console\\Exception\\NamespaceNotFoundException(code: 0): There are no commands defined in the \"ide-helper\" namespace. at /home/abdmalik/livewire-search-pagination/vendor/symfony/console/Application.php:622)
[stacktrace]
#0 /home/abdmalik/livewire-search-pagination/vendor/symfony/console/Application.php(673): Symfony\\Component\\Console\\Application->findNamespace()
#1 /home/abdmalik/livewire-search-pagination/vendor/symfony/console/Application.php(259): Symfony\\Component\\Console\\Application->find()
#2 /home/abdmalik/livewire-search-pagination/vendor/symfony/console/Application.php(171): Symfony\\Component\\Console\\Application->doRun()
#3 /home/abdmalik/livewire-search-pagination/vendor/laravel/framework/src/Illuminate/Console/Application.php(102): Symfony\\Component\\Console\\Application->run()
#4 /home/abdmalik/livewire-search-pagination/vendor/laravel/framework/src/Illuminate/Foundation/Console/Kernel.php(129): Illuminate\\Console\\Application->run()
#5 /home/abdmalik/livewire-search-pagination/artisan(37): Illuminate\\Foundation\\Console\\Kernel->handle()
#6 {main}
"} 
[2022-08-21 13:44:53] local.ERROR: There are no commands defined in the "ide-helper" namespace. {"exception":"[object] (Symfony\\Component\\Console\\Exception\\NamespaceNotFoundException(code: 0): There are no commands defined in the \"ide-helper\" namespace. at /home/abdmalik/livewire-search-pagination/vendor/symfony/console/Application.php:622)
[stacktrace]
#0 /home/abdmalik/livewire-search-pagination/vendor/symfony/console/Application.php(673): Symfony\\Component\\Console\\Application->findNamespace()
#1 /home/abdmalik/livewire-search-pagination/vendor/symfony/console/Application.php(259): Symfony\\Component\\Console\\Application->find()
#2 /home/abdmalik/livewire-search-pagination/vendor/symfony/console/Application.php(171): Symfony\\Component\\Console\\Application->doRun()
#3 /home/abdmalik/livewire-search-pagination/vendor/laravel/framework/src/Illuminate/Console/Application.php(102): Symfony\\Component\\Console\\Application->run()
#4 /home/abdmalik/livewire-search-pagination/vendor/laravel/framework/src/Illuminate/Foundation/Console/Kernel.php(129): Illuminate\\Console\\Application->run()
#5 /home/abdmalik/livewire-search-pagination/artisan(37): Illuminate\\Foundation\\Console\\Kernel->handle()
#6 {main}
"} 
[2022-08-21 13:46:00] local.ERROR: There are no commands defined in the "ide-helper" namespace. {"exception":"[object] (Symfony\\Component\\Console\\Exception\\NamespaceNotFoundException(code: 0): There are no commands defined in the \"ide-helper\" namespace. at /home/abdmalik/livewire-search-pagination/vendor/symfony/console/Application.php:622)
[stacktrace]
#0 /home/abdmalik/livewire-search-pagination/vendor/symfony/console/Application.php(673): Symfony\\Component\\Console\\Application->findNamespace()
#1 /home/abdmalik/livewire-search-pagination/vendor/symfony/console/Application.php(259): Symfony\\Component\\Console\\Application->find()
#2 /home/abdmalik/livewire-search-pagination/vendor/symfony/console/Application.php(171): Symfony\\Component\\Console\\Application->doRun()
#3 /home/abdmalik/livewire-search-pagination/vendor/laravel/framework/src/Illuminate/Console/Application.php(102): Symfony\\Component\\Console\\Application->run()
#4 /home/abdmalik/livewire-search-pagination/vendor/laravel/framework/src/Illuminate/Foundation/Console/Kernel.php(129): Illuminate\\Console\\Application->run()
#5 /home/abdmalik/livewire-search-pagination/artisan(37): Illuminate\\Foundation\\Console\\Kernel->handle()
#6 {main}
"} 
[2022-08-21 13:47:34] local.ERROR: SQLSTATE[22003]: Numeric value out of range: 1264 Out of range value for column 'price' at row 1 (SQL: update `products` set `name` = et, `price` = 100000, `products`.`updated_at` = 2022-08-21 13:47:34 where `id` = 1) {"exception":"[object] (Illuminate\\Database\\QueryException(code: 22003): SQLSTATE[22003]: Numeric value out of range: 1264 Out of range value for column 'price' at row 1 (SQL: update `products` set `name` = et, `price` = 100000, `products`.`updated_at` = 2022-08-21 13:47:34 where `id` = 1) at /home/abdmalik/livewire-search-pagination/vendor/laravel/framework/src/Illuminate/Database/Connection.php:759)
[stacktrace]
#0 /home/abdmalik/livewire-search-pagination/vendor/laravel/framework/src/Illuminate/Database/Connection.php(719): Illuminate\\Database\\Connection->runQueryCallback()
#1 /home/abdmalik/livewire-search-pagination/vendor/laravel/framework/src/Illuminate/Database/Connection.php(576): Illuminate\\Database\\Connection->run()
#2 /home/abdmalik/livewire-search-pagination/vendor/laravel/framework/src/Illuminate/Database/Connection.php(509): Illuminate\\Database\\Connection->affectingStatement()
#3 /home/abdmalik/livewire-search-pagination/vendor/laravel/framework/src/Illuminate/Database/Query/Builder.php(3281): Illuminate\\Database\\Connection->update()
#4 /home/abdmalik/livewire-search-pagination/vendor/laravel/framework/src/Illuminate/Database/Eloquent/Builder.php(1000): Illuminate\\Database\\Query\\Builder->update()
#5 /home/abdmalik/livewire-search-pagination/app/Http/Livewire/ProductTable.php(43): Illuminate\\Database\\Eloquent\\Builder->update()
#6 /home/abdmalik/livewire-search-pagination/vendor/laravel/framework/src/Illuminate/Container/BoundMethod.php(36): App\\Http\\Livewire\\ProductTable->changeProduct()
#7 /home/abdmalik/livewire-search-pagination/vendor/laravel/framework/src/Illuminate/Container/Util.php(41): Illuminate\\Container\\BoundMethod::Illuminate\\Container\\{closure}()
#8 /home/abdmalik/livewire-search-pagination/vendor/laravel/framework/src/Illuminate/Container/BoundMethod.php(93): Illuminate\\Container\\Util::unwrapIfClosure()
#9 /home/abdmalik/livewire-search-pagination/vendor/laravel/framework/src/Illuminate/Container/BoundMethod.php(37): Illuminate\\Container\\BoundMethod::callBoundMethod()
#10 /home/abdmalik/livewire-search-pagination/vendor/livewire/livewire/src/ComponentConcerns/HandlesActions.php(149): Illuminate\\Container\\BoundMethod::call()
#11 /home/abdmalik/livewire-search-pagination/vendor/livewire/livewire/src/HydrationMiddleware/PerformActionCalls.php(38): Livewire\\Component->callMethod()
#12 /home/abdmalik/livewire-search-pagination/vendor/livewire/livewire/src/LifecycleManager.php(89): Livewire\\HydrationMiddleware\\PerformActionCalls::hydrate()
#13 /home/abdmalik/livewire-search-pagination/vendor/livewire/livewire/src/Connection/ConnectionHandler.php(13): Livewire\\LifecycleManager->hydrate()
#14 /home/abdmalik/livewire-search-pagination/vendor/livewire/livewire/src/Controllers/HttpConnectionHandler.php(20): Livewire\\Connection\\ConnectionHandler->handle()
#15 /home/abdmalik/livewire-search-pagination/vendor/laravel/framework/src/Illuminate/Routing/ControllerDispatcher.php(48): Livewire\\Controllers\\HttpConnectionHandler->__invoke()
#16 /home/abdmalik/livewire-search-pagination/vendor/laravel/framework/src/Illuminate/Routing/Route.php(261): Illuminate\\Routing\\ControllerDispatcher->dispatch()
#17 /home/abdmalik/livewire-search-pagination/vendor/laravel/framework/src/Illuminate/Routing/Route.php(204): Illuminate\\Routing\\Route->runController()
#18 /home/abdmalik/livewire-search-pagination/vendor/laravel/framework/src/Illuminate/Routing/Router.php(725): Illuminate\\Routing\\Route->run()
#19 /home/abdmalik/livewire-search-pagination/vendor/laravel/framework/src/Illuminate/Pipeline/Pipeline.php(141): Illuminate\\Routing\\Router->Illuminate\\Routing\\{closure}()
#20 /home/abdmalik/livewire-search-pagination/vendor/laravel/framework/src/Illuminate/Routing/Middleware/SubstituteBindings.php(50): Illuminate\\Pipeline\\Pipeline->Illuminate\\Pipeline\\{closure}()
#21 /home/abdmalik/livewire-search-pagination/vendor/laravel/framework/src/Illuminate/Pipeline/Pipeline.php(180): Illuminate\\Routing\\Middleware\\SubstituteBindings->handle()
#22 /home/abdmalik/livewire-search-pagination/vendor/laravel/framework/src/Illuminate/Foundation/Http/Middleware/VerifyCsrfToken.php(78): Illuminate\\Pipeline\\Pipeline->Illuminate\\Pipeline\\{closure}()
#23 /home/abdmalik/livewire-search-pagination/vendor/laravel/framework/src/Illuminate/Pipeline/Pipeline.php(180): Illuminate\\Foundation\\Http\\Middleware\\VerifyCsrfToken->handle()
#24 /home/abdmalik/livewire-search-pagination/vendor/laravel/framework/src/Illuminate/View/Middleware/ShareErrorsFromSession.php(49): Illuminate\\Pipeline\\Pipeline->Illuminate\\Pipeline\\{closure}()
#25 /home/abdmalik/livewire-search-pagination/vendor/laravel/framework/src/Illuminate/Pipeline/Pipeline.php(180): Illuminate\\View\\Middleware\\ShareErrorsFromSession->handle()
#26 /home/abdmalik/livewire-search-pagination/vendor/laravel/framework/src/Illuminate/Session/Middleware/StartSession.php(121): Illuminate\\Pipeline\\Pipeline->Illuminate\\Pipeline\\{closure}()
#27 /home/abdmalik/livewire-search-pagination/vendor/laravel/framework/src/Illuminate/Session/Middleware/StartSession.php(64): Illuminate\\Session\\Middleware\\StartSession->handleStatefulRequest()
#28 /home/abdmalik/livewire-search-pagination/vendor/laravel/framework/src/Illuminate/Pipeline/Pipeline.php(180): Illuminate\\Session\\Middleware\\StartSession->handle()
#29 /home/abdmalik/livewire-search-pagination/vendor/laravel/framework/src/Illuminate/Cookie/Middleware/AddQueuedCookiesToResponse.php(37): Illuminate\\Pipeline\\Pipeline->Illuminate\\Pipeline\\{closure}()
#30 /home/abdmalik/livewire-search-pagination/vendor/laravel/framework/src/Illuminate/Pipeline/Pipeline.php(180): Illuminate\\Cookie\\Middleware\\AddQueuedCookiesToResponse->handle()
#31 /home/abdmalik/livewire-search-pagination/vendor/laravel/framework/src/Illuminate/Cookie/Middleware/EncryptCookies.php(67): Illuminate\\Pipeline\\Pipeline->Illuminate\\Pipeline\\{closure}()
#32 /home/abdmalik/livewire-search-pagination/vendor/laravel/framework/src/Illuminate/Pipeline/Pipeline.php(180): Illuminate\\Cookie\\Middleware\\EncryptCookies->handle()
#33 /home/abdmalik/livewire-search-pagination/vendor/laravel/framework/src/Illuminate/Pipeline/Pipeline.php(116): Illuminate\\Pipeline\\Pipeline->Illuminate\\Pipeline\\{closure}()
#34 /home/abdmalik/livewire-search-pagination/vendor/laravel/framework/src/Illuminate/Routing/Router.php(726): Illuminate\\Pipeline\\Pipeline->then()
#35 /home/abdmalik/livewire-search-pagination/vendor/laravel/framework/src/Illuminate/Routing/Router.php(703): Illuminate\\Routing\\Router->runRouteWithinStack()
#36 /home/abdmalik/livewire-search-pagination/vendor/laravel/framework/src/Illuminate/Routing/Router.php(667): Illuminate\\Routing\\Router->runRoute()
#37 /home/abdmalik/livewire-search-pagination/vendor/laravel/framework/src/Illuminate/Routing/Router.php(656): Illuminate\\Routing\\Router->dispatchToRoute()
#38 /home/abdmalik/livewire-search-pagination/vendor/laravel/framework/src/Illuminate/Foundation/Http/Kernel.php(167): Illuminate\\Routing\\Router->dispatch()
#39 /home/abdmalik/livewire-search-pagination/vendor/laravel/framework/src/Illuminate/Pipeline/Pipeline.php(141): Illuminate\\Foundation\\Http\\Kernel->Illuminate\\Foundation\\Http\\{closure}()
#40 /home/abdmalik/livewire-search-pagination/vendor/livewire/livewire/src/DisableBrowserCache.php(19): Illuminate\\Pipeline\\Pipeline->Illuminate\\Pipeline\\{closure}()
#41 /home/abdmalik/livewire-search-pagination/vendor/laravel/framework/src/Illuminate/Pipeline/Pipeline.php(180): Livewire\\DisableBrowserCache->handle()
#42 /home/abdmalik/livewire-search-pagination/vendor/laravel/framework/src/Illuminate/Foundation/Http/Middleware/ConvertEmptyStringsToNull.php(27): Illuminate\\Pipeline\\Pipeline->Illuminate\\Pipeline\\{closure}()
#43 /home/abdmalik/livewire-search-pagination/vendor/laravel/framework/src/Illuminate/Pipeline/Pipeline.php(180): Illuminate\\Foundation\\Http\\Middleware\\ConvertEmptyStringsToNull->handle()
#44 /home/abdmalik/livewire-search-pagination/vendor/laravel/framework/src/Illuminate/Foundation/Http/Middleware/TrimStrings.php(36): Illuminate\\Pipeline\\Pipeline->Illuminate\\Pipeline\\{closure}()
#45 /home/abdmalik/livewire-search-pagination/vendor/laravel/framework/src/Illuminate/Pipeline/Pipeline.php(180): Illuminate\\Foundation\\Http\\Middleware\\TrimStrings->handle()
#46 /home/abdmalik/livewire-search-pagination/vendor/laravel/framework/src/Illuminate/Foundation/Http/Middleware/ValidatePostSize.php(27): Illuminate\\Pipeline\\Pipeline->Illuminate\\Pipeline\\{closure}()
#47 /home/abdmalik/livewire-search-pagination/vendor/laravel/framework/src/Illuminate/Pipeline/Pipeline.php(180): Illuminate\\Foundation\\Http\\Middleware\\ValidatePostSize->handle()
#48 /home/abdmalik/livewire-search-pagination/vendor/laravel/framework/src/Illuminate/Foundation/Http/Middleware/PreventRequestsDuringMaintenance.php(86): Illuminate\\Pipeline\\Pipeline->Illuminate\\Pipeline\\{closure}()
#49 /home/abdmalik/livewire-search-pagination/vendor/laravel/framework/src/Illuminate/Pipeline/Pipeline.php(180): Illuminate\\Foundation\\Http\\Middleware\\PreventRequestsDuringMaintenance->handle()
#50 /home/abdmalik/livewire-search-pagination/vendor/laravel/framework/src/Illuminate/Http/Middleware/HandleCors.php(49): Illuminate\\Pipeline\\Pipeline->Illuminate\\Pipeline\\{closure}()
#51 /home/abdmalik/livewire-search-pagination/vendor/laravel/framework/src/Illuminate/Pipeline/Pipeline.php(180): Illuminate\\Http\\Middleware\\HandleCors->handle()
#52 /home/abdmalik/livewire-search-pagination/vendor/laravel/framework/src/Illuminate/Http/Middleware/TrustProxies.php(39): Illuminate\\Pipeline\\Pipeline->Illuminate\\Pipeline\\{closure}()
#53 /home/abdmalik/livewire-search-pagination/vendor/laravel/framework/src/Illuminate/Pipeline/Pipeline.php(180): Illuminate\\Http\\Middleware\\TrustProxies->handle()
#54 /home/abdmalik/livewire-search-pagination/vendor/laravel/framework/src/Illuminate/Pipeline/Pipeline.php(116): Illuminate\\Pipeline\\Pipeline->Illuminate\\Pipeline\\{closure}()
#55 /home/abdmalik/livewire-search-pagination/vendor/laravel/framework/src/Illuminate/Foundation/Http/Kernel.php(142): Illuminate\\Pipeline\\Pipeline->then()
#56 /home/abdmalik/livewire-search-pagination/vendor/laravel/framework/src/Illuminate/Foundation/Http/Kernel.php(111): Illuminate\\Foundation\\Http\\Kernel->sendRequestThroughRouter()
#57 /home/abdmalik/livewire-search-pagination/public/index.php(52): Illuminate\\Foundation\\Http\\Kernel->handle()
#58 /home/abdmalik/livewire-search-pagination/vendor/laravel/framework/src/Illuminate/Foundation/resources/server.php(16): require_once('...')
#59 {main}

[previous exception] [object] (PDOException(code: 22003): SQLSTATE[22003]: Numeric value out of range: 1264 Out of range value for column 'price' at row 1 at /home/abdmalik/livewire-search-pagination/vendor/laravel/framework/src/Illuminate/Database/Connection.php:569)
[stacktrace]
#0 /home/abdmalik/livewire-search-pagination/vendor/laravel/framework/src/Illuminate/Database/Connection.php(569): PDOStatement->execute()
#1 /home/abdmalik/livewire-search-pagination/vendor/laravel/framework/src/Illuminate/Database/Connection.php(752): Illuminate\\Database\\Connection->Illuminate\\Database\\{closure}()
#2 /home/abdmalik/livewire-search-pagination/vendor/laravel/framework/src/Illuminate/Database/Connection.php(719): Illuminate\\Database\\Connection->runQueryCallback()
#3 /home/abdmalik/livewire-search-pagination/vendor/laravel/framework/src/Illuminate/Database/Connection.php(576): Illuminate\\Database\\Connection->run()
#4 /home/abdmalik/livewire-search-pagination/vendor/laravel/framework/src/Illuminate/Database/Connection.php(509): Illuminate\\Database\\Connection->affectingStatement()
#5 /home/abdmalik/livewire-search-pagination/vendor/laravel/framework/src/Illuminate/Database/Query/Builder.php(3281): Illuminate\\Database\\Connection->update()
#6 /home/abdmalik/livewire-search-pagination/vendor/laravel/framework/src/Illuminate/Database/Eloquent/Builder.php(1000): Illuminate\\Database\\Query\\Builder->update()
#7 /home/abdmalik/livewire-search-pagination/app/Http/Livewire/ProductTable.php(43): Illuminate\\Database\\Eloquent\\Builder->update()
#8 /home/abdmalik/livewire-search-pagination/vendor/laravel/framework/src/Illuminate/Container/BoundMethod.php(36): App\\Http\\Livewire\\ProductTable->changeProduct()
#9 /home/abdmalik/livewire-search-pagination/vendor/laravel/framework/src/Illuminate/Container/Util.php(41): Illuminate\\Container\\BoundMethod::Illuminate\\Container\\{closure}()
#10 /home/abdmalik/livewire-search-pagination/vendor/laravel/framework/src/Illuminate/Container/BoundMethod.php(93): Illuminate\\Container\\Util::unwrapIfClosure()
#11 /home/abdmalik/livewire-search-pagination/vendor/laravel/framework/src/Illuminate/Container/BoundMethod.php(37): Illuminate\\Container\\BoundMethod::callBoundMethod()
#12 /home/abdmalik/livewire-search-pagination/vendor/livewire/livewire/src/ComponentConcerns/HandlesActions.php(149): Illuminate\\Container\\BoundMethod::call()
#13 /home/abdmalik/livewire-search-pagination/vendor/livewire/livewire/src/HydrationMiddleware/PerformActionCalls.php(38): Livewire\\Component->callMethod()
#14 /home/abdmalik/livewire-search-pagination/vendor/livewire/livewire/src/LifecycleManager.php(89): Livewire\\HydrationMiddleware\\PerformActionCalls::hydrate()
#15 /home/abdmalik/livewire-search-pagination/vendor/livewire/livewire/src/Connection/ConnectionHandler.php(13): Livewire\\LifecycleManager->hydrate()
#16 /home/abdmalik/livewire-search-pagination/vendor/livewire/livewire/src/Controllers/HttpConnectionHandler.php(20): Livewire\\Connection\\ConnectionHandler->handle()
#17 /home/abdmalik/livewire-search-pagination/vendor/laravel/framework/src/Illuminate/Routing/ControllerDispatcher.php(48): Livewire\\Controllers\\HttpConnectionHandler->__invoke()
#18 /home/abdmalik/livewire-search-pagination/vendor/laravel/framework/src/Illuminate/Routing/Route.php(261): Illuminate\\Routing\\ControllerDispatcher->dispatch()
#19 /home/abdmalik/livewire-search-pagination/vendor/laravel/framework/src/Illuminate/Routing/Route.php(204): Illuminate\\Routing\\Route->runController()
#20 /home/abdmalik/livewire-search-pagination/vendor/laravel/framework/src/Illuminate/Routing/Router.php(725): Illuminate\\Routing\\Route->run()
#21 /home/abdmalik/livewire-search-pagination/vendor/laravel/framework/src/Illuminate/Pipeline/Pipeline.php(141): Illuminate\\Routing\\Router->Illuminate\\Routing\\{closure}()
#22 /home/abdmalik/livewire-search-pagination/vendor/laravel/framework/src/Illuminate/Routing/Middleware/SubstituteBindings.php(50): Illuminate\\Pipeline\\Pipeline->Illuminate\\Pipeline\\{closure}()
#23 /home/abdmalik/livewire-search-pagination/vendor/laravel/framework/src/Illuminate/Pipeline/Pipeline.php(180): Illuminate\\Routing\\Middleware\\SubstituteBindings->handle()
#24 /home/abdmalik/livewire-search-pagination/vendor/laravel/framework/src/Illuminate/Foundation/Http/Middleware/VerifyCsrfToken.php(78): Illuminate\\Pipeline\\Pipeline->Illuminate\\Pipeline\\{closure}()
#25 /home/abdmalik/livewire-search-pagination/vendor/laravel/framework/src/Illuminate/Pipeline/Pipeline.php(180): Illuminate\\Foundation\\Http\\Middleware\\VerifyCsrfToken->handle()
#26 /home/abdmalik/livewire-search-pagination/vendor/laravel/framework/src/Illuminate/View/Middleware/ShareErrorsFromSession.php(49): Illuminate\\Pipeline\\Pipeline->Illuminate\\Pipeline\\{closure}()
#27 /home/abdmalik/livewire-search-pagination/vendor/laravel/framework/src/Illuminate/Pipeline/Pipeline.php(180): Illuminate\\View\\Middleware\\ShareErrorsFromSession->handle()
#28 /home/abdmalik/livewire-search-pagination/vendor/laravel/framework/src/Illuminate/Session/Middleware/StartSession.php(121): Illuminate\\Pipeline\\Pipeline->Illuminate\\Pipeline\\{closure}()
#29 /home/abdmalik/livewire-search-pagination/vendor/laravel/framework/src/Illuminate/Session/Middleware/StartSession.php(64): Illuminate\\Session\\Middleware\\StartSession->handleStatefulRequest()
#30 /home/abdmalik/livewire-search-pagination/vendor/laravel/framework/src/Illuminate/Pipeline/Pipeline.php(180): Illuminate\\Session\\Middleware\\StartSession->handle()
#31 /home/abdmalik/livewire-search-pagination/vendor/laravel/framework/src/Illuminate/Cookie/Middleware/AddQueuedCookiesToResponse.php(37): Illuminate\\Pipeline\\Pipeline->Illuminate\\Pipeline\\{closure}()
#32 /home/abdmalik/livewire-search-pagination/vendor/laravel/framework/src/Illuminate/Pipeline/Pipeline.php(180): Illuminate\\Cookie\\Middleware\\AddQueuedCookiesToResponse->handle()
#33 /home/abdmalik/livewire-search-pagination/vendor/laravel/framework/src/Illuminate/Cookie/Middleware/EncryptCookies.php(67): Illuminate\\Pipeline\\Pipeline->Illuminate\\Pipeline\\{closure}()
#34 /home/abdmalik/livewire-search-pagination/vendor/laravel/framework/src/Illuminate/Pipeline/Pipeline.php(180): Illuminate\\Cookie\\Middleware\\EncryptCookies->handle()
#35 /home/abdmalik/livewire-search-pagination/vendor/laravel/framework/src/Illuminate/Pipeline/Pipeline.php(116): Illuminate\\Pipeline\\Pipeline->Illuminate\\Pipeline\\{closure}()
#36 /home/abdmalik/livewire-search-pagination/vendor/laravel/framework/src/Illuminate/Routing/Router.php(726): Illuminate\\Pipeline\\Pipeline->then()
#37 /home/abdmalik/livewire-search-pagination/vendor/laravel/framework/src/Illuminate/Routing/Router.php(703): Illuminate\\Routing\\Router->runRouteWithinStack()
#38 /home/abdmalik/livewire-search-pagination/vendor/laravel/framework/src/Illuminate/Routing/Router.php(667): Illuminate\\Routing\\Router->runRoute()
#39 /home/abdmalik/livewire-search-pagination/vendor/laravel/framework/src/Illuminate/Routing/Router.php(656): Illuminate\\Routing\\Router->dispatchToRoute()
#40 /home/abdmalik/livewire-search-pagination/vendor/laravel/framework/src/Illuminate/Foundation/Http/Kernel.php(167): Illuminate\\Routing\\Router->dispatch()
#41 /home/abdmalik/livewire-search-pagination/vendor/laravel/framework/src/Illuminate/Pipeline/Pipeline.php(141): Illuminate\\Foundation\\Http\\Kernel->Illuminate\\Foundation\\Http\\{closure}()
#42 /home/abdmalik/livewire-search-pagination/vendor/livewire/livewire/src/DisableBrowserCache.php(19): Illuminate\\Pipeline\\Pipeline->Illuminate\\Pipeline\\{closure}()
#43 /home/abdmalik/livewire-search-pagination/vendor/laravel/framework/src/Illuminate/Pipeline/Pipeline.php(180): Livewire\\DisableBrowserCache->handle()
#44 /home/abdmalik/livewire-search-pagination/vendor/laravel/framework/src/Illuminate/Foundation/Http/Middleware/ConvertEmptyStringsToNull.php(27): Illuminate\\Pipeline\\Pipeline->Illuminate\\Pipeline\\{closure}()
#45 /home/abdmalik/livewire-search-pagination/vendor/laravel/framework/src/Illuminate/Pipeline/Pipeline.php(180): Illuminate\\Foundation\\Http\\Middleware\\ConvertEmptyStringsToNull->handle()
#46 /home/abdmalik/livewire-search-pagination/vendor/laravel/framework/src/Illuminate/Foundation/Http/Middleware/TrimStrings.php(36): Illuminate\\Pipeline\\Pipeline->Illuminate\\Pipeline\\{closure}()
#47 /home/abdmalik/livewire-search-pagination/vendor/laravel/framework/src/Illuminate/Pipeline/Pipeline.php(180): Illuminate\\Foundation\\Http\\Middleware\\TrimStrings->handle()
#48 /home/abdmalik/livewire-search-pagination/vendor/laravel/framework/src/Illuminate/Foundation/Http/Middleware/ValidatePostSize.php(27): Illuminate\\Pipeline\\Pipeline->Illuminate\\Pipeline\\{closure}()
#49 /home/abdmalik/livewire-search-pagination/vendor/laravel/framework/src/Illuminate/Pipeline/Pipeline.php(180): Illuminate\\Foundation\\Http\\Middleware\\ValidatePostSize->handle()
#50 /home/abdmalik/livewire-search-pagination/vendor/laravel/framework/src/Illuminate/Foundation/Http/Middleware/PreventRequestsDuringMaintenance.php(86): Illuminate\\Pipeline\\Pipeline->Illuminate\\Pipeline\\{closure}()
#51 /home/abdmalik/livewire-search-pagination/vendor/laravel/framework/src/Illuminate/Pipeline/Pipeline.php(180): Illuminate\\Foundation\\Http\\Middleware\\PreventRequestsDuringMaintenance->handle()
#52 /home/abdmalik/livewire-search-pagination/vendor/laravel/framework/src/Illuminate/Http/Middleware/HandleCors.php(49): Illuminate\\Pipeline\\Pipeline->Illuminate\\Pipeline\\{closure}()
#53 /home/abdmalik/livewire-search-pagination/vendor/laravel/framework/src/Illuminate/Pipeline/Pipeline.php(180): Illuminate\\Http\\Middleware\\HandleCors->handle()
#54 /home/abdmalik/livewire-search-pagination/vendor/laravel/framework/src/Illuminate/Http/Middleware/TrustProxies.php(39): Illuminate\\Pipeline\\Pipeline->Illuminate\\Pipeline\\{closure}()
#55 /home/abdmalik/livewire-search-pagination/vendor/laravel/framework/src/Illuminate/Pipeline/Pipeline.php(180): Illuminate\\Http\\Middleware\\TrustProxies->handle()
#56 /home/abdmalik/livewire-search-pagination/vendor/laravel/framework/src/Illuminate/Pipeline/Pipeline.php(116): Illuminate\\Pipeline\\Pipeline->Illuminate\\Pipeline\\{closure}()
#57 /home/abdmalik/livewire-search-pagination/vendor/laravel/framework/src/Illuminate/Foundation/Http/Kernel.php(142): Illuminate\\Pipeline\\Pipeline->then()
#58 /home/abdmalik/livewire-search-pagination/vendor/laravel/framework/src/Illuminate/Foundation/Http/Kernel.php(111): Illuminate\\Foundation\\Http\\Kernel->sendRequestThroughRouter()
#59 /home/abdmalik/livewire-search-pagination/public/index.php(52): Illuminate\\Foundation\\Http\\Kernel->handle()
#60 /home/abdmalik/livewire-search-pagination/vendor/laravel/framework/src/Illuminate/Foundation/resources/server.php(16): require_once('...')
#61 {main}
"} 
[2022-08-21 13:48:56] local.ERROR: There are no commands defined in the "ide-helper" namespace. {"exception":"[object] (Symfony\\Component\\Console\\Exception\\NamespaceNotFoundException(code: 0): There are no commands defined in the \"ide-helper\" namespace. at /home/abdmalik/livewire-search-pagination/vendor/symfony/console/Application.php:622)
[stacktrace]
#0 /home/abdmalik/livewire-search-pagination/vendor/symfony/console/Application.php(673): Symfony\\Component\\Console\\Application->findNamespace()
#1 /home/abdmalik/livewire-search-pagination/vendor/symfony/console/Application.php(259): Symfony\\Component\\Console\\Application->find()
#2 /home/abdmalik/livewire-search-pagination/vendor/symfony/console/Application.php(171): Symfony\\Component\\Console\\Application->doRun()
#3 /home/abdmalik/livewire-search-pagination/vendor/laravel/framework/src/Illuminate/Console/Application.php(102): Symfony\\Component\\Console\\Application->run()
#4 /home/abdmalik/livewire-search-pagination/vendor/laravel/framework/src/Illuminate/Foundation/Console/Kernel.php(129): Illuminate\\Console\\Application->run()
#5 /home/abdmalik/livewire-search-pagination/artisan(37): Illuminate\\Foundation\\Console\\Kernel->handle()
#6 {main}
"} 
