[2022-04-15 00:53:17] local.ERROR: Missing required parameter for [Route: checkout-success] [URI: checkout/confirm/{id}] [Missing parameter: id]. {"userId":7,"exception":"[object] (Illuminate\\Routing\\Exceptions\\UrlGenerationException(code: 0): Missing required parameter for [Route: checkout-success] [URI: checkout/confirm/{id}] [Missing parameter: id]. at /home/abdmalik/Laravel/ramadhan/vendor/laravel/framework/src/Illuminate/Routing/Exceptions/UrlGenerationException.php:35)
[stacktrace]
#0 /home/abdmalik/Laravel/ramadhan/vendor/laravel/framework/src/Illuminate/Routing/RouteUrlGenerator.php(90): Illuminate\\Routing\\Exceptions\\UrlGenerationException::forMissingParameters()
#1 /home/abdmalik/Laravel/ramadhan/vendor/laravel/framework/src/Illuminate/Routing/UrlGenerator.php(488): Illuminate\\Routing\\RouteUrlGenerator->to()
#2 /home/abdmalik/Laravel/ramadhan/vendor/laravel/framework/src/Illuminate/Routing/UrlGenerator.php(463): Illuminate\\Routing\\UrlGenerator->toRoute()
#3 /home/abdmalik/Laravel/ramadhan/vendor/laravel/framework/src/Illuminate/Routing/Redirector.php(178): Illuminate\\Routing\\UrlGenerator->route()
#4 /home/abdmalik/Laravel/ramadhan/app/Http/Controllers/CheckoutController.php(140): Illuminate\\Routing\\Redirector->route()
#5 /home/abdmalik/Laravel/ramadhan/vendor/laravel/framework/src/Illuminate/Routing/Controller.php(54): App\\Http\\Controllers\\CheckoutController->success()
#6 /home/abdmalik/Laravel/ramadhan/vendor/laravel/framework/src/Illuminate/Routing/ControllerDispatcher.php(45): Illuminate\\Routing\\Controller->callAction()
#7 /home/abdmalik/Laravel/ramadhan/vendor/laravel/framework/src/Illuminate/Routing/Route.php(261): Illuminate\\Routing\\ControllerDispatcher->dispatch()
#8 /home/abdmalik/Laravel/ramadhan/vendor/laravel/framework/src/Illuminate/Routing/Route.php(204): Illuminate\\Routing\\Route->runController()
#9 /home/abdmalik/Laravel/ramadhan/vendor/laravel/framework/src/Illuminate/Routing/Router.php(728): Illuminate\\Routing\\Route->run()
#10 /home/abdmalik/Laravel/ramadhan/vendor/laravel/framework/src/Illuminate/Pipeline/Pipeline.php(141): Illuminate\\Routing\\Router->Illuminate\\Routing\\{closure}()
#11 /home/abdmalik/Laravel/ramadhan/vendor/laravel/framework/src/Illuminate/Auth/Middleware/EnsureEmailIsVerified.php(30): Illuminate\\Pipeline\\Pipeline->Illuminate\\Pipeline\\{closure}()
#12 /home/abdmalik/Laravel/ramadhan/vendor/laravel/framework/src/Illuminate/Pipeline/Pipeline.php(180): Illuminate\\Auth\\Middleware\\EnsureEmailIsVerified->handle()
#13 /home/abdmalik/Laravel/ramadhan/vendor/laravel/framework/src/Illuminate/Routing/Middleware/SubstituteBindings.php(50): Illuminate\\Pipeline\\Pipeline->Illuminate\\Pipeline\\{closure}()
#14 /home/abdmalik/Laravel/ramadhan/vendor/laravel/framework/src/Illuminate/Pipeline/Pipeline.php(180): Illuminate\\Routing\\Middleware\\SubstituteBindings->handle()
#15 /home/abdmalik/Laravel/ramadhan/vendor/laravel/framework/src/Illuminate/Auth/Middleware/Authenticate.php(44): Illuminate\\Pipeline\\Pipeline->Illuminate\\Pipeline\\{closure}()
#16 /home/abdmalik/Laravel/ramadhan/vendor/laravel/framework/src/Illuminate/Pipeline/Pipeline.php(180): Illuminate\\Auth\\Middleware\\Authenticate->handle()
#17 /home/abdmalik/Laravel/ramadhan/vendor/laravel/framework/src/Illuminate/Foundation/Http/Middleware/VerifyCsrfToken.php(78): Illuminate\\Pipeline\\Pipeline->Illuminate\\Pipeline\\{closure}()
#18 /home/abdmalik/Laravel/ramadhan/vendor/laravel/framework/src/Illuminate/Pipeline/Pipeline.php(180): Illuminate\\Foundation\\Http\\Middleware\\VerifyCsrfToken->handle()
#19 /home/abdmalik/Laravel/ramadhan/vendor/laravel/framework/src/Illuminate/View/Middleware/ShareErrorsFromSession.php(49): Illuminate\\Pipeline\\Pipeline->Illuminate\\Pipeline\\{closure}()
#20 /home/abdmalik/Laravel/ramadhan/vendor/laravel/framework/src/Illuminate/Pipeline/Pipeline.php(180): Illuminate\\View\\Middleware\\ShareErrorsFromSession->handle()
#21 /home/abdmalik/Laravel/ramadhan/vendor/laravel/framework/src/Illuminate/Session/Middleware/StartSession.php(121): Illuminate\\Pipeline\\Pipeline->Illuminate\\Pipeline\\{closure}()
#22 /home/abdmalik/Laravel/ramadhan/vendor/laravel/framework/src/Illuminate/Session/Middleware/StartSession.php(64): Illuminate\\Session\\Middleware\\StartSession->handleStatefulRequest()
#23 /home/abdmalik/Laravel/ramadhan/vendor/laravel/framework/src/Illuminate/Pipeline/Pipeline.php(180): Illuminate\\Session\\Middleware\\StartSession->handle()
#24 /home/abdmalik/Laravel/ramadhan/vendor/laravel/framework/src/Illuminate/Cookie/Middleware/AddQueuedCookiesToResponse.php(37): Illuminate\\Pipeline\\Pipeline->Illuminate\\Pipeline\\{closure}()
#25 /home/abdmalik/Laravel/ramadhan/vendor/laravel/framework/src/Illuminate/Pipeline/Pipeline.php(180): Illuminate\\Cookie\\Middleware\\AddQueuedCookiesToResponse->handle()
#26 /home/abdmalik/Laravel/ramadhan/vendor/laravel/framework/src/Illuminate/Cookie/Middleware/EncryptCookies.php(67): Illuminate\\Pipeline\\Pipeline->Illuminate\\Pipeline\\{closure}()
#27 /home/abdmalik/Laravel/ramadhan/vendor/laravel/framework/src/Illuminate/Pipeline/Pipeline.php(180): Illuminate\\Cookie\\Middleware\\EncryptCookies->handle()
#28 /home/abdmalik/Laravel/ramadhan/vendor/laravel/framework/src/Illuminate/Pipeline/Pipeline.php(116): Illuminate\\Pipeline\\Pipeline->Illuminate\\Pipeline\\{closure}()
#29 /home/abdmalik/Laravel/ramadhan/vendor/laravel/framework/src/Illuminate/Routing/Router.php(730): Illuminate\\Pipeline\\Pipeline->then()
#30 /home/abdmalik/Laravel/ramadhan/vendor/laravel/framework/src/Illuminate/Routing/Router.php(705): Illuminate\\Routing\\Router->runRouteWithinStack()
#31 /home/abdmalik/Laravel/ramadhan/vendor/laravel/framework/src/Illuminate/Routing/Router.php(667): Illuminate\\Routing\\Router->runRoute()
#32 /home/abdmalik/Laravel/ramadhan/vendor/laravel/framework/src/Illuminate/Routing/Router.php(656): Illuminate\\Routing\\Router->dispatchToRoute()
#33 /home/abdmalik/Laravel/ramadhan/vendor/laravel/framework/src/Illuminate/Foundation/Http/Kernel.php(167): Illuminate\\Routing\\Router->dispatch()
#34 /home/abdmalik/Laravel/ramadhan/vendor/laravel/framework/src/Illuminate/Pipeline/Pipeline.php(141): Illuminate\\Foundation\\Http\\Kernel->Illuminate\\Foundation\\Http\\{closure}()
#35 /home/abdmalik/Laravel/ramadhan/vendor/laravel/framework/src/Illuminate/Foundation/Http/Middleware/TransformsRequest.php(21): Illuminate\\Pipeline\\Pipeline->Illuminate\\Pipeline\\{closure}()
#36 /home/abdmalik/Laravel/ramadhan/vendor/laravel/framework/src/Illuminate/Foundation/Http/Middleware/ConvertEmptyStringsToNull.php(31): Illuminate\\Foundation\\Http\\Middleware\\TransformsRequest->handle()
#37 /home/abdmalik/Laravel/ramadhan/vendor/laravel/framework/src/Illuminate/Pipeline/Pipeline.php(180): Illuminate\\Foundation\\Http\\Middleware\\ConvertEmptyStringsToNull->handle()
#38 /home/abdmalik/Laravel/ramadhan/vendor/laravel/framework/src/Illuminate/Foundation/Http/Middleware/TransformsRequest.php(21): Illuminate\\Pipeline\\Pipeline->Illuminate\\Pipeline\\{closure}()
#39 /home/abdmalik/Laravel/ramadhan/vendor/laravel/framework/src/Illuminate/Foundation/Http/Middleware/TrimStrings.php(40): Illuminate\\Foundation\\Http\\Middleware\\TransformsRequest->handle()
#40 /home/abdmalik/Laravel/ramadhan/vendor/laravel/framework/src/Illuminate/Pipeline/Pipeline.php(180): Illuminate\\Foundation\\Http\\Middleware\\TrimStrings->handle()
#41 /home/abdmalik/Laravel/ramadhan/vendor/laravel/framework/src/Illuminate/Foundation/Http/Middleware/ValidatePostSize.php(27): Illuminate\\Pipeline\\Pipeline->Illuminate\\Pipeline\\{closure}()
#42 /home/abdmalik/Laravel/ramadhan/vendor/laravel/framework/src/Illuminate/Pipeline/Pipeline.php(180): Illuminate\\Foundation\\Http\\Middleware\\ValidatePostSize->handle()
#43 /home/abdmalik/Laravel/ramadhan/vendor/laravel/framework/src/Illuminate/Foundation/Http/Middleware/PreventRequestsDuringMaintenance.php(86): Illuminate\\Pipeline\\Pipeline->Illuminate\\Pipeline\\{closure}()
#44 /home/abdmalik/Laravel/ramadhan/vendor/laravel/framework/src/Illuminate/Pipeline/Pipeline.php(180): Illuminate\\Foundation\\Http\\Middleware\\PreventRequestsDuringMaintenance->handle()
#45 /home/abdmalik/Laravel/ramadhan/vendor/laravel/framework/src/Illuminate/Http/Middleware/TrustProxies.php(39): Illuminate\\Pipeline\\Pipeline->Illuminate\\Pipeline\\{closure}()
#46 /home/abdmalik/Laravel/ramadhan/vendor/laravel/framework/src/Illuminate/Pipeline/Pipeline.php(180): Illuminate\\Http\\Middleware\\TrustProxies->handle()
#47 /home/abdmalik/Laravel/ramadhan/vendor/laravel/framework/src/Illuminate/Pipeline/Pipeline.php(116): Illuminate\\Pipeline\\Pipeline->Illuminate\\Pipeline\\{closure}()
#48 /home/abdmalik/Laravel/ramadhan/vendor/laravel/framework/src/Illuminate/Foundation/Http/Kernel.php(142): Illuminate\\Pipeline\\Pipeline->then()
#49 /home/abdmalik/Laravel/ramadhan/vendor/laravel/framework/src/Illuminate/Foundation/Http/Kernel.php(111): Illuminate\\Foundation\\Http\\Kernel->sendRequestThroughRouter()
#50 /home/abdmalik/Laravel/ramadhan/public/index.php(55): Illuminate\\Foundation\\Http\\Kernel->handle()
#51 /home/abdmalik/Laravel/ramadhan/vendor/laravel/framework/src/Illuminate/Foundation/resources/server.php(16): require_once('...')
#52 {main}
"} 
[2022-04-15 00:53:50] local.ERROR: Missing required parameter for [Route: checkout-success] [URI: checkout/confirm/{id}] [Missing parameter: id]. {"userId":7,"exception":"[object] (Illuminate\\Routing\\Exceptions\\UrlGenerationException(code: 0): Missing required parameter for [Route: checkout-success] [URI: checkout/confirm/{id}] [Missing parameter: id]. at /home/abdmalik/Laravel/ramadhan/vendor/laravel/framework/src/Illuminate/Routing/Exceptions/UrlGenerationException.php:35)
[stacktrace]
#0 /home/abdmalik/Laravel/ramadhan/vendor/laravel/framework/src/Illuminate/Routing/RouteUrlGenerator.php(90): Illuminate\\Routing\\Exceptions\\UrlGenerationException::forMissingParameters()
#1 /home/abdmalik/Laravel/ramadhan/vendor/laravel/framework/src/Illuminate/Routing/UrlGenerator.php(488): Illuminate\\Routing\\RouteUrlGenerator->to()
#2 /home/abdmalik/Laravel/ramadhan/vendor/laravel/framework/src/Illuminate/Routing/UrlGenerator.php(463): Illuminate\\Routing\\UrlGenerator->toRoute()
#3 /home/abdmalik/Laravel/ramadhan/vendor/laravel/framework/src/Illuminate/Routing/Redirector.php(178): Illuminate\\Routing\\UrlGenerator->route()
#4 /home/abdmalik/Laravel/ramadhan/app/Http/Controllers/CheckoutController.php(140): Illuminate\\Routing\\Redirector->route()
#5 /home/abdmalik/Laravel/ramadhan/vendor/laravel/framework/src/Illuminate/Routing/Controller.php(54): App\\Http\\Controllers\\CheckoutController->success()
#6 /home/abdmalik/Laravel/ramadhan/vendor/laravel/framework/src/Illuminate/Routing/ControllerDispatcher.php(45): Illuminate\\Routing\\Controller->callAction()
#7 /home/abdmalik/Laravel/ramadhan/vendor/laravel/framework/src/Illuminate/Routing/Route.php(261): Illuminate\\Routing\\ControllerDispatcher->dispatch()
#8 /home/abdmalik/Laravel/ramadhan/vendor/laravel/framework/src/Illuminate/Routing/Route.php(204): Illuminate\\Routing\\Route->runController()
#9 /home/abdmalik/Laravel/ramadhan/vendor/laravel/framework/src/Illuminate/Routing/Router.php(728): Illuminate\\Routing\\Route->run()
#10 /home/abdmalik/Laravel/ramadhan/vendor/laravel/framework/src/Illuminate/Pipeline/Pipeline.php(141): Illuminate\\Routing\\Router->Illuminate\\Routing\\{closure}()
#11 /home/abdmalik/Laravel/ramadhan/vendor/laravel/framework/src/Illuminate/Auth/Middleware/EnsureEmailIsVerified.php(30): Illuminate\\Pipeline\\Pipeline->Illuminate\\Pipeline\\{closure}()
#12 /home/abdmalik/Laravel/ramadhan/vendor/laravel/framework/src/Illuminate/Pipeline/Pipeline.php(180): Illuminate\\Auth\\Middleware\\EnsureEmailIsVerified->handle()
#13 /home/abdmalik/Laravel/ramadhan/vendor/laravel/framework/src/Illuminate/Routing/Middleware/SubstituteBindings.php(50): Illuminate\\Pipeline\\Pipeline->Illuminate\\Pipeline\\{closure}()
#14 /home/abdmalik/Laravel/ramadhan/vendor/laravel/framework/src/Illuminate/Pipeline/Pipeline.php(180): Illuminate\\Routing\\Middleware\\SubstituteBindings->handle()
#15 /home/abdmalik/Laravel/ramadhan/vendor/laravel/framework/src/Illuminate/Auth/Middleware/Authenticate.php(44): Illuminate\\Pipeline\\Pipeline->Illuminate\\Pipeline\\{closure}()
#16 /home/abdmalik/Laravel/ramadhan/vendor/laravel/framework/src/Illuminate/Pipeline/Pipeline.php(180): Illuminate\\Auth\\Middleware\\Authenticate->handle()
#17 /home/abdmalik/Laravel/ramadhan/vendor/laravel/framework/src/Illuminate/Foundation/Http/Middleware/VerifyCsrfToken.php(78): Illuminate\\Pipeline\\Pipeline->Illuminate\\Pipeline\\{closure}()
#18 /home/abdmalik/Laravel/ramadhan/vendor/laravel/framework/src/Illuminate/Pipeline/Pipeline.php(180): Illuminate\\Foundation\\Http\\Middleware\\VerifyCsrfToken->handle()
#19 /home/abdmalik/Laravel/ramadhan/vendor/laravel/framework/src/Illuminate/View/Middleware/ShareErrorsFromSession.php(49): Illuminate\\Pipeline\\Pipeline->Illuminate\\Pipeline\\{closure}()
#20 /home/abdmalik/Laravel/ramadhan/vendor/laravel/framework/src/Illuminate/Pipeline/Pipeline.php(180): Illuminate\\View\\Middleware\\ShareErrorsFromSession->handle()
#21 /home/abdmalik/Laravel/ramadhan/vendor/laravel/framework/src/Illuminate/Session/Middleware/StartSession.php(121): Illuminate\\Pipeline\\Pipeline->Illuminate\\Pipeline\\{closure}()
#22 /home/abdmalik/Laravel/ramadhan/vendor/laravel/framework/src/Illuminate/Session/Middleware/StartSession.php(64): Illuminate\\Session\\Middleware\\StartSession->handleStatefulRequest()
#23 /home/abdmalik/Laravel/ramadhan/vendor/laravel/framework/src/Illuminate/Pipeline/Pipeline.php(180): Illuminate\\Session\\Middleware\\StartSession->handle()
#24 /home/abdmalik/Laravel/ramadhan/vendor/laravel/framework/src/Illuminate/Cookie/Middleware/AddQueuedCookiesToResponse.php(37): Illuminate\\Pipeline\\Pipeline->Illuminate\\Pipeline\\{closure}()
#25 /home/abdmalik/Laravel/ramadhan/vendor/laravel/framework/src/Illuminate/Pipeline/Pipeline.php(180): Illuminate\\Cookie\\Middleware\\AddQueuedCookiesToResponse->handle()
#26 /home/abdmalik/Laravel/ramadhan/vendor/laravel/framework/src/Illuminate/Cookie/Middleware/EncryptCookies.php(67): Illuminate\\Pipeline\\Pipeline->Illuminate\\Pipeline\\{closure}()
#27 /home/abdmalik/Laravel/ramadhan/vendor/laravel/framework/src/Illuminate/Pipeline/Pipeline.php(180): Illuminate\\Cookie\\Middleware\\EncryptCookies->handle()
#28 /home/abdmalik/Laravel/ramadhan/vendor/laravel/framework/src/Illuminate/Pipeline/Pipeline.php(116): Illuminate\\Pipeline\\Pipeline->Illuminate\\Pipeline\\{closure}()
#29 /home/abdmalik/Laravel/ramadhan/vendor/laravel/framework/src/Illuminate/Routing/Router.php(730): Illuminate\\Pipeline\\Pipeline->then()
#30 /home/abdmalik/Laravel/ramadhan/vendor/laravel/framework/src/Illuminate/Routing/Router.php(705): Illuminate\\Routing\\Router->runRouteWithinStack()
#31 /home/abdmalik/Laravel/ramadhan/vendor/laravel/framework/src/Illuminate/Routing/Router.php(667): Illuminate\\Routing\\Router->runRoute()
#32 /home/abdmalik/Laravel/ramadhan/vendor/laravel/framework/src/Illuminate/Routing/Router.php(656): Illuminate\\Routing\\Router->dispatchToRoute()
#33 /home/abdmalik/Laravel/ramadhan/vendor/laravel/framework/src/Illuminate/Foundation/Http/Kernel.php(167): Illuminate\\Routing\\Router->dispatch()
#34 /home/abdmalik/Laravel/ramadhan/vendor/laravel/framework/src/Illuminate/Pipeline/Pipeline.php(141): Illuminate\\Foundation\\Http\\Kernel->Illuminate\\Foundation\\Http\\{closure}()
#35 /home/abdmalik/Laravel/ramadhan/vendor/laravel/framework/src/Illuminate/Foundation/Http/Middleware/TransformsRequest.php(21): Illuminate\\Pipeline\\Pipeline->Illuminate\\Pipeline\\{closure}()
#36 /home/abdmalik/Laravel/ramadhan/vendor/laravel/framework/src/Illuminate/Foundation/Http/Middleware/ConvertEmptyStringsToNull.php(31): Illuminate\\Foundation\\Http\\Middleware\\TransformsRequest->handle()
#37 /home/abdmalik/Laravel/ramadhan/vendor/laravel/framework/src/Illuminate/Pipeline/Pipeline.php(180): Illuminate\\Foundation\\Http\\Middleware\\ConvertEmptyStringsToNull->handle()
#38 /home/abdmalik/Laravel/ramadhan/vendor/laravel/framework/src/Illuminate/Foundation/Http/Middleware/TransformsRequest.php(21): Illuminate\\Pipeline\\Pipeline->Illuminate\\Pipeline\\{closure}()
#39 /home/abdmalik/Laravel/ramadhan/vendor/laravel/framework/src/Illuminate/Foundation/Http/Middleware/TrimStrings.php(40): Illuminate\\Foundation\\Http\\Middleware\\TransformsRequest->handle()
#40 /home/abdmalik/Laravel/ramadhan/vendor/laravel/framework/src/Illuminate/Pipeline/Pipeline.php(180): Illuminate\\Foundation\\Http\\Middleware\\TrimStrings->handle()
#41 /home/abdmalik/Laravel/ramadhan/vendor/laravel/framework/src/Illuminate/Foundation/Http/Middleware/ValidatePostSize.php(27): Illuminate\\Pipeline\\Pipeline->Illuminate\\Pipeline\\{closure}()
#42 /home/abdmalik/Laravel/ramadhan/vendor/laravel/framework/src/Illuminate/Pipeline/Pipeline.php(180): Illuminate\\Foundation\\Http\\Middleware\\ValidatePostSize->handle()
#43 /home/abdmalik/Laravel/ramadhan/vendor/laravel/framework/src/Illuminate/Foundation/Http/Middleware/PreventRequestsDuringMaintenance.php(86): Illuminate\\Pipeline\\Pipeline->Illuminate\\Pipeline\\{closure}()
#44 /home/abdmalik/Laravel/ramadhan/vendor/laravel/framework/src/Illuminate/Pipeline/Pipeline.php(180): Illuminate\\Foundation\\Http\\Middleware\\PreventRequestsDuringMaintenance->handle()
#45 /home/abdmalik/Laravel/ramadhan/vendor/laravel/framework/src/Illuminate/Http/Middleware/TrustProxies.php(39): Illuminate\\Pipeline\\Pipeline->Illuminate\\Pipeline\\{closure}()
#46 /home/abdmalik/Laravel/ramadhan/vendor/laravel/framework/src/Illuminate/Pipeline/Pipeline.php(180): Illuminate\\Http\\Middleware\\TrustProxies->handle()
#47 /home/abdmalik/Laravel/ramadhan/vendor/laravel/framework/src/Illuminate/Pipeline/Pipeline.php(116): Illuminate\\Pipeline\\Pipeline->Illuminate\\Pipeline\\{closure}()
#48 /home/abdmalik/Laravel/ramadhan/vendor/laravel/framework/src/Illuminate/Foundation/Http/Kernel.php(142): Illuminate\\Pipeline\\Pipeline->then()
#49 /home/abdmalik/Laravel/ramadhan/vendor/laravel/framework/src/Illuminate/Foundation/Http/Kernel.php(111): Illuminate\\Foundation\\Http\\Kernel->sendRequestThroughRouter()
#50 /home/abdmalik/Laravel/ramadhan/public/index.php(55): Illuminate\\Foundation\\Http\\Kernel->handle()
#51 /home/abdmalik/Laravel/ramadhan/vendor/laravel/framework/src/Illuminate/Foundation/resources/server.php(16): require_once('...')
#52 {main}
"} 
[2022-04-15 00:54:40] local.ERROR: Missing required parameter for [Route: checkout_process] [URI: checkout/{id}] [Missing parameter: id]. {"userId":7,"exception":"[object] (Illuminate\\Routing\\Exceptions\\UrlGenerationException(code: 0): Missing required parameter for [Route: checkout_process] [URI: checkout/{id}] [Missing parameter: id]. at /home/abdmalik/Laravel/ramadhan/vendor/laravel/framework/src/Illuminate/Routing/Exceptions/UrlGenerationException.php:35)
[stacktrace]
#0 /home/abdmalik/Laravel/ramadhan/vendor/laravel/framework/src/Illuminate/Routing/RouteUrlGenerator.php(90): Illuminate\\Routing\\Exceptions\\UrlGenerationException::forMissingParameters()
#1 /home/abdmalik/Laravel/ramadhan/vendor/laravel/framework/src/Illuminate/Routing/UrlGenerator.php(488): Illuminate\\Routing\\RouteUrlGenerator->to()
#2 /home/abdmalik/Laravel/ramadhan/vendor/laravel/framework/src/Illuminate/Routing/UrlGenerator.php(463): Illuminate\\Routing\\UrlGenerator->toRoute()
#3 /home/abdmalik/Laravel/ramadhan/vendor/laravel/framework/src/Illuminate/Routing/Redirector.php(178): Illuminate\\Routing\\UrlGenerator->route()
#4 /home/abdmalik/Laravel/ramadhan/app/Http/Controllers/CheckoutController.php(140): Illuminate\\Routing\\Redirector->route()
#5 /home/abdmalik/Laravel/ramadhan/vendor/laravel/framework/src/Illuminate/Routing/Controller.php(54): App\\Http\\Controllers\\CheckoutController->success()
#6 /home/abdmalik/Laravel/ramadhan/vendor/laravel/framework/src/Illuminate/Routing/ControllerDispatcher.php(45): Illuminate\\Routing\\Controller->callAction()
#7 /home/abdmalik/Laravel/ramadhan/vendor/laravel/framework/src/Illuminate/Routing/Route.php(261): Illuminate\\Routing\\ControllerDispatcher->dispatch()
#8 /home/abdmalik/Laravel/ramadhan/vendor/laravel/framework/src/Illuminate/Routing/Route.php(204): Illuminate\\Routing\\Route->runController()
#9 /home/abdmalik/Laravel/ramadhan/vendor/laravel/framework/src/Illuminate/Routing/Router.php(728): Illuminate\\Routing\\Route->run()
#10 /home/abdmalik/Laravel/ramadhan/vendor/laravel/framework/src/Illuminate/Pipeline/Pipeline.php(141): Illuminate\\Routing\\Router->Illuminate\\Routing\\{closure}()
#11 /home/abdmalik/Laravel/ramadhan/vendor/laravel/framework/src/Illuminate/Auth/Middleware/EnsureEmailIsVerified.php(30): Illuminate\\Pipeline\\Pipeline->Illuminate\\Pipeline\\{closure}()
#12 /home/abdmalik/Laravel/ramadhan/vendor/laravel/framework/src/Illuminate/Pipeline/Pipeline.php(180): Illuminate\\Auth\\Middleware\\EnsureEmailIsVerified->handle()
#13 /home/abdmalik/Laravel/ramadhan/vendor/laravel/framework/src/Illuminate/Routing/Middleware/SubstituteBindings.php(50): Illuminate\\Pipeline\\Pipeline->Illuminate\\Pipeline\\{closure}()
#14 /home/abdmalik/Laravel/ramadhan/vendor/laravel/framework/src/Illuminate/Pipeline/Pipeline.php(180): Illuminate\\Routing\\Middleware\\SubstituteBindings->handle()
#15 /home/abdmalik/Laravel/ramadhan/vendor/laravel/framework/src/Illuminate/Auth/Middleware/Authenticate.php(44): Illuminate\\Pipeline\\Pipeline->Illuminate\\Pipeline\\{closure}()
#16 /home/abdmalik/Laravel/ramadhan/vendor/laravel/framework/src/Illuminate/Pipeline/Pipeline.php(180): Illuminate\\Auth\\Middleware\\Authenticate->handle()
#17 /home/abdmalik/Laravel/ramadhan/vendor/laravel/framework/src/Illuminate/Foundation/Http/Middleware/VerifyCsrfToken.php(78): Illuminate\\Pipeline\\Pipeline->Illuminate\\Pipeline\\{closure}()
#18 /home/abdmalik/Laravel/ramadhan/vendor/laravel/framework/src/Illuminate/Pipeline/Pipeline.php(180): Illuminate\\Foundation\\Http\\Middleware\\VerifyCsrfToken->handle()
#19 /home/abdmalik/Laravel/ramadhan/vendor/laravel/framework/src/Illuminate/View/Middleware/ShareErrorsFromSession.php(49): Illuminate\\Pipeline\\Pipeline->Illuminate\\Pipeline\\{closure}()
#20 /home/abdmalik/Laravel/ramadhan/vendor/laravel/framework/src/Illuminate/Pipeline/Pipeline.php(180): Illuminate\\View\\Middleware\\ShareErrorsFromSession->handle()
#21 /home/abdmalik/Laravel/ramadhan/vendor/laravel/framework/src/Illuminate/Session/Middleware/StartSession.php(121): Illuminate\\Pipeline\\Pipeline->Illuminate\\Pipeline\\{closure}()
#22 /home/abdmalik/Laravel/ramadhan/vendor/laravel/framework/src/Illuminate/Session/Middleware/StartSession.php(64): Illuminate\\Session\\Middleware\\StartSession->handleStatefulRequest()
#23 /home/abdmalik/Laravel/ramadhan/vendor/laravel/framework/src/Illuminate/Pipeline/Pipeline.php(180): Illuminate\\Session\\Middleware\\StartSession->handle()
#24 /home/abdmalik/Laravel/ramadhan/vendor/laravel/framework/src/Illuminate/Cookie/Middleware/AddQueuedCookiesToResponse.php(37): Illuminate\\Pipeline\\Pipeline->Illuminate\\Pipeline\\{closure}()
#25 /home/abdmalik/Laravel/ramadhan/vendor/laravel/framework/src/Illuminate/Pipeline/Pipeline.php(180): Illuminate\\Cookie\\Middleware\\AddQueuedCookiesToResponse->handle()
#26 /home/abdmalik/Laravel/ramadhan/vendor/laravel/framework/src/Illuminate/Cookie/Middleware/EncryptCookies.php(67): Illuminate\\Pipeline\\Pipeline->Illuminate\\Pipeline\\{closure}()
#27 /home/abdmalik/Laravel/ramadhan/vendor/laravel/framework/src/Illuminate/Pipeline/Pipeline.php(180): Illuminate\\Cookie\\Middleware\\EncryptCookies->handle()
#28 /home/abdmalik/Laravel/ramadhan/vendor/laravel/framework/src/Illuminate/Pipeline/Pipeline.php(116): Illuminate\\Pipeline\\Pipeline->Illuminate\\Pipeline\\{closure}()
#29 /home/abdmalik/Laravel/ramadhan/vendor/laravel/framework/src/Illuminate/Routing/Router.php(730): Illuminate\\Pipeline\\Pipeline->then()
#30 /home/abdmalik/Laravel/ramadhan/vendor/laravel/framework/src/Illuminate/Routing/Router.php(705): Illuminate\\Routing\\Router->runRouteWithinStack()
#31 /home/abdmalik/Laravel/ramadhan/vendor/laravel/framework/src/Illuminate/Routing/Router.php(667): Illuminate\\Routing\\Router->runRoute()
#32 /home/abdmalik/Laravel/ramadhan/vendor/laravel/framework/src/Illuminate/Routing/Router.php(656): Illuminate\\Routing\\Router->dispatchToRoute()
#33 /home/abdmalik/Laravel/ramadhan/vendor/laravel/framework/src/Illuminate/Foundation/Http/Kernel.php(167): Illuminate\\Routing\\Router->dispatch()
#34 /home/abdmalik/Laravel/ramadhan/vendor/laravel/framework/src/Illuminate/Pipeline/Pipeline.php(141): Illuminate\\Foundation\\Http\\Kernel->Illuminate\\Foundation\\Http\\{closure}()
#35 /home/abdmalik/Laravel/ramadhan/vendor/laravel/framework/src/Illuminate/Foundation/Http/Middleware/TransformsRequest.php(21): Illuminate\\Pipeline\\Pipeline->Illuminate\\Pipeline\\{closure}()
#36 /home/abdmalik/Laravel/ramadhan/vendor/laravel/framework/src/Illuminate/Foundation/Http/Middleware/ConvertEmptyStringsToNull.php(31): Illuminate\\Foundation\\Http\\Middleware\\TransformsRequest->handle()
#37 /home/abdmalik/Laravel/ramadhan/vendor/laravel/framework/src/Illuminate/Pipeline/Pipeline.php(180): Illuminate\\Foundation\\Http\\Middleware\\ConvertEmptyStringsToNull->handle()
#38 /home/abdmalik/Laravel/ramadhan/vendor/laravel/framework/src/Illuminate/Foundation/Http/Middleware/TransformsRequest.php(21): Illuminate\\Pipeline\\Pipeline->Illuminate\\Pipeline\\{closure}()
#39 /home/abdmalik/Laravel/ramadhan/vendor/laravel/framework/src/Illuminate/Foundation/Http/Middleware/TrimStrings.php(40): Illuminate\\Foundation\\Http\\Middleware\\TransformsRequest->handle()
#40 /home/abdmalik/Laravel/ramadhan/vendor/laravel/framework/src/Illuminate/Pipeline/Pipeline.php(180): Illuminate\\Foundation\\Http\\Middleware\\TrimStrings->handle()
#41 /home/abdmalik/Laravel/ramadhan/vendor/laravel/framework/src/Illuminate/Foundation/Http/Middleware/ValidatePostSize.php(27): Illuminate\\Pipeline\\Pipeline->Illuminate\\Pipeline\\{closure}()
#42 /home/abdmalik/Laravel/ramadhan/vendor/laravel/framework/src/Illuminate/Pipeline/Pipeline.php(180): Illuminate\\Foundation\\Http\\Middleware\\ValidatePostSize->handle()
#43 /home/abdmalik/Laravel/ramadhan/vendor/laravel/framework/src/Illuminate/Foundation/Http/Middleware/PreventRequestsDuringMaintenance.php(86): Illuminate\\Pipeline\\Pipeline->Illuminate\\Pipeline\\{closure}()
#44 /home/abdmalik/Laravel/ramadhan/vendor/laravel/framework/src/Illuminate/Pipeline/Pipeline.php(180): Illuminate\\Foundation\\Http\\Middleware\\PreventRequestsDuringMaintenance->handle()
#45 /home/abdmalik/Laravel/ramadhan/vendor/laravel/framework/src/Illuminate/Http/Middleware/TrustProxies.php(39): Illuminate\\Pipeline\\Pipeline->Illuminate\\Pipeline\\{closure}()
#46 /home/abdmalik/Laravel/ramadhan/vendor/laravel/framework/src/Illuminate/Pipeline/Pipeline.php(180): Illuminate\\Http\\Middleware\\TrustProxies->handle()
#47 /home/abdmalik/Laravel/ramadhan/vendor/laravel/framework/src/Illuminate/Pipeline/Pipeline.php(116): Illuminate\\Pipeline\\Pipeline->Illuminate\\Pipeline\\{closure}()
#48 /home/abdmalik/Laravel/ramadhan/vendor/laravel/framework/src/Illuminate/Foundation/Http/Kernel.php(142): Illuminate\\Pipeline\\Pipeline->then()
#49 /home/abdmalik/Laravel/ramadhan/vendor/laravel/framework/src/Illuminate/Foundation/Http/Kernel.php(111): Illuminate\\Foundation\\Http\\Kernel->sendRequestThroughRouter()
#50 /home/abdmalik/Laravel/ramadhan/public/index.php(55): Illuminate\\Foundation\\Http\\Kernel->handle()
#51 /home/abdmalik/Laravel/ramadhan/vendor/laravel/framework/src/Illuminate/Foundation/resources/server.php(16): require_once('...')
#52 {main}
"} 
[2022-04-15 13:45:00] local.ERROR: Undefined constant "index" {"exception":"[object] (Error(code: 0): Undefined constant \"index\" at /home/abdmalik/Laravel/ramadhan/routes/web.php:22)
[stacktrace]
#0 /home/abdmalik/Laravel/ramadhan/vendor/laravel/framework/src/Illuminate/Routing/RouteFileRegistrar.php(35): require()
#1 /home/abdmalik/Laravel/ramadhan/vendor/laravel/framework/src/Illuminate/Routing/Router.php(430): Illuminate\\Routing\\RouteFileRegistrar->register()
#2 /home/abdmalik/Laravel/ramadhan/vendor/laravel/framework/src/Illuminate/Routing/Router.php(386): Illuminate\\Routing\\Router->loadRoutes()
#3 /home/abdmalik/Laravel/ramadhan/vendor/laravel/framework/src/Illuminate/Routing/RouteRegistrar.php(163): Illuminate\\Routing\\Router->group()
#4 /home/abdmalik/Laravel/ramadhan/app/Providers/RouteServiceProvider.php(39): Illuminate\\Routing\\RouteRegistrar->group()
#5 /home/abdmalik/Laravel/ramadhan/vendor/laravel/framework/src/Illuminate/Container/BoundMethod.php(36): App\\Providers\\RouteServiceProvider->App\\Providers\\{closure}()
#6 /home/abdmalik/Laravel/ramadhan/vendor/laravel/framework/src/Illuminate/Container/Util.php(41): Illuminate\\Container\\BoundMethod::Illuminate\\Container\\{closure}()
#7 /home/abdmalik/Laravel/ramadhan/vendor/laravel/framework/src/Illuminate/Container/BoundMethod.php(81): Illuminate\\Container\\Util::unwrapIfClosure()
#8 /home/abdmalik/Laravel/ramadhan/vendor/laravel/framework/src/Illuminate/Container/BoundMethod.php(37): Illuminate\\Container\\BoundMethod::callBoundMethod()
#9 /home/abdmalik/Laravel/ramadhan/vendor/laravel/framework/src/Illuminate/Container/Container.php(653): Illuminate\\Container\\BoundMethod::call()
#10 /home/abdmalik/Laravel/ramadhan/vendor/laravel/framework/src/Illuminate/Foundation/Support/Providers/RouteServiceProvider.php(120): Illuminate\\Container\\Container->call()
#11 /home/abdmalik/Laravel/ramadhan/vendor/laravel/framework/src/Illuminate/Foundation/Support/Providers/RouteServiceProvider.php(45): Illuminate\\Foundation\\Support\\Providers\\RouteServiceProvider->loadRoutes()
#12 /home/abdmalik/Laravel/ramadhan/vendor/laravel/framework/src/Illuminate/Container/BoundMethod.php(36): Illuminate\\Foundation\\Support\\Providers\\RouteServiceProvider->Illuminate\\Foundation\\Support\\Providers\\{closure}()
#13 /home/abdmalik/Laravel/ramadhan/vendor/laravel/framework/src/Illuminate/Container/Util.php(41): Illuminate\\Container\\BoundMethod::Illuminate\\Container\\{closure}()
#14 /home/abdmalik/Laravel/ramadhan/vendor/laravel/framework/src/Illuminate/Container/BoundMethod.php(81): Illuminate\\Container\\Util::unwrapIfClosure()
#15 /home/abdmalik/Laravel/ramadhan/vendor/laravel/framework/src/Illuminate/Container/BoundMethod.php(37): Illuminate\\Container\\BoundMethod::callBoundMethod()
#16 /home/abdmalik/Laravel/ramadhan/vendor/laravel/framework/src/Illuminate/Container/Container.php(653): Illuminate\\Container\\BoundMethod::call()
#17 /home/abdmalik/Laravel/ramadhan/vendor/laravel/framework/src/Illuminate/Support/ServiceProvider.php(119): Illuminate\\Container\\Container->call()
#18 /home/abdmalik/Laravel/ramadhan/vendor/laravel/framework/src/Illuminate/Foundation/Application.php(931): Illuminate\\Support\\ServiceProvider->callBootedCallbacks()
#19 /home/abdmalik/Laravel/ramadhan/vendor/laravel/framework/src/Illuminate/Foundation/Application.php(909): Illuminate\\Foundation\\Application->bootProvider()
#20 [internal function]: Illuminate\\Foundation\\Application->Illuminate\\Foundation\\{closure}()
#21 /home/abdmalik/Laravel/ramadhan/vendor/laravel/framework/src/Illuminate/Foundation/Application.php(910): array_walk()
#22 /home/abdmalik/Laravel/ramadhan/vendor/laravel/framework/src/Illuminate/Foundation/Bootstrap/BootProviders.php(17): Illuminate\\Foundation\\Application->boot()
#23 /home/abdmalik/Laravel/ramadhan/vendor/laravel/framework/src/Illuminate/Foundation/Application.php(239): Illuminate\\Foundation\\Bootstrap\\BootProviders->bootstrap()
#24 /home/abdmalik/Laravel/ramadhan/vendor/laravel/framework/src/Illuminate/Foundation/Console/Kernel.php(310): Illuminate\\Foundation\\Application->bootstrapWith()
#25 /home/abdmalik/Laravel/ramadhan/vendor/laravel/framework/src/Illuminate/Foundation/Console/Kernel.php(127): Illuminate\\Foundation\\Console\\Kernel->bootstrap()
#26 Command line code(1): Illuminate\\Foundation\\Console\\Kernel->handle()
#27 {main}
"} 
[2022-04-15 13:45:04] local.ERROR: Undefined constant "index" {"exception":"[object] (Error(code: 0): Undefined constant \"index\" at /home/abdmalik/Laravel/ramadhan/routes/web.php:22)
[stacktrace]
#0 /home/abdmalik/Laravel/ramadhan/vendor/laravel/framework/src/Illuminate/Routing/RouteFileRegistrar.php(35): require()
#1 /home/abdmalik/Laravel/ramadhan/vendor/laravel/framework/src/Illuminate/Routing/Router.php(430): Illuminate\\Routing\\RouteFileRegistrar->register()
#2 /home/abdmalik/Laravel/ramadhan/vendor/laravel/framework/src/Illuminate/Routing/Router.php(386): Illuminate\\Routing\\Router->loadRoutes()
#3 /home/abdmalik/Laravel/ramadhan/vendor/laravel/framework/src/Illuminate/Routing/RouteRegistrar.php(163): Illuminate\\Routing\\Router->group()
#4 /home/abdmalik/Laravel/ramadhan/app/Providers/RouteServiceProvider.php(39): Illuminate\\Routing\\RouteRegistrar->group()
#5 /home/abdmalik/Laravel/ramadhan/vendor/laravel/framework/src/Illuminate/Container/BoundMethod.php(36): App\\Providers\\RouteServiceProvider->App\\Providers\\{closure}()
#6 /home/abdmalik/Laravel/ramadhan/vendor/laravel/framework/src/Illuminate/Container/Util.php(41): Illuminate\\Container\\BoundMethod::Illuminate\\Container\\{closure}()
#7 /home/abdmalik/Laravel/ramadhan/vendor/laravel/framework/src/Illuminate/Container/BoundMethod.php(81): Illuminate\\Container\\Util::unwrapIfClosure()
#8 /home/abdmalik/Laravel/ramadhan/vendor/laravel/framework/src/Illuminate/Container/BoundMethod.php(37): Illuminate\\Container\\BoundMethod::callBoundMethod()
#9 /home/abdmalik/Laravel/ramadhan/vendor/laravel/framework/src/Illuminate/Container/Container.php(653): Illuminate\\Container\\BoundMethod::call()
#10 /home/abdmalik/Laravel/ramadhan/vendor/laravel/framework/src/Illuminate/Foundation/Support/Providers/RouteServiceProvider.php(120): Illuminate\\Container\\Container->call()
#11 /home/abdmalik/Laravel/ramadhan/vendor/laravel/framework/src/Illuminate/Foundation/Support/Providers/RouteServiceProvider.php(45): Illuminate\\Foundation\\Support\\Providers\\RouteServiceProvider->loadRoutes()
#12 /home/abdmalik/Laravel/ramadhan/vendor/laravel/framework/src/Illuminate/Container/BoundMethod.php(36): Illuminate\\Foundation\\Support\\Providers\\RouteServiceProvider->Illuminate\\Foundation\\Support\\Providers\\{closure}()
#13 /home/abdmalik/Laravel/ramadhan/vendor/laravel/framework/src/Illuminate/Container/Util.php(41): Illuminate\\Container\\BoundMethod::Illuminate\\Container\\{closure}()
#14 /home/abdmalik/Laravel/ramadhan/vendor/laravel/framework/src/Illuminate/Container/BoundMethod.php(81): Illuminate\\Container\\Util::unwrapIfClosure()
#15 /home/abdmalik/Laravel/ramadhan/vendor/laravel/framework/src/Illuminate/Container/BoundMethod.php(37): Illuminate\\Container\\BoundMethod::callBoundMethod()
#16 /home/abdmalik/Laravel/ramadhan/vendor/laravel/framework/src/Illuminate/Container/Container.php(653): Illuminate\\Container\\BoundMethod::call()
#17 /home/abdmalik/Laravel/ramadhan/vendor/laravel/framework/src/Illuminate/Support/ServiceProvider.php(119): Illuminate\\Container\\Container->call()
#18 /home/abdmalik/Laravel/ramadhan/vendor/laravel/framework/src/Illuminate/Foundation/Application.php(931): Illuminate\\Support\\ServiceProvider->callBootedCallbacks()
#19 /home/abdmalik/Laravel/ramadhan/vendor/laravel/framework/src/Illuminate/Foundation/Application.php(909): Illuminate\\Foundation\\Application->bootProvider()
#20 [internal function]: Illuminate\\Foundation\\Application->Illuminate\\Foundation\\{closure}()
#21 /home/abdmalik/Laravel/ramadhan/vendor/laravel/framework/src/Illuminate/Foundation/Application.php(910): array_walk()
#22 /home/abdmalik/Laravel/ramadhan/vendor/laravel/framework/src/Illuminate/Foundation/Bootstrap/BootProviders.php(17): Illuminate\\Foundation\\Application->boot()
#23 /home/abdmalik/Laravel/ramadhan/vendor/laravel/framework/src/Illuminate/Foundation/Application.php(239): Illuminate\\Foundation\\Bootstrap\\BootProviders->bootstrap()
#24 /home/abdmalik/Laravel/ramadhan/vendor/laravel/framework/src/Illuminate/Foundation/Console/Kernel.php(310): Illuminate\\Foundation\\Application->bootstrapWith()
#25 /home/abdmalik/Laravel/ramadhan/vendor/laravel/framework/src/Illuminate/Foundation/Console/Kernel.php(127): Illuminate\\Foundation\\Console\\Kernel->bootstrap()
#26 Command line code(1): Illuminate\\Foundation\\Console\\Kernel->handle()
#27 {main}
"} 
[2022-04-15 13:45:04] local.ERROR: Undefined constant "index" {"exception":"[object] (Error(code: 0): Undefined constant \"index\" at /home/abdmalik/Laravel/ramadhan/routes/web.php:22)
[stacktrace]
#0 /home/abdmalik/Laravel/ramadhan/vendor/laravel/framework/src/Illuminate/Routing/RouteFileRegistrar.php(35): require()
#1 /home/abdmalik/Laravel/ramadhan/vendor/laravel/framework/src/Illuminate/Routing/Router.php(430): Illuminate\\Routing\\RouteFileRegistrar->register()
#2 /home/abdmalik/Laravel/ramadhan/vendor/laravel/framework/src/Illuminate/Routing/Router.php(386): Illuminate\\Routing\\Router->loadRoutes()
#3 /home/abdmalik/Laravel/ramadhan/vendor/laravel/framework/src/Illuminate/Routing/RouteRegistrar.php(163): Illuminate\\Routing\\Router->group()
#4 /home/abdmalik/Laravel/ramadhan/app/Providers/RouteServiceProvider.php(39): Illuminate\\Routing\\RouteRegistrar->group()
#5 /home/abdmalik/Laravel/ramadhan/vendor/laravel/framework/src/Illuminate/Container/BoundMethod.php(36): App\\Providers\\RouteServiceProvider->App\\Providers\\{closure}()
#6 /home/abdmalik/Laravel/ramadhan/vendor/laravel/framework/src/Illuminate/Container/Util.php(41): Illuminate\\Container\\BoundMethod::Illuminate\\Container\\{closure}()
#7 /home/abdmalik/Laravel/ramadhan/vendor/laravel/framework/src/Illuminate/Container/BoundMethod.php(81): Illuminate\\Container\\Util::unwrapIfClosure()
#8 /home/abdmalik/Laravel/ramadhan/vendor/laravel/framework/src/Illuminate/Container/BoundMethod.php(37): Illuminate\\Container\\BoundMethod::callBoundMethod()
#9 /home/abdmalik/Laravel/ramadhan/vendor/laravel/framework/src/Illuminate/Container/Container.php(653): Illuminate\\Container\\BoundMethod::call()
#10 /home/abdmalik/Laravel/ramadhan/vendor/laravel/framework/src/Illuminate/Foundation/Support/Providers/RouteServiceProvider.php(120): Illuminate\\Container\\Container->call()
#11 /home/abdmalik/Laravel/ramadhan/vendor/laravel/framework/src/Illuminate/Foundation/Support/Providers/RouteServiceProvider.php(45): Illuminate\\Foundation\\Support\\Providers\\RouteServiceProvider->loadRoutes()
#12 /home/abdmalik/Laravel/ramadhan/vendor/laravel/framework/src/Illuminate/Container/BoundMethod.php(36): Illuminate\\Foundation\\Support\\Providers\\RouteServiceProvider->Illuminate\\Foundation\\Support\\Providers\\{closure}()
#13 /home/abdmalik/Laravel/ramadhan/vendor/laravel/framework/src/Illuminate/Container/Util.php(41): Illuminate\\Container\\BoundMethod::Illuminate\\Container\\{closure}()
#14 /home/abdmalik/Laravel/ramadhan/vendor/laravel/framework/src/Illuminate/Container/BoundMethod.php(81): Illuminate\\Container\\Util::unwrapIfClosure()
#15 /home/abdmalik/Laravel/ramadhan/vendor/laravel/framework/src/Illuminate/Container/BoundMethod.php(37): Illuminate\\Container\\BoundMethod::callBoundMethod()
#16 /home/abdmalik/Laravel/ramadhan/vendor/laravel/framework/src/Illuminate/Container/Container.php(653): Illuminate\\Container\\BoundMethod::call()
#17 /home/abdmalik/Laravel/ramadhan/vendor/laravel/framework/src/Illuminate/Support/ServiceProvider.php(119): Illuminate\\Container\\Container->call()
#18 /home/abdmalik/Laravel/ramadhan/vendor/laravel/framework/src/Illuminate/Foundation/Application.php(931): Illuminate\\Support\\ServiceProvider->callBootedCallbacks()
#19 /home/abdmalik/Laravel/ramadhan/vendor/laravel/framework/src/Illuminate/Foundation/Application.php(909): Illuminate\\Foundation\\Application->bootProvider()
#20 [internal function]: Illuminate\\Foundation\\Application->Illuminate\\Foundation\\{closure}()
#21 /home/abdmalik/Laravel/ramadhan/vendor/laravel/framework/src/Illuminate/Foundation/Application.php(910): array_walk()
#22 /home/abdmalik/Laravel/ramadhan/vendor/laravel/framework/src/Illuminate/Foundation/Bootstrap/BootProviders.php(17): Illuminate\\Foundation\\Application->boot()
#23 /home/abdmalik/Laravel/ramadhan/vendor/laravel/framework/src/Illuminate/Foundation/Application.php(239): Illuminate\\Foundation\\Bootstrap\\BootProviders->bootstrap()
#24 /home/abdmalik/Laravel/ramadhan/vendor/laravel/framework/src/Illuminate/Foundation/Console/Kernel.php(310): Illuminate\\Foundation\\Application->bootstrapWith()
#25 /home/abdmalik/Laravel/ramadhan/vendor/laravel/framework/src/Illuminate/Foundation/Console/Kernel.php(127): Illuminate\\Foundation\\Console\\Kernel->bootstrap()
#26 Command line code(1): Illuminate\\Foundation\\Console\\Kernel->handle()
#27 {main}
"} 
[2022-04-15 13:45:04] local.ERROR: Undefined constant "index" {"exception":"[object] (Error(code: 0): Undefined constant \"index\" at /home/abdmalik/Laravel/ramadhan/routes/web.php:22)
[stacktrace]
#0 /home/abdmalik/Laravel/ramadhan/vendor/laravel/framework/src/Illuminate/Routing/RouteFileRegistrar.php(35): require()
#1 /home/abdmalik/Laravel/ramadhan/vendor/laravel/framework/src/Illuminate/Routing/Router.php(430): Illuminate\\Routing\\RouteFileRegistrar->register()
#2 /home/abdmalik/Laravel/ramadhan/vendor/laravel/framework/src/Illuminate/Routing/Router.php(386): Illuminate\\Routing\\Router->loadRoutes()
#3 /home/abdmalik/Laravel/ramadhan/vendor/laravel/framework/src/Illuminate/Routing/RouteRegistrar.php(163): Illuminate\\Routing\\Router->group()
#4 /home/abdmalik/Laravel/ramadhan/app/Providers/RouteServiceProvider.php(39): Illuminate\\Routing\\RouteRegistrar->group()
#5 /home/abdmalik/Laravel/ramadhan/vendor/laravel/framework/src/Illuminate/Container/BoundMethod.php(36): App\\Providers\\RouteServiceProvider->App\\Providers\\{closure}()
#6 /home/abdmalik/Laravel/ramadhan/vendor/laravel/framework/src/Illuminate/Container/Util.php(41): Illuminate\\Container\\BoundMethod::Illuminate\\Container\\{closure}()
#7 /home/abdmalik/Laravel/ramadhan/vendor/laravel/framework/src/Illuminate/Container/BoundMethod.php(81): Illuminate\\Container\\Util::unwrapIfClosure()
#8 /home/abdmalik/Laravel/ramadhan/vendor/laravel/framework/src/Illuminate/Container/BoundMethod.php(37): Illuminate\\Container\\BoundMethod::callBoundMethod()
#9 /home/abdmalik/Laravel/ramadhan/vendor/laravel/framework/src/Illuminate/Container/Container.php(653): Illuminate\\Container\\BoundMethod::call()
#10 /home/abdmalik/Laravel/ramadhan/vendor/laravel/framework/src/Illuminate/Foundation/Support/Providers/RouteServiceProvider.php(120): Illuminate\\Container\\Container->call()
#11 /home/abdmalik/Laravel/ramadhan/vendor/laravel/framework/src/Illuminate/Foundation/Support/Providers/RouteServiceProvider.php(45): Illuminate\\Foundation\\Support\\Providers\\RouteServiceProvider->loadRoutes()
#12 /home/abdmalik/Laravel/ramadhan/vendor/laravel/framework/src/Illuminate/Container/BoundMethod.php(36): Illuminate\\Foundation\\Support\\Providers\\RouteServiceProvider->Illuminate\\Foundation\\Support\\Providers\\{closure}()
#13 /home/abdmalik/Laravel/ramadhan/vendor/laravel/framework/src/Illuminate/Container/Util.php(41): Illuminate\\Container\\BoundMethod::Illuminate\\Container\\{closure}()
#14 /home/abdmalik/Laravel/ramadhan/vendor/laravel/framework/src/Illuminate/Container/BoundMethod.php(81): Illuminate\\Container\\Util::unwrapIfClosure()
#15 /home/abdmalik/Laravel/ramadhan/vendor/laravel/framework/src/Illuminate/Container/BoundMethod.php(37): Illuminate\\Container\\BoundMethod::callBoundMethod()
#16 /home/abdmalik/Laravel/ramadhan/vendor/laravel/framework/src/Illuminate/Container/Container.php(653): Illuminate\\Container\\BoundMethod::call()
#17 /home/abdmalik/Laravel/ramadhan/vendor/laravel/framework/src/Illuminate/Support/ServiceProvider.php(119): Illuminate\\Container\\Container->call()
#18 /home/abdmalik/Laravel/ramadhan/vendor/laravel/framework/src/Illuminate/Foundation/Application.php(931): Illuminate\\Support\\ServiceProvider->callBootedCallbacks()
#19 /home/abdmalik/Laravel/ramadhan/vendor/laravel/framework/src/Illuminate/Foundation/Application.php(909): Illuminate\\Foundation\\Application->bootProvider()
#20 [internal function]: Illuminate\\Foundation\\Application->Illuminate\\Foundation\\{closure}()
#21 /home/abdmalik/Laravel/ramadhan/vendor/laravel/framework/src/Illuminate/Foundation/Application.php(910): array_walk()
#22 /home/abdmalik/Laravel/ramadhan/vendor/laravel/framework/src/Illuminate/Foundation/Bootstrap/BootProviders.php(17): Illuminate\\Foundation\\Application->boot()
#23 /home/abdmalik/Laravel/ramadhan/vendor/laravel/framework/src/Illuminate/Foundation/Application.php(239): Illuminate\\Foundation\\Bootstrap\\BootProviders->bootstrap()
#24 /home/abdmalik/Laravel/ramadhan/vendor/laravel/framework/src/Illuminate/Foundation/Console/Kernel.php(310): Illuminate\\Foundation\\Application->bootstrapWith()
#25 /home/abdmalik/Laravel/ramadhan/vendor/laravel/framework/src/Illuminate/Foundation/Console/Kernel.php(127): Illuminate\\Foundation\\Console\\Kernel->bootstrap()
#26 Command line code(1): Illuminate\\Foundation\\Console\\Kernel->handle()
#27 {main}
"} 
[2022-04-15 13:45:05] local.ERROR: Undefined constant "index" {"exception":"[object] (Error(code: 0): Undefined constant \"index\" at /home/abdmalik/Laravel/ramadhan/routes/web.php:22)
[stacktrace]
#0 /home/abdmalik/Laravel/ramadhan/vendor/laravel/framework/src/Illuminate/Routing/RouteFileRegistrar.php(35): require()
#1 /home/abdmalik/Laravel/ramadhan/vendor/laravel/framework/src/Illuminate/Routing/Router.php(430): Illuminate\\Routing\\RouteFileRegistrar->register()
#2 /home/abdmalik/Laravel/ramadhan/vendor/laravel/framework/src/Illuminate/Routing/Router.php(386): Illuminate\\Routing\\Router->loadRoutes()
#3 /home/abdmalik/Laravel/ramadhan/vendor/laravel/framework/src/Illuminate/Routing/RouteRegistrar.php(163): Illuminate\\Routing\\Router->group()
#4 /home/abdmalik/Laravel/ramadhan/app/Providers/RouteServiceProvider.php(39): Illuminate\\Routing\\RouteRegistrar->group()
#5 /home/abdmalik/Laravel/ramadhan/vendor/laravel/framework/src/Illuminate/Container/BoundMethod.php(36): App\\Providers\\RouteServiceProvider->App\\Providers\\{closure}()
#6 /home/abdmalik/Laravel/ramadhan/vendor/laravel/framework/src/Illuminate/Container/Util.php(41): Illuminate\\Container\\BoundMethod::Illuminate\\Container\\{closure}()
#7 /home/abdmalik/Laravel/ramadhan/vendor/laravel/framework/src/Illuminate/Container/BoundMethod.php(81): Illuminate\\Container\\Util::unwrapIfClosure()
#8 /home/abdmalik/Laravel/ramadhan/vendor/laravel/framework/src/Illuminate/Container/BoundMethod.php(37): Illuminate\\Container\\BoundMethod::callBoundMethod()
#9 /home/abdmalik/Laravel/ramadhan/vendor/laravel/framework/src/Illuminate/Container/Container.php(653): Illuminate\\Container\\BoundMethod::call()
#10 /home/abdmalik/Laravel/ramadhan/vendor/laravel/framework/src/Illuminate/Foundation/Support/Providers/RouteServiceProvider.php(120): Illuminate\\Container\\Container->call()
#11 /home/abdmalik/Laravel/ramadhan/vendor/laravel/framework/src/Illuminate/Foundation/Support/Providers/RouteServiceProvider.php(45): Illuminate\\Foundation\\Support\\Providers\\RouteServiceProvider->loadRoutes()
#12 /home/abdmalik/Laravel/ramadhan/vendor/laravel/framework/src/Illuminate/Container/BoundMethod.php(36): Illuminate\\Foundation\\Support\\Providers\\RouteServiceProvider->Illuminate\\Foundation\\Support\\Providers\\{closure}()
#13 /home/abdmalik/Laravel/ramadhan/vendor/laravel/framework/src/Illuminate/Container/Util.php(41): Illuminate\\Container\\BoundMethod::Illuminate\\Container\\{closure}()
#14 /home/abdmalik/Laravel/ramadhan/vendor/laravel/framework/src/Illuminate/Container/BoundMethod.php(81): Illuminate\\Container\\Util::unwrapIfClosure()
#15 /home/abdmalik/Laravel/ramadhan/vendor/laravel/framework/src/Illuminate/Container/BoundMethod.php(37): Illuminate\\Container\\BoundMethod::callBoundMethod()
#16 /home/abdmalik/Laravel/ramadhan/vendor/laravel/framework/src/Illuminate/Container/Container.php(653): Illuminate\\Container\\BoundMethod::call()
#17 /home/abdmalik/Laravel/ramadhan/vendor/laravel/framework/src/Illuminate/Support/ServiceProvider.php(119): Illuminate\\Container\\Container->call()
#18 /home/abdmalik/Laravel/ramadhan/vendor/laravel/framework/src/Illuminate/Foundation/Application.php(931): Illuminate\\Support\\ServiceProvider->callBootedCallbacks()
#19 /home/abdmalik/Laravel/ramadhan/vendor/laravel/framework/src/Illuminate/Foundation/Application.php(909): Illuminate\\Foundation\\Application->bootProvider()
#20 [internal function]: Illuminate\\Foundation\\Application->Illuminate\\Foundation\\{closure}()
#21 /home/abdmalik/Laravel/ramadhan/vendor/laravel/framework/src/Illuminate/Foundation/Application.php(910): array_walk()
#22 /home/abdmalik/Laravel/ramadhan/vendor/laravel/framework/src/Illuminate/Foundation/Bootstrap/BootProviders.php(17): Illuminate\\Foundation\\Application->boot()
#23 /home/abdmalik/Laravel/ramadhan/vendor/laravel/framework/src/Illuminate/Foundation/Application.php(239): Illuminate\\Foundation\\Bootstrap\\BootProviders->bootstrap()
#24 /home/abdmalik/Laravel/ramadhan/vendor/laravel/framework/src/Illuminate/Foundation/Console/Kernel.php(310): Illuminate\\Foundation\\Application->bootstrapWith()
#25 /home/abdmalik/Laravel/ramadhan/vendor/laravel/framework/src/Illuminate/Foundation/Console/Kernel.php(127): Illuminate\\Foundation\\Console\\Kernel->bootstrap()
#26 Command line code(1): Illuminate\\Foundation\\Console\\Kernel->handle()
#27 {main}
"} 
[2022-04-15 13:45:05] local.ERROR: Undefined constant "index" {"exception":"[object] (Error(code: 0): Undefined constant \"index\" at /home/abdmalik/Laravel/ramadhan/routes/web.php:22)
[stacktrace]
#0 /home/abdmalik/Laravel/ramadhan/vendor/laravel/framework/src/Illuminate/Routing/RouteFileRegistrar.php(35): require()
#1 /home/abdmalik/Laravel/ramadhan/vendor/laravel/framework/src/Illuminate/Routing/Router.php(430): Illuminate\\Routing\\RouteFileRegistrar->register()
#2 /home/abdmalik/Laravel/ramadhan/vendor/laravel/framework/src/Illuminate/Routing/Router.php(386): Illuminate\\Routing\\Router->loadRoutes()
#3 /home/abdmalik/Laravel/ramadhan/vendor/laravel/framework/src/Illuminate/Routing/RouteRegistrar.php(163): Illuminate\\Routing\\Router->group()
#4 /home/abdmalik/Laravel/ramadhan/app/Providers/RouteServiceProvider.php(39): Illuminate\\Routing\\RouteRegistrar->group()
#5 /home/abdmalik/Laravel/ramadhan/vendor/laravel/framework/src/Illuminate/Container/BoundMethod.php(36): App\\Providers\\RouteServiceProvider->App\\Providers\\{closure}()
#6 /home/abdmalik/Laravel/ramadhan/vendor/laravel/framework/src/Illuminate/Container/Util.php(41): Illuminate\\Container\\BoundMethod::Illuminate\\Container\\{closure}()
#7 /home/abdmalik/Laravel/ramadhan/vendor/laravel/framework/src/Illuminate/Container/BoundMethod.php(81): Illuminate\\Container\\Util::unwrapIfClosure()
#8 /home/abdmalik/Laravel/ramadhan/vendor/laravel/framework/src/Illuminate/Container/BoundMethod.php(37): Illuminate\\Container\\BoundMethod::callBoundMethod()
#9 /home/abdmalik/Laravel/ramadhan/vendor/laravel/framework/src/Illuminate/Container/Container.php(653): Illuminate\\Container\\BoundMethod::call()
#10 /home/abdmalik/Laravel/ramadhan/vendor/laravel/framework/src/Illuminate/Foundation/Support/Providers/RouteServiceProvider.php(120): Illuminate\\Container\\Container->call()
#11 /home/abdmalik/Laravel/ramadhan/vendor/laravel/framework/src/Illuminate/Foundation/Support/Providers/RouteServiceProvider.php(45): Illuminate\\Foundation\\Support\\Providers\\RouteServiceProvider->loadRoutes()
#12 /home/abdmalik/Laravel/ramadhan/vendor/laravel/framework/src/Illuminate/Container/BoundMethod.php(36): Illuminate\\Foundation\\Support\\Providers\\RouteServiceProvider->Illuminate\\Foundation\\Support\\Providers\\{closure}()
#13 /home/abdmalik/Laravel/ramadhan/vendor/laravel/framework/src/Illuminate/Container/Util.php(41): Illuminate\\Container\\BoundMethod::Illuminate\\Container\\{closure}()
#14 /home/abdmalik/Laravel/ramadhan/vendor/laravel/framework/src/Illuminate/Container/BoundMethod.php(81): Illuminate\\Container\\Util::unwrapIfClosure()
#15 /home/abdmalik/Laravel/ramadhan/vendor/laravel/framework/src/Illuminate/Container/BoundMethod.php(37): Illuminate\\Container\\BoundMethod::callBoundMethod()
#16 /home/abdmalik/Laravel/ramadhan/vendor/laravel/framework/src/Illuminate/Container/Container.php(653): Illuminate\\Container\\BoundMethod::call()
#17 /home/abdmalik/Laravel/ramadhan/vendor/laravel/framework/src/Illuminate/Support/ServiceProvider.php(119): Illuminate\\Container\\Container->call()
#18 /home/abdmalik/Laravel/ramadhan/vendor/laravel/framework/src/Illuminate/Foundation/Application.php(931): Illuminate\\Support\\ServiceProvider->callBootedCallbacks()
#19 /home/abdmalik/Laravel/ramadhan/vendor/laravel/framework/src/Illuminate/Foundation/Application.php(909): Illuminate\\Foundation\\Application->bootProvider()
#20 [internal function]: Illuminate\\Foundation\\Application->Illuminate\\Foundation\\{closure}()
#21 /home/abdmalik/Laravel/ramadhan/vendor/laravel/framework/src/Illuminate/Foundation/Application.php(910): array_walk()
#22 /home/abdmalik/Laravel/ramadhan/vendor/laravel/framework/src/Illuminate/Foundation/Bootstrap/BootProviders.php(17): Illuminate\\Foundation\\Application->boot()
#23 /home/abdmalik/Laravel/ramadhan/vendor/laravel/framework/src/Illuminate/Foundation/Application.php(239): Illuminate\\Foundation\\Bootstrap\\BootProviders->bootstrap()
#24 /home/abdmalik/Laravel/ramadhan/vendor/laravel/framework/src/Illuminate/Foundation/Console/Kernel.php(310): Illuminate\\Foundation\\Application->bootstrapWith()
#25 /home/abdmalik/Laravel/ramadhan/vendor/laravel/framework/src/Illuminate/Foundation/Console/Kernel.php(127): Illuminate\\Foundation\\Console\\Kernel->bootstrap()
#26 Command line code(1): Illuminate\\Foundation\\Console\\Kernel->handle()
#27 {main}
"} 
[2022-04-15 14:17:39] local.ERROR: Target class [DetailController] does not exist. {"exception":"[object] (Illuminate\\Contracts\\Container\\BindingResolutionException(code: 0): Target class [DetailController] does not exist. at /home/abdmalik/Laravel/ramadhan/vendor/laravel/framework/src/Illuminate/Container/Container.php:879)
[stacktrace]
#0 /home/abdmalik/Laravel/ramadhan/vendor/laravel/framework/src/Illuminate/Container/Container.php(758): Illuminate\\Container\\Container->build()
#1 /home/abdmalik/Laravel/ramadhan/vendor/laravel/framework/src/Illuminate/Foundation/Application.php(855): Illuminate\\Container\\Container->resolve()
#2 /home/abdmalik/Laravel/ramadhan/vendor/laravel/framework/src/Illuminate/Container/Container.php(694): Illuminate\\Foundation\\Application->resolve()
#3 /home/abdmalik/Laravel/ramadhan/vendor/laravel/framework/src/Illuminate/Foundation/Application.php(840): Illuminate\\Container\\Container->make()
#4 /home/abdmalik/Laravel/ramadhan/vendor/laravel/framework/src/Illuminate/Routing/Route.php(275): Illuminate\\Foundation\\Application->make()
#5 /home/abdmalik/Laravel/ramadhan/vendor/laravel/framework/src/Illuminate/Routing/Route.php(1081): Illuminate\\Routing\\Route->getController()
#6 /home/abdmalik/Laravel/ramadhan/vendor/laravel/framework/src/Illuminate/Routing/Route.php(1024): Illuminate\\Routing\\Route->controllerMiddleware()
#7 /home/abdmalik/Laravel/ramadhan/vendor/laravel/framework/src/Illuminate/Routing/Router.php(741): Illuminate\\Routing\\Route->gatherMiddleware()
#8 /home/abdmalik/Laravel/ramadhan/vendor/laravel/framework/src/Illuminate/Routing/Router.php(721): Illuminate\\Routing\\Router->gatherRouteMiddleware()
#9 /home/abdmalik/Laravel/ramadhan/vendor/laravel/framework/src/Illuminate/Routing/Router.php(705): Illuminate\\Routing\\Router->runRouteWithinStack()
#10 /home/abdmalik/Laravel/ramadhan/vendor/laravel/framework/src/Illuminate/Routing/Router.php(667): Illuminate\\Routing\\Router->runRoute()
#11 /home/abdmalik/Laravel/ramadhan/vendor/laravel/framework/src/Illuminate/Routing/Router.php(656): Illuminate\\Routing\\Router->dispatchToRoute()
#12 /home/abdmalik/Laravel/ramadhan/vendor/laravel/framework/src/Illuminate/Foundation/Http/Kernel.php(167): Illuminate\\Routing\\Router->dispatch()
#13 /home/abdmalik/Laravel/ramadhan/vendor/laravel/framework/src/Illuminate/Pipeline/Pipeline.php(141): Illuminate\\Foundation\\Http\\Kernel->Illuminate\\Foundation\\Http\\{closure}()
#14 /home/abdmalik/Laravel/ramadhan/vendor/laravel/framework/src/Illuminate/Foundation/Http/Middleware/TransformsRequest.php(21): Illuminate\\Pipeline\\Pipeline->Illuminate\\Pipeline\\{closure}()
#15 /home/abdmalik/Laravel/ramadhan/vendor/laravel/framework/src/Illuminate/Foundation/Http/Middleware/ConvertEmptyStringsToNull.php(31): Illuminate\\Foundation\\Http\\Middleware\\TransformsRequest->handle()
#16 /home/abdmalik/Laravel/ramadhan/vendor/laravel/framework/src/Illuminate/Pipeline/Pipeline.php(180): Illuminate\\Foundation\\Http\\Middleware\\ConvertEmptyStringsToNull->handle()
#17 /home/abdmalik/Laravel/ramadhan/vendor/laravel/framework/src/Illuminate/Foundation/Http/Middleware/TransformsRequest.php(21): Illuminate\\Pipeline\\Pipeline->Illuminate\\Pipeline\\{closure}()
#18 /home/abdmalik/Laravel/ramadhan/vendor/laravel/framework/src/Illuminate/Foundation/Http/Middleware/TrimStrings.php(40): Illuminate\\Foundation\\Http\\Middleware\\TransformsRequest->handle()
#19 /home/abdmalik/Laravel/ramadhan/vendor/laravel/framework/src/Illuminate/Pipeline/Pipeline.php(180): Illuminate\\Foundation\\Http\\Middleware\\TrimStrings->handle()
#20 /home/abdmalik/Laravel/ramadhan/vendor/laravel/framework/src/Illuminate/Foundation/Http/Middleware/ValidatePostSize.php(27): Illuminate\\Pipeline\\Pipeline->Illuminate\\Pipeline\\{closure}()
#21 /home/abdmalik/Laravel/ramadhan/vendor/laravel/framework/src/Illuminate/Pipeline/Pipeline.php(180): Illuminate\\Foundation\\Http\\Middleware\\ValidatePostSize->handle()
#22 /home/abdmalik/Laravel/ramadhan/vendor/laravel/framework/src/Illuminate/Foundation/Http/Middleware/PreventRequestsDuringMaintenance.php(86): Illuminate\\Pipeline\\Pipeline->Illuminate\\Pipeline\\{closure}()
#23 /home/abdmalik/Laravel/ramadhan/vendor/laravel/framework/src/Illuminate/Pipeline/Pipeline.php(180): Illuminate\\Foundation\\Http\\Middleware\\PreventRequestsDuringMaintenance->handle()
#24 /home/abdmalik/Laravel/ramadhan/vendor/laravel/framework/src/Illuminate/Http/Middleware/TrustProxies.php(39): Illuminate\\Pipeline\\Pipeline->Illuminate\\Pipeline\\{closure}()
#25 /home/abdmalik/Laravel/ramadhan/vendor/laravel/framework/src/Illuminate/Pipeline/Pipeline.php(180): Illuminate\\Http\\Middleware\\TrustProxies->handle()
#26 /home/abdmalik/Laravel/ramadhan/vendor/laravel/framework/src/Illuminate/Pipeline/Pipeline.php(116): Illuminate\\Pipeline\\Pipeline->Illuminate\\Pipeline\\{closure}()
#27 /home/abdmalik/Laravel/ramadhan/vendor/laravel/framework/src/Illuminate/Foundation/Http/Kernel.php(142): Illuminate\\Pipeline\\Pipeline->then()
#28 /home/abdmalik/Laravel/ramadhan/vendor/laravel/framework/src/Illuminate/Foundation/Http/Kernel.php(111): Illuminate\\Foundation\\Http\\Kernel->sendRequestThroughRouter()
#29 /home/abdmalik/Laravel/ramadhan/public/index.php(55): Illuminate\\Foundation\\Http\\Kernel->handle()
#30 /home/abdmalik/Laravel/ramadhan/vendor/laravel/framework/src/Illuminate/Foundation/resources/server.php(16): require_once('...')
#31 {main}

[previous exception] [object] (ReflectionException(code: -1): Class \"DetailController\" does not exist at /home/abdmalik/Laravel/ramadhan/vendor/laravel/framework/src/Illuminate/Container/Container.php:877)
[stacktrace]
#0 /home/abdmalik/Laravel/ramadhan/vendor/laravel/framework/src/Illuminate/Container/Container.php(877): ReflectionClass->__construct()
#1 /home/abdmalik/Laravel/ramadhan/vendor/laravel/framework/src/Illuminate/Container/Container.php(758): Illuminate\\Container\\Container->build()
#2 /home/abdmalik/Laravel/ramadhan/vendor/laravel/framework/src/Illuminate/Foundation/Application.php(855): Illuminate\\Container\\Container->resolve()
#3 /home/abdmalik/Laravel/ramadhan/vendor/laravel/framework/src/Illuminate/Container/Container.php(694): Illuminate\\Foundation\\Application->resolve()
#4 /home/abdmalik/Laravel/ramadhan/vendor/laravel/framework/src/Illuminate/Foundation/Application.php(840): Illuminate\\Container\\Container->make()
#5 /home/abdmalik/Laravel/ramadhan/vendor/laravel/framework/src/Illuminate/Routing/Route.php(275): Illuminate\\Foundation\\Application->make()
#6 /home/abdmalik/Laravel/ramadhan/vendor/laravel/framework/src/Illuminate/Routing/Route.php(1081): Illuminate\\Routing\\Route->getController()
#7 /home/abdmalik/Laravel/ramadhan/vendor/laravel/framework/src/Illuminate/Routing/Route.php(1024): Illuminate\\Routing\\Route->controllerMiddleware()
#8 /home/abdmalik/Laravel/ramadhan/vendor/laravel/framework/src/Illuminate/Routing/Router.php(741): Illuminate\\Routing\\Route->gatherMiddleware()
#9 /home/abdmalik/Laravel/ramadhan/vendor/laravel/framework/src/Illuminate/Routing/Router.php(721): Illuminate\\Routing\\Router->gatherRouteMiddleware()
#10 /home/abdmalik/Laravel/ramadhan/vendor/laravel/framework/src/Illuminate/Routing/Router.php(705): Illuminate\\Routing\\Router->runRouteWithinStack()
#11 /home/abdmalik/Laravel/ramadhan/vendor/laravel/framework/src/Illuminate/Routing/Router.php(667): Illuminate\\Routing\\Router->runRoute()
#12 /home/abdmalik/Laravel/ramadhan/vendor/laravel/framework/src/Illuminate/Routing/Router.php(656): Illuminate\\Routing\\Router->dispatchToRoute()
#13 /home/abdmalik/Laravel/ramadhan/vendor/laravel/framework/src/Illuminate/Foundation/Http/Kernel.php(167): Illuminate\\Routing\\Router->dispatch()
#14 /home/abdmalik/Laravel/ramadhan/vendor/laravel/framework/src/Illuminate/Pipeline/Pipeline.php(141): Illuminate\\Foundation\\Http\\Kernel->Illuminate\\Foundation\\Http\\{closure}()
#15 /home/abdmalik/Laravel/ramadhan/vendor/laravel/framework/src/Illuminate/Foundation/Http/Middleware/TransformsRequest.php(21): Illuminate\\Pipeline\\Pipeline->Illuminate\\Pipeline\\{closure}()
#16 /home/abdmalik/Laravel/ramadhan/vendor/laravel/framework/src/Illuminate/Foundation/Http/Middleware/ConvertEmptyStringsToNull.php(31): Illuminate\\Foundation\\Http\\Middleware\\TransformsRequest->handle()
#17 /home/abdmalik/Laravel/ramadhan/vendor/laravel/framework/src/Illuminate/Pipeline/Pipeline.php(180): Illuminate\\Foundation\\Http\\Middleware\\ConvertEmptyStringsToNull->handle()
#18 /home/abdmalik/Laravel/ramadhan/vendor/laravel/framework/src/Illuminate/Foundation/Http/Middleware/TransformsRequest.php(21): Illuminate\\Pipeline\\Pipeline->Illuminate\\Pipeline\\{closure}()
#19 /home/abdmalik/Laravel/ramadhan/vendor/laravel/framework/src/Illuminate/Foundation/Http/Middleware/TrimStrings.php(40): Illuminate\\Foundation\\Http\\Middleware\\TransformsRequest->handle()
#20 /home/abdmalik/Laravel/ramadhan/vendor/laravel/framework/src/Illuminate/Pipeline/Pipeline.php(180): Illuminate\\Foundation\\Http\\Middleware\\TrimStrings->handle()
#21 /home/abdmalik/Laravel/ramadhan/vendor/laravel/framework/src/Illuminate/Foundation/Http/Middleware/ValidatePostSize.php(27): Illuminate\\Pipeline\\Pipeline->Illuminate\\Pipeline\\{closure}()
#22 /home/abdmalik/Laravel/ramadhan/vendor/laravel/framework/src/Illuminate/Pipeline/Pipeline.php(180): Illuminate\\Foundation\\Http\\Middleware\\ValidatePostSize->handle()
#23 /home/abdmalik/Laravel/ramadhan/vendor/laravel/framework/src/Illuminate/Foundation/Http/Middleware/PreventRequestsDuringMaintenance.php(86): Illuminate\\Pipeline\\Pipeline->Illuminate\\Pipeline\\{closure}()
#24 /home/abdmalik/Laravel/ramadhan/vendor/laravel/framework/src/Illuminate/Pipeline/Pipeline.php(180): Illuminate\\Foundation\\Http\\Middleware\\PreventRequestsDuringMaintenance->handle()
#25 /home/abdmalik/Laravel/ramadhan/vendor/laravel/framework/src/Illuminate/Http/Middleware/TrustProxies.php(39): Illuminate\\Pipeline\\Pipeline->Illuminate\\Pipeline\\{closure}()
#26 /home/abdmalik/Laravel/ramadhan/vendor/laravel/framework/src/Illuminate/Pipeline/Pipeline.php(180): Illuminate\\Http\\Middleware\\TrustProxies->handle()
#27 /home/abdmalik/Laravel/ramadhan/vendor/laravel/framework/src/Illuminate/Pipeline/Pipeline.php(116): Illuminate\\Pipeline\\Pipeline->Illuminate\\Pipeline\\{closure}()
#28 /home/abdmalik/Laravel/ramadhan/vendor/laravel/framework/src/Illuminate/Foundation/Http/Kernel.php(142): Illuminate\\Pipeline\\Pipeline->then()
#29 /home/abdmalik/Laravel/ramadhan/vendor/laravel/framework/src/Illuminate/Foundation/Http/Kernel.php(111): Illuminate\\Foundation\\Http\\Kernel->sendRequestThroughRouter()
#30 /home/abdmalik/Laravel/ramadhan/public/index.php(55): Illuminate\\Foundation\\Http\\Kernel->handle()
#31 /home/abdmalik/Laravel/ramadhan/vendor/laravel/framework/src/Illuminate/Foundation/resources/server.php(16): require_once('...')
#32 {main}
"} 
[2022-04-15 14:17:42] local.ERROR: Target class [DetailController] does not exist. {"exception":"[object] (Illuminate\\Contracts\\Container\\BindingResolutionException(code: 0): Target class [DetailController] does not exist. at /home/abdmalik/Laravel/ramadhan/vendor/laravel/framework/src/Illuminate/Container/Container.php:879)
[stacktrace]
#0 /home/abdmalik/Laravel/ramadhan/vendor/laravel/framework/src/Illuminate/Container/Container.php(758): Illuminate\\Container\\Container->build()
#1 /home/abdmalik/Laravel/ramadhan/vendor/laravel/framework/src/Illuminate/Foundation/Application.php(855): Illuminate\\Container\\Container->resolve()
#2 /home/abdmalik/Laravel/ramadhan/vendor/laravel/framework/src/Illuminate/Container/Container.php(694): Illuminate\\Foundation\\Application->resolve()
#3 /home/abdmalik/Laravel/ramadhan/vendor/laravel/framework/src/Illuminate/Foundation/Application.php(840): Illuminate\\Container\\Container->make()
#4 /home/abdmalik/Laravel/ramadhan/vendor/laravel/framework/src/Illuminate/Routing/Route.php(275): Illuminate\\Foundation\\Application->make()
#5 /home/abdmalik/Laravel/ramadhan/vendor/laravel/framework/src/Illuminate/Routing/Route.php(1081): Illuminate\\Routing\\Route->getController()
#6 /home/abdmalik/Laravel/ramadhan/vendor/laravel/framework/src/Illuminate/Routing/Route.php(1024): Illuminate\\Routing\\Route->controllerMiddleware()
#7 /home/abdmalik/Laravel/ramadhan/vendor/laravel/framework/src/Illuminate/Routing/Router.php(741): Illuminate\\Routing\\Route->gatherMiddleware()
#8 /home/abdmalik/Laravel/ramadhan/vendor/laravel/framework/src/Illuminate/Routing/Router.php(721): Illuminate\\Routing\\Router->gatherRouteMiddleware()
#9 /home/abdmalik/Laravel/ramadhan/vendor/laravel/framework/src/Illuminate/Routing/Router.php(705): Illuminate\\Routing\\Router->runRouteWithinStack()
#10 /home/abdmalik/Laravel/ramadhan/vendor/laravel/framework/src/Illuminate/Routing/Router.php(667): Illuminate\\Routing\\Router->runRoute()
#11 /home/abdmalik/Laravel/ramadhan/vendor/laravel/framework/src/Illuminate/Routing/Router.php(656): Illuminate\\Routing\\Router->dispatchToRoute()
#12 /home/abdmalik/Laravel/ramadhan/vendor/laravel/framework/src/Illuminate/Foundation/Http/Kernel.php(167): Illuminate\\Routing\\Router->dispatch()
#13 /home/abdmalik/Laravel/ramadhan/vendor/laravel/framework/src/Illuminate/Pipeline/Pipeline.php(141): Illuminate\\Foundation\\Http\\Kernel->Illuminate\\Foundation\\Http\\{closure}()
#14 /home/abdmalik/Laravel/ramadhan/vendor/laravel/framework/src/Illuminate/Foundation/Http/Middleware/TransformsRequest.php(21): Illuminate\\Pipeline\\Pipeline->Illuminate\\Pipeline\\{closure}()
#15 /home/abdmalik/Laravel/ramadhan/vendor/laravel/framework/src/Illuminate/Foundation/Http/Middleware/ConvertEmptyStringsToNull.php(31): Illuminate\\Foundation\\Http\\Middleware\\TransformsRequest->handle()
#16 /home/abdmalik/Laravel/ramadhan/vendor/laravel/framework/src/Illuminate/Pipeline/Pipeline.php(180): Illuminate\\Foundation\\Http\\Middleware\\ConvertEmptyStringsToNull->handle()
#17 /home/abdmalik/Laravel/ramadhan/vendor/laravel/framework/src/Illuminate/Foundation/Http/Middleware/TransformsRequest.php(21): Illuminate\\Pipeline\\Pipeline->Illuminate\\Pipeline\\{closure}()
#18 /home/abdmalik/Laravel/ramadhan/vendor/laravel/framework/src/Illuminate/Foundation/Http/Middleware/TrimStrings.php(40): Illuminate\\Foundation\\Http\\Middleware\\TransformsRequest->handle()
#19 /home/abdmalik/Laravel/ramadhan/vendor/laravel/framework/src/Illuminate/Pipeline/Pipeline.php(180): Illuminate\\Foundation\\Http\\Middleware\\TrimStrings->handle()
#20 /home/abdmalik/Laravel/ramadhan/vendor/laravel/framework/src/Illuminate/Foundation/Http/Middleware/ValidatePostSize.php(27): Illuminate\\Pipeline\\Pipeline->Illuminate\\Pipeline\\{closure}()
#21 /home/abdmalik/Laravel/ramadhan/vendor/laravel/framework/src/Illuminate/Pipeline/Pipeline.php(180): Illuminate\\Foundation\\Http\\Middleware\\ValidatePostSize->handle()
#22 /home/abdmalik/Laravel/ramadhan/vendor/laravel/framework/src/Illuminate/Foundation/Http/Middleware/PreventRequestsDuringMaintenance.php(86): Illuminate\\Pipeline\\Pipeline->Illuminate\\Pipeline\\{closure}()
#23 /home/abdmalik/Laravel/ramadhan/vendor/laravel/framework/src/Illuminate/Pipeline/Pipeline.php(180): Illuminate\\Foundation\\Http\\Middleware\\PreventRequestsDuringMaintenance->handle()
#24 /home/abdmalik/Laravel/ramadhan/vendor/laravel/framework/src/Illuminate/Http/Middleware/TrustProxies.php(39): Illuminate\\Pipeline\\Pipeline->Illuminate\\Pipeline\\{closure}()
#25 /home/abdmalik/Laravel/ramadhan/vendor/laravel/framework/src/Illuminate/Pipeline/Pipeline.php(180): Illuminate\\Http\\Middleware\\TrustProxies->handle()
#26 /home/abdmalik/Laravel/ramadhan/vendor/laravel/framework/src/Illuminate/Pipeline/Pipeline.php(116): Illuminate\\Pipeline\\Pipeline->Illuminate\\Pipeline\\{closure}()
#27 /home/abdmalik/Laravel/ramadhan/vendor/laravel/framework/src/Illuminate/Foundation/Http/Kernel.php(142): Illuminate\\Pipeline\\Pipeline->then()
#28 /home/abdmalik/Laravel/ramadhan/vendor/laravel/framework/src/Illuminate/Foundation/Http/Kernel.php(111): Illuminate\\Foundation\\Http\\Kernel->sendRequestThroughRouter()
#29 /home/abdmalik/Laravel/ramadhan/public/index.php(55): Illuminate\\Foundation\\Http\\Kernel->handle()
#30 /home/abdmalik/Laravel/ramadhan/vendor/laravel/framework/src/Illuminate/Foundation/resources/server.php(16): require_once('...')
#31 {main}

[previous exception] [object] (ReflectionException(code: -1): Class \"DetailController\" does not exist at /home/abdmalik/Laravel/ramadhan/vendor/laravel/framework/src/Illuminate/Container/Container.php:877)
[stacktrace]
#0 /home/abdmalik/Laravel/ramadhan/vendor/laravel/framework/src/Illuminate/Container/Container.php(877): ReflectionClass->__construct()
#1 /home/abdmalik/Laravel/ramadhan/vendor/laravel/framework/src/Illuminate/Container/Container.php(758): Illuminate\\Container\\Container->build()
#2 /home/abdmalik/Laravel/ramadhan/vendor/laravel/framework/src/Illuminate/Foundation/Application.php(855): Illuminate\\Container\\Container->resolve()
#3 /home/abdmalik/Laravel/ramadhan/vendor/laravel/framework/src/Illuminate/Container/Container.php(694): Illuminate\\Foundation\\Application->resolve()
#4 /home/abdmalik/Laravel/ramadhan/vendor/laravel/framework/src/Illuminate/Foundation/Application.php(840): Illuminate\\Container\\Container->make()
#5 /home/abdmalik/Laravel/ramadhan/vendor/laravel/framework/src/Illuminate/Routing/Route.php(275): Illuminate\\Foundation\\Application->make()
#6 /home/abdmalik/Laravel/ramadhan/vendor/laravel/framework/src/Illuminate/Routing/Route.php(1081): Illuminate\\Routing\\Route->getController()
#7 /home/abdmalik/Laravel/ramadhan/vendor/laravel/framework/src/Illuminate/Routing/Route.php(1024): Illuminate\\Routing\\Route->controllerMiddleware()
#8 /home/abdmalik/Laravel/ramadhan/vendor/laravel/framework/src/Illuminate/Routing/Router.php(741): Illuminate\\Routing\\Route->gatherMiddleware()
#9 /home/abdmalik/Laravel/ramadhan/vendor/laravel/framework/src/Illuminate/Routing/Router.php(721): Illuminate\\Routing\\Router->gatherRouteMiddleware()
#10 /home/abdmalik/Laravel/ramadhan/vendor/laravel/framework/src/Illuminate/Routing/Router.php(705): Illuminate\\Routing\\Router->runRouteWithinStack()
#11 /home/abdmalik/Laravel/ramadhan/vendor/laravel/framework/src/Illuminate/Routing/Router.php(667): Illuminate\\Routing\\Router->runRoute()
#12 /home/abdmalik/Laravel/ramadhan/vendor/laravel/framework/src/Illuminate/Routing/Router.php(656): Illuminate\\Routing\\Router->dispatchToRoute()
#13 /home/abdmalik/Laravel/ramadhan/vendor/laravel/framework/src/Illuminate/Foundation/Http/Kernel.php(167): Illuminate\\Routing\\Router->dispatch()
#14 /home/abdmalik/Laravel/ramadhan/vendor/laravel/framework/src/Illuminate/Pipeline/Pipeline.php(141): Illuminate\\Foundation\\Http\\Kernel->Illuminate\\Foundation\\Http\\{closure}()
#15 /home/abdmalik/Laravel/ramadhan/vendor/laravel/framework/src/Illuminate/Foundation/Http/Middleware/TransformsRequest.php(21): Illuminate\\Pipeline\\Pipeline->Illuminate\\Pipeline\\{closure}()
#16 /home/abdmalik/Laravel/ramadhan/vendor/laravel/framework/src/Illuminate/Foundation/Http/Middleware/ConvertEmptyStringsToNull.php(31): Illuminate\\Foundation\\Http\\Middleware\\TransformsRequest->handle()
#17 /home/abdmalik/Laravel/ramadhan/vendor/laravel/framework/src/Illuminate/Pipeline/Pipeline.php(180): Illuminate\\Foundation\\Http\\Middleware\\ConvertEmptyStringsToNull->handle()
#18 /home/abdmalik/Laravel/ramadhan/vendor/laravel/framework/src/Illuminate/Foundation/Http/Middleware/TransformsRequest.php(21): Illuminate\\Pipeline\\Pipeline->Illuminate\\Pipeline\\{closure}()
#19 /home/abdmalik/Laravel/ramadhan/vendor/laravel/framework/src/Illuminate/Foundation/Http/Middleware/TrimStrings.php(40): Illuminate\\Foundation\\Http\\Middleware\\TransformsRequest->handle()
#20 /home/abdmalik/Laravel/ramadhan/vendor/laravel/framework/src/Illuminate/Pipeline/Pipeline.php(180): Illuminate\\Foundation\\Http\\Middleware\\TrimStrings->handle()
#21 /home/abdmalik/Laravel/ramadhan/vendor/laravel/framework/src/Illuminate/Foundation/Http/Middleware/ValidatePostSize.php(27): Illuminate\\Pipeline\\Pipeline->Illuminate\\Pipeline\\{closure}()
#22 /home/abdmalik/Laravel/ramadhan/vendor/laravel/framework/src/Illuminate/Pipeline/Pipeline.php(180): Illuminate\\Foundation\\Http\\Middleware\\ValidatePostSize->handle()
#23 /home/abdmalik/Laravel/ramadhan/vendor/laravel/framework/src/Illuminate/Foundation/Http/Middleware/PreventRequestsDuringMaintenance.php(86): Illuminate\\Pipeline\\Pipeline->Illuminate\\Pipeline\\{closure}()
#24 /home/abdmalik/Laravel/ramadhan/vendor/laravel/framework/src/Illuminate/Pipeline/Pipeline.php(180): Illuminate\\Foundation\\Http\\Middleware\\PreventRequestsDuringMaintenance->handle()
#25 /home/abdmalik/Laravel/ramadhan/vendor/laravel/framework/src/Illuminate/Http/Middleware/TrustProxies.php(39): Illuminate\\Pipeline\\Pipeline->Illuminate\\Pipeline\\{closure}()
#26 /home/abdmalik/Laravel/ramadhan/vendor/laravel/framework/src/Illuminate/Pipeline/Pipeline.php(180): Illuminate\\Http\\Middleware\\TrustProxies->handle()
#27 /home/abdmalik/Laravel/ramadhan/vendor/laravel/framework/src/Illuminate/Pipeline/Pipeline.php(116): Illuminate\\Pipeline\\Pipeline->Illuminate\\Pipeline\\{closure}()
#28 /home/abdmalik/Laravel/ramadhan/vendor/laravel/framework/src/Illuminate/Foundation/Http/Kernel.php(142): Illuminate\\Pipeline\\Pipeline->then()
#29 /home/abdmalik/Laravel/ramadhan/vendor/laravel/framework/src/Illuminate/Foundation/Http/Kernel.php(111): Illuminate\\Foundation\\Http\\Kernel->sendRequestThroughRouter()
#30 /home/abdmalik/Laravel/ramadhan/public/index.php(55): Illuminate\\Foundation\\Http\\Kernel->handle()
#31 /home/abdmalik/Laravel/ramadhan/vendor/laravel/framework/src/Illuminate/Foundation/resources/server.php(16): require_once('...')
#32 {main}
"} 
[2022-04-15 14:18:19] local.ERROR: Target class [HomeController] does not exist. {"exception":"[object] (Illuminate\\Contracts\\Container\\BindingResolutionException(code: 0): Target class [HomeController] does not exist. at /home/abdmalik/Laravel/ramadhan/vendor/laravel/framework/src/Illuminate/Container/Container.php:879)
[stacktrace]
#0 /home/abdmalik/Laravel/ramadhan/vendor/laravel/framework/src/Illuminate/Container/Container.php(758): Illuminate\\Container\\Container->build()
#1 /home/abdmalik/Laravel/ramadhan/vendor/laravel/framework/src/Illuminate/Foundation/Application.php(855): Illuminate\\Container\\Container->resolve()
#2 /home/abdmalik/Laravel/ramadhan/vendor/laravel/framework/src/Illuminate/Container/Container.php(694): Illuminate\\Foundation\\Application->resolve()
#3 /home/abdmalik/Laravel/ramadhan/vendor/laravel/framework/src/Illuminate/Foundation/Application.php(840): Illuminate\\Container\\Container->make()
#4 /home/abdmalik/Laravel/ramadhan/vendor/laravel/framework/src/Illuminate/Routing/Route.php(275): Illuminate\\Foundation\\Application->make()
#5 /home/abdmalik/Laravel/ramadhan/vendor/laravel/framework/src/Illuminate/Routing/Route.php(1081): Illuminate\\Routing\\Route->getController()
#6 /home/abdmalik/Laravel/ramadhan/vendor/laravel/framework/src/Illuminate/Routing/Route.php(1024): Illuminate\\Routing\\Route->controllerMiddleware()
#7 /home/abdmalik/Laravel/ramadhan/vendor/laravel/framework/src/Illuminate/Routing/Router.php(741): Illuminate\\Routing\\Route->gatherMiddleware()
#8 /home/abdmalik/Laravel/ramadhan/vendor/laravel/framework/src/Illuminate/Routing/Router.php(721): Illuminate\\Routing\\Router->gatherRouteMiddleware()
#9 /home/abdmalik/Laravel/ramadhan/vendor/laravel/framework/src/Illuminate/Routing/Router.php(705): Illuminate\\Routing\\Router->runRouteWithinStack()
#10 /home/abdmalik/Laravel/ramadhan/vendor/laravel/framework/src/Illuminate/Routing/Router.php(667): Illuminate\\Routing\\Router->runRoute()
#11 /home/abdmalik/Laravel/ramadhan/vendor/laravel/framework/src/Illuminate/Routing/Router.php(656): Illuminate\\Routing\\Router->dispatchToRoute()
#12 /home/abdmalik/Laravel/ramadhan/vendor/laravel/framework/src/Illuminate/Foundation/Http/Kernel.php(167): Illuminate\\Routing\\Router->dispatch()
#13 /home/abdmalik/Laravel/ramadhan/vendor/laravel/framework/src/Illuminate/Pipeline/Pipeline.php(141): Illuminate\\Foundation\\Http\\Kernel->Illuminate\\Foundation\\Http\\{closure}()
#14 /home/abdmalik/Laravel/ramadhan/vendor/laravel/framework/src/Illuminate/Foundation/Http/Middleware/TransformsRequest.php(21): Illuminate\\Pipeline\\Pipeline->Illuminate\\Pipeline\\{closure}()
#15 /home/abdmalik/Laravel/ramadhan/vendor/laravel/framework/src/Illuminate/Foundation/Http/Middleware/ConvertEmptyStringsToNull.php(31): Illuminate\\Foundation\\Http\\Middleware\\TransformsRequest->handle()
#16 /home/abdmalik/Laravel/ramadhan/vendor/laravel/framework/src/Illuminate/Pipeline/Pipeline.php(180): Illuminate\\Foundation\\Http\\Middleware\\ConvertEmptyStringsToNull->handle()
#17 /home/abdmalik/Laravel/ramadhan/vendor/laravel/framework/src/Illuminate/Foundation/Http/Middleware/TransformsRequest.php(21): Illuminate\\Pipeline\\Pipeline->Illuminate\\Pipeline\\{closure}()
#18 /home/abdmalik/Laravel/ramadhan/vendor/laravel/framework/src/Illuminate/Foundation/Http/Middleware/TrimStrings.php(40): Illuminate\\Foundation\\Http\\Middleware\\TransformsRequest->handle()
#19 /home/abdmalik/Laravel/ramadhan/vendor/laravel/framework/src/Illuminate/Pipeline/Pipeline.php(180): Illuminate\\Foundation\\Http\\Middleware\\TrimStrings->handle()
#20 /home/abdmalik/Laravel/ramadhan/vendor/laravel/framework/src/Illuminate/Foundation/Http/Middleware/ValidatePostSize.php(27): Illuminate\\Pipeline\\Pipeline->Illuminate\\Pipeline\\{closure}()
#21 /home/abdmalik/Laravel/ramadhan/vendor/laravel/framework/src/Illuminate/Pipeline/Pipeline.php(180): Illuminate\\Foundation\\Http\\Middleware\\ValidatePostSize->handle()
#22 /home/abdmalik/Laravel/ramadhan/vendor/laravel/framework/src/Illuminate/Foundation/Http/Middleware/PreventRequestsDuringMaintenance.php(86): Illuminate\\Pipeline\\Pipeline->Illuminate\\Pipeline\\{closure}()
#23 /home/abdmalik/Laravel/ramadhan/vendor/laravel/framework/src/Illuminate/Pipeline/Pipeline.php(180): Illuminate\\Foundation\\Http\\Middleware\\PreventRequestsDuringMaintenance->handle()
#24 /home/abdmalik/Laravel/ramadhan/vendor/laravel/framework/src/Illuminate/Http/Middleware/TrustProxies.php(39): Illuminate\\Pipeline\\Pipeline->Illuminate\\Pipeline\\{closure}()
#25 /home/abdmalik/Laravel/ramadhan/vendor/laravel/framework/src/Illuminate/Pipeline/Pipeline.php(180): Illuminate\\Http\\Middleware\\TrustProxies->handle()
#26 /home/abdmalik/Laravel/ramadhan/vendor/laravel/framework/src/Illuminate/Pipeline/Pipeline.php(116): Illuminate\\Pipeline\\Pipeline->Illuminate\\Pipeline\\{closure}()
#27 /home/abdmalik/Laravel/ramadhan/vendor/laravel/framework/src/Illuminate/Foundation/Http/Kernel.php(142): Illuminate\\Pipeline\\Pipeline->then()
#28 /home/abdmalik/Laravel/ramadhan/vendor/laravel/framework/src/Illuminate/Foundation/Http/Kernel.php(111): Illuminate\\Foundation\\Http\\Kernel->sendRequestThroughRouter()
#29 /home/abdmalik/Laravel/ramadhan/public/index.php(55): Illuminate\\Foundation\\Http\\Kernel->handle()
#30 /home/abdmalik/Laravel/ramadhan/vendor/laravel/framework/src/Illuminate/Foundation/resources/server.php(16): require_once('...')
#31 {main}

[previous exception] [object] (ReflectionException(code: -1): Class \"HomeController\" does not exist at /home/abdmalik/Laravel/ramadhan/vendor/laravel/framework/src/Illuminate/Container/Container.php:877)
[stacktrace]
#0 /home/abdmalik/Laravel/ramadhan/vendor/laravel/framework/src/Illuminate/Container/Container.php(877): ReflectionClass->__construct()
#1 /home/abdmalik/Laravel/ramadhan/vendor/laravel/framework/src/Illuminate/Container/Container.php(758): Illuminate\\Container\\Container->build()
#2 /home/abdmalik/Laravel/ramadhan/vendor/laravel/framework/src/Illuminate/Foundation/Application.php(855): Illuminate\\Container\\Container->resolve()
#3 /home/abdmalik/Laravel/ramadhan/vendor/laravel/framework/src/Illuminate/Container/Container.php(694): Illuminate\\Foundation\\Application->resolve()
#4 /home/abdmalik/Laravel/ramadhan/vendor/laravel/framework/src/Illuminate/Foundation/Application.php(840): Illuminate\\Container\\Container->make()
#5 /home/abdmalik/Laravel/ramadhan/vendor/laravel/framework/src/Illuminate/Routing/Route.php(275): Illuminate\\Foundation\\Application->make()
#6 /home/abdmalik/Laravel/ramadhan/vendor/laravel/framework/src/Illuminate/Routing/Route.php(1081): Illuminate\\Routing\\Route->getController()
#7 /home/abdmalik/Laravel/ramadhan/vendor/laravel/framework/src/Illuminate/Routing/Route.php(1024): Illuminate\\Routing\\Route->controllerMiddleware()
#8 /home/abdmalik/Laravel/ramadhan/vendor/laravel/framework/src/Illuminate/Routing/Router.php(741): Illuminate\\Routing\\Route->gatherMiddleware()
#9 /home/abdmalik/Laravel/ramadhan/vendor/laravel/framework/src/Illuminate/Routing/Router.php(721): Illuminate\\Routing\\Router->gatherRouteMiddleware()
#10 /home/abdmalik/Laravel/ramadhan/vendor/laravel/framework/src/Illuminate/Routing/Router.php(705): Illuminate\\Routing\\Router->runRouteWithinStack()
#11 /home/abdmalik/Laravel/ramadhan/vendor/laravel/framework/src/Illuminate/Routing/Router.php(667): Illuminate\\Routing\\Router->runRoute()
#12 /home/abdmalik/Laravel/ramadhan/vendor/laravel/framework/src/Illuminate/Routing/Router.php(656): Illuminate\\Routing\\Router->dispatchToRoute()
#13 /home/abdmalik/Laravel/ramadhan/vendor/laravel/framework/src/Illuminate/Foundation/Http/Kernel.php(167): Illuminate\\Routing\\Router->dispatch()
#14 /home/abdmalik/Laravel/ramadhan/vendor/laravel/framework/src/Illuminate/Pipeline/Pipeline.php(141): Illuminate\\Foundation\\Http\\Kernel->Illuminate\\Foundation\\Http\\{closure}()
#15 /home/abdmalik/Laravel/ramadhan/vendor/laravel/framework/src/Illuminate/Foundation/Http/Middleware/TransformsRequest.php(21): Illuminate\\Pipeline\\Pipeline->Illuminate\\Pipeline\\{closure}()
#16 /home/abdmalik/Laravel/ramadhan/vendor/laravel/framework/src/Illuminate/Foundation/Http/Middleware/ConvertEmptyStringsToNull.php(31): Illuminate\\Foundation\\Http\\Middleware\\TransformsRequest->handle()
#17 /home/abdmalik/Laravel/ramadhan/vendor/laravel/framework/src/Illuminate/Pipeline/Pipeline.php(180): Illuminate\\Foundation\\Http\\Middleware\\ConvertEmptyStringsToNull->handle()
#18 /home/abdmalik/Laravel/ramadhan/vendor/laravel/framework/src/Illuminate/Foundation/Http/Middleware/TransformsRequest.php(21): Illuminate\\Pipeline\\Pipeline->Illuminate\\Pipeline\\{closure}()
#19 /home/abdmalik/Laravel/ramadhan/vendor/laravel/framework/src/Illuminate/Foundation/Http/Middleware/TrimStrings.php(40): Illuminate\\Foundation\\Http\\Middleware\\TransformsRequest->handle()
#20 /home/abdmalik/Laravel/ramadhan/vendor/laravel/framework/src/Illuminate/Pipeline/Pipeline.php(180): Illuminate\\Foundation\\Http\\Middleware\\TrimStrings->handle()
#21 /home/abdmalik/Laravel/ramadhan/vendor/laravel/framework/src/Illuminate/Foundation/Http/Middleware/ValidatePostSize.php(27): Illuminate\\Pipeline\\Pipeline->Illuminate\\Pipeline\\{closure}()
#22 /home/abdmalik/Laravel/ramadhan/vendor/laravel/framework/src/Illuminate/Pipeline/Pipeline.php(180): Illuminate\\Foundation\\Http\\Middleware\\ValidatePostSize->handle()
#23 /home/abdmalik/Laravel/ramadhan/vendor/laravel/framework/src/Illuminate/Foundation/Http/Middleware/PreventRequestsDuringMaintenance.php(86): Illuminate\\Pipeline\\Pipeline->Illuminate\\Pipeline\\{closure}()
#24 /home/abdmalik/Laravel/ramadhan/vendor/laravel/framework/src/Illuminate/Pipeline/Pipeline.php(180): Illuminate\\Foundation\\Http\\Middleware\\PreventRequestsDuringMaintenance->handle()
#25 /home/abdmalik/Laravel/ramadhan/vendor/laravel/framework/src/Illuminate/Http/Middleware/TrustProxies.php(39): Illuminate\\Pipeline\\Pipeline->Illuminate\\Pipeline\\{closure}()
#26 /home/abdmalik/Laravel/ramadhan/vendor/laravel/framework/src/Illuminate/Pipeline/Pipeline.php(180): Illuminate\\Http\\Middleware\\TrustProxies->handle()
#27 /home/abdmalik/Laravel/ramadhan/vendor/laravel/framework/src/Illuminate/Pipeline/Pipeline.php(116): Illuminate\\Pipeline\\Pipeline->Illuminate\\Pipeline\\{closure}()
#28 /home/abdmalik/Laravel/ramadhan/vendor/laravel/framework/src/Illuminate/Foundation/Http/Kernel.php(142): Illuminate\\Pipeline\\Pipeline->then()
#29 /home/abdmalik/Laravel/ramadhan/vendor/laravel/framework/src/Illuminate/Foundation/Http/Kernel.php(111): Illuminate\\Foundation\\Http\\Kernel->sendRequestThroughRouter()
#30 /home/abdmalik/Laravel/ramadhan/public/index.php(55): Illuminate\\Foundation\\Http\\Kernel->handle()
#31 /home/abdmalik/Laravel/ramadhan/vendor/laravel/framework/src/Illuminate/Foundation/resources/server.php(16): require_once('...')
#32 {main}
"} 
[2022-04-15 14:18:21] local.ERROR: Target class [HomeController] does not exist. {"exception":"[object] (Illuminate\\Contracts\\Container\\BindingResolutionException(code: 0): Target class [HomeController] does not exist. at /home/abdmalik/Laravel/ramadhan/vendor/laravel/framework/src/Illuminate/Container/Container.php:879)
[stacktrace]
#0 /home/abdmalik/Laravel/ramadhan/vendor/laravel/framework/src/Illuminate/Container/Container.php(758): Illuminate\\Container\\Container->build()
#1 /home/abdmalik/Laravel/ramadhan/vendor/laravel/framework/src/Illuminate/Foundation/Application.php(855): Illuminate\\Container\\Container->resolve()
#2 /home/abdmalik/Laravel/ramadhan/vendor/laravel/framework/src/Illuminate/Container/Container.php(694): Illuminate\\Foundation\\Application->resolve()
#3 /home/abdmalik/Laravel/ramadhan/vendor/laravel/framework/src/Illuminate/Foundation/Application.php(840): Illuminate\\Container\\Container->make()
#4 /home/abdmalik/Laravel/ramadhan/vendor/laravel/framework/src/Illuminate/Routing/Route.php(275): Illuminate\\Foundation\\Application->make()
#5 /home/abdmalik/Laravel/ramadhan/vendor/laravel/framework/src/Illuminate/Routing/Route.php(1081): Illuminate\\Routing\\Route->getController()
#6 /home/abdmalik/Laravel/ramadhan/vendor/laravel/framework/src/Illuminate/Routing/Route.php(1024): Illuminate\\Routing\\Route->controllerMiddleware()
#7 /home/abdmalik/Laravel/ramadhan/vendor/laravel/framework/src/Illuminate/Routing/Router.php(741): Illuminate\\Routing\\Route->gatherMiddleware()
#8 /home/abdmalik/Laravel/ramadhan/vendor/laravel/framework/src/Illuminate/Routing/Router.php(721): Illuminate\\Routing\\Router->gatherRouteMiddleware()
#9 /home/abdmalik/Laravel/ramadhan/vendor/laravel/framework/src/Illuminate/Routing/Router.php(705): Illuminate\\Routing\\Router->runRouteWithinStack()
#10 /home/abdmalik/Laravel/ramadhan/vendor/laravel/framework/src/Illuminate/Routing/Router.php(667): Illuminate\\Routing\\Router->runRoute()
#11 /home/abdmalik/Laravel/ramadhan/vendor/laravel/framework/src/Illuminate/Routing/Router.php(656): Illuminate\\Routing\\Router->dispatchToRoute()
#12 /home/abdmalik/Laravel/ramadhan/vendor/laravel/framework/src/Illuminate/Foundation/Http/Kernel.php(167): Illuminate\\Routing\\Router->dispatch()
#13 /home/abdmalik/Laravel/ramadhan/vendor/laravel/framework/src/Illuminate/Pipeline/Pipeline.php(141): Illuminate\\Foundation\\Http\\Kernel->Illuminate\\Foundation\\Http\\{closure}()
#14 /home/abdmalik/Laravel/ramadhan/vendor/laravel/framework/src/Illuminate/Foundation/Http/Middleware/TransformsRequest.php(21): Illuminate\\Pipeline\\Pipeline->Illuminate\\Pipeline\\{closure}()
#15 /home/abdmalik/Laravel/ramadhan/vendor/laravel/framework/src/Illuminate/Foundation/Http/Middleware/ConvertEmptyStringsToNull.php(31): Illuminate\\Foundation\\Http\\Middleware\\TransformsRequest->handle()
#16 /home/abdmalik/Laravel/ramadhan/vendor/laravel/framework/src/Illuminate/Pipeline/Pipeline.php(180): Illuminate\\Foundation\\Http\\Middleware\\ConvertEmptyStringsToNull->handle()
#17 /home/abdmalik/Laravel/ramadhan/vendor/laravel/framework/src/Illuminate/Foundation/Http/Middleware/TransformsRequest.php(21): Illuminate\\Pipeline\\Pipeline->Illuminate\\Pipeline\\{closure}()
#18 /home/abdmalik/Laravel/ramadhan/vendor/laravel/framework/src/Illuminate/Foundation/Http/Middleware/TrimStrings.php(40): Illuminate\\Foundation\\Http\\Middleware\\TransformsRequest->handle()
#19 /home/abdmalik/Laravel/ramadhan/vendor/laravel/framework/src/Illuminate/Pipeline/Pipeline.php(180): Illuminate\\Foundation\\Http\\Middleware\\TrimStrings->handle()
#20 /home/abdmalik/Laravel/ramadhan/vendor/laravel/framework/src/Illuminate/Foundation/Http/Middleware/ValidatePostSize.php(27): Illuminate\\Pipeline\\Pipeline->Illuminate\\Pipeline\\{closure}()
#21 /home/abdmalik/Laravel/ramadhan/vendor/laravel/framework/src/Illuminate/Pipeline/Pipeline.php(180): Illuminate\\Foundation\\Http\\Middleware\\ValidatePostSize->handle()
#22 /home/abdmalik/Laravel/ramadhan/vendor/laravel/framework/src/Illuminate/Foundation/Http/Middleware/PreventRequestsDuringMaintenance.php(86): Illuminate\\Pipeline\\Pipeline->Illuminate\\Pipeline\\{closure}()
#23 /home/abdmalik/Laravel/ramadhan/vendor/laravel/framework/src/Illuminate/Pipeline/Pipeline.php(180): Illuminate\\Foundation\\Http\\Middleware\\PreventRequestsDuringMaintenance->handle()
#24 /home/abdmalik/Laravel/ramadhan/vendor/laravel/framework/src/Illuminate/Http/Middleware/TrustProxies.php(39): Illuminate\\Pipeline\\Pipeline->Illuminate\\Pipeline\\{closure}()
#25 /home/abdmalik/Laravel/ramadhan/vendor/laravel/framework/src/Illuminate/Pipeline/Pipeline.php(180): Illuminate\\Http\\Middleware\\TrustProxies->handle()
#26 /home/abdmalik/Laravel/ramadhan/vendor/laravel/framework/src/Illuminate/Pipeline/Pipeline.php(116): Illuminate\\Pipeline\\Pipeline->Illuminate\\Pipeline\\{closure}()
#27 /home/abdmalik/Laravel/ramadhan/vendor/laravel/framework/src/Illuminate/Foundation/Http/Kernel.php(142): Illuminate\\Pipeline\\Pipeline->then()
#28 /home/abdmalik/Laravel/ramadhan/vendor/laravel/framework/src/Illuminate/Foundation/Http/Kernel.php(111): Illuminate\\Foundation\\Http\\Kernel->sendRequestThroughRouter()
#29 /home/abdmalik/Laravel/ramadhan/public/index.php(55): Illuminate\\Foundation\\Http\\Kernel->handle()
#30 /home/abdmalik/Laravel/ramadhan/vendor/laravel/framework/src/Illuminate/Foundation/resources/server.php(16): require_once('...')
#31 {main}

[previous exception] [object] (ReflectionException(code: -1): Class \"HomeController\" does not exist at /home/abdmalik/Laravel/ramadhan/vendor/laravel/framework/src/Illuminate/Container/Container.php:877)
[stacktrace]
#0 /home/abdmalik/Laravel/ramadhan/vendor/laravel/framework/src/Illuminate/Container/Container.php(877): ReflectionClass->__construct()
#1 /home/abdmalik/Laravel/ramadhan/vendor/laravel/framework/src/Illuminate/Container/Container.php(758): Illuminate\\Container\\Container->build()
#2 /home/abdmalik/Laravel/ramadhan/vendor/laravel/framework/src/Illuminate/Foundation/Application.php(855): Illuminate\\Container\\Container->resolve()
#3 /home/abdmalik/Laravel/ramadhan/vendor/laravel/framework/src/Illuminate/Container/Container.php(694): Illuminate\\Foundation\\Application->resolve()
#4 /home/abdmalik/Laravel/ramadhan/vendor/laravel/framework/src/Illuminate/Foundation/Application.php(840): Illuminate\\Container\\Container->make()
#5 /home/abdmalik/Laravel/ramadhan/vendor/laravel/framework/src/Illuminate/Routing/Route.php(275): Illuminate\\Foundation\\Application->make()
#6 /home/abdmalik/Laravel/ramadhan/vendor/laravel/framework/src/Illuminate/Routing/Route.php(1081): Illuminate\\Routing\\Route->getController()
#7 /home/abdmalik/Laravel/ramadhan/vendor/laravel/framework/src/Illuminate/Routing/Route.php(1024): Illuminate\\Routing\\Route->controllerMiddleware()
#8 /home/abdmalik/Laravel/ramadhan/vendor/laravel/framework/src/Illuminate/Routing/Router.php(741): Illuminate\\Routing\\Route->gatherMiddleware()
#9 /home/abdmalik/Laravel/ramadhan/vendor/laravel/framework/src/Illuminate/Routing/Router.php(721): Illuminate\\Routing\\Router->gatherRouteMiddleware()
#10 /home/abdmalik/Laravel/ramadhan/vendor/laravel/framework/src/Illuminate/Routing/Router.php(705): Illuminate\\Routing\\Router->runRouteWithinStack()
#11 /home/abdmalik/Laravel/ramadhan/vendor/laravel/framework/src/Illuminate/Routing/Router.php(667): Illuminate\\Routing\\Router->runRoute()
#12 /home/abdmalik/Laravel/ramadhan/vendor/laravel/framework/src/Illuminate/Routing/Router.php(656): Illuminate\\Routing\\Router->dispatchToRoute()
#13 /home/abdmalik/Laravel/ramadhan/vendor/laravel/framework/src/Illuminate/Foundation/Http/Kernel.php(167): Illuminate\\Routing\\Router->dispatch()
#14 /home/abdmalik/Laravel/ramadhan/vendor/laravel/framework/src/Illuminate/Pipeline/Pipeline.php(141): Illuminate\\Foundation\\Http\\Kernel->Illuminate\\Foundation\\Http\\{closure}()
#15 /home/abdmalik/Laravel/ramadhan/vendor/laravel/framework/src/Illuminate/Foundation/Http/Middleware/TransformsRequest.php(21): Illuminate\\Pipeline\\Pipeline->Illuminate\\Pipeline\\{closure}()
#16 /home/abdmalik/Laravel/ramadhan/vendor/laravel/framework/src/Illuminate/Foundation/Http/Middleware/ConvertEmptyStringsToNull.php(31): Illuminate\\Foundation\\Http\\Middleware\\TransformsRequest->handle()
#17 /home/abdmalik/Laravel/ramadhan/vendor/laravel/framework/src/Illuminate/Pipeline/Pipeline.php(180): Illuminate\\Foundation\\Http\\Middleware\\ConvertEmptyStringsToNull->handle()
#18 /home/abdmalik/Laravel/ramadhan/vendor/laravel/framework/src/Illuminate/Foundation/Http/Middleware/TransformsRequest.php(21): Illuminate\\Pipeline\\Pipeline->Illuminate\\Pipeline\\{closure}()
#19 /home/abdmalik/Laravel/ramadhan/vendor/laravel/framework/src/Illuminate/Foundation/Http/Middleware/TrimStrings.php(40): Illuminate\\Foundation\\Http\\Middleware\\TransformsRequest->handle()
#20 /home/abdmalik/Laravel/ramadhan/vendor/laravel/framework/src/Illuminate/Pipeline/Pipeline.php(180): Illuminate\\Foundation\\Http\\Middleware\\TrimStrings->handle()
#21 /home/abdmalik/Laravel/ramadhan/vendor/laravel/framework/src/Illuminate/Foundation/Http/Middleware/ValidatePostSize.php(27): Illuminate\\Pipeline\\Pipeline->Illuminate\\Pipeline\\{closure}()
#22 /home/abdmalik/Laravel/ramadhan/vendor/laravel/framework/src/Illuminate/Pipeline/Pipeline.php(180): Illuminate\\Foundation\\Http\\Middleware\\ValidatePostSize->handle()
#23 /home/abdmalik/Laravel/ramadhan/vendor/laravel/framework/src/Illuminate/Foundation/Http/Middleware/PreventRequestsDuringMaintenance.php(86): Illuminate\\Pipeline\\Pipeline->Illuminate\\Pipeline\\{closure}()
#24 /home/abdmalik/Laravel/ramadhan/vendor/laravel/framework/src/Illuminate/Pipeline/Pipeline.php(180): Illuminate\\Foundation\\Http\\Middleware\\PreventRequestsDuringMaintenance->handle()
#25 /home/abdmalik/Laravel/ramadhan/vendor/laravel/framework/src/Illuminate/Http/Middleware/TrustProxies.php(39): Illuminate\\Pipeline\\Pipeline->Illuminate\\Pipeline\\{closure}()
#26 /home/abdmalik/Laravel/ramadhan/vendor/laravel/framework/src/Illuminate/Pipeline/Pipeline.php(180): Illuminate\\Http\\Middleware\\TrustProxies->handle()
#27 /home/abdmalik/Laravel/ramadhan/vendor/laravel/framework/src/Illuminate/Pipeline/Pipeline.php(116): Illuminate\\Pipeline\\Pipeline->Illuminate\\Pipeline\\{closure}()
#28 /home/abdmalik/Laravel/ramadhan/vendor/laravel/framework/src/Illuminate/Foundation/Http/Kernel.php(142): Illuminate\\Pipeline\\Pipeline->then()
#29 /home/abdmalik/Laravel/ramadhan/vendor/laravel/framework/src/Illuminate/Foundation/Http/Kernel.php(111): Illuminate\\Foundation\\Http\\Kernel->sendRequestThroughRouter()
#30 /home/abdmalik/Laravel/ramadhan/public/index.php(55): Illuminate\\Foundation\\Http\\Kernel->handle()
#31 /home/abdmalik/Laravel/ramadhan/vendor/laravel/framework/src/Illuminate/Foundation/resources/server.php(16): require_once('...')
#32 {main}
"} 
