[2022-07-28 13:17:08] local.ERROR: The "--columns" option does not exist. {"exception":"[object] (Symfony\\Component\\Console\\Exception\\RuntimeException(code: 0): The \"--columns\" option does not exist. at /home/abdmalik/Documents/Belajar/Laravel/AngkatanAli/ramadhan/vendor/symfony/console/Input/ArgvInput.php:220)
[stacktrace]
#0 /home/abdmalik/Documents/Belajar/Laravel/AngkatanAli/ramadhan/vendor/symfony/console/Input/ArgvInput.php(147): Symfony\\Component\\Console\\Input\\ArgvInput->addLongOption()
#1 /home/abdmalik/Documents/Belajar/Laravel/AngkatanAli/ramadhan/vendor/symfony/console/Input/ArgvInput.php(82): Symfony\\Component\\Console\\Input\\ArgvInput->parseLongOption()
#2 /home/abdmalik/Documents/Belajar/Laravel/AngkatanAli/ramadhan/vendor/symfony/console/Input/ArgvInput.php(71): Symfony\\Component\\Console\\Input\\ArgvInput->parseToken()
#3 /home/abdmalik/Documents/Belajar/Laravel/AngkatanAli/ramadhan/vendor/symfony/console/Input/Input.php(55): Symfony\\Component\\Console\\Input\\ArgvInput->parse()
#4 /home/abdmalik/Documents/Belajar/Laravel/AngkatanAli/ramadhan/vendor/symfony/console/Command/Command.php(250): Symfony\\Component\\Console\\Input\\Input->bind()
#5 /home/abdmalik/Documents/Belajar/Laravel/AngkatanAli/ramadhan/vendor/laravel/framework/src/Illuminate/Console/Command.php(156): Symfony\\Component\\Console\\Command\\Command->run()
#6 /home/abdmalik/Documents/Belajar/Laravel/AngkatanAli/ramadhan/vendor/symfony/console/Application.php(989): Illuminate\\Console\\Command->run()
#7 /home/abdmalik/Documents/Belajar/Laravel/AngkatanAli/ramadhan/vendor/symfony/console/Application.php(299): Symfony\\Component\\Console\\Application->doRunCommand()
#8 /home/abdmalik/Documents/Belajar/Laravel/AngkatanAli/ramadhan/vendor/symfony/console/Application.php(171): Symfony\\Component\\Console\\Application->doRun()
#9 /home/abdmalik/Documents/Belajar/Laravel/AngkatanAli/ramadhan/vendor/laravel/framework/src/Illuminate/Console/Application.php(102): Symfony\\Component\\Console\\Application->run()
#10 /home/abdmalik/Documents/Belajar/Laravel/AngkatanAli/ramadhan/vendor/laravel/framework/src/Illuminate/Foundation/Console/Kernel.php(129): Illuminate\\Console\\Application->run()
#11 /home/abdmalik/Documents/Belajar/Laravel/AngkatanAli/ramadhan/artisan(37): Illuminate\\Foundation\\Console\\Kernel->handle()
#12 {main}
"} 
[2022-07-28 13:17:11] local.ERROR: The "--columns" option does not exist. {"exception":"[object] (Symfony\\Component\\Console\\Exception\\RuntimeException(code: 0): The \"--columns\" option does not exist. at /home/abdmalik/Documents/Belajar/Laravel/AngkatanAli/ramadhan/vendor/symfony/console/Input/ArgvInput.php:220)
[stacktrace]
#0 /home/abdmalik/Documents/Belajar/Laravel/AngkatanAli/ramadhan/vendor/symfony/console/Input/ArgvInput.php(147): Symfony\\Component\\Console\\Input\\ArgvInput->addLongOption()
#1 /home/abdmalik/Documents/Belajar/Laravel/AngkatanAli/ramadhan/vendor/symfony/console/Input/ArgvInput.php(82): Symfony\\Component\\Console\\Input\\ArgvInput->parseLongOption()
#2 /home/abdmalik/Documents/Belajar/Laravel/AngkatanAli/ramadhan/vendor/symfony/console/Input/ArgvInput.php(71): Symfony\\Component\\Console\\Input\\ArgvInput->parseToken()
#3 /home/abdmalik/Documents/Belajar/Laravel/AngkatanAli/ramadhan/vendor/symfony/console/Input/Input.php(55): Symfony\\Component\\Console\\Input\\ArgvInput->parse()
#4 /home/abdmalik/Documents/Belajar/Laravel/AngkatanAli/ramadhan/vendor/symfony/console/Command/Command.php(250): Symfony\\Component\\Console\\Input\\Input->bind()
#5 /home/abdmalik/Documents/Belajar/Laravel/AngkatanAli/ramadhan/vendor/laravel/framework/src/Illuminate/Console/Command.php(156): Symfony\\Component\\Console\\Command\\Command->run()
#6 /home/abdmalik/Documents/Belajar/Laravel/AngkatanAli/ramadhan/vendor/symfony/console/Application.php(989): Illuminate\\Console\\Command->run()
#7 /home/abdmalik/Documents/Belajar/Laravel/AngkatanAli/ramadhan/vendor/symfony/console/Application.php(299): Symfony\\Component\\Console\\Application->doRunCommand()
#8 /home/abdmalik/Documents/Belajar/Laravel/AngkatanAli/ramadhan/vendor/symfony/console/Application.php(171): Symfony\\Component\\Console\\Application->doRun()
#9 /home/abdmalik/Documents/Belajar/Laravel/AngkatanAli/ramadhan/vendor/laravel/framework/src/Illuminate/Console/Application.php(102): Symfony\\Component\\Console\\Application->run()
#10 /home/abdmalik/Documents/Belajar/Laravel/AngkatanAli/ramadhan/vendor/laravel/framework/src/Illuminate/Foundation/Console/Kernel.php(129): Illuminate\\Console\\Application->run()
#11 /home/abdmalik/Documents/Belajar/Laravel/AngkatanAli/ramadhan/artisan(37): Illuminate\\Foundation\\Console\\Kernel->handle()
#12 {main}
"} 
[2022-07-28 13:17:13] local.ERROR: The "--columns" option does not exist. {"exception":"[object] (Symfony\\Component\\Console\\Exception\\RuntimeException(code: 0): The \"--columns\" option does not exist. at /home/abdmalik/Documents/Belajar/Laravel/AngkatanAli/ramadhan/vendor/symfony/console/Input/ArgvInput.php:220)
[stacktrace]
#0 /home/abdmalik/Documents/Belajar/Laravel/AngkatanAli/ramadhan/vendor/symfony/console/Input/ArgvInput.php(147): Symfony\\Component\\Console\\Input\\ArgvInput->addLongOption()
#1 /home/abdmalik/Documents/Belajar/Laravel/AngkatanAli/ramadhan/vendor/symfony/console/Input/ArgvInput.php(82): Symfony\\Component\\Console\\Input\\ArgvInput->parseLongOption()
#2 /home/abdmalik/Documents/Belajar/Laravel/AngkatanAli/ramadhan/vendor/symfony/console/Input/ArgvInput.php(71): Symfony\\Component\\Console\\Input\\ArgvInput->parseToken()
#3 /home/abdmalik/Documents/Belajar/Laravel/AngkatanAli/ramadhan/vendor/symfony/console/Input/Input.php(55): Symfony\\Component\\Console\\Input\\ArgvInput->parse()
#4 /home/abdmalik/Documents/Belajar/Laravel/AngkatanAli/ramadhan/vendor/symfony/console/Command/Command.php(250): Symfony\\Component\\Console\\Input\\Input->bind()
#5 /home/abdmalik/Documents/Belajar/Laravel/AngkatanAli/ramadhan/vendor/laravel/framework/src/Illuminate/Console/Command.php(156): Symfony\\Component\\Console\\Command\\Command->run()
#6 /home/abdmalik/Documents/Belajar/Laravel/AngkatanAli/ramadhan/vendor/symfony/console/Application.php(989): Illuminate\\Console\\Command->run()
#7 /home/abdmalik/Documents/Belajar/Laravel/AngkatanAli/ramadhan/vendor/symfony/console/Application.php(299): Symfony\\Component\\Console\\Application->doRunCommand()
#8 /home/abdmalik/Documents/Belajar/Laravel/AngkatanAli/ramadhan/vendor/symfony/console/Application.php(171): Symfony\\Component\\Console\\Application->doRun()
#9 /home/abdmalik/Documents/Belajar/Laravel/AngkatanAli/ramadhan/vendor/laravel/framework/src/Illuminate/Console/Application.php(102): Symfony\\Component\\Console\\Application->run()
#10 /home/abdmalik/Documents/Belajar/Laravel/AngkatanAli/ramadhan/vendor/laravel/framework/src/Illuminate/Foundation/Console/Kernel.php(129): Illuminate\\Console\\Application->run()
#11 /home/abdmalik/Documents/Belajar/Laravel/AngkatanAli/ramadhan/artisan(37): Illuminate\\Foundation\\Console\\Kernel->handle()
#12 {main}
"} 
[2022-07-28 13:17:18] local.ERROR: SQLSTATE[HY000] [1049] Unknown database 'ramadhan' (SQL: select * from `travel_packages` where `travel_packages`.`deleted_at` is null) {"exception":"[object] (Illuminate\\Database\\QueryException(code: 1049): SQLSTATE[HY000] [1049] Unknown database 'ramadhan' (SQL: select * from `travel_packages` where `travel_packages`.`deleted_at` is null) at /home/abdmalik/Documents/Belajar/Laravel/AngkatanAli/ramadhan/vendor/laravel/framework/src/Illuminate/Database/Connection.php:716)
[stacktrace]
#0 /home/abdmalik/Documents/Belajar/Laravel/AngkatanAli/ramadhan/vendor/laravel/framework/src/Illuminate/Database/Connection.php(676): Illuminate\\Database\\Connection->runQueryCallback()
#1 /home/abdmalik/Documents/Belajar/Laravel/AngkatanAli/ramadhan/vendor/laravel/framework/src/Illuminate/Database/Connection.php(376): Illuminate\\Database\\Connection->run()
#2 /home/abdmalik/Documents/Belajar/Laravel/AngkatanAli/ramadhan/vendor/laravel/framework/src/Illuminate/Database/Query/Builder.php(2607): Illuminate\\Database\\Connection->select()
#3 /home/abdmalik/Documents/Belajar/Laravel/AngkatanAli/ramadhan/vendor/laravel/framework/src/Illuminate/Database/Query/Builder.php(2595): Illuminate\\Database\\Query\\Builder->runSelect()
#4 /home/abdmalik/Documents/Belajar/Laravel/AngkatanAli/ramadhan/vendor/laravel/framework/src/Illuminate/Database/Query/Builder.php(3129): Illuminate\\Database\\Query\\Builder->Illuminate\\Database\\Query\\{closure}()
#5 /home/abdmalik/Documents/Belajar/Laravel/AngkatanAli/ramadhan/vendor/laravel/framework/src/Illuminate/Database/Query/Builder.php(2596): Illuminate\\Database\\Query\\Builder->onceWithColumns()
#6 /home/abdmalik/Documents/Belajar/Laravel/AngkatanAli/ramadhan/vendor/laravel/framework/src/Illuminate/Database/Eloquent/Builder.php(675): Illuminate\\Database\\Query\\Builder->get()
#7 /home/abdmalik/Documents/Belajar/Laravel/AngkatanAli/ramadhan/vendor/laravel/framework/src/Illuminate/Database/Eloquent/Builder.php(659): Illuminate\\Database\\Eloquent\\Builder->getModels()
#8 /home/abdmalik/Documents/Belajar/Laravel/AngkatanAli/ramadhan/app/Http/Controllers/HomeController.php(17): Illuminate\\Database\\Eloquent\\Builder->get()
#9 /home/abdmalik/Documents/Belajar/Laravel/AngkatanAli/ramadhan/vendor/laravel/framework/src/Illuminate/Routing/Controller.php(54): App\\Http\\Controllers\\HomeController->index()
#10 /home/abdmalik/Documents/Belajar/Laravel/AngkatanAli/ramadhan/vendor/laravel/framework/src/Illuminate/Routing/ControllerDispatcher.php(45): Illuminate\\Routing\\Controller->callAction()
#11 /home/abdmalik/Documents/Belajar/Laravel/AngkatanAli/ramadhan/vendor/laravel/framework/src/Illuminate/Routing/Route.php(261): Illuminate\\Routing\\ControllerDispatcher->dispatch()
#12 /home/abdmalik/Documents/Belajar/Laravel/AngkatanAli/ramadhan/vendor/laravel/framework/src/Illuminate/Routing/Route.php(204): Illuminate\\Routing\\Route->runController()
#13 /home/abdmalik/Documents/Belajar/Laravel/AngkatanAli/ramadhan/vendor/laravel/framework/src/Illuminate/Routing/Router.php(728): Illuminate\\Routing\\Route->run()
#14 /home/abdmalik/Documents/Belajar/Laravel/AngkatanAli/ramadhan/vendor/laravel/framework/src/Illuminate/Pipeline/Pipeline.php(141): Illuminate\\Routing\\Router->Illuminate\\Routing\\{closure}()
#15 /home/abdmalik/Documents/Belajar/Laravel/AngkatanAli/ramadhan/vendor/laravel/framework/src/Illuminate/Routing/Middleware/SubstituteBindings.php(50): Illuminate\\Pipeline\\Pipeline->Illuminate\\Pipeline\\{closure}()
#16 /home/abdmalik/Documents/Belajar/Laravel/AngkatanAli/ramadhan/vendor/laravel/framework/src/Illuminate/Pipeline/Pipeline.php(180): Illuminate\\Routing\\Middleware\\SubstituteBindings->handle()
#17 /home/abdmalik/Documents/Belajar/Laravel/AngkatanAli/ramadhan/vendor/laravel/framework/src/Illuminate/Foundation/Http/Middleware/VerifyCsrfToken.php(78): Illuminate\\Pipeline\\Pipeline->Illuminate\\Pipeline\\{closure}()
#18 /home/abdmalik/Documents/Belajar/Laravel/AngkatanAli/ramadhan/vendor/laravel/framework/src/Illuminate/Pipeline/Pipeline.php(180): Illuminate\\Foundation\\Http\\Middleware\\VerifyCsrfToken->handle()
#19 /home/abdmalik/Documents/Belajar/Laravel/AngkatanAli/ramadhan/vendor/laravel/framework/src/Illuminate/View/Middleware/ShareErrorsFromSession.php(49): Illuminate\\Pipeline\\Pipeline->Illuminate\\Pipeline\\{closure}()
#20 /home/abdmalik/Documents/Belajar/Laravel/AngkatanAli/ramadhan/vendor/laravel/framework/src/Illuminate/Pipeline/Pipeline.php(180): Illuminate\\View\\Middleware\\ShareErrorsFromSession->handle()
#21 /home/abdmalik/Documents/Belajar/Laravel/AngkatanAli/ramadhan/vendor/laravel/framework/src/Illuminate/Session/Middleware/StartSession.php(121): Illuminate\\Pipeline\\Pipeline->Illuminate\\Pipeline\\{closure}()
#22 /home/abdmalik/Documents/Belajar/Laravel/AngkatanAli/ramadhan/vendor/laravel/framework/src/Illuminate/Session/Middleware/StartSession.php(64): Illuminate\\Session\\Middleware\\StartSession->handleStatefulRequest()
#23 /home/abdmalik/Documents/Belajar/Laravel/AngkatanAli/ramadhan/vendor/laravel/framework/src/Illuminate/Pipeline/Pipeline.php(180): Illuminate\\Session\\Middleware\\StartSession->handle()
#24 /home/abdmalik/Documents/Belajar/Laravel/AngkatanAli/ramadhan/vendor/laravel/framework/src/Illuminate/Cookie/Middleware/AddQueuedCookiesToResponse.php(37): Illuminate\\Pipeline\\Pipeline->Illuminate\\Pipeline\\{closure}()
#25 /home/abdmalik/Documents/Belajar/Laravel/AngkatanAli/ramadhan/vendor/laravel/framework/src/Illuminate/Pipeline/Pipeline.php(180): Illuminate\\Cookie\\Middleware\\AddQueuedCookiesToResponse->handle()
#26 /home/abdmalik/Documents/Belajar/Laravel/AngkatanAli/ramadhan/vendor/laravel/framework/src/Illuminate/Cookie/Middleware/EncryptCookies.php(67): Illuminate\\Pipeline\\Pipeline->Illuminate\\Pipeline\\{closure}()
#27 /home/abdmalik/Documents/Belajar/Laravel/AngkatanAli/ramadhan/vendor/laravel/framework/src/Illuminate/Pipeline/Pipeline.php(180): Illuminate\\Cookie\\Middleware\\EncryptCookies->handle()
#28 /home/abdmalik/Documents/Belajar/Laravel/AngkatanAli/ramadhan/vendor/laravel/framework/src/Illuminate/Pipeline/Pipeline.php(116): Illuminate\\Pipeline\\Pipeline->Illuminate\\Pipeline\\{closure}()
#29 /home/abdmalik/Documents/Belajar/Laravel/AngkatanAli/ramadhan/vendor/laravel/framework/src/Illuminate/Routing/Router.php(730): Illuminate\\Pipeline\\Pipeline->then()
#30 /home/abdmalik/Documents/Belajar/Laravel/AngkatanAli/ramadhan/vendor/laravel/framework/src/Illuminate/Routing/Router.php(705): Illuminate\\Routing\\Router->runRouteWithinStack()
#31 /home/abdmalik/Documents/Belajar/Laravel/AngkatanAli/ramadhan/vendor/laravel/framework/src/Illuminate/Routing/Router.php(667): Illuminate\\Routing\\Router->runRoute()
#32 /home/abdmalik/Documents/Belajar/Laravel/AngkatanAli/ramadhan/vendor/laravel/framework/src/Illuminate/Routing/Router.php(656): Illuminate\\Routing\\Router->dispatchToRoute()
#33 /home/abdmalik/Documents/Belajar/Laravel/AngkatanAli/ramadhan/vendor/laravel/framework/src/Illuminate/Foundation/Http/Kernel.php(167): Illuminate\\Routing\\Router->dispatch()
#34 /home/abdmalik/Documents/Belajar/Laravel/AngkatanAli/ramadhan/vendor/laravel/framework/src/Illuminate/Pipeline/Pipeline.php(141): Illuminate\\Foundation\\Http\\Kernel->Illuminate\\Foundation\\Http\\{closure}()
#35 /home/abdmalik/Documents/Belajar/Laravel/AngkatanAli/ramadhan/vendor/laravel/framework/src/Illuminate/Foundation/Http/Middleware/TransformsRequest.php(21): Illuminate\\Pipeline\\Pipeline->Illuminate\\Pipeline\\{closure}()
#36 /home/abdmalik/Documents/Belajar/Laravel/AngkatanAli/ramadhan/vendor/laravel/framework/src/Illuminate/Foundation/Http/Middleware/ConvertEmptyStringsToNull.php(31): Illuminate\\Foundation\\Http\\Middleware\\TransformsRequest->handle()
#37 /home/abdmalik/Documents/Belajar/Laravel/AngkatanAli/ramadhan/vendor/laravel/framework/src/Illuminate/Pipeline/Pipeline.php(180): Illuminate\\Foundation\\Http\\Middleware\\ConvertEmptyStringsToNull->handle()
#38 /home/abdmalik/Documents/Belajar/Laravel/AngkatanAli/ramadhan/vendor/laravel/framework/src/Illuminate/Foundation/Http/Middleware/TransformsRequest.php(21): Illuminate\\Pipeline\\Pipeline->Illuminate\\Pipeline\\{closure}()
#39 /home/abdmalik/Documents/Belajar/Laravel/AngkatanAli/ramadhan/vendor/laravel/framework/src/Illuminate/Foundation/Http/Middleware/TrimStrings.php(40): Illuminate\\Foundation\\Http\\Middleware\\TransformsRequest->handle()
#40 /home/abdmalik/Documents/Belajar/Laravel/AngkatanAli/ramadhan/vendor/laravel/framework/src/Illuminate/Pipeline/Pipeline.php(180): Illuminate\\Foundation\\Http\\Middleware\\TrimStrings->handle()
#41 /home/abdmalik/Documents/Belajar/Laravel/AngkatanAli/ramadhan/vendor/laravel/framework/src/Illuminate/Foundation/Http/Middleware/ValidatePostSize.php(27): Illuminate\\Pipeline\\Pipeline->Illuminate\\Pipeline\\{closure}()
#42 /home/abdmalik/Documents/Belajar/Laravel/AngkatanAli/ramadhan/vendor/laravel/framework/src/Illuminate/Pipeline/Pipeline.php(180): Illuminate\\Foundation\\Http\\Middleware\\ValidatePostSize->handle()
#43 /home/abdmalik/Documents/Belajar/Laravel/AngkatanAli/ramadhan/vendor/laravel/framework/src/Illuminate/Foundation/Http/Middleware/PreventRequestsDuringMaintenance.php(86): Illuminate\\Pipeline\\Pipeline->Illuminate\\Pipeline\\{closure}()
#44 /home/abdmalik/Documents/Belajar/Laravel/AngkatanAli/ramadhan/vendor/laravel/framework/src/Illuminate/Pipeline/Pipeline.php(180): Illuminate\\Foundation\\Http\\Middleware\\PreventRequestsDuringMaintenance->handle()
#45 /home/abdmalik/Documents/Belajar/Laravel/AngkatanAli/ramadhan/vendor/laravel/framework/src/Illuminate/Http/Middleware/TrustProxies.php(39): Illuminate\\Pipeline\\Pipeline->Illuminate\\Pipeline\\{closure}()
#46 /home/abdmalik/Documents/Belajar/Laravel/AngkatanAli/ramadhan/vendor/laravel/framework/src/Illuminate/Pipeline/Pipeline.php(180): Illuminate\\Http\\Middleware\\TrustProxies->handle()
#47 /home/abdmalik/Documents/Belajar/Laravel/AngkatanAli/ramadhan/vendor/laravel/framework/src/Illuminate/Pipeline/Pipeline.php(116): Illuminate\\Pipeline\\Pipeline->Illuminate\\Pipeline\\{closure}()
#48 /home/abdmalik/Documents/Belajar/Laravel/AngkatanAli/ramadhan/vendor/laravel/framework/src/Illuminate/Foundation/Http/Kernel.php(142): Illuminate\\Pipeline\\Pipeline->then()
#49 /home/abdmalik/Documents/Belajar/Laravel/AngkatanAli/ramadhan/vendor/laravel/framework/src/Illuminate/Foundation/Http/Kernel.php(111): Illuminate\\Foundation\\Http\\Kernel->sendRequestThroughRouter()
#50 /home/abdmalik/Documents/Belajar/Laravel/AngkatanAli/ramadhan/public/index.php(55): Illuminate\\Foundation\\Http\\Kernel->handle()
#51 /home/abdmalik/Documents/Belajar/Laravel/AngkatanAli/ramadhan/vendor/laravel/framework/src/Illuminate/Foundation/resources/server.php(16): require_once('...')
#52 {main}

[previous exception] [object] (PDOException(code: 1049): SQLSTATE[HY000] [1049] Unknown database 'ramadhan' at /home/abdmalik/Documents/Belajar/Laravel/AngkatanAli/ramadhan/vendor/laravel/framework/src/Illuminate/Database/Connectors/Connector.php:70)
[stacktrace]
#0 /home/abdmalik/Documents/Belajar/Laravel/AngkatanAli/ramadhan/vendor/laravel/framework/src/Illuminate/Database/Connectors/Connector.php(70): PDO->__construct()
#1 /home/abdmalik/Documents/Belajar/Laravel/AngkatanAli/ramadhan/vendor/laravel/framework/src/Illuminate/Database/Connectors/Connector.php(46): Illuminate\\Database\\Connectors\\Connector->createPdoConnection()
#2 /home/abdmalik/Documents/Belajar/Laravel/AngkatanAli/ramadhan/vendor/laravel/framework/src/Illuminate/Database/Connectors/MySqlConnector.php(24): Illuminate\\Database\\Connectors\\Connector->createConnection()
#3 /home/abdmalik/Documents/Belajar/Laravel/AngkatanAli/ramadhan/vendor/laravel/framework/src/Illuminate/Database/Connectors/ConnectionFactory.php(184): Illuminate\\Database\\Connectors\\MySqlConnector->connect()
#4 [internal function]: Illuminate\\Database\\Connectors\\ConnectionFactory->Illuminate\\Database\\Connectors\\{closure}()
#5 /home/abdmalik/Documents/Belajar/Laravel/AngkatanAli/ramadhan/vendor/laravel/framework/src/Illuminate/Database/Connection.php(1058): call_user_func()
#6 /home/abdmalik/Documents/Belajar/Laravel/AngkatanAli/ramadhan/vendor/laravel/framework/src/Illuminate/Database/Connection.php(1094): Illuminate\\Database\\Connection->getPdo()
#7 /home/abdmalik/Documents/Belajar/Laravel/AngkatanAli/ramadhan/vendor/laravel/framework/src/Illuminate/Database/Connection.php(442): Illuminate\\Database\\Connection->getReadPdo()
#8 /home/abdmalik/Documents/Belajar/Laravel/AngkatanAli/ramadhan/vendor/laravel/framework/src/Illuminate/Database/Connection.php(368): Illuminate\\Database\\Connection->getPdoForSelect()
#9 /home/abdmalik/Documents/Belajar/Laravel/AngkatanAli/ramadhan/vendor/laravel/framework/src/Illuminate/Database/Connection.php(709): Illuminate\\Database\\Connection->Illuminate\\Database\\{closure}()
#10 /home/abdmalik/Documents/Belajar/Laravel/AngkatanAli/ramadhan/vendor/laravel/framework/src/Illuminate/Database/Connection.php(676): Illuminate\\Database\\Connection->runQueryCallback()
#11 /home/abdmalik/Documents/Belajar/Laravel/AngkatanAli/ramadhan/vendor/laravel/framework/src/Illuminate/Database/Connection.php(376): Illuminate\\Database\\Connection->run()
#12 /home/abdmalik/Documents/Belajar/Laravel/AngkatanAli/ramadhan/vendor/laravel/framework/src/Illuminate/Database/Query/Builder.php(2607): Illuminate\\Database\\Connection->select()
#13 /home/abdmalik/Documents/Belajar/Laravel/AngkatanAli/ramadhan/vendor/laravel/framework/src/Illuminate/Database/Query/Builder.php(2595): Illuminate\\Database\\Query\\Builder->runSelect()
#14 /home/abdmalik/Documents/Belajar/Laravel/AngkatanAli/ramadhan/vendor/laravel/framework/src/Illuminate/Database/Query/Builder.php(3129): Illuminate\\Database\\Query\\Builder->Illuminate\\Database\\Query\\{closure}()
#15 /home/abdmalik/Documents/Belajar/Laravel/AngkatanAli/ramadhan/vendor/laravel/framework/src/Illuminate/Database/Query/Builder.php(2596): Illuminate\\Database\\Query\\Builder->onceWithColumns()
#16 /home/abdmalik/Documents/Belajar/Laravel/AngkatanAli/ramadhan/vendor/laravel/framework/src/Illuminate/Database/Eloquent/Builder.php(675): Illuminate\\Database\\Query\\Builder->get()
#17 /home/abdmalik/Documents/Belajar/Laravel/AngkatanAli/ramadhan/vendor/laravel/framework/src/Illuminate/Database/Eloquent/Builder.php(659): Illuminate\\Database\\Eloquent\\Builder->getModels()
#18 /home/abdmalik/Documents/Belajar/Laravel/AngkatanAli/ramadhan/app/Http/Controllers/HomeController.php(17): Illuminate\\Database\\Eloquent\\Builder->get()
#19 /home/abdmalik/Documents/Belajar/Laravel/AngkatanAli/ramadhan/vendor/laravel/framework/src/Illuminate/Routing/Controller.php(54): App\\Http\\Controllers\\HomeController->index()
#20 /home/abdmalik/Documents/Belajar/Laravel/AngkatanAli/ramadhan/vendor/laravel/framework/src/Illuminate/Routing/ControllerDispatcher.php(45): Illuminate\\Routing\\Controller->callAction()
#21 /home/abdmalik/Documents/Belajar/Laravel/AngkatanAli/ramadhan/vendor/laravel/framework/src/Illuminate/Routing/Route.php(261): Illuminate\\Routing\\ControllerDispatcher->dispatch()
#22 /home/abdmalik/Documents/Belajar/Laravel/AngkatanAli/ramadhan/vendor/laravel/framework/src/Illuminate/Routing/Route.php(204): Illuminate\\Routing\\Route->runController()
#23 /home/abdmalik/Documents/Belajar/Laravel/AngkatanAli/ramadhan/vendor/laravel/framework/src/Illuminate/Routing/Router.php(728): Illuminate\\Routing\\Route->run()
#24 /home/abdmalik/Documents/Belajar/Laravel/AngkatanAli/ramadhan/vendor/laravel/framework/src/Illuminate/Pipeline/Pipeline.php(141): Illuminate\\Routing\\Router->Illuminate\\Routing\\{closure}()
#25 /home/abdmalik/Documents/Belajar/Laravel/AngkatanAli/ramadhan/vendor/laravel/framework/src/Illuminate/Routing/Middleware/SubstituteBindings.php(50): Illuminate\\Pipeline\\Pipeline->Illuminate\\Pipeline\\{closure}()
#26 /home/abdmalik/Documents/Belajar/Laravel/AngkatanAli/ramadhan/vendor/laravel/framework/src/Illuminate/Pipeline/Pipeline.php(180): Illuminate\\Routing\\Middleware\\SubstituteBindings->handle()
#27 /home/abdmalik/Documents/Belajar/Laravel/AngkatanAli/ramadhan/vendor/laravel/framework/src/Illuminate/Foundation/Http/Middleware/VerifyCsrfToken.php(78): Illuminate\\Pipeline\\Pipeline->Illuminate\\Pipeline\\{closure}()
#28 /home/abdmalik/Documents/Belajar/Laravel/AngkatanAli/ramadhan/vendor/laravel/framework/src/Illuminate/Pipeline/Pipeline.php(180): Illuminate\\Foundation\\Http\\Middleware\\VerifyCsrfToken->handle()
#29 /home/abdmalik/Documents/Belajar/Laravel/AngkatanAli/ramadhan/vendor/laravel/framework/src/Illuminate/View/Middleware/ShareErrorsFromSession.php(49): Illuminate\\Pipeline\\Pipeline->Illuminate\\Pipeline\\{closure}()
#30 /home/abdmalik/Documents/Belajar/Laravel/AngkatanAli/ramadhan/vendor/laravel/framework/src/Illuminate/Pipeline/Pipeline.php(180): Illuminate\\View\\Middleware\\ShareErrorsFromSession->handle()
#31 /home/abdmalik/Documents/Belajar/Laravel/AngkatanAli/ramadhan/vendor/laravel/framework/src/Illuminate/Session/Middleware/StartSession.php(121): Illuminate\\Pipeline\\Pipeline->Illuminate\\Pipeline\\{closure}()
#32 /home/abdmalik/Documents/Belajar/Laravel/AngkatanAli/ramadhan/vendor/laravel/framework/src/Illuminate/Session/Middleware/StartSession.php(64): Illuminate\\Session\\Middleware\\StartSession->handleStatefulRequest()
#33 /home/abdmalik/Documents/Belajar/Laravel/AngkatanAli/ramadhan/vendor/laravel/framework/src/Illuminate/Pipeline/Pipeline.php(180): Illuminate\\Session\\Middleware\\StartSession->handle()
#34 /home/abdmalik/Documents/Belajar/Laravel/AngkatanAli/ramadhan/vendor/laravel/framework/src/Illuminate/Cookie/Middleware/AddQueuedCookiesToResponse.php(37): Illuminate\\Pipeline\\Pipeline->Illuminate\\Pipeline\\{closure}()
#35 /home/abdmalik/Documents/Belajar/Laravel/AngkatanAli/ramadhan/vendor/laravel/framework/src/Illuminate/Pipeline/Pipeline.php(180): Illuminate\\Cookie\\Middleware\\AddQueuedCookiesToResponse->handle()
#36 /home/abdmalik/Documents/Belajar/Laravel/AngkatanAli/ramadhan/vendor/laravel/framework/src/Illuminate/Cookie/Middleware/EncryptCookies.php(67): Illuminate\\Pipeline\\Pipeline->Illuminate\\Pipeline\\{closure}()
#37 /home/abdmalik/Documents/Belajar/Laravel/AngkatanAli/ramadhan/vendor/laravel/framework/src/Illuminate/Pipeline/Pipeline.php(180): Illuminate\\Cookie\\Middleware\\EncryptCookies->handle()
#38 /home/abdmalik/Documents/Belajar/Laravel/AngkatanAli/ramadhan/vendor/laravel/framework/src/Illuminate/Pipeline/Pipeline.php(116): Illuminate\\Pipeline\\Pipeline->Illuminate\\Pipeline\\{closure}()
#39 /home/abdmalik/Documents/Belajar/Laravel/AngkatanAli/ramadhan/vendor/laravel/framework/src/Illuminate/Routing/Router.php(730): Illuminate\\Pipeline\\Pipeline->then()
#40 /home/abdmalik/Documents/Belajar/Laravel/AngkatanAli/ramadhan/vendor/laravel/framework/src/Illuminate/Routing/Router.php(705): Illuminate\\Routing\\Router->runRouteWithinStack()
#41 /home/abdmalik/Documents/Belajar/Laravel/AngkatanAli/ramadhan/vendor/laravel/framework/src/Illuminate/Routing/Router.php(667): Illuminate\\Routing\\Router->runRoute()
#42 /home/abdmalik/Documents/Belajar/Laravel/AngkatanAli/ramadhan/vendor/laravel/framework/src/Illuminate/Routing/Router.php(656): Illuminate\\Routing\\Router->dispatchToRoute()
#43 /home/abdmalik/Documents/Belajar/Laravel/AngkatanAli/ramadhan/vendor/laravel/framework/src/Illuminate/Foundation/Http/Kernel.php(167): Illuminate\\Routing\\Router->dispatch()
#44 /home/abdmalik/Documents/Belajar/Laravel/AngkatanAli/ramadhan/vendor/laravel/framework/src/Illuminate/Pipeline/Pipeline.php(141): Illuminate\\Foundation\\Http\\Kernel->Illuminate\\Foundation\\Http\\{closure}()
#45 /home/abdmalik/Documents/Belajar/Laravel/AngkatanAli/ramadhan/vendor/laravel/framework/src/Illuminate/Foundation/Http/Middleware/TransformsRequest.php(21): Illuminate\\Pipeline\\Pipeline->Illuminate\\Pipeline\\{closure}()
#46 /home/abdmalik/Documents/Belajar/Laravel/AngkatanAli/ramadhan/vendor/laravel/framework/src/Illuminate/Foundation/Http/Middleware/ConvertEmptyStringsToNull.php(31): Illuminate\\Foundation\\Http\\Middleware\\TransformsRequest->handle()
#47 /home/abdmalik/Documents/Belajar/Laravel/AngkatanAli/ramadhan/vendor/laravel/framework/src/Illuminate/Pipeline/Pipeline.php(180): Illuminate\\Foundation\\Http\\Middleware\\ConvertEmptyStringsToNull->handle()
#48 /home/abdmalik/Documents/Belajar/Laravel/AngkatanAli/ramadhan/vendor/laravel/framework/src/Illuminate/Foundation/Http/Middleware/TransformsRequest.php(21): Illuminate\\Pipeline\\Pipeline->Illuminate\\Pipeline\\{closure}()
#49 /home/abdmalik/Documents/Belajar/Laravel/AngkatanAli/ramadhan/vendor/laravel/framework/src/Illuminate/Foundation/Http/Middleware/TrimStrings.php(40): Illuminate\\Foundation\\Http\\Middleware\\TransformsRequest->handle()
#50 /home/abdmalik/Documents/Belajar/Laravel/AngkatanAli/ramadhan/vendor/laravel/framework/src/Illuminate/Pipeline/Pipeline.php(180): Illuminate\\Foundation\\Http\\Middleware\\TrimStrings->handle()
#51 /home/abdmalik/Documents/Belajar/Laravel/AngkatanAli/ramadhan/vendor/laravel/framework/src/Illuminate/Foundation/Http/Middleware/ValidatePostSize.php(27): Illuminate\\Pipeline\\Pipeline->Illuminate\\Pipeline\\{closure}()
#52 /home/abdmalik/Documents/Belajar/Laravel/AngkatanAli/ramadhan/vendor/laravel/framework/src/Illuminate/Pipeline/Pipeline.php(180): Illuminate\\Foundation\\Http\\Middleware\\ValidatePostSize->handle()
#53 /home/abdmalik/Documents/Belajar/Laravel/AngkatanAli/ramadhan/vendor/laravel/framework/src/Illuminate/Foundation/Http/Middleware/PreventRequestsDuringMaintenance.php(86): Illuminate\\Pipeline\\Pipeline->Illuminate\\Pipeline\\{closure}()
#54 /home/abdmalik/Documents/Belajar/Laravel/AngkatanAli/ramadhan/vendor/laravel/framework/src/Illuminate/Pipeline/Pipeline.php(180): Illuminate\\Foundation\\Http\\Middleware\\PreventRequestsDuringMaintenance->handle()
#55 /home/abdmalik/Documents/Belajar/Laravel/AngkatanAli/ramadhan/vendor/laravel/framework/src/Illuminate/Http/Middleware/TrustProxies.php(39): Illuminate\\Pipeline\\Pipeline->Illuminate\\Pipeline\\{closure}()
#56 /home/abdmalik/Documents/Belajar/Laravel/AngkatanAli/ramadhan/vendor/laravel/framework/src/Illuminate/Pipeline/Pipeline.php(180): Illuminate\\Http\\Middleware\\TrustProxies->handle()
#57 /home/abdmalik/Documents/Belajar/Laravel/AngkatanAli/ramadhan/vendor/laravel/framework/src/Illuminate/Pipeline/Pipeline.php(116): Illuminate\\Pipeline\\Pipeline->Illuminate\\Pipeline\\{closure}()
#58 /home/abdmalik/Documents/Belajar/Laravel/AngkatanAli/ramadhan/vendor/laravel/framework/src/Illuminate/Foundation/Http/Kernel.php(142): Illuminate\\Pipeline\\Pipeline->then()
#59 /home/abdmalik/Documents/Belajar/Laravel/AngkatanAli/ramadhan/vendor/laravel/framework/src/Illuminate/Foundation/Http/Kernel.php(111): Illuminate\\Foundation\\Http\\Kernel->sendRequestThroughRouter()
#60 /home/abdmalik/Documents/Belajar/Laravel/AngkatanAli/ramadhan/public/index.php(55): Illuminate\\Foundation\\Http\\Kernel->handle()
#61 /home/abdmalik/Documents/Belajar/Laravel/AngkatanAli/ramadhan/vendor/laravel/framework/src/Illuminate/Foundation/resources/server.php(16): require_once('...')
#62 {main}
"} 
[2022-07-28 13:52:27] local.ERROR: The "--columns" option does not exist. {"exception":"[object] (Symfony\\Component\\Console\\Exception\\RuntimeException(code: 0): The \"--columns\" option does not exist. at /home/abdmalik/Documents/Belajar/Laravel/Nomads/nomads-laravel/vendor/symfony/console/Input/ArgvInput.php:220)
[stacktrace]
#0 /home/abdmalik/Documents/Belajar/Laravel/Nomads/nomads-laravel/vendor/symfony/console/Input/ArgvInput.php(147): Symfony\\Component\\Console\\Input\\ArgvInput->addLongOption()
#1 /home/abdmalik/Documents/Belajar/Laravel/Nomads/nomads-laravel/vendor/symfony/console/Input/ArgvInput.php(82): Symfony\\Component\\Console\\Input\\ArgvInput->parseLongOption()
#2 /home/abdmalik/Documents/Belajar/Laravel/Nomads/nomads-laravel/vendor/symfony/console/Input/ArgvInput.php(71): Symfony\\Component\\Console\\Input\\ArgvInput->parseToken()
#3 /home/abdmalik/Documents/Belajar/Laravel/Nomads/nomads-laravel/vendor/symfony/console/Input/Input.php(55): Symfony\\Component\\Console\\Input\\ArgvInput->parse()
#4 /home/abdmalik/Documents/Belajar/Laravel/Nomads/nomads-laravel/vendor/symfony/console/Command/Command.php(250): Symfony\\Component\\Console\\Input\\Input->bind()
#5 /home/abdmalik/Documents/Belajar/Laravel/Nomads/nomads-laravel/vendor/laravel/framework/src/Illuminate/Console/Command.php(156): Symfony\\Component\\Console\\Command\\Command->run()
#6 /home/abdmalik/Documents/Belajar/Laravel/Nomads/nomads-laravel/vendor/symfony/console/Application.php(989): Illuminate\\Console\\Command->run()
#7 /home/abdmalik/Documents/Belajar/Laravel/Nomads/nomads-laravel/vendor/symfony/console/Application.php(299): Symfony\\Component\\Console\\Application->doRunCommand()
#8 /home/abdmalik/Documents/Belajar/Laravel/Nomads/nomads-laravel/vendor/symfony/console/Application.php(171): Symfony\\Component\\Console\\Application->doRun()
#9 /home/abdmalik/Documents/Belajar/Laravel/Nomads/nomads-laravel/vendor/laravel/framework/src/Illuminate/Console/Application.php(102): Symfony\\Component\\Console\\Application->run()
#10 /home/abdmalik/Documents/Belajar/Laravel/Nomads/nomads-laravel/vendor/laravel/framework/src/Illuminate/Foundation/Console/Kernel.php(129): Illuminate\\Console\\Application->run()
#11 /home/abdmalik/Documents/Belajar/Laravel/Nomads/nomads-laravel/artisan(37): Illuminate\\Foundation\\Console\\Kernel->handle()
#12 {main}
"} 
[2022-07-28 13:52:31] local.ERROR: The "--columns" option does not exist. {"exception":"[object] (Symfony\\Component\\Console\\Exception\\RuntimeException(code: 0): The \"--columns\" option does not exist. at /home/abdmalik/Documents/Belajar/Laravel/Nomads/nomads-laravel/vendor/symfony/console/Input/ArgvInput.php:220)
[stacktrace]
#0 /home/abdmalik/Documents/Belajar/Laravel/Nomads/nomads-laravel/vendor/symfony/console/Input/ArgvInput.php(147): Symfony\\Component\\Console\\Input\\ArgvInput->addLongOption()
#1 /home/abdmalik/Documents/Belajar/Laravel/Nomads/nomads-laravel/vendor/symfony/console/Input/ArgvInput.php(82): Symfony\\Component\\Console\\Input\\ArgvInput->parseLongOption()
#2 /home/abdmalik/Documents/Belajar/Laravel/Nomads/nomads-laravel/vendor/symfony/console/Input/ArgvInput.php(71): Symfony\\Component\\Console\\Input\\ArgvInput->parseToken()
#3 /home/abdmalik/Documents/Belajar/Laravel/Nomads/nomads-laravel/vendor/symfony/console/Input/Input.php(55): Symfony\\Component\\Console\\Input\\ArgvInput->parse()
#4 /home/abdmalik/Documents/Belajar/Laravel/Nomads/nomads-laravel/vendor/symfony/console/Command/Command.php(250): Symfony\\Component\\Console\\Input\\Input->bind()
#5 /home/abdmalik/Documents/Belajar/Laravel/Nomads/nomads-laravel/vendor/laravel/framework/src/Illuminate/Console/Command.php(156): Symfony\\Component\\Console\\Command\\Command->run()
#6 /home/abdmalik/Documents/Belajar/Laravel/Nomads/nomads-laravel/vendor/symfony/console/Application.php(989): Illuminate\\Console\\Command->run()
#7 /home/abdmalik/Documents/Belajar/Laravel/Nomads/nomads-laravel/vendor/symfony/console/Application.php(299): Symfony\\Component\\Console\\Application->doRunCommand()
#8 /home/abdmalik/Documents/Belajar/Laravel/Nomads/nomads-laravel/vendor/symfony/console/Application.php(171): Symfony\\Component\\Console\\Application->doRun()
#9 /home/abdmalik/Documents/Belajar/Laravel/Nomads/nomads-laravel/vendor/laravel/framework/src/Illuminate/Console/Application.php(102): Symfony\\Component\\Console\\Application->run()
#10 /home/abdmalik/Documents/Belajar/Laravel/Nomads/nomads-laravel/vendor/laravel/framework/src/Illuminate/Foundation/Console/Kernel.php(129): Illuminate\\Console\\Application->run()
#11 /home/abdmalik/Documents/Belajar/Laravel/Nomads/nomads-laravel/artisan(37): Illuminate\\Foundation\\Console\\Kernel->handle()
#12 {main}
"} 
[2022-07-28 13:52:33] local.ERROR: The "--columns" option does not exist. {"exception":"[object] (Symfony\\Component\\Console\\Exception\\RuntimeException(code: 0): The \"--columns\" option does not exist. at /home/abdmalik/Documents/Belajar/Laravel/Nomads/nomads-laravel/vendor/symfony/console/Input/ArgvInput.php:220)
[stacktrace]
#0 /home/abdmalik/Documents/Belajar/Laravel/Nomads/nomads-laravel/vendor/symfony/console/Input/ArgvInput.php(147): Symfony\\Component\\Console\\Input\\ArgvInput->addLongOption()
#1 /home/abdmalik/Documents/Belajar/Laravel/Nomads/nomads-laravel/vendor/symfony/console/Input/ArgvInput.php(82): Symfony\\Component\\Console\\Input\\ArgvInput->parseLongOption()
#2 /home/abdmalik/Documents/Belajar/Laravel/Nomads/nomads-laravel/vendor/symfony/console/Input/ArgvInput.php(71): Symfony\\Component\\Console\\Input\\ArgvInput->parseToken()
#3 /home/abdmalik/Documents/Belajar/Laravel/Nomads/nomads-laravel/vendor/symfony/console/Input/Input.php(55): Symfony\\Component\\Console\\Input\\ArgvInput->parse()
#4 /home/abdmalik/Documents/Belajar/Laravel/Nomads/nomads-laravel/vendor/symfony/console/Command/Command.php(250): Symfony\\Component\\Console\\Input\\Input->bind()
#5 /home/abdmalik/Documents/Belajar/Laravel/Nomads/nomads-laravel/vendor/laravel/framework/src/Illuminate/Console/Command.php(156): Symfony\\Component\\Console\\Command\\Command->run()
#6 /home/abdmalik/Documents/Belajar/Laravel/Nomads/nomads-laravel/vendor/symfony/console/Application.php(989): Illuminate\\Console\\Command->run()
#7 /home/abdmalik/Documents/Belajar/Laravel/Nomads/nomads-laravel/vendor/symfony/console/Application.php(299): Symfony\\Component\\Console\\Application->doRunCommand()
#8 /home/abdmalik/Documents/Belajar/Laravel/Nomads/nomads-laravel/vendor/symfony/console/Application.php(171): Symfony\\Component\\Console\\Application->doRun()
#9 /home/abdmalik/Documents/Belajar/Laravel/Nomads/nomads-laravel/vendor/laravel/framework/src/Illuminate/Console/Application.php(102): Symfony\\Component\\Console\\Application->run()
#10 /home/abdmalik/Documents/Belajar/Laravel/Nomads/nomads-laravel/vendor/laravel/framework/src/Illuminate/Foundation/Console/Kernel.php(129): Illuminate\\Console\\Application->run()
#11 /home/abdmalik/Documents/Belajar/Laravel/Nomads/nomads-laravel/artisan(37): Illuminate\\Foundation\\Console\\Kernel->handle()
#12 {main}
"} 
[2022-07-28 13:53:59] local.ERROR: SQLSTATE[HY000] [1049] Unknown database 'nomads-laravel' (SQL: select * from `travel_packages` where `travel_packages`.`deleted_at` is null) {"exception":"[object] (Illuminate\\Database\\QueryException(code: 1049): SQLSTATE[HY000] [1049] Unknown database 'nomads-laravel' (SQL: select * from `travel_packages` where `travel_packages`.`deleted_at` is null) at /home/abdmalik/Documents/Belajar/Laravel/Nomads/nomads-laravel/vendor/laravel/framework/src/Illuminate/Database/Connection.php:716)
[stacktrace]
#0 /home/abdmalik/Documents/Belajar/Laravel/Nomads/nomads-laravel/vendor/laravel/framework/src/Illuminate/Database/Connection.php(676): Illuminate\\Database\\Connection->runQueryCallback()
#1 /home/abdmalik/Documents/Belajar/Laravel/Nomads/nomads-laravel/vendor/laravel/framework/src/Illuminate/Database/Connection.php(376): Illuminate\\Database\\Connection->run()
#2 /home/abdmalik/Documents/Belajar/Laravel/Nomads/nomads-laravel/vendor/laravel/framework/src/Illuminate/Database/Query/Builder.php(2607): Illuminate\\Database\\Connection->select()
#3 /home/abdmalik/Documents/Belajar/Laravel/Nomads/nomads-laravel/vendor/laravel/framework/src/Illuminate/Database/Query/Builder.php(2595): Illuminate\\Database\\Query\\Builder->runSelect()
#4 /home/abdmalik/Documents/Belajar/Laravel/Nomads/nomads-laravel/vendor/laravel/framework/src/Illuminate/Database/Query/Builder.php(3129): Illuminate\\Database\\Query\\Builder->Illuminate\\Database\\Query\\{closure}()
#5 /home/abdmalik/Documents/Belajar/Laravel/Nomads/nomads-laravel/vendor/laravel/framework/src/Illuminate/Database/Query/Builder.php(2596): Illuminate\\Database\\Query\\Builder->onceWithColumns()
#6 /home/abdmalik/Documents/Belajar/Laravel/Nomads/nomads-laravel/vendor/laravel/framework/src/Illuminate/Database/Eloquent/Builder.php(675): Illuminate\\Database\\Query\\Builder->get()
#7 /home/abdmalik/Documents/Belajar/Laravel/Nomads/nomads-laravel/vendor/laravel/framework/src/Illuminate/Database/Eloquent/Builder.php(659): Illuminate\\Database\\Eloquent\\Builder->getModels()
#8 /home/abdmalik/Documents/Belajar/Laravel/Nomads/nomads-laravel/app/Http/Controllers/HomeController.php(17): Illuminate\\Database\\Eloquent\\Builder->get()
#9 /home/abdmalik/Documents/Belajar/Laravel/Nomads/nomads-laravel/vendor/laravel/framework/src/Illuminate/Routing/Controller.php(54): App\\Http\\Controllers\\HomeController->index()
#10 /home/abdmalik/Documents/Belajar/Laravel/Nomads/nomads-laravel/vendor/laravel/framework/src/Illuminate/Routing/ControllerDispatcher.php(45): Illuminate\\Routing\\Controller->callAction()
#11 /home/abdmalik/Documents/Belajar/Laravel/Nomads/nomads-laravel/vendor/laravel/framework/src/Illuminate/Routing/Route.php(261): Illuminate\\Routing\\ControllerDispatcher->dispatch()
#12 /home/abdmalik/Documents/Belajar/Laravel/Nomads/nomads-laravel/vendor/laravel/framework/src/Illuminate/Routing/Route.php(204): Illuminate\\Routing\\Route->runController()
#13 /home/abdmalik/Documents/Belajar/Laravel/Nomads/nomads-laravel/vendor/laravel/framework/src/Illuminate/Routing/Router.php(728): Illuminate\\Routing\\Route->run()
#14 /home/abdmalik/Documents/Belajar/Laravel/Nomads/nomads-laravel/vendor/laravel/framework/src/Illuminate/Pipeline/Pipeline.php(141): Illuminate\\Routing\\Router->Illuminate\\Routing\\{closure}()
#15 /home/abdmalik/Documents/Belajar/Laravel/Nomads/nomads-laravel/vendor/laravel/framework/src/Illuminate/Routing/Middleware/SubstituteBindings.php(50): Illuminate\\Pipeline\\Pipeline->Illuminate\\Pipeline\\{closure}()
#16 /home/abdmalik/Documents/Belajar/Laravel/Nomads/nomads-laravel/vendor/laravel/framework/src/Illuminate/Pipeline/Pipeline.php(180): Illuminate\\Routing\\Middleware\\SubstituteBindings->handle()
#17 /home/abdmalik/Documents/Belajar/Laravel/Nomads/nomads-laravel/vendor/laravel/framework/src/Illuminate/Foundation/Http/Middleware/VerifyCsrfToken.php(78): Illuminate\\Pipeline\\Pipeline->Illuminate\\Pipeline\\{closure}()
#18 /home/abdmalik/Documents/Belajar/Laravel/Nomads/nomads-laravel/vendor/laravel/framework/src/Illuminate/Pipeline/Pipeline.php(180): Illuminate\\Foundation\\Http\\Middleware\\VerifyCsrfToken->handle()
#19 /home/abdmalik/Documents/Belajar/Laravel/Nomads/nomads-laravel/vendor/laravel/framework/src/Illuminate/View/Middleware/ShareErrorsFromSession.php(49): Illuminate\\Pipeline\\Pipeline->Illuminate\\Pipeline\\{closure}()
#20 /home/abdmalik/Documents/Belajar/Laravel/Nomads/nomads-laravel/vendor/laravel/framework/src/Illuminate/Pipeline/Pipeline.php(180): Illuminate\\View\\Middleware\\ShareErrorsFromSession->handle()
#21 /home/abdmalik/Documents/Belajar/Laravel/Nomads/nomads-laravel/vendor/laravel/framework/src/Illuminate/Session/Middleware/StartSession.php(121): Illuminate\\Pipeline\\Pipeline->Illuminate\\Pipeline\\{closure}()
#22 /home/abdmalik/Documents/Belajar/Laravel/Nomads/nomads-laravel/vendor/laravel/framework/src/Illuminate/Session/Middleware/StartSession.php(64): Illuminate\\Session\\Middleware\\StartSession->handleStatefulRequest()
#23 /home/abdmalik/Documents/Belajar/Laravel/Nomads/nomads-laravel/vendor/laravel/framework/src/Illuminate/Pipeline/Pipeline.php(180): Illuminate\\Session\\Middleware\\StartSession->handle()
#24 /home/abdmalik/Documents/Belajar/Laravel/Nomads/nomads-laravel/vendor/laravel/framework/src/Illuminate/Cookie/Middleware/AddQueuedCookiesToResponse.php(37): Illuminate\\Pipeline\\Pipeline->Illuminate\\Pipeline\\{closure}()
#25 /home/abdmalik/Documents/Belajar/Laravel/Nomads/nomads-laravel/vendor/laravel/framework/src/Illuminate/Pipeline/Pipeline.php(180): Illuminate\\Cookie\\Middleware\\AddQueuedCookiesToResponse->handle()
#26 /home/abdmalik/Documents/Belajar/Laravel/Nomads/nomads-laravel/vendor/laravel/framework/src/Illuminate/Cookie/Middleware/EncryptCookies.php(67): Illuminate\\Pipeline\\Pipeline->Illuminate\\Pipeline\\{closure}()
#27 /home/abdmalik/Documents/Belajar/Laravel/Nomads/nomads-laravel/vendor/laravel/framework/src/Illuminate/Pipeline/Pipeline.php(180): Illuminate\\Cookie\\Middleware\\EncryptCookies->handle()
#28 /home/abdmalik/Documents/Belajar/Laravel/Nomads/nomads-laravel/vendor/laravel/framework/src/Illuminate/Pipeline/Pipeline.php(116): Illuminate\\Pipeline\\Pipeline->Illuminate\\Pipeline\\{closure}()
#29 /home/abdmalik/Documents/Belajar/Laravel/Nomads/nomads-laravel/vendor/laravel/framework/src/Illuminate/Routing/Router.php(730): Illuminate\\Pipeline\\Pipeline->then()
#30 /home/abdmalik/Documents/Belajar/Laravel/Nomads/nomads-laravel/vendor/laravel/framework/src/Illuminate/Routing/Router.php(705): Illuminate\\Routing\\Router->runRouteWithinStack()
#31 /home/abdmalik/Documents/Belajar/Laravel/Nomads/nomads-laravel/vendor/laravel/framework/src/Illuminate/Routing/Router.php(667): Illuminate\\Routing\\Router->runRoute()
#32 /home/abdmalik/Documents/Belajar/Laravel/Nomads/nomads-laravel/vendor/laravel/framework/src/Illuminate/Routing/Router.php(656): Illuminate\\Routing\\Router->dispatchToRoute()
#33 /home/abdmalik/Documents/Belajar/Laravel/Nomads/nomads-laravel/vendor/laravel/framework/src/Illuminate/Foundation/Http/Kernel.php(167): Illuminate\\Routing\\Router->dispatch()
#34 /home/abdmalik/Documents/Belajar/Laravel/Nomads/nomads-laravel/vendor/laravel/framework/src/Illuminate/Pipeline/Pipeline.php(141): Illuminate\\Foundation\\Http\\Kernel->Illuminate\\Foundation\\Http\\{closure}()
#35 /home/abdmalik/Documents/Belajar/Laravel/Nomads/nomads-laravel/vendor/laravel/framework/src/Illuminate/Foundation/Http/Middleware/TransformsRequest.php(21): Illuminate\\Pipeline\\Pipeline->Illuminate\\Pipeline\\{closure}()
#36 /home/abdmalik/Documents/Belajar/Laravel/Nomads/nomads-laravel/vendor/laravel/framework/src/Illuminate/Foundation/Http/Middleware/ConvertEmptyStringsToNull.php(31): Illuminate\\Foundation\\Http\\Middleware\\TransformsRequest->handle()
#37 /home/abdmalik/Documents/Belajar/Laravel/Nomads/nomads-laravel/vendor/laravel/framework/src/Illuminate/Pipeline/Pipeline.php(180): Illuminate\\Foundation\\Http\\Middleware\\ConvertEmptyStringsToNull->handle()
#38 /home/abdmalik/Documents/Belajar/Laravel/Nomads/nomads-laravel/vendor/laravel/framework/src/Illuminate/Foundation/Http/Middleware/TransformsRequest.php(21): Illuminate\\Pipeline\\Pipeline->Illuminate\\Pipeline\\{closure}()
#39 /home/abdmalik/Documents/Belajar/Laravel/Nomads/nomads-laravel/vendor/laravel/framework/src/Illuminate/Foundation/Http/Middleware/TrimStrings.php(40): Illuminate\\Foundation\\Http\\Middleware\\TransformsRequest->handle()
#40 /home/abdmalik/Documents/Belajar/Laravel/Nomads/nomads-laravel/vendor/laravel/framework/src/Illuminate/Pipeline/Pipeline.php(180): Illuminate\\Foundation\\Http\\Middleware\\TrimStrings->handle()
#41 /home/abdmalik/Documents/Belajar/Laravel/Nomads/nomads-laravel/vendor/laravel/framework/src/Illuminate/Foundation/Http/Middleware/ValidatePostSize.php(27): Illuminate\\Pipeline\\Pipeline->Illuminate\\Pipeline\\{closure}()
#42 /home/abdmalik/Documents/Belajar/Laravel/Nomads/nomads-laravel/vendor/laravel/framework/src/Illuminate/Pipeline/Pipeline.php(180): Illuminate\\Foundation\\Http\\Middleware\\ValidatePostSize->handle()
#43 /home/abdmalik/Documents/Belajar/Laravel/Nomads/nomads-laravel/vendor/laravel/framework/src/Illuminate/Foundation/Http/Middleware/PreventRequestsDuringMaintenance.php(86): Illuminate\\Pipeline\\Pipeline->Illuminate\\Pipeline\\{closure}()
#44 /home/abdmalik/Documents/Belajar/Laravel/Nomads/nomads-laravel/vendor/laravel/framework/src/Illuminate/Pipeline/Pipeline.php(180): Illuminate\\Foundation\\Http\\Middleware\\PreventRequestsDuringMaintenance->handle()
#45 /home/abdmalik/Documents/Belajar/Laravel/Nomads/nomads-laravel/vendor/laravel/framework/src/Illuminate/Http/Middleware/TrustProxies.php(39): Illuminate\\Pipeline\\Pipeline->Illuminate\\Pipeline\\{closure}()
#46 /home/abdmalik/Documents/Belajar/Laravel/Nomads/nomads-laravel/vendor/laravel/framework/src/Illuminate/Pipeline/Pipeline.php(180): Illuminate\\Http\\Middleware\\TrustProxies->handle()
#47 /home/abdmalik/Documents/Belajar/Laravel/Nomads/nomads-laravel/vendor/laravel/framework/src/Illuminate/Pipeline/Pipeline.php(116): Illuminate\\Pipeline\\Pipeline->Illuminate\\Pipeline\\{closure}()
#48 /home/abdmalik/Documents/Belajar/Laravel/Nomads/nomads-laravel/vendor/laravel/framework/src/Illuminate/Foundation/Http/Kernel.php(142): Illuminate\\Pipeline\\Pipeline->then()
#49 /home/abdmalik/Documents/Belajar/Laravel/Nomads/nomads-laravel/vendor/laravel/framework/src/Illuminate/Foundation/Http/Kernel.php(111): Illuminate\\Foundation\\Http\\Kernel->sendRequestThroughRouter()
#50 /home/abdmalik/Documents/Belajar/Laravel/Nomads/nomads-laravel/public/index.php(55): Illuminate\\Foundation\\Http\\Kernel->handle()
#51 /home/abdmalik/Documents/Belajar/Laravel/Nomads/nomads-laravel/vendor/laravel/framework/src/Illuminate/Foundation/resources/server.php(16): require_once('...')
#52 {main}

[previous exception] [object] (PDOException(code: 1049): SQLSTATE[HY000] [1049] Unknown database 'nomads-laravel' at /home/abdmalik/Documents/Belajar/Laravel/Nomads/nomads-laravel/vendor/laravel/framework/src/Illuminate/Database/Connectors/Connector.php:70)
[stacktrace]
#0 /home/abdmalik/Documents/Belajar/Laravel/Nomads/nomads-laravel/vendor/laravel/framework/src/Illuminate/Database/Connectors/Connector.php(70): PDO->__construct()
#1 /home/abdmalik/Documents/Belajar/Laravel/Nomads/nomads-laravel/vendor/laravel/framework/src/Illuminate/Database/Connectors/Connector.php(46): Illuminate\\Database\\Connectors\\Connector->createPdoConnection()
#2 /home/abdmalik/Documents/Belajar/Laravel/Nomads/nomads-laravel/vendor/laravel/framework/src/Illuminate/Database/Connectors/MySqlConnector.php(24): Illuminate\\Database\\Connectors\\Connector->createConnection()
#3 /home/abdmalik/Documents/Belajar/Laravel/Nomads/nomads-laravel/vendor/laravel/framework/src/Illuminate/Database/Connectors/ConnectionFactory.php(184): Illuminate\\Database\\Connectors\\MySqlConnector->connect()
#4 [internal function]: Illuminate\\Database\\Connectors\\ConnectionFactory->Illuminate\\Database\\Connectors\\{closure}()
#5 /home/abdmalik/Documents/Belajar/Laravel/Nomads/nomads-laravel/vendor/laravel/framework/src/Illuminate/Database/Connection.php(1058): call_user_func()
#6 /home/abdmalik/Documents/Belajar/Laravel/Nomads/nomads-laravel/vendor/laravel/framework/src/Illuminate/Database/Connection.php(1094): Illuminate\\Database\\Connection->getPdo()
#7 /home/abdmalik/Documents/Belajar/Laravel/Nomads/nomads-laravel/vendor/laravel/framework/src/Illuminate/Database/Connection.php(442): Illuminate\\Database\\Connection->getReadPdo()
#8 /home/abdmalik/Documents/Belajar/Laravel/Nomads/nomads-laravel/vendor/laravel/framework/src/Illuminate/Database/Connection.php(368): Illuminate\\Database\\Connection->getPdoForSelect()
#9 /home/abdmalik/Documents/Belajar/Laravel/Nomads/nomads-laravel/vendor/laravel/framework/src/Illuminate/Database/Connection.php(709): Illuminate\\Database\\Connection->Illuminate\\Database\\{closure}()
#10 /home/abdmalik/Documents/Belajar/Laravel/Nomads/nomads-laravel/vendor/laravel/framework/src/Illuminate/Database/Connection.php(676): Illuminate\\Database\\Connection->runQueryCallback()
#11 /home/abdmalik/Documents/Belajar/Laravel/Nomads/nomads-laravel/vendor/laravel/framework/src/Illuminate/Database/Connection.php(376): Illuminate\\Database\\Connection->run()
#12 /home/abdmalik/Documents/Belajar/Laravel/Nomads/nomads-laravel/vendor/laravel/framework/src/Illuminate/Database/Query/Builder.php(2607): Illuminate\\Database\\Connection->select()
#13 /home/abdmalik/Documents/Belajar/Laravel/Nomads/nomads-laravel/vendor/laravel/framework/src/Illuminate/Database/Query/Builder.php(2595): Illuminate\\Database\\Query\\Builder->runSelect()
#14 /home/abdmalik/Documents/Belajar/Laravel/Nomads/nomads-laravel/vendor/laravel/framework/src/Illuminate/Database/Query/Builder.php(3129): Illuminate\\Database\\Query\\Builder->Illuminate\\Database\\Query\\{closure}()
#15 /home/abdmalik/Documents/Belajar/Laravel/Nomads/nomads-laravel/vendor/laravel/framework/src/Illuminate/Database/Query/Builder.php(2596): Illuminate\\Database\\Query\\Builder->onceWithColumns()
#16 /home/abdmalik/Documents/Belajar/Laravel/Nomads/nomads-laravel/vendor/laravel/framework/src/Illuminate/Database/Eloquent/Builder.php(675): Illuminate\\Database\\Query\\Builder->get()
#17 /home/abdmalik/Documents/Belajar/Laravel/Nomads/nomads-laravel/vendor/laravel/framework/src/Illuminate/Database/Eloquent/Builder.php(659): Illuminate\\Database\\Eloquent\\Builder->getModels()
#18 /home/abdmalik/Documents/Belajar/Laravel/Nomads/nomads-laravel/app/Http/Controllers/HomeController.php(17): Illuminate\\Database\\Eloquent\\Builder->get()
#19 /home/abdmalik/Documents/Belajar/Laravel/Nomads/nomads-laravel/vendor/laravel/framework/src/Illuminate/Routing/Controller.php(54): App\\Http\\Controllers\\HomeController->index()
#20 /home/abdmalik/Documents/Belajar/Laravel/Nomads/nomads-laravel/vendor/laravel/framework/src/Illuminate/Routing/ControllerDispatcher.php(45): Illuminate\\Routing\\Controller->callAction()
#21 /home/abdmalik/Documents/Belajar/Laravel/Nomads/nomads-laravel/vendor/laravel/framework/src/Illuminate/Routing/Route.php(261): Illuminate\\Routing\\ControllerDispatcher->dispatch()
#22 /home/abdmalik/Documents/Belajar/Laravel/Nomads/nomads-laravel/vendor/laravel/framework/src/Illuminate/Routing/Route.php(204): Illuminate\\Routing\\Route->runController()
#23 /home/abdmalik/Documents/Belajar/Laravel/Nomads/nomads-laravel/vendor/laravel/framework/src/Illuminate/Routing/Router.php(728): Illuminate\\Routing\\Route->run()
#24 /home/abdmalik/Documents/Belajar/Laravel/Nomads/nomads-laravel/vendor/laravel/framework/src/Illuminate/Pipeline/Pipeline.php(141): Illuminate\\Routing\\Router->Illuminate\\Routing\\{closure}()
#25 /home/abdmalik/Documents/Belajar/Laravel/Nomads/nomads-laravel/vendor/laravel/framework/src/Illuminate/Routing/Middleware/SubstituteBindings.php(50): Illuminate\\Pipeline\\Pipeline->Illuminate\\Pipeline\\{closure}()
#26 /home/abdmalik/Documents/Belajar/Laravel/Nomads/nomads-laravel/vendor/laravel/framework/src/Illuminate/Pipeline/Pipeline.php(180): Illuminate\\Routing\\Middleware\\SubstituteBindings->handle()
#27 /home/abdmalik/Documents/Belajar/Laravel/Nomads/nomads-laravel/vendor/laravel/framework/src/Illuminate/Foundation/Http/Middleware/VerifyCsrfToken.php(78): Illuminate\\Pipeline\\Pipeline->Illuminate\\Pipeline\\{closure}()
#28 /home/abdmalik/Documents/Belajar/Laravel/Nomads/nomads-laravel/vendor/laravel/framework/src/Illuminate/Pipeline/Pipeline.php(180): Illuminate\\Foundation\\Http\\Middleware\\VerifyCsrfToken->handle()
#29 /home/abdmalik/Documents/Belajar/Laravel/Nomads/nomads-laravel/vendor/laravel/framework/src/Illuminate/View/Middleware/ShareErrorsFromSession.php(49): Illuminate\\Pipeline\\Pipeline->Illuminate\\Pipeline\\{closure}()
#30 /home/abdmalik/Documents/Belajar/Laravel/Nomads/nomads-laravel/vendor/laravel/framework/src/Illuminate/Pipeline/Pipeline.php(180): Illuminate\\View\\Middleware\\ShareErrorsFromSession->handle()
#31 /home/abdmalik/Documents/Belajar/Laravel/Nomads/nomads-laravel/vendor/laravel/framework/src/Illuminate/Session/Middleware/StartSession.php(121): Illuminate\\Pipeline\\Pipeline->Illuminate\\Pipeline\\{closure}()
#32 /home/abdmalik/Documents/Belajar/Laravel/Nomads/nomads-laravel/vendor/laravel/framework/src/Illuminate/Session/Middleware/StartSession.php(64): Illuminate\\Session\\Middleware\\StartSession->handleStatefulRequest()
#33 /home/abdmalik/Documents/Belajar/Laravel/Nomads/nomads-laravel/vendor/laravel/framework/src/Illuminate/Pipeline/Pipeline.php(180): Illuminate\\Session\\Middleware\\StartSession->handle()
#34 /home/abdmalik/Documents/Belajar/Laravel/Nomads/nomads-laravel/vendor/laravel/framework/src/Illuminate/Cookie/Middleware/AddQueuedCookiesToResponse.php(37): Illuminate\\Pipeline\\Pipeline->Illuminate\\Pipeline\\{closure}()
#35 /home/abdmalik/Documents/Belajar/Laravel/Nomads/nomads-laravel/vendor/laravel/framework/src/Illuminate/Pipeline/Pipeline.php(180): Illuminate\\Cookie\\Middleware\\AddQueuedCookiesToResponse->handle()
#36 /home/abdmalik/Documents/Belajar/Laravel/Nomads/nomads-laravel/vendor/laravel/framework/src/Illuminate/Cookie/Middleware/EncryptCookies.php(67): Illuminate\\Pipeline\\Pipeline->Illuminate\\Pipeline\\{closure}()
#37 /home/abdmalik/Documents/Belajar/Laravel/Nomads/nomads-laravel/vendor/laravel/framework/src/Illuminate/Pipeline/Pipeline.php(180): Illuminate\\Cookie\\Middleware\\EncryptCookies->handle()
#38 /home/abdmalik/Documents/Belajar/Laravel/Nomads/nomads-laravel/vendor/laravel/framework/src/Illuminate/Pipeline/Pipeline.php(116): Illuminate\\Pipeline\\Pipeline->Illuminate\\Pipeline\\{closure}()
#39 /home/abdmalik/Documents/Belajar/Laravel/Nomads/nomads-laravel/vendor/laravel/framework/src/Illuminate/Routing/Router.php(730): Illuminate\\Pipeline\\Pipeline->then()
#40 /home/abdmalik/Documents/Belajar/Laravel/Nomads/nomads-laravel/vendor/laravel/framework/src/Illuminate/Routing/Router.php(705): Illuminate\\Routing\\Router->runRouteWithinStack()
#41 /home/abdmalik/Documents/Belajar/Laravel/Nomads/nomads-laravel/vendor/laravel/framework/src/Illuminate/Routing/Router.php(667): Illuminate\\Routing\\Router->runRoute()
#42 /home/abdmalik/Documents/Belajar/Laravel/Nomads/nomads-laravel/vendor/laravel/framework/src/Illuminate/Routing/Router.php(656): Illuminate\\Routing\\Router->dispatchToRoute()
#43 /home/abdmalik/Documents/Belajar/Laravel/Nomads/nomads-laravel/vendor/laravel/framework/src/Illuminate/Foundation/Http/Kernel.php(167): Illuminate\\Routing\\Router->dispatch()
#44 /home/abdmalik/Documents/Belajar/Laravel/Nomads/nomads-laravel/vendor/laravel/framework/src/Illuminate/Pipeline/Pipeline.php(141): Illuminate\\Foundation\\Http\\Kernel->Illuminate\\Foundation\\Http\\{closure}()
#45 /home/abdmalik/Documents/Belajar/Laravel/Nomads/nomads-laravel/vendor/laravel/framework/src/Illuminate/Foundation/Http/Middleware/TransformsRequest.php(21): Illuminate\\Pipeline\\Pipeline->Illuminate\\Pipeline\\{closure}()
#46 /home/abdmalik/Documents/Belajar/Laravel/Nomads/nomads-laravel/vendor/laravel/framework/src/Illuminate/Foundation/Http/Middleware/ConvertEmptyStringsToNull.php(31): Illuminate\\Foundation\\Http\\Middleware\\TransformsRequest->handle()
#47 /home/abdmalik/Documents/Belajar/Laravel/Nomads/nomads-laravel/vendor/laravel/framework/src/Illuminate/Pipeline/Pipeline.php(180): Illuminate\\Foundation\\Http\\Middleware\\ConvertEmptyStringsToNull->handle()
#48 /home/abdmalik/Documents/Belajar/Laravel/Nomads/nomads-laravel/vendor/laravel/framework/src/Illuminate/Foundation/Http/Middleware/TransformsRequest.php(21): Illuminate\\Pipeline\\Pipeline->Illuminate\\Pipeline\\{closure}()
#49 /home/abdmalik/Documents/Belajar/Laravel/Nomads/nomads-laravel/vendor/laravel/framework/src/Illuminate/Foundation/Http/Middleware/TrimStrings.php(40): Illuminate\\Foundation\\Http\\Middleware\\TransformsRequest->handle()
#50 /home/abdmalik/Documents/Belajar/Laravel/Nomads/nomads-laravel/vendor/laravel/framework/src/Illuminate/Pipeline/Pipeline.php(180): Illuminate\\Foundation\\Http\\Middleware\\TrimStrings->handle()
#51 /home/abdmalik/Documents/Belajar/Laravel/Nomads/nomads-laravel/vendor/laravel/framework/src/Illuminate/Foundation/Http/Middleware/ValidatePostSize.php(27): Illuminate\\Pipeline\\Pipeline->Illuminate\\Pipeline\\{closure}()
#52 /home/abdmalik/Documents/Belajar/Laravel/Nomads/nomads-laravel/vendor/laravel/framework/src/Illuminate/Pipeline/Pipeline.php(180): Illuminate\\Foundation\\Http\\Middleware\\ValidatePostSize->handle()
#53 /home/abdmalik/Documents/Belajar/Laravel/Nomads/nomads-laravel/vendor/laravel/framework/src/Illuminate/Foundation/Http/Middleware/PreventRequestsDuringMaintenance.php(86): Illuminate\\Pipeline\\Pipeline->Illuminate\\Pipeline\\{closure}()
#54 /home/abdmalik/Documents/Belajar/Laravel/Nomads/nomads-laravel/vendor/laravel/framework/src/Illuminate/Pipeline/Pipeline.php(180): Illuminate\\Foundation\\Http\\Middleware\\PreventRequestsDuringMaintenance->handle()
#55 /home/abdmalik/Documents/Belajar/Laravel/Nomads/nomads-laravel/vendor/laravel/framework/src/Illuminate/Http/Middleware/TrustProxies.php(39): Illuminate\\Pipeline\\Pipeline->Illuminate\\Pipeline\\{closure}()
#56 /home/abdmalik/Documents/Belajar/Laravel/Nomads/nomads-laravel/vendor/laravel/framework/src/Illuminate/Pipeline/Pipeline.php(180): Illuminate\\Http\\Middleware\\TrustProxies->handle()
#57 /home/abdmalik/Documents/Belajar/Laravel/Nomads/nomads-laravel/vendor/laravel/framework/src/Illuminate/Pipeline/Pipeline.php(116): Illuminate\\Pipeline\\Pipeline->Illuminate\\Pipeline\\{closure}()
#58 /home/abdmalik/Documents/Belajar/Laravel/Nomads/nomads-laravel/vendor/laravel/framework/src/Illuminate/Foundation/Http/Kernel.php(142): Illuminate\\Pipeline\\Pipeline->then()
#59 /home/abdmalik/Documents/Belajar/Laravel/Nomads/nomads-laravel/vendor/laravel/framework/src/Illuminate/Foundation/Http/Kernel.php(111): Illuminate\\Foundation\\Http\\Kernel->sendRequestThroughRouter()
#60 /home/abdmalik/Documents/Belajar/Laravel/Nomads/nomads-laravel/public/index.php(55): Illuminate\\Foundation\\Http\\Kernel->handle()
#61 /home/abdmalik/Documents/Belajar/Laravel/Nomads/nomads-laravel/vendor/laravel/framework/src/Illuminate/Foundation/resources/server.php(16): require_once('...')
#62 {main}
"} 
[2022-07-28 13:54:22] local.ERROR: SQLSTATE[42S02]: Base table or view not found: 1146 Table 'nomads-laravel.travel_packages' doesn't exist (SQL: select * from `travel_packages` where `travel_packages`.`deleted_at` is null) {"exception":"[object] (Illuminate\\Database\\QueryException(code: 42S02): SQLSTATE[42S02]: Base table or view not found: 1146 Table 'nomads-laravel.travel_packages' doesn't exist (SQL: select * from `travel_packages` where `travel_packages`.`deleted_at` is null) at /home/abdmalik/Documents/Belajar/Laravel/Nomads/nomads-laravel/vendor/laravel/framework/src/Illuminate/Database/Connection.php:716)
[stacktrace]
#0 /home/abdmalik/Documents/Belajar/Laravel/Nomads/nomads-laravel/vendor/laravel/framework/src/Illuminate/Database/Connection.php(676): Illuminate\\Database\\Connection->runQueryCallback()
#1 /home/abdmalik/Documents/Belajar/Laravel/Nomads/nomads-laravel/vendor/laravel/framework/src/Illuminate/Database/Connection.php(376): Illuminate\\Database\\Connection->run()
#2 /home/abdmalik/Documents/Belajar/Laravel/Nomads/nomads-laravel/vendor/laravel/framework/src/Illuminate/Database/Query/Builder.php(2607): Illuminate\\Database\\Connection->select()
#3 /home/abdmalik/Documents/Belajar/Laravel/Nomads/nomads-laravel/vendor/laravel/framework/src/Illuminate/Database/Query/Builder.php(2595): Illuminate\\Database\\Query\\Builder->runSelect()
#4 /home/abdmalik/Documents/Belajar/Laravel/Nomads/nomads-laravel/vendor/laravel/framework/src/Illuminate/Database/Query/Builder.php(3129): Illuminate\\Database\\Query\\Builder->Illuminate\\Database\\Query\\{closure}()
#5 /home/abdmalik/Documents/Belajar/Laravel/Nomads/nomads-laravel/vendor/laravel/framework/src/Illuminate/Database/Query/Builder.php(2596): Illuminate\\Database\\Query\\Builder->onceWithColumns()
#6 /home/abdmalik/Documents/Belajar/Laravel/Nomads/nomads-laravel/vendor/laravel/framework/src/Illuminate/Database/Eloquent/Builder.php(675): Illuminate\\Database\\Query\\Builder->get()
#7 /home/abdmalik/Documents/Belajar/Laravel/Nomads/nomads-laravel/vendor/laravel/framework/src/Illuminate/Database/Eloquent/Builder.php(659): Illuminate\\Database\\Eloquent\\Builder->getModels()
#8 /home/abdmalik/Documents/Belajar/Laravel/Nomads/nomads-laravel/app/Http/Controllers/HomeController.php(17): Illuminate\\Database\\Eloquent\\Builder->get()
#9 /home/abdmalik/Documents/Belajar/Laravel/Nomads/nomads-laravel/vendor/laravel/framework/src/Illuminate/Routing/Controller.php(54): App\\Http\\Controllers\\HomeController->index()
#10 /home/abdmalik/Documents/Belajar/Laravel/Nomads/nomads-laravel/vendor/laravel/framework/src/Illuminate/Routing/ControllerDispatcher.php(45): Illuminate\\Routing\\Controller->callAction()
#11 /home/abdmalik/Documents/Belajar/Laravel/Nomads/nomads-laravel/vendor/laravel/framework/src/Illuminate/Routing/Route.php(261): Illuminate\\Routing\\ControllerDispatcher->dispatch()
#12 /home/abdmalik/Documents/Belajar/Laravel/Nomads/nomads-laravel/vendor/laravel/framework/src/Illuminate/Routing/Route.php(204): Illuminate\\Routing\\Route->runController()
#13 /home/abdmalik/Documents/Belajar/Laravel/Nomads/nomads-laravel/vendor/laravel/framework/src/Illuminate/Routing/Router.php(728): Illuminate\\Routing\\Route->run()
#14 /home/abdmalik/Documents/Belajar/Laravel/Nomads/nomads-laravel/vendor/laravel/framework/src/Illuminate/Pipeline/Pipeline.php(141): Illuminate\\Routing\\Router->Illuminate\\Routing\\{closure}()
#15 /home/abdmalik/Documents/Belajar/Laravel/Nomads/nomads-laravel/vendor/laravel/framework/src/Illuminate/Routing/Middleware/SubstituteBindings.php(50): Illuminate\\Pipeline\\Pipeline->Illuminate\\Pipeline\\{closure}()
#16 /home/abdmalik/Documents/Belajar/Laravel/Nomads/nomads-laravel/vendor/laravel/framework/src/Illuminate/Pipeline/Pipeline.php(180): Illuminate\\Routing\\Middleware\\SubstituteBindings->handle()
#17 /home/abdmalik/Documents/Belajar/Laravel/Nomads/nomads-laravel/vendor/laravel/framework/src/Illuminate/Foundation/Http/Middleware/VerifyCsrfToken.php(78): Illuminate\\Pipeline\\Pipeline->Illuminate\\Pipeline\\{closure}()
#18 /home/abdmalik/Documents/Belajar/Laravel/Nomads/nomads-laravel/vendor/laravel/framework/src/Illuminate/Pipeline/Pipeline.php(180): Illuminate\\Foundation\\Http\\Middleware\\VerifyCsrfToken->handle()
#19 /home/abdmalik/Documents/Belajar/Laravel/Nomads/nomads-laravel/vendor/laravel/framework/src/Illuminate/View/Middleware/ShareErrorsFromSession.php(49): Illuminate\\Pipeline\\Pipeline->Illuminate\\Pipeline\\{closure}()
#20 /home/abdmalik/Documents/Belajar/Laravel/Nomads/nomads-laravel/vendor/laravel/framework/src/Illuminate/Pipeline/Pipeline.php(180): Illuminate\\View\\Middleware\\ShareErrorsFromSession->handle()
#21 /home/abdmalik/Documents/Belajar/Laravel/Nomads/nomads-laravel/vendor/laravel/framework/src/Illuminate/Session/Middleware/StartSession.php(121): Illuminate\\Pipeline\\Pipeline->Illuminate\\Pipeline\\{closure}()
#22 /home/abdmalik/Documents/Belajar/Laravel/Nomads/nomads-laravel/vendor/laravel/framework/src/Illuminate/Session/Middleware/StartSession.php(64): Illuminate\\Session\\Middleware\\StartSession->handleStatefulRequest()
#23 /home/abdmalik/Documents/Belajar/Laravel/Nomads/nomads-laravel/vendor/laravel/framework/src/Illuminate/Pipeline/Pipeline.php(180): Illuminate\\Session\\Middleware\\StartSession->handle()
#24 /home/abdmalik/Documents/Belajar/Laravel/Nomads/nomads-laravel/vendor/laravel/framework/src/Illuminate/Cookie/Middleware/AddQueuedCookiesToResponse.php(37): Illuminate\\Pipeline\\Pipeline->Illuminate\\Pipeline\\{closure}()
#25 /home/abdmalik/Documents/Belajar/Laravel/Nomads/nomads-laravel/vendor/laravel/framework/src/Illuminate/Pipeline/Pipeline.php(180): Illuminate\\Cookie\\Middleware\\AddQueuedCookiesToResponse->handle()
#26 /home/abdmalik/Documents/Belajar/Laravel/Nomads/nomads-laravel/vendor/laravel/framework/src/Illuminate/Cookie/Middleware/EncryptCookies.php(67): Illuminate\\Pipeline\\Pipeline->Illuminate\\Pipeline\\{closure}()
#27 /home/abdmalik/Documents/Belajar/Laravel/Nomads/nomads-laravel/vendor/laravel/framework/src/Illuminate/Pipeline/Pipeline.php(180): Illuminate\\Cookie\\Middleware\\EncryptCookies->handle()
#28 /home/abdmalik/Documents/Belajar/Laravel/Nomads/nomads-laravel/vendor/laravel/framework/src/Illuminate/Pipeline/Pipeline.php(116): Illuminate\\Pipeline\\Pipeline->Illuminate\\Pipeline\\{closure}()
#29 /home/abdmalik/Documents/Belajar/Laravel/Nomads/nomads-laravel/vendor/laravel/framework/src/Illuminate/Routing/Router.php(730): Illuminate\\Pipeline\\Pipeline->then()
#30 /home/abdmalik/Documents/Belajar/Laravel/Nomads/nomads-laravel/vendor/laravel/framework/src/Illuminate/Routing/Router.php(705): Illuminate\\Routing\\Router->runRouteWithinStack()
#31 /home/abdmalik/Documents/Belajar/Laravel/Nomads/nomads-laravel/vendor/laravel/framework/src/Illuminate/Routing/Router.php(667): Illuminate\\Routing\\Router->runRoute()
#32 /home/abdmalik/Documents/Belajar/Laravel/Nomads/nomads-laravel/vendor/laravel/framework/src/Illuminate/Routing/Router.php(656): Illuminate\\Routing\\Router->dispatchToRoute()
#33 /home/abdmalik/Documents/Belajar/Laravel/Nomads/nomads-laravel/vendor/laravel/framework/src/Illuminate/Foundation/Http/Kernel.php(167): Illuminate\\Routing\\Router->dispatch()
#34 /home/abdmalik/Documents/Belajar/Laravel/Nomads/nomads-laravel/vendor/laravel/framework/src/Illuminate/Pipeline/Pipeline.php(141): Illuminate\\Foundation\\Http\\Kernel->Illuminate\\Foundation\\Http\\{closure}()
#35 /home/abdmalik/Documents/Belajar/Laravel/Nomads/nomads-laravel/vendor/laravel/framework/src/Illuminate/Foundation/Http/Middleware/TransformsRequest.php(21): Illuminate\\Pipeline\\Pipeline->Illuminate\\Pipeline\\{closure}()
#36 /home/abdmalik/Documents/Belajar/Laravel/Nomads/nomads-laravel/vendor/laravel/framework/src/Illuminate/Foundation/Http/Middleware/ConvertEmptyStringsToNull.php(31): Illuminate\\Foundation\\Http\\Middleware\\TransformsRequest->handle()
#37 /home/abdmalik/Documents/Belajar/Laravel/Nomads/nomads-laravel/vendor/laravel/framework/src/Illuminate/Pipeline/Pipeline.php(180): Illuminate\\Foundation\\Http\\Middleware\\ConvertEmptyStringsToNull->handle()
#38 /home/abdmalik/Documents/Belajar/Laravel/Nomads/nomads-laravel/vendor/laravel/framework/src/Illuminate/Foundation/Http/Middleware/TransformsRequest.php(21): Illuminate\\Pipeline\\Pipeline->Illuminate\\Pipeline\\{closure}()
#39 /home/abdmalik/Documents/Belajar/Laravel/Nomads/nomads-laravel/vendor/laravel/framework/src/Illuminate/Foundation/Http/Middleware/TrimStrings.php(40): Illuminate\\Foundation\\Http\\Middleware\\TransformsRequest->handle()
#40 /home/abdmalik/Documents/Belajar/Laravel/Nomads/nomads-laravel/vendor/laravel/framework/src/Illuminate/Pipeline/Pipeline.php(180): Illuminate\\Foundation\\Http\\Middleware\\TrimStrings->handle()
#41 /home/abdmalik/Documents/Belajar/Laravel/Nomads/nomads-laravel/vendor/laravel/framework/src/Illuminate/Foundation/Http/Middleware/ValidatePostSize.php(27): Illuminate\\Pipeline\\Pipeline->Illuminate\\Pipeline\\{closure}()
#42 /home/abdmalik/Documents/Belajar/Laravel/Nomads/nomads-laravel/vendor/laravel/framework/src/Illuminate/Pipeline/Pipeline.php(180): Illuminate\\Foundation\\Http\\Middleware\\ValidatePostSize->handle()
#43 /home/abdmalik/Documents/Belajar/Laravel/Nomads/nomads-laravel/vendor/laravel/framework/src/Illuminate/Foundation/Http/Middleware/PreventRequestsDuringMaintenance.php(86): Illuminate\\Pipeline\\Pipeline->Illuminate\\Pipeline\\{closure}()
#44 /home/abdmalik/Documents/Belajar/Laravel/Nomads/nomads-laravel/vendor/laravel/framework/src/Illuminate/Pipeline/Pipeline.php(180): Illuminate\\Foundation\\Http\\Middleware\\PreventRequestsDuringMaintenance->handle()
#45 /home/abdmalik/Documents/Belajar/Laravel/Nomads/nomads-laravel/vendor/laravel/framework/src/Illuminate/Http/Middleware/TrustProxies.php(39): Illuminate\\Pipeline\\Pipeline->Illuminate\\Pipeline\\{closure}()
#46 /home/abdmalik/Documents/Belajar/Laravel/Nomads/nomads-laravel/vendor/laravel/framework/src/Illuminate/Pipeline/Pipeline.php(180): Illuminate\\Http\\Middleware\\TrustProxies->handle()
#47 /home/abdmalik/Documents/Belajar/Laravel/Nomads/nomads-laravel/vendor/laravel/framework/src/Illuminate/Pipeline/Pipeline.php(116): Illuminate\\Pipeline\\Pipeline->Illuminate\\Pipeline\\{closure}()
#48 /home/abdmalik/Documents/Belajar/Laravel/Nomads/nomads-laravel/vendor/laravel/framework/src/Illuminate/Foundation/Http/Kernel.php(142): Illuminate\\Pipeline\\Pipeline->then()
#49 /home/abdmalik/Documents/Belajar/Laravel/Nomads/nomads-laravel/vendor/laravel/framework/src/Illuminate/Foundation/Http/Kernel.php(111): Illuminate\\Foundation\\Http\\Kernel->sendRequestThroughRouter()
#50 /home/abdmalik/Documents/Belajar/Laravel/Nomads/nomads-laravel/public/index.php(55): Illuminate\\Foundation\\Http\\Kernel->handle()
#51 /home/abdmalik/Documents/Belajar/Laravel/Nomads/nomads-laravel/vendor/laravel/framework/src/Illuminate/Foundation/resources/server.php(16): require_once('...')
#52 {main}

[previous exception] [object] (PDOException(code: 42S02): SQLSTATE[42S02]: Base table or view not found: 1146 Table 'nomads-laravel.travel_packages' doesn't exist at /home/abdmalik/Documents/Belajar/Laravel/Nomads/nomads-laravel/vendor/laravel/framework/src/Illuminate/Database/Connection.php:368)
[stacktrace]
#0 /home/abdmalik/Documents/Belajar/Laravel/Nomads/nomads-laravel/vendor/laravel/framework/src/Illuminate/Database/Connection.php(368): PDO->prepare()
#1 /home/abdmalik/Documents/Belajar/Laravel/Nomads/nomads-laravel/vendor/laravel/framework/src/Illuminate/Database/Connection.php(709): Illuminate\\Database\\Connection->Illuminate\\Database\\{closure}()
#2 /home/abdmalik/Documents/Belajar/Laravel/Nomads/nomads-laravel/vendor/laravel/framework/src/Illuminate/Database/Connection.php(676): Illuminate\\Database\\Connection->runQueryCallback()
#3 /home/abdmalik/Documents/Belajar/Laravel/Nomads/nomads-laravel/vendor/laravel/framework/src/Illuminate/Database/Connection.php(376): Illuminate\\Database\\Connection->run()
#4 /home/abdmalik/Documents/Belajar/Laravel/Nomads/nomads-laravel/vendor/laravel/framework/src/Illuminate/Database/Query/Builder.php(2607): Illuminate\\Database\\Connection->select()
#5 /home/abdmalik/Documents/Belajar/Laravel/Nomads/nomads-laravel/vendor/laravel/framework/src/Illuminate/Database/Query/Builder.php(2595): Illuminate\\Database\\Query\\Builder->runSelect()
#6 /home/abdmalik/Documents/Belajar/Laravel/Nomads/nomads-laravel/vendor/laravel/framework/src/Illuminate/Database/Query/Builder.php(3129): Illuminate\\Database\\Query\\Builder->Illuminate\\Database\\Query\\{closure}()
#7 /home/abdmalik/Documents/Belajar/Laravel/Nomads/nomads-laravel/vendor/laravel/framework/src/Illuminate/Database/Query/Builder.php(2596): Illuminate\\Database\\Query\\Builder->onceWithColumns()
#8 /home/abdmalik/Documents/Belajar/Laravel/Nomads/nomads-laravel/vendor/laravel/framework/src/Illuminate/Database/Eloquent/Builder.php(675): Illuminate\\Database\\Query\\Builder->get()
#9 /home/abdmalik/Documents/Belajar/Laravel/Nomads/nomads-laravel/vendor/laravel/framework/src/Illuminate/Database/Eloquent/Builder.php(659): Illuminate\\Database\\Eloquent\\Builder->getModels()
#10 /home/abdmalik/Documents/Belajar/Laravel/Nomads/nomads-laravel/app/Http/Controllers/HomeController.php(17): Illuminate\\Database\\Eloquent\\Builder->get()
#11 /home/abdmalik/Documents/Belajar/Laravel/Nomads/nomads-laravel/vendor/laravel/framework/src/Illuminate/Routing/Controller.php(54): App\\Http\\Controllers\\HomeController->index()
#12 /home/abdmalik/Documents/Belajar/Laravel/Nomads/nomads-laravel/vendor/laravel/framework/src/Illuminate/Routing/ControllerDispatcher.php(45): Illuminate\\Routing\\Controller->callAction()
#13 /home/abdmalik/Documents/Belajar/Laravel/Nomads/nomads-laravel/vendor/laravel/framework/src/Illuminate/Routing/Route.php(261): Illuminate\\Routing\\ControllerDispatcher->dispatch()
#14 /home/abdmalik/Documents/Belajar/Laravel/Nomads/nomads-laravel/vendor/laravel/framework/src/Illuminate/Routing/Route.php(204): Illuminate\\Routing\\Route->runController()
#15 /home/abdmalik/Documents/Belajar/Laravel/Nomads/nomads-laravel/vendor/laravel/framework/src/Illuminate/Routing/Router.php(728): Illuminate\\Routing\\Route->run()
#16 /home/abdmalik/Documents/Belajar/Laravel/Nomads/nomads-laravel/vendor/laravel/framework/src/Illuminate/Pipeline/Pipeline.php(141): Illuminate\\Routing\\Router->Illuminate\\Routing\\{closure}()
#17 /home/abdmalik/Documents/Belajar/Laravel/Nomads/nomads-laravel/vendor/laravel/framework/src/Illuminate/Routing/Middleware/SubstituteBindings.php(50): Illuminate\\Pipeline\\Pipeline->Illuminate\\Pipeline\\{closure}()
#18 /home/abdmalik/Documents/Belajar/Laravel/Nomads/nomads-laravel/vendor/laravel/framework/src/Illuminate/Pipeline/Pipeline.php(180): Illuminate\\Routing\\Middleware\\SubstituteBindings->handle()
#19 /home/abdmalik/Documents/Belajar/Laravel/Nomads/nomads-laravel/vendor/laravel/framework/src/Illuminate/Foundation/Http/Middleware/VerifyCsrfToken.php(78): Illuminate\\Pipeline\\Pipeline->Illuminate\\Pipeline\\{closure}()
#20 /home/abdmalik/Documents/Belajar/Laravel/Nomads/nomads-laravel/vendor/laravel/framework/src/Illuminate/Pipeline/Pipeline.php(180): Illuminate\\Foundation\\Http\\Middleware\\VerifyCsrfToken->handle()
#21 /home/abdmalik/Documents/Belajar/Laravel/Nomads/nomads-laravel/vendor/laravel/framework/src/Illuminate/View/Middleware/ShareErrorsFromSession.php(49): Illuminate\\Pipeline\\Pipeline->Illuminate\\Pipeline\\{closure}()
#22 /home/abdmalik/Documents/Belajar/Laravel/Nomads/nomads-laravel/vendor/laravel/framework/src/Illuminate/Pipeline/Pipeline.php(180): Illuminate\\View\\Middleware\\ShareErrorsFromSession->handle()
#23 /home/abdmalik/Documents/Belajar/Laravel/Nomads/nomads-laravel/vendor/laravel/framework/src/Illuminate/Session/Middleware/StartSession.php(121): Illuminate\\Pipeline\\Pipeline->Illuminate\\Pipeline\\{closure}()
#24 /home/abdmalik/Documents/Belajar/Laravel/Nomads/nomads-laravel/vendor/laravel/framework/src/Illuminate/Session/Middleware/StartSession.php(64): Illuminate\\Session\\Middleware\\StartSession->handleStatefulRequest()
#25 /home/abdmalik/Documents/Belajar/Laravel/Nomads/nomads-laravel/vendor/laravel/framework/src/Illuminate/Pipeline/Pipeline.php(180): Illuminate\\Session\\Middleware\\StartSession->handle()
#26 /home/abdmalik/Documents/Belajar/Laravel/Nomads/nomads-laravel/vendor/laravel/framework/src/Illuminate/Cookie/Middleware/AddQueuedCookiesToResponse.php(37): Illuminate\\Pipeline\\Pipeline->Illuminate\\Pipeline\\{closure}()
#27 /home/abdmalik/Documents/Belajar/Laravel/Nomads/nomads-laravel/vendor/laravel/framework/src/Illuminate/Pipeline/Pipeline.php(180): Illuminate\\Cookie\\Middleware\\AddQueuedCookiesToResponse->handle()
#28 /home/abdmalik/Documents/Belajar/Laravel/Nomads/nomads-laravel/vendor/laravel/framework/src/Illuminate/Cookie/Middleware/EncryptCookies.php(67): Illuminate\\Pipeline\\Pipeline->Illuminate\\Pipeline\\{closure}()
#29 /home/abdmalik/Documents/Belajar/Laravel/Nomads/nomads-laravel/vendor/laravel/framework/src/Illuminate/Pipeline/Pipeline.php(180): Illuminate\\Cookie\\Middleware\\EncryptCookies->handle()
#30 /home/abdmalik/Documents/Belajar/Laravel/Nomads/nomads-laravel/vendor/laravel/framework/src/Illuminate/Pipeline/Pipeline.php(116): Illuminate\\Pipeline\\Pipeline->Illuminate\\Pipeline\\{closure}()
#31 /home/abdmalik/Documents/Belajar/Laravel/Nomads/nomads-laravel/vendor/laravel/framework/src/Illuminate/Routing/Router.php(730): Illuminate\\Pipeline\\Pipeline->then()
#32 /home/abdmalik/Documents/Belajar/Laravel/Nomads/nomads-laravel/vendor/laravel/framework/src/Illuminate/Routing/Router.php(705): Illuminate\\Routing\\Router->runRouteWithinStack()
#33 /home/abdmalik/Documents/Belajar/Laravel/Nomads/nomads-laravel/vendor/laravel/framework/src/Illuminate/Routing/Router.php(667): Illuminate\\Routing\\Router->runRoute()
#34 /home/abdmalik/Documents/Belajar/Laravel/Nomads/nomads-laravel/vendor/laravel/framework/src/Illuminate/Routing/Router.php(656): Illuminate\\Routing\\Router->dispatchToRoute()
#35 /home/abdmalik/Documents/Belajar/Laravel/Nomads/nomads-laravel/vendor/laravel/framework/src/Illuminate/Foundation/Http/Kernel.php(167): Illuminate\\Routing\\Router->dispatch()
#36 /home/abdmalik/Documents/Belajar/Laravel/Nomads/nomads-laravel/vendor/laravel/framework/src/Illuminate/Pipeline/Pipeline.php(141): Illuminate\\Foundation\\Http\\Kernel->Illuminate\\Foundation\\Http\\{closure}()
#37 /home/abdmalik/Documents/Belajar/Laravel/Nomads/nomads-laravel/vendor/laravel/framework/src/Illuminate/Foundation/Http/Middleware/TransformsRequest.php(21): Illuminate\\Pipeline\\Pipeline->Illuminate\\Pipeline\\{closure}()
#38 /home/abdmalik/Documents/Belajar/Laravel/Nomads/nomads-laravel/vendor/laravel/framework/src/Illuminate/Foundation/Http/Middleware/ConvertEmptyStringsToNull.php(31): Illuminate\\Foundation\\Http\\Middleware\\TransformsRequest->handle()
#39 /home/abdmalik/Documents/Belajar/Laravel/Nomads/nomads-laravel/vendor/laravel/framework/src/Illuminate/Pipeline/Pipeline.php(180): Illuminate\\Foundation\\Http\\Middleware\\ConvertEmptyStringsToNull->handle()
#40 /home/abdmalik/Documents/Belajar/Laravel/Nomads/nomads-laravel/vendor/laravel/framework/src/Illuminate/Foundation/Http/Middleware/TransformsRequest.php(21): Illuminate\\Pipeline\\Pipeline->Illuminate\\Pipeline\\{closure}()
#41 /home/abdmalik/Documents/Belajar/Laravel/Nomads/nomads-laravel/vendor/laravel/framework/src/Illuminate/Foundation/Http/Middleware/TrimStrings.php(40): Illuminate\\Foundation\\Http\\Middleware\\TransformsRequest->handle()
#42 /home/abdmalik/Documents/Belajar/Laravel/Nomads/nomads-laravel/vendor/laravel/framework/src/Illuminate/Pipeline/Pipeline.php(180): Illuminate\\Foundation\\Http\\Middleware\\TrimStrings->handle()
#43 /home/abdmalik/Documents/Belajar/Laravel/Nomads/nomads-laravel/vendor/laravel/framework/src/Illuminate/Foundation/Http/Middleware/ValidatePostSize.php(27): Illuminate\\Pipeline\\Pipeline->Illuminate\\Pipeline\\{closure}()
#44 /home/abdmalik/Documents/Belajar/Laravel/Nomads/nomads-laravel/vendor/laravel/framework/src/Illuminate/Pipeline/Pipeline.php(180): Illuminate\\Foundation\\Http\\Middleware\\ValidatePostSize->handle()
#45 /home/abdmalik/Documents/Belajar/Laravel/Nomads/nomads-laravel/vendor/laravel/framework/src/Illuminate/Foundation/Http/Middleware/PreventRequestsDuringMaintenance.php(86): Illuminate\\Pipeline\\Pipeline->Illuminate\\Pipeline\\{closure}()
#46 /home/abdmalik/Documents/Belajar/Laravel/Nomads/nomads-laravel/vendor/laravel/framework/src/Illuminate/Pipeline/Pipeline.php(180): Illuminate\\Foundation\\Http\\Middleware\\PreventRequestsDuringMaintenance->handle()
#47 /home/abdmalik/Documents/Belajar/Laravel/Nomads/nomads-laravel/vendor/laravel/framework/src/Illuminate/Http/Middleware/TrustProxies.php(39): Illuminate\\Pipeline\\Pipeline->Illuminate\\Pipeline\\{closure}()
#48 /home/abdmalik/Documents/Belajar/Laravel/Nomads/nomads-laravel/vendor/laravel/framework/src/Illuminate/Pipeline/Pipeline.php(180): Illuminate\\Http\\Middleware\\TrustProxies->handle()
#49 /home/abdmalik/Documents/Belajar/Laravel/Nomads/nomads-laravel/vendor/laravel/framework/src/Illuminate/Pipeline/Pipeline.php(116): Illuminate\\Pipeline\\Pipeline->Illuminate\\Pipeline\\{closure}()
#50 /home/abdmalik/Documents/Belajar/Laravel/Nomads/nomads-laravel/vendor/laravel/framework/src/Illuminate/Foundation/Http/Kernel.php(142): Illuminate\\Pipeline\\Pipeline->then()
#51 /home/abdmalik/Documents/Belajar/Laravel/Nomads/nomads-laravel/vendor/laravel/framework/src/Illuminate/Foundation/Http/Kernel.php(111): Illuminate\\Foundation\\Http\\Kernel->sendRequestThroughRouter()
#52 /home/abdmalik/Documents/Belajar/Laravel/Nomads/nomads-laravel/public/index.php(55): Illuminate\\Foundation\\Http\\Kernel->handle()
#53 /home/abdmalik/Documents/Belajar/Laravel/Nomads/nomads-laravel/vendor/laravel/framework/src/Illuminate/Foundation/resources/server.php(16): require_once('...')
#54 {main}
"} 
[2022-07-28 13:55:50] local.ERROR: Failed to authenticate on SMTP server with username "cd5f2f773f0e05" using the following authenticators: "CRAM-MD5", "LOGIN", "PLAIN". Authenticator "CRAM-MD5" returned "Expected response code "235" but got code "535", with message "535 5.7.0 Invalid login or password".". Authenticator "LOGIN" returned "Expected response code "235" but got code "535", with message "535 5.7.0 Invalid login or password".". Authenticator "PLAIN" returned "Expected response code "235" but got an empty response.". {"exception":"[object] (Symfony\\Component\\Mailer\\Exception\\TransportException(code: 0): Failed to authenticate on SMTP server with username \"cd5f2f773f0e05\" using the following authenticators: \"CRAM-MD5\", \"LOGIN\", \"PLAIN\". Authenticator \"CRAM-MD5\" returned \"Expected response code \"235\" but got code \"535\", with message \"535 5.7.0 Invalid login or password\".\". Authenticator \"LOGIN\" returned \"Expected response code \"235\" but got code \"535\", with message \"535 5.7.0 Invalid login or password\".\". Authenticator \"PLAIN\" returned \"Expected response code \"235\" but got an empty response.\". at /home/abdmalik/Documents/Belajar/Laravel/Nomads/nomads-laravel/vendor/symfony/mailer/Transport/Smtp/EsmtpTransport.php:195)
[stacktrace]
#0 /home/abdmalik/Documents/Belajar/Laravel/Nomads/nomads-laravel/vendor/symfony/mailer/Transport/Smtp/EsmtpTransport.php(136): Symfony\\Component\\Mailer\\Transport\\Smtp\\EsmtpTransport->handleAuth()
#1 /home/abdmalik/Documents/Belajar/Laravel/Nomads/nomads-laravel/vendor/symfony/mailer/Transport/Smtp/SmtpTransport.php(253): Symfony\\Component\\Mailer\\Transport\\Smtp\\EsmtpTransport->doHeloCommand()
#2 /home/abdmalik/Documents/Belajar/Laravel/Nomads/nomads-laravel/vendor/symfony/mailer/Transport/Smtp/SmtpTransport.php(194): Symfony\\Component\\Mailer\\Transport\\Smtp\\SmtpTransport->start()
#3 /home/abdmalik/Documents/Belajar/Laravel/Nomads/nomads-laravel/vendor/symfony/mailer/Transport/AbstractTransport.php(68): Symfony\\Component\\Mailer\\Transport\\Smtp\\SmtpTransport->doSend()
#4 /home/abdmalik/Documents/Belajar/Laravel/Nomads/nomads-laravel/vendor/symfony/mailer/Transport/Smtp/SmtpTransport.php(136): Symfony\\Component\\Mailer\\Transport\\AbstractTransport->send()
#5 /home/abdmalik/Documents/Belajar/Laravel/Nomads/nomads-laravel/vendor/laravel/framework/src/Illuminate/Mail/Mailer.php(521): Symfony\\Component\\Mailer\\Transport\\Smtp\\SmtpTransport->send()
#6 /home/abdmalik/Documents/Belajar/Laravel/Nomads/nomads-laravel/vendor/laravel/framework/src/Illuminate/Mail/Mailer.php(285): Illuminate\\Mail\\Mailer->sendSymfonyMessage()
#7 /home/abdmalik/Documents/Belajar/Laravel/Nomads/nomads-laravel/vendor/laravel/framework/src/Illuminate/Notifications/Channels/MailChannel.php(67): Illuminate\\Mail\\Mailer->send()
#8 /home/abdmalik/Documents/Belajar/Laravel/Nomads/nomads-laravel/vendor/laravel/framework/src/Illuminate/Notifications/NotificationSender.php(148): Illuminate\\Notifications\\Channels\\MailChannel->send()
#9 /home/abdmalik/Documents/Belajar/Laravel/Nomads/nomads-laravel/vendor/laravel/framework/src/Illuminate/Notifications/NotificationSender.php(106): Illuminate\\Notifications\\NotificationSender->sendToNotifiable()
#10 /home/abdmalik/Documents/Belajar/Laravel/Nomads/nomads-laravel/vendor/laravel/framework/src/Illuminate/Support/Traits/Localizable.php(19): Illuminate\\Notifications\\NotificationSender->Illuminate\\Notifications\\{closure}()
#11 /home/abdmalik/Documents/Belajar/Laravel/Nomads/nomads-laravel/vendor/laravel/framework/src/Illuminate/Notifications/NotificationSender.php(109): Illuminate\\Notifications\\NotificationSender->withLocale()
#12 /home/abdmalik/Documents/Belajar/Laravel/Nomads/nomads-laravel/vendor/laravel/framework/src/Illuminate/Notifications/NotificationSender.php(79): Illuminate\\Notifications\\NotificationSender->sendNow()
#13 /home/abdmalik/Documents/Belajar/Laravel/Nomads/nomads-laravel/vendor/laravel/framework/src/Illuminate/Notifications/ChannelManager.php(39): Illuminate\\Notifications\\NotificationSender->send()
#14 /home/abdmalik/Documents/Belajar/Laravel/Nomads/nomads-laravel/vendor/laravel/framework/src/Illuminate/Notifications/RoutesNotifications.php(18): Illuminate\\Notifications\\ChannelManager->send()
#15 /home/abdmalik/Documents/Belajar/Laravel/Nomads/nomads-laravel/vendor/laravel/framework/src/Illuminate/Auth/MustVerifyEmail.php(38): App\\Models\\User->notify()
#16 /home/abdmalik/Documents/Belajar/Laravel/Nomads/nomads-laravel/vendor/laravel/framework/src/Illuminate/Auth/Listeners/SendEmailVerificationNotification.php(19): Illuminate\\Foundation\\Auth\\User->sendEmailVerificationNotification()
#17 /home/abdmalik/Documents/Belajar/Laravel/Nomads/nomads-laravel/vendor/laravel/framework/src/Illuminate/Events/Dispatcher.php(441): Illuminate\\Auth\\Listeners\\SendEmailVerificationNotification->handle()
#18 /home/abdmalik/Documents/Belajar/Laravel/Nomads/nomads-laravel/vendor/laravel/framework/src/Illuminate/Events/Dispatcher.php(249): Illuminate\\Events\\Dispatcher->Illuminate\\Events\\{closure}()
#19 /home/abdmalik/Documents/Belajar/Laravel/Nomads/nomads-laravel/vendor/laravel/framework/src/Illuminate/Foundation/helpers.php(450): Illuminate\\Events\\Dispatcher->dispatch()
#20 /home/abdmalik/Documents/Belajar/Laravel/Nomads/nomads-laravel/vendor/laravel/ui/auth-backend/RegistersUsers.php(34): event()
#21 /home/abdmalik/Documents/Belajar/Laravel/Nomads/nomads-laravel/vendor/laravel/framework/src/Illuminate/Routing/Controller.php(54): App\\Http\\Controllers\\Auth\\RegisterController->register()
#22 /home/abdmalik/Documents/Belajar/Laravel/Nomads/nomads-laravel/vendor/laravel/framework/src/Illuminate/Routing/ControllerDispatcher.php(45): Illuminate\\Routing\\Controller->callAction()
#23 /home/abdmalik/Documents/Belajar/Laravel/Nomads/nomads-laravel/vendor/laravel/framework/src/Illuminate/Routing/Route.php(261): Illuminate\\Routing\\ControllerDispatcher->dispatch()
#24 /home/abdmalik/Documents/Belajar/Laravel/Nomads/nomads-laravel/vendor/laravel/framework/src/Illuminate/Routing/Route.php(204): Illuminate\\Routing\\Route->runController()
#25 /home/abdmalik/Documents/Belajar/Laravel/Nomads/nomads-laravel/vendor/laravel/framework/src/Illuminate/Routing/Router.php(728): Illuminate\\Routing\\Route->run()
#26 /home/abdmalik/Documents/Belajar/Laravel/Nomads/nomads-laravel/vendor/laravel/framework/src/Illuminate/Pipeline/Pipeline.php(141): Illuminate\\Routing\\Router->Illuminate\\Routing\\{closure}()
#27 /home/abdmalik/Documents/Belajar/Laravel/Nomads/nomads-laravel/app/Http/Middleware/RedirectIfAuthenticated.php(24): Illuminate\\Pipeline\\Pipeline->Illuminate\\Pipeline\\{closure}()
#28 /home/abdmalik/Documents/Belajar/Laravel/Nomads/nomads-laravel/vendor/laravel/framework/src/Illuminate/Pipeline/Pipeline.php(180): App\\Http\\Middleware\\RedirectIfAuthenticated->handle()
#29 /home/abdmalik/Documents/Belajar/Laravel/Nomads/nomads-laravel/vendor/laravel/framework/src/Illuminate/Routing/Middleware/SubstituteBindings.php(50): Illuminate\\Pipeline\\Pipeline->Illuminate\\Pipeline\\{closure}()
#30 /home/abdmalik/Documents/Belajar/Laravel/Nomads/nomads-laravel/vendor/laravel/framework/src/Illuminate/Pipeline/Pipeline.php(180): Illuminate\\Routing\\Middleware\\SubstituteBindings->handle()
#31 /home/abdmalik/Documents/Belajar/Laravel/Nomads/nomads-laravel/vendor/laravel/framework/src/Illuminate/Foundation/Http/Middleware/VerifyCsrfToken.php(78): Illuminate\\Pipeline\\Pipeline->Illuminate\\Pipeline\\{closure}()
#32 /home/abdmalik/Documents/Belajar/Laravel/Nomads/nomads-laravel/vendor/laravel/framework/src/Illuminate/Pipeline/Pipeline.php(180): Illuminate\\Foundation\\Http\\Middleware\\VerifyCsrfToken->handle()
#33 /home/abdmalik/Documents/Belajar/Laravel/Nomads/nomads-laravel/vendor/laravel/framework/src/Illuminate/View/Middleware/ShareErrorsFromSession.php(49): Illuminate\\Pipeline\\Pipeline->Illuminate\\Pipeline\\{closure}()
#34 /home/abdmalik/Documents/Belajar/Laravel/Nomads/nomads-laravel/vendor/laravel/framework/src/Illuminate/Pipeline/Pipeline.php(180): Illuminate\\View\\Middleware\\ShareErrorsFromSession->handle()
#35 /home/abdmalik/Documents/Belajar/Laravel/Nomads/nomads-laravel/vendor/laravel/framework/src/Illuminate/Session/Middleware/StartSession.php(121): Illuminate\\Pipeline\\Pipeline->Illuminate\\Pipeline\\{closure}()
#36 /home/abdmalik/Documents/Belajar/Laravel/Nomads/nomads-laravel/vendor/laravel/framework/src/Illuminate/Session/Middleware/StartSession.php(64): Illuminate\\Session\\Middleware\\StartSession->handleStatefulRequest()
#37 /home/abdmalik/Documents/Belajar/Laravel/Nomads/nomads-laravel/vendor/laravel/framework/src/Illuminate/Pipeline/Pipeline.php(180): Illuminate\\Session\\Middleware\\StartSession->handle()
#38 /home/abdmalik/Documents/Belajar/Laravel/Nomads/nomads-laravel/vendor/laravel/framework/src/Illuminate/Cookie/Middleware/AddQueuedCookiesToResponse.php(37): Illuminate\\Pipeline\\Pipeline->Illuminate\\Pipeline\\{closure}()
#39 /home/abdmalik/Documents/Belajar/Laravel/Nomads/nomads-laravel/vendor/laravel/framework/src/Illuminate/Pipeline/Pipeline.php(180): Illuminate\\Cookie\\Middleware\\AddQueuedCookiesToResponse->handle()
#40 /home/abdmalik/Documents/Belajar/Laravel/Nomads/nomads-laravel/vendor/laravel/framework/src/Illuminate/Cookie/Middleware/EncryptCookies.php(67): Illuminate\\Pipeline\\Pipeline->Illuminate\\Pipeline\\{closure}()
#41 /home/abdmalik/Documents/Belajar/Laravel/Nomads/nomads-laravel/vendor/laravel/framework/src/Illuminate/Pipeline/Pipeline.php(180): Illuminate\\Cookie\\Middleware\\EncryptCookies->handle()
#42 /home/abdmalik/Documents/Belajar/Laravel/Nomads/nomads-laravel/vendor/laravel/framework/src/Illuminate/Pipeline/Pipeline.php(116): Illuminate\\Pipeline\\Pipeline->Illuminate\\Pipeline\\{closure}()
#43 /home/abdmalik/Documents/Belajar/Laravel/Nomads/nomads-laravel/vendor/laravel/framework/src/Illuminate/Routing/Router.php(730): Illuminate\\Pipeline\\Pipeline->then()
#44 /home/abdmalik/Documents/Belajar/Laravel/Nomads/nomads-laravel/vendor/laravel/framework/src/Illuminate/Routing/Router.php(705): Illuminate\\Routing\\Router->runRouteWithinStack()
#45 /home/abdmalik/Documents/Belajar/Laravel/Nomads/nomads-laravel/vendor/laravel/framework/src/Illuminate/Routing/Router.php(667): Illuminate\\Routing\\Router->runRoute()
#46 /home/abdmalik/Documents/Belajar/Laravel/Nomads/nomads-laravel/vendor/laravel/framework/src/Illuminate/Routing/Router.php(656): Illuminate\\Routing\\Router->dispatchToRoute()
#47 /home/abdmalik/Documents/Belajar/Laravel/Nomads/nomads-laravel/vendor/laravel/framework/src/Illuminate/Foundation/Http/Kernel.php(167): Illuminate\\Routing\\Router->dispatch()
#48 /home/abdmalik/Documents/Belajar/Laravel/Nomads/nomads-laravel/vendor/laravel/framework/src/Illuminate/Pipeline/Pipeline.php(141): Illuminate\\Foundation\\Http\\Kernel->Illuminate\\Foundation\\Http\\{closure}()
#49 /home/abdmalik/Documents/Belajar/Laravel/Nomads/nomads-laravel/vendor/laravel/framework/src/Illuminate/Foundation/Http/Middleware/TransformsRequest.php(21): Illuminate\\Pipeline\\Pipeline->Illuminate\\Pipeline\\{closure}()
#50 /home/abdmalik/Documents/Belajar/Laravel/Nomads/nomads-laravel/vendor/laravel/framework/src/Illuminate/Foundation/Http/Middleware/ConvertEmptyStringsToNull.php(31): Illuminate\\Foundation\\Http\\Middleware\\TransformsRequest->handle()
#51 /home/abdmalik/Documents/Belajar/Laravel/Nomads/nomads-laravel/vendor/laravel/framework/src/Illuminate/Pipeline/Pipeline.php(180): Illuminate\\Foundation\\Http\\Middleware\\ConvertEmptyStringsToNull->handle()
#52 /home/abdmalik/Documents/Belajar/Laravel/Nomads/nomads-laravel/vendor/laravel/framework/src/Illuminate/Foundation/Http/Middleware/TransformsRequest.php(21): Illuminate\\Pipeline\\Pipeline->Illuminate\\Pipeline\\{closure}()
#53 /home/abdmalik/Documents/Belajar/Laravel/Nomads/nomads-laravel/vendor/laravel/framework/src/Illuminate/Foundation/Http/Middleware/TrimStrings.php(40): Illuminate\\Foundation\\Http\\Middleware\\TransformsRequest->handle()
#54 /home/abdmalik/Documents/Belajar/Laravel/Nomads/nomads-laravel/vendor/laravel/framework/src/Illuminate/Pipeline/Pipeline.php(180): Illuminate\\Foundation\\Http\\Middleware\\TrimStrings->handle()
#55 /home/abdmalik/Documents/Belajar/Laravel/Nomads/nomads-laravel/vendor/laravel/framework/src/Illuminate/Foundation/Http/Middleware/ValidatePostSize.php(27): Illuminate\\Pipeline\\Pipeline->Illuminate\\Pipeline\\{closure}()
#56 /home/abdmalik/Documents/Belajar/Laravel/Nomads/nomads-laravel/vendor/laravel/framework/src/Illuminate/Pipeline/Pipeline.php(180): Illuminate\\Foundation\\Http\\Middleware\\ValidatePostSize->handle()
#57 /home/abdmalik/Documents/Belajar/Laravel/Nomads/nomads-laravel/vendor/laravel/framework/src/Illuminate/Foundation/Http/Middleware/PreventRequestsDuringMaintenance.php(86): Illuminate\\Pipeline\\Pipeline->Illuminate\\Pipeline\\{closure}()
#58 /home/abdmalik/Documents/Belajar/Laravel/Nomads/nomads-laravel/vendor/laravel/framework/src/Illuminate/Pipeline/Pipeline.php(180): Illuminate\\Foundation\\Http\\Middleware\\PreventRequestsDuringMaintenance->handle()
#59 /home/abdmalik/Documents/Belajar/Laravel/Nomads/nomads-laravel/vendor/laravel/framework/src/Illuminate/Http/Middleware/TrustProxies.php(39): Illuminate\\Pipeline\\Pipeline->Illuminate\\Pipeline\\{closure}()
#60 /home/abdmalik/Documents/Belajar/Laravel/Nomads/nomads-laravel/vendor/laravel/framework/src/Illuminate/Pipeline/Pipeline.php(180): Illuminate\\Http\\Middleware\\TrustProxies->handle()
#61 /home/abdmalik/Documents/Belajar/Laravel/Nomads/nomads-laravel/vendor/laravel/framework/src/Illuminate/Pipeline/Pipeline.php(116): Illuminate\\Pipeline\\Pipeline->Illuminate\\Pipeline\\{closure}()
#62 /home/abdmalik/Documents/Belajar/Laravel/Nomads/nomads-laravel/vendor/laravel/framework/src/Illuminate/Foundation/Http/Kernel.php(142): Illuminate\\Pipeline\\Pipeline->then()
#63 /home/abdmalik/Documents/Belajar/Laravel/Nomads/nomads-laravel/vendor/laravel/framework/src/Illuminate/Foundation/Http/Kernel.php(111): Illuminate\\Foundation\\Http\\Kernel->sendRequestThroughRouter()
#64 /home/abdmalik/Documents/Belajar/Laravel/Nomads/nomads-laravel/public/index.php(55): Illuminate\\Foundation\\Http\\Kernel->handle()
#65 /home/abdmalik/Documents/Belajar/Laravel/Nomads/nomads-laravel/vendor/laravel/framework/src/Illuminate/Foundation/resources/server.php(16): require_once('...')
#66 {main}
"} 
