[2022-12-01 03:15:44] local.ERROR: The "--columns" option does not exist. {"exception":"[object] (Symfony\\Component\\Console\\Exception\\RuntimeException(code: 0): The \"--columns\" option does not exist. at /home/abdmalik1207/Documents/Pembelajaran-2/Laravel/Build-With-Angga/Nomads-Laravel/vendor/symfony/console/Input/ArgvInput.php:220)
[stacktrace]
#0 /home/abdmalik1207/Documents/Pembelajaran-2/Laravel/Build-With-Angga/Nomads-Laravel/vendor/symfony/console/Input/ArgvInput.php(147): Symfony\\Component\\Console\\Input\\ArgvInput->addLongOption()
#1 /home/abdmalik1207/Documents/Pembelajaran-2/Laravel/Build-With-Angga/Nomads-Laravel/vendor/symfony/console/Input/ArgvInput.php(82): Symfony\\Component\\Console\\Input\\ArgvInput->parseLongOption()
#2 /home/abdmalik1207/Documents/Pembelajaran-2/Laravel/Build-With-Angga/Nomads-Laravel/vendor/symfony/console/Input/ArgvInput.php(71): Symfony\\Component\\Console\\Input\\ArgvInput->parseToken()
#3 /home/abdmalik1207/Documents/Pembelajaran-2/Laravel/Build-With-Angga/Nomads-Laravel/vendor/symfony/console/Input/Input.php(55): Symfony\\Component\\Console\\Input\\ArgvInput->parse()
#4 /home/abdmalik1207/Documents/Pembelajaran-2/Laravel/Build-With-Angga/Nomads-Laravel/vendor/symfony/console/Command/Command.php(250): Symfony\\Component\\Console\\Input\\Input->bind()
#5 /home/abdmalik1207/Documents/Pembelajaran-2/Laravel/Build-With-Angga/Nomads-Laravel/vendor/laravel/framework/src/Illuminate/Console/Command.php(156): Symfony\\Component\\Console\\Command\\Command->run()
#6 /home/abdmalik1207/Documents/Pembelajaran-2/Laravel/Build-With-Angga/Nomads-Laravel/vendor/symfony/console/Application.php(989): Illuminate\\Console\\Command->run()
#7 /home/abdmalik1207/Documents/Pembelajaran-2/Laravel/Build-With-Angga/Nomads-Laravel/vendor/symfony/console/Application.php(299): Symfony\\Component\\Console\\Application->doRunCommand()
#8 /home/abdmalik1207/Documents/Pembelajaran-2/Laravel/Build-With-Angga/Nomads-Laravel/vendor/symfony/console/Application.php(171): Symfony\\Component\\Console\\Application->doRun()
#9 /home/abdmalik1207/Documents/Pembelajaran-2/Laravel/Build-With-Angga/Nomads-Laravel/vendor/laravel/framework/src/Illuminate/Console/Application.php(102): Symfony\\Component\\Console\\Application->run()
#10 /home/abdmalik1207/Documents/Pembelajaran-2/Laravel/Build-With-Angga/Nomads-Laravel/vendor/laravel/framework/src/Illuminate/Foundation/Console/Kernel.php(129): Illuminate\\Console\\Application->run()
#11 /home/abdmalik1207/Documents/Pembelajaran-2/Laravel/Build-With-Angga/Nomads-Laravel/artisan(37): Illuminate\\Foundation\\Console\\Kernel->handle()
#12 {main}
"} 
[2022-12-01 03:15:51] local.ERROR: The "--columns" option does not exist. {"exception":"[object] (Symfony\\Component\\Console\\Exception\\RuntimeException(code: 0): The \"--columns\" option does not exist. at /home/abdmalik1207/Documents/Pembelajaran-2/Laravel/Build-With-Angga/Nomads-Laravel/vendor/symfony/console/Input/ArgvInput.php:220)
[stacktrace]
#0 /home/abdmalik1207/Documents/Pembelajaran-2/Laravel/Build-With-Angga/Nomads-Laravel/vendor/symfony/console/Input/ArgvInput.php(147): Symfony\\Component\\Console\\Input\\ArgvInput->addLongOption()
#1 /home/abdmalik1207/Documents/Pembelajaran-2/Laravel/Build-With-Angga/Nomads-Laravel/vendor/symfony/console/Input/ArgvInput.php(82): Symfony\\Component\\Console\\Input\\ArgvInput->parseLongOption()
#2 /home/abdmalik1207/Documents/Pembelajaran-2/Laravel/Build-With-Angga/Nomads-Laravel/vendor/symfony/console/Input/ArgvInput.php(71): Symfony\\Component\\Console\\Input\\ArgvInput->parseToken()
#3 /home/abdmalik1207/Documents/Pembelajaran-2/Laravel/Build-With-Angga/Nomads-Laravel/vendor/symfony/console/Input/Input.php(55): Symfony\\Component\\Console\\Input\\ArgvInput->parse()
#4 /home/abdmalik1207/Documents/Pembelajaran-2/Laravel/Build-With-Angga/Nomads-Laravel/vendor/symfony/console/Command/Command.php(250): Symfony\\Component\\Console\\Input\\Input->bind()
#5 /home/abdmalik1207/Documents/Pembelajaran-2/Laravel/Build-With-Angga/Nomads-Laravel/vendor/laravel/framework/src/Illuminate/Console/Command.php(156): Symfony\\Component\\Console\\Command\\Command->run()
#6 /home/abdmalik1207/Documents/Pembelajaran-2/Laravel/Build-With-Angga/Nomads-Laravel/vendor/symfony/console/Application.php(989): Illuminate\\Console\\Command->run()
#7 /home/abdmalik1207/Documents/Pembelajaran-2/Laravel/Build-With-Angga/Nomads-Laravel/vendor/symfony/console/Application.php(299): Symfony\\Component\\Console\\Application->doRunCommand()
#8 /home/abdmalik1207/Documents/Pembelajaran-2/Laravel/Build-With-Angga/Nomads-Laravel/vendor/symfony/console/Application.php(171): Symfony\\Component\\Console\\Application->doRun()
#9 /home/abdmalik1207/Documents/Pembelajaran-2/Laravel/Build-With-Angga/Nomads-Laravel/vendor/laravel/framework/src/Illuminate/Console/Application.php(102): Symfony\\Component\\Console\\Application->run()
#10 /home/abdmalik1207/Documents/Pembelajaran-2/Laravel/Build-With-Angga/Nomads-Laravel/vendor/laravel/framework/src/Illuminate/Foundation/Console/Kernel.php(129): Illuminate\\Console\\Application->run()
#11 /home/abdmalik1207/Documents/Pembelajaran-2/Laravel/Build-With-Angga/Nomads-Laravel/artisan(37): Illuminate\\Foundation\\Console\\Kernel->handle()
#12 {main}
"} 
[2022-12-01 03:16:14] local.ERROR: The "--columns" option does not exist. {"exception":"[object] (Symfony\\Component\\Console\\Exception\\RuntimeException(code: 0): The \"--columns\" option does not exist. at /home/abdmalik1207/Documents/Pembelajaran-2/Laravel/Build-With-Angga/Nomads-Laravel/vendor/symfony/console/Input/ArgvInput.php:220)
[stacktrace]
#0 /home/abdmalik1207/Documents/Pembelajaran-2/Laravel/Build-With-Angga/Nomads-Laravel/vendor/symfony/console/Input/ArgvInput.php(147): Symfony\\Component\\Console\\Input\\ArgvInput->addLongOption()
#1 /home/abdmalik1207/Documents/Pembelajaran-2/Laravel/Build-With-Angga/Nomads-Laravel/vendor/symfony/console/Input/ArgvInput.php(82): Symfony\\Component\\Console\\Input\\ArgvInput->parseLongOption()
#2 /home/abdmalik1207/Documents/Pembelajaran-2/Laravel/Build-With-Angga/Nomads-Laravel/vendor/symfony/console/Input/ArgvInput.php(71): Symfony\\Component\\Console\\Input\\ArgvInput->parseToken()
#3 /home/abdmalik1207/Documents/Pembelajaran-2/Laravel/Build-With-Angga/Nomads-Laravel/vendor/symfony/console/Input/Input.php(55): Symfony\\Component\\Console\\Input\\ArgvInput->parse()
#4 /home/abdmalik1207/Documents/Pembelajaran-2/Laravel/Build-With-Angga/Nomads-Laravel/vendor/symfony/console/Command/Command.php(250): Symfony\\Component\\Console\\Input\\Input->bind()
#5 /home/abdmalik1207/Documents/Pembelajaran-2/Laravel/Build-With-Angga/Nomads-Laravel/vendor/laravel/framework/src/Illuminate/Console/Command.php(156): Symfony\\Component\\Console\\Command\\Command->run()
#6 /home/abdmalik1207/Documents/Pembelajaran-2/Laravel/Build-With-Angga/Nomads-Laravel/vendor/symfony/console/Application.php(989): Illuminate\\Console\\Command->run()
#7 /home/abdmalik1207/Documents/Pembelajaran-2/Laravel/Build-With-Angga/Nomads-Laravel/vendor/symfony/console/Application.php(299): Symfony\\Component\\Console\\Application->doRunCommand()
#8 /home/abdmalik1207/Documents/Pembelajaran-2/Laravel/Build-With-Angga/Nomads-Laravel/vendor/symfony/console/Application.php(171): Symfony\\Component\\Console\\Application->doRun()
#9 /home/abdmalik1207/Documents/Pembelajaran-2/Laravel/Build-With-Angga/Nomads-Laravel/vendor/laravel/framework/src/Illuminate/Console/Application.php(102): Symfony\\Component\\Console\\Application->run()
#10 /home/abdmalik1207/Documents/Pembelajaran-2/Laravel/Build-With-Angga/Nomads-Laravel/vendor/laravel/framework/src/Illuminate/Foundation/Console/Kernel.php(129): Illuminate\\Console\\Application->run()
#11 /home/abdmalik1207/Documents/Pembelajaran-2/Laravel/Build-With-Angga/Nomads-Laravel/artisan(37): Illuminate\\Foundation\\Console\\Kernel->handle()
#12 {main}
"} 
[2022-12-01 03:16:18] local.ERROR: The "--columns" option does not exist. {"exception":"[object] (Symfony\\Component\\Console\\Exception\\RuntimeException(code: 0): The \"--columns\" option does not exist. at /home/abdmalik1207/Documents/Pembelajaran-2/Laravel/Build-With-Angga/Nomads-Laravel/vendor/symfony/console/Input/ArgvInput.php:220)
[stacktrace]
#0 /home/abdmalik1207/Documents/Pembelajaran-2/Laravel/Build-With-Angga/Nomads-Laravel/vendor/symfony/console/Input/ArgvInput.php(147): Symfony\\Component\\Console\\Input\\ArgvInput->addLongOption()
#1 /home/abdmalik1207/Documents/Pembelajaran-2/Laravel/Build-With-Angga/Nomads-Laravel/vendor/symfony/console/Input/ArgvInput.php(82): Symfony\\Component\\Console\\Input\\ArgvInput->parseLongOption()
#2 /home/abdmalik1207/Documents/Pembelajaran-2/Laravel/Build-With-Angga/Nomads-Laravel/vendor/symfony/console/Input/ArgvInput.php(71): Symfony\\Component\\Console\\Input\\ArgvInput->parseToken()
#3 /home/abdmalik1207/Documents/Pembelajaran-2/Laravel/Build-With-Angga/Nomads-Laravel/vendor/symfony/console/Input/Input.php(55): Symfony\\Component\\Console\\Input\\ArgvInput->parse()
#4 /home/abdmalik1207/Documents/Pembelajaran-2/Laravel/Build-With-Angga/Nomads-Laravel/vendor/symfony/console/Command/Command.php(250): Symfony\\Component\\Console\\Input\\Input->bind()
#5 /home/abdmalik1207/Documents/Pembelajaran-2/Laravel/Build-With-Angga/Nomads-Laravel/vendor/laravel/framework/src/Illuminate/Console/Command.php(156): Symfony\\Component\\Console\\Command\\Command->run()
#6 /home/abdmalik1207/Documents/Pembelajaran-2/Laravel/Build-With-Angga/Nomads-Laravel/vendor/symfony/console/Application.php(989): Illuminate\\Console\\Command->run()
#7 /home/abdmalik1207/Documents/Pembelajaran-2/Laravel/Build-With-Angga/Nomads-Laravel/vendor/symfony/console/Application.php(299): Symfony\\Component\\Console\\Application->doRunCommand()
#8 /home/abdmalik1207/Documents/Pembelajaran-2/Laravel/Build-With-Angga/Nomads-Laravel/vendor/symfony/console/Application.php(171): Symfony\\Component\\Console\\Application->doRun()
#9 /home/abdmalik1207/Documents/Pembelajaran-2/Laravel/Build-With-Angga/Nomads-Laravel/vendor/laravel/framework/src/Illuminate/Console/Application.php(102): Symfony\\Component\\Console\\Application->run()
#10 /home/abdmalik1207/Documents/Pembelajaran-2/Laravel/Build-With-Angga/Nomads-Laravel/vendor/laravel/framework/src/Illuminate/Foundation/Console/Kernel.php(129): Illuminate\\Console\\Application->run()
#11 /home/abdmalik1207/Documents/Pembelajaran-2/Laravel/Build-With-Angga/Nomads-Laravel/artisan(37): Illuminate\\Foundation\\Console\\Kernel->handle()
#12 {main}
"} 
[2022-12-01 03:16:28] local.ERROR: The "--columns" option does not exist. {"exception":"[object] (Symfony\\Component\\Console\\Exception\\RuntimeException(code: 0): The \"--columns\" option does not exist. at /home/abdmalik1207/Documents/Pembelajaran-2/Laravel/Build-With-Angga/Nomads-Laravel/vendor/symfony/console/Input/ArgvInput.php:220)
[stacktrace]
#0 /home/abdmalik1207/Documents/Pembelajaran-2/Laravel/Build-With-Angga/Nomads-Laravel/vendor/symfony/console/Input/ArgvInput.php(147): Symfony\\Component\\Console\\Input\\ArgvInput->addLongOption()
#1 /home/abdmalik1207/Documents/Pembelajaran-2/Laravel/Build-With-Angga/Nomads-Laravel/vendor/symfony/console/Input/ArgvInput.php(82): Symfony\\Component\\Console\\Input\\ArgvInput->parseLongOption()
#2 /home/abdmalik1207/Documents/Pembelajaran-2/Laravel/Build-With-Angga/Nomads-Laravel/vendor/symfony/console/Input/ArgvInput.php(71): Symfony\\Component\\Console\\Input\\ArgvInput->parseToken()
#3 /home/abdmalik1207/Documents/Pembelajaran-2/Laravel/Build-With-Angga/Nomads-Laravel/vendor/symfony/console/Input/Input.php(55): Symfony\\Component\\Console\\Input\\ArgvInput->parse()
#4 /home/abdmalik1207/Documents/Pembelajaran-2/Laravel/Build-With-Angga/Nomads-Laravel/vendor/symfony/console/Command/Command.php(250): Symfony\\Component\\Console\\Input\\Input->bind()
#5 /home/abdmalik1207/Documents/Pembelajaran-2/Laravel/Build-With-Angga/Nomads-Laravel/vendor/laravel/framework/src/Illuminate/Console/Command.php(156): Symfony\\Component\\Console\\Command\\Command->run()
#6 /home/abdmalik1207/Documents/Pembelajaran-2/Laravel/Build-With-Angga/Nomads-Laravel/vendor/symfony/console/Application.php(989): Illuminate\\Console\\Command->run()
#7 /home/abdmalik1207/Documents/Pembelajaran-2/Laravel/Build-With-Angga/Nomads-Laravel/vendor/symfony/console/Application.php(299): Symfony\\Component\\Console\\Application->doRunCommand()
#8 /home/abdmalik1207/Documents/Pembelajaran-2/Laravel/Build-With-Angga/Nomads-Laravel/vendor/symfony/console/Application.php(171): Symfony\\Component\\Console\\Application->doRun()
#9 /home/abdmalik1207/Documents/Pembelajaran-2/Laravel/Build-With-Angga/Nomads-Laravel/vendor/laravel/framework/src/Illuminate/Console/Application.php(102): Symfony\\Component\\Console\\Application->run()
#10 /home/abdmalik1207/Documents/Pembelajaran-2/Laravel/Build-With-Angga/Nomads-Laravel/vendor/laravel/framework/src/Illuminate/Foundation/Console/Kernel.php(129): Illuminate\\Console\\Application->run()
#11 /home/abdmalik1207/Documents/Pembelajaran-2/Laravel/Build-With-Angga/Nomads-Laravel/artisan(37): Illuminate\\Foundation\\Console\\Kernel->handle()
#12 {main}
"} 
[2022-12-01 03:20:09] local.ERROR: Failed to authenticate on SMTP server with username "cd5f2f773f0e05" using the following authenticators: "CRAM-MD5", "LOGIN", "PLAIN". Authenticator "CRAM-MD5" returned "Expected response code "235" but got code "535", with message "535 5.7.0 Invalid login or password".". Authenticator "LOGIN" returned "Expected response code "235" but got code "535", with message "535 5.7.0 Invalid login or password".". Authenticator "PLAIN" returned "Expected response code "235" but got an empty response.". {"exception":"[object] (Symfony\\Component\\Mailer\\Exception\\TransportException(code: 0): Failed to authenticate on SMTP server with username \"cd5f2f773f0e05\" using the following authenticators: \"CRAM-MD5\", \"LOGIN\", \"PLAIN\". Authenticator \"CRAM-MD5\" returned \"Expected response code \"235\" but got code \"535\", with message \"535 5.7.0 Invalid login or password\".\". Authenticator \"LOGIN\" returned \"Expected response code \"235\" but got code \"535\", with message \"535 5.7.0 Invalid login or password\".\". Authenticator \"PLAIN\" returned \"Expected response code \"235\" but got an empty response.\". at /home/abdmalik1207/Documents/Pembelajaran-2/Laravel/Build-With-Angga/Nomads-Laravel/vendor/symfony/mailer/Transport/Smtp/EsmtpTransport.php:195)
[stacktrace]
#0 /home/abdmalik1207/Documents/Pembelajaran-2/Laravel/Build-With-Angga/Nomads-Laravel/vendor/symfony/mailer/Transport/Smtp/EsmtpTransport.php(136): Symfony\\Component\\Mailer\\Transport\\Smtp\\EsmtpTransport->handleAuth()
#1 /home/abdmalik1207/Documents/Pembelajaran-2/Laravel/Build-With-Angga/Nomads-Laravel/vendor/symfony/mailer/Transport/Smtp/SmtpTransport.php(253): Symfony\\Component\\Mailer\\Transport\\Smtp\\EsmtpTransport->doHeloCommand()
#2 /home/abdmalik1207/Documents/Pembelajaran-2/Laravel/Build-With-Angga/Nomads-Laravel/vendor/symfony/mailer/Transport/Smtp/SmtpTransport.php(194): Symfony\\Component\\Mailer\\Transport\\Smtp\\SmtpTransport->start()
#3 /home/abdmalik1207/Documents/Pembelajaran-2/Laravel/Build-With-Angga/Nomads-Laravel/vendor/symfony/mailer/Transport/AbstractTransport.php(68): Symfony\\Component\\Mailer\\Transport\\Smtp\\SmtpTransport->doSend()
#4 /home/abdmalik1207/Documents/Pembelajaran-2/Laravel/Build-With-Angga/Nomads-Laravel/vendor/symfony/mailer/Transport/Smtp/SmtpTransport.php(136): Symfony\\Component\\Mailer\\Transport\\AbstractTransport->send()
#5 /home/abdmalik1207/Documents/Pembelajaran-2/Laravel/Build-With-Angga/Nomads-Laravel/vendor/laravel/framework/src/Illuminate/Mail/Mailer.php(521): Symfony\\Component\\Mailer\\Transport\\Smtp\\SmtpTransport->send()
#6 /home/abdmalik1207/Documents/Pembelajaran-2/Laravel/Build-With-Angga/Nomads-Laravel/vendor/laravel/framework/src/Illuminate/Mail/Mailer.php(285): Illuminate\\Mail\\Mailer->sendSymfonyMessage()
#7 /home/abdmalik1207/Documents/Pembelajaran-2/Laravel/Build-With-Angga/Nomads-Laravel/vendor/laravel/framework/src/Illuminate/Notifications/Channels/MailChannel.php(67): Illuminate\\Mail\\Mailer->send()
#8 /home/abdmalik1207/Documents/Pembelajaran-2/Laravel/Build-With-Angga/Nomads-Laravel/vendor/laravel/framework/src/Illuminate/Notifications/NotificationSender.php(148): Illuminate\\Notifications\\Channels\\MailChannel->send()
#9 /home/abdmalik1207/Documents/Pembelajaran-2/Laravel/Build-With-Angga/Nomads-Laravel/vendor/laravel/framework/src/Illuminate/Notifications/NotificationSender.php(106): Illuminate\\Notifications\\NotificationSender->sendToNotifiable()
#10 /home/abdmalik1207/Documents/Pembelajaran-2/Laravel/Build-With-Angga/Nomads-Laravel/vendor/laravel/framework/src/Illuminate/Support/Traits/Localizable.php(19): Illuminate\\Notifications\\NotificationSender->Illuminate\\Notifications\\{closure}()
#11 /home/abdmalik1207/Documents/Pembelajaran-2/Laravel/Build-With-Angga/Nomads-Laravel/vendor/laravel/framework/src/Illuminate/Notifications/NotificationSender.php(109): Illuminate\\Notifications\\NotificationSender->withLocale()
#12 /home/abdmalik1207/Documents/Pembelajaran-2/Laravel/Build-With-Angga/Nomads-Laravel/vendor/laravel/framework/src/Illuminate/Notifications/NotificationSender.php(79): Illuminate\\Notifications\\NotificationSender->sendNow()
#13 /home/abdmalik1207/Documents/Pembelajaran-2/Laravel/Build-With-Angga/Nomads-Laravel/vendor/laravel/framework/src/Illuminate/Notifications/ChannelManager.php(39): Illuminate\\Notifications\\NotificationSender->send()
#14 /home/abdmalik1207/Documents/Pembelajaran-2/Laravel/Build-With-Angga/Nomads-Laravel/vendor/laravel/framework/src/Illuminate/Notifications/RoutesNotifications.php(18): Illuminate\\Notifications\\ChannelManager->send()
#15 /home/abdmalik1207/Documents/Pembelajaran-2/Laravel/Build-With-Angga/Nomads-Laravel/vendor/laravel/framework/src/Illuminate/Auth/MustVerifyEmail.php(38): App\\Models\\User->notify()
#16 /home/abdmalik1207/Documents/Pembelajaran-2/Laravel/Build-With-Angga/Nomads-Laravel/vendor/laravel/framework/src/Illuminate/Auth/Listeners/SendEmailVerificationNotification.php(19): Illuminate\\Foundation\\Auth\\User->sendEmailVerificationNotification()
#17 /home/abdmalik1207/Documents/Pembelajaran-2/Laravel/Build-With-Angga/Nomads-Laravel/vendor/laravel/framework/src/Illuminate/Events/Dispatcher.php(441): Illuminate\\Auth\\Listeners\\SendEmailVerificationNotification->handle()
#18 /home/abdmalik1207/Documents/Pembelajaran-2/Laravel/Build-With-Angga/Nomads-Laravel/vendor/laravel/framework/src/Illuminate/Events/Dispatcher.php(249): Illuminate\\Events\\Dispatcher->Illuminate\\Events\\{closure}()
#19 /home/abdmalik1207/Documents/Pembelajaran-2/Laravel/Build-With-Angga/Nomads-Laravel/vendor/laravel/framework/src/Illuminate/Foundation/helpers.php(450): Illuminate\\Events\\Dispatcher->dispatch()
#20 /home/abdmalik1207/Documents/Pembelajaran-2/Laravel/Build-With-Angga/Nomads-Laravel/vendor/laravel/ui/auth-backend/RegistersUsers.php(34): event()
#21 /home/abdmalik1207/Documents/Pembelajaran-2/Laravel/Build-With-Angga/Nomads-Laravel/vendor/laravel/framework/src/Illuminate/Routing/Controller.php(54): App\\Http\\Controllers\\Auth\\RegisterController->register()
#22 /home/abdmalik1207/Documents/Pembelajaran-2/Laravel/Build-With-Angga/Nomads-Laravel/vendor/laravel/framework/src/Illuminate/Routing/ControllerDispatcher.php(45): Illuminate\\Routing\\Controller->callAction()
#23 /home/abdmalik1207/Documents/Pembelajaran-2/Laravel/Build-With-Angga/Nomads-Laravel/vendor/laravel/framework/src/Illuminate/Routing/Route.php(261): Illuminate\\Routing\\ControllerDispatcher->dispatch()
#24 /home/abdmalik1207/Documents/Pembelajaran-2/Laravel/Build-With-Angga/Nomads-Laravel/vendor/laravel/framework/src/Illuminate/Routing/Route.php(204): Illuminate\\Routing\\Route->runController()
#25 /home/abdmalik1207/Documents/Pembelajaran-2/Laravel/Build-With-Angga/Nomads-Laravel/vendor/laravel/framework/src/Illuminate/Routing/Router.php(728): Illuminate\\Routing\\Route->run()
#26 /home/abdmalik1207/Documents/Pembelajaran-2/Laravel/Build-With-Angga/Nomads-Laravel/vendor/laravel/framework/src/Illuminate/Pipeline/Pipeline.php(141): Illuminate\\Routing\\Router->Illuminate\\Routing\\{closure}()
#27 /home/abdmalik1207/Documents/Pembelajaran-2/Laravel/Build-With-Angga/Nomads-Laravel/app/Http/Middleware/RedirectIfAuthenticated.php(24): Illuminate\\Pipeline\\Pipeline->Illuminate\\Pipeline\\{closure}()
#28 /home/abdmalik1207/Documents/Pembelajaran-2/Laravel/Build-With-Angga/Nomads-Laravel/vendor/laravel/framework/src/Illuminate/Pipeline/Pipeline.php(180): App\\Http\\Middleware\\RedirectIfAuthenticated->handle()
#29 /home/abdmalik1207/Documents/Pembelajaran-2/Laravel/Build-With-Angga/Nomads-Laravel/vendor/laravel/framework/src/Illuminate/Routing/Middleware/SubstituteBindings.php(50): Illuminate\\Pipeline\\Pipeline->Illuminate\\Pipeline\\{closure}()
#30 /home/abdmalik1207/Documents/Pembelajaran-2/Laravel/Build-With-Angga/Nomads-Laravel/vendor/laravel/framework/src/Illuminate/Pipeline/Pipeline.php(180): Illuminate\\Routing\\Middleware\\SubstituteBindings->handle()
#31 /home/abdmalik1207/Documents/Pembelajaran-2/Laravel/Build-With-Angga/Nomads-Laravel/vendor/laravel/framework/src/Illuminate/Foundation/Http/Middleware/VerifyCsrfToken.php(78): Illuminate\\Pipeline\\Pipeline->Illuminate\\Pipeline\\{closure}()
#32 /home/abdmalik1207/Documents/Pembelajaran-2/Laravel/Build-With-Angga/Nomads-Laravel/vendor/laravel/framework/src/Illuminate/Pipeline/Pipeline.php(180): Illuminate\\Foundation\\Http\\Middleware\\VerifyCsrfToken->handle()
#33 /home/abdmalik1207/Documents/Pembelajaran-2/Laravel/Build-With-Angga/Nomads-Laravel/vendor/laravel/framework/src/Illuminate/View/Middleware/ShareErrorsFromSession.php(49): Illuminate\\Pipeline\\Pipeline->Illuminate\\Pipeline\\{closure}()
#34 /home/abdmalik1207/Documents/Pembelajaran-2/Laravel/Build-With-Angga/Nomads-Laravel/vendor/laravel/framework/src/Illuminate/Pipeline/Pipeline.php(180): Illuminate\\View\\Middleware\\ShareErrorsFromSession->handle()
#35 /home/abdmalik1207/Documents/Pembelajaran-2/Laravel/Build-With-Angga/Nomads-Laravel/vendor/laravel/framework/src/Illuminate/Session/Middleware/StartSession.php(121): Illuminate\\Pipeline\\Pipeline->Illuminate\\Pipeline\\{closure}()
#36 /home/abdmalik1207/Documents/Pembelajaran-2/Laravel/Build-With-Angga/Nomads-Laravel/vendor/laravel/framework/src/Illuminate/Session/Middleware/StartSession.php(64): Illuminate\\Session\\Middleware\\StartSession->handleStatefulRequest()
#37 /home/abdmalik1207/Documents/Pembelajaran-2/Laravel/Build-With-Angga/Nomads-Laravel/vendor/laravel/framework/src/Illuminate/Pipeline/Pipeline.php(180): Illuminate\\Session\\Middleware\\StartSession->handle()
#38 /home/abdmalik1207/Documents/Pembelajaran-2/Laravel/Build-With-Angga/Nomads-Laravel/vendor/laravel/framework/src/Illuminate/Cookie/Middleware/AddQueuedCookiesToResponse.php(37): Illuminate\\Pipeline\\Pipeline->Illuminate\\Pipeline\\{closure}()
#39 /home/abdmalik1207/Documents/Pembelajaran-2/Laravel/Build-With-Angga/Nomads-Laravel/vendor/laravel/framework/src/Illuminate/Pipeline/Pipeline.php(180): Illuminate\\Cookie\\Middleware\\AddQueuedCookiesToResponse->handle()
#40 /home/abdmalik1207/Documents/Pembelajaran-2/Laravel/Build-With-Angga/Nomads-Laravel/vendor/laravel/framework/src/Illuminate/Cookie/Middleware/EncryptCookies.php(67): Illuminate\\Pipeline\\Pipeline->Illuminate\\Pipeline\\{closure}()
#41 /home/abdmalik1207/Documents/Pembelajaran-2/Laravel/Build-With-Angga/Nomads-Laravel/vendor/laravel/framework/src/Illuminate/Pipeline/Pipeline.php(180): Illuminate\\Cookie\\Middleware\\EncryptCookies->handle()
#42 /home/abdmalik1207/Documents/Pembelajaran-2/Laravel/Build-With-Angga/Nomads-Laravel/vendor/laravel/framework/src/Illuminate/Pipeline/Pipeline.php(116): Illuminate\\Pipeline\\Pipeline->Illuminate\\Pipeline\\{closure}()
#43 /home/abdmalik1207/Documents/Pembelajaran-2/Laravel/Build-With-Angga/Nomads-Laravel/vendor/laravel/framework/src/Illuminate/Routing/Router.php(730): Illuminate\\Pipeline\\Pipeline->then()
#44 /home/abdmalik1207/Documents/Pembelajaran-2/Laravel/Build-With-Angga/Nomads-Laravel/vendor/laravel/framework/src/Illuminate/Routing/Router.php(705): Illuminate\\Routing\\Router->runRouteWithinStack()
#45 /home/abdmalik1207/Documents/Pembelajaran-2/Laravel/Build-With-Angga/Nomads-Laravel/vendor/laravel/framework/src/Illuminate/Routing/Router.php(667): Illuminate\\Routing\\Router->runRoute()
#46 /home/abdmalik1207/Documents/Pembelajaran-2/Laravel/Build-With-Angga/Nomads-Laravel/vendor/laravel/framework/src/Illuminate/Routing/Router.php(656): Illuminate\\Routing\\Router->dispatchToRoute()
#47 /home/abdmalik1207/Documents/Pembelajaran-2/Laravel/Build-With-Angga/Nomads-Laravel/vendor/laravel/framework/src/Illuminate/Foundation/Http/Kernel.php(167): Illuminate\\Routing\\Router->dispatch()
#48 /home/abdmalik1207/Documents/Pembelajaran-2/Laravel/Build-With-Angga/Nomads-Laravel/vendor/laravel/framework/src/Illuminate/Pipeline/Pipeline.php(141): Illuminate\\Foundation\\Http\\Kernel->Illuminate\\Foundation\\Http\\{closure}()
#49 /home/abdmalik1207/Documents/Pembelajaran-2/Laravel/Build-With-Angga/Nomads-Laravel/vendor/laravel/framework/src/Illuminate/Foundation/Http/Middleware/TransformsRequest.php(21): Illuminate\\Pipeline\\Pipeline->Illuminate\\Pipeline\\{closure}()
#50 /home/abdmalik1207/Documents/Pembelajaran-2/Laravel/Build-With-Angga/Nomads-Laravel/vendor/laravel/framework/src/Illuminate/Foundation/Http/Middleware/ConvertEmptyStringsToNull.php(31): Illuminate\\Foundation\\Http\\Middleware\\TransformsRequest->handle()
#51 /home/abdmalik1207/Documents/Pembelajaran-2/Laravel/Build-With-Angga/Nomads-Laravel/vendor/laravel/framework/src/Illuminate/Pipeline/Pipeline.php(180): Illuminate\\Foundation\\Http\\Middleware\\ConvertEmptyStringsToNull->handle()
#52 /home/abdmalik1207/Documents/Pembelajaran-2/Laravel/Build-With-Angga/Nomads-Laravel/vendor/laravel/framework/src/Illuminate/Foundation/Http/Middleware/TransformsRequest.php(21): Illuminate\\Pipeline\\Pipeline->Illuminate\\Pipeline\\{closure}()
#53 /home/abdmalik1207/Documents/Pembelajaran-2/Laravel/Build-With-Angga/Nomads-Laravel/vendor/laravel/framework/src/Illuminate/Foundation/Http/Middleware/TrimStrings.php(40): Illuminate\\Foundation\\Http\\Middleware\\TransformsRequest->handle()
#54 /home/abdmalik1207/Documents/Pembelajaran-2/Laravel/Build-With-Angga/Nomads-Laravel/vendor/laravel/framework/src/Illuminate/Pipeline/Pipeline.php(180): Illuminate\\Foundation\\Http\\Middleware\\TrimStrings->handle()
#55 /home/abdmalik1207/Documents/Pembelajaran-2/Laravel/Build-With-Angga/Nomads-Laravel/vendor/laravel/framework/src/Illuminate/Foundation/Http/Middleware/ValidatePostSize.php(27): Illuminate\\Pipeline\\Pipeline->Illuminate\\Pipeline\\{closure}()
#56 /home/abdmalik1207/Documents/Pembelajaran-2/Laravel/Build-With-Angga/Nomads-Laravel/vendor/laravel/framework/src/Illuminate/Pipeline/Pipeline.php(180): Illuminate\\Foundation\\Http\\Middleware\\ValidatePostSize->handle()
#57 /home/abdmalik1207/Documents/Pembelajaran-2/Laravel/Build-With-Angga/Nomads-Laravel/vendor/laravel/framework/src/Illuminate/Foundation/Http/Middleware/PreventRequestsDuringMaintenance.php(86): Illuminate\\Pipeline\\Pipeline->Illuminate\\Pipeline\\{closure}()
#58 /home/abdmalik1207/Documents/Pembelajaran-2/Laravel/Build-With-Angga/Nomads-Laravel/vendor/laravel/framework/src/Illuminate/Pipeline/Pipeline.php(180): Illuminate\\Foundation\\Http\\Middleware\\PreventRequestsDuringMaintenance->handle()
#59 /home/abdmalik1207/Documents/Pembelajaran-2/Laravel/Build-With-Angga/Nomads-Laravel/vendor/laravel/framework/src/Illuminate/Http/Middleware/TrustProxies.php(39): Illuminate\\Pipeline\\Pipeline->Illuminate\\Pipeline\\{closure}()
#60 /home/abdmalik1207/Documents/Pembelajaran-2/Laravel/Build-With-Angga/Nomads-Laravel/vendor/laravel/framework/src/Illuminate/Pipeline/Pipeline.php(180): Illuminate\\Http\\Middleware\\TrustProxies->handle()
#61 /home/abdmalik1207/Documents/Pembelajaran-2/Laravel/Build-With-Angga/Nomads-Laravel/vendor/laravel/framework/src/Illuminate/Pipeline/Pipeline.php(116): Illuminate\\Pipeline\\Pipeline->Illuminate\\Pipeline\\{closure}()
#62 /home/abdmalik1207/Documents/Pembelajaran-2/Laravel/Build-With-Angga/Nomads-Laravel/vendor/laravel/framework/src/Illuminate/Foundation/Http/Kernel.php(142): Illuminate\\Pipeline\\Pipeline->then()
#63 /home/abdmalik1207/Documents/Pembelajaran-2/Laravel/Build-With-Angga/Nomads-Laravel/vendor/laravel/framework/src/Illuminate/Foundation/Http/Kernel.php(111): Illuminate\\Foundation\\Http\\Kernel->sendRequestThroughRouter()
#64 /home/abdmalik1207/Documents/Pembelajaran-2/Laravel/Build-With-Angga/Nomads-Laravel/public/index.php(55): Illuminate\\Foundation\\Http\\Kernel->handle()
#65 /home/abdmalik1207/Documents/Pembelajaran-2/Laravel/Build-With-Angga/Nomads-Laravel/vendor/laravel/framework/src/Illuminate/Foundation/resources/server.php(16): require_once('...')
#66 {main}
"} 
