[2022-03-02 02:17:52] local.ERROR: syntax error, unexpected end of file {"exception":"[object] (ParseError(code: 0): syntax error, unexpected end of file at /home/sendal/laravel/routing/routes/web.php:28)
[stacktrace]
#0 /home/sendal/laravel/routing/vendor/laravel/framework/src/Illuminate/Routing/Router.php(429): Illuminate\\Routing\\RouteFileRegistrar->register()
#1 /home/sendal/laravel/routing/vendor/laravel/framework/src/Illuminate/Routing/Router.php(385): Illuminate\\Routing\\Router->loadRoutes()
#2 /home/sendal/laravel/routing/vendor/laravel/framework/src/Illuminate/Routing/RouteRegistrar.php(163): Illuminate\\Routing\\Router->group()
#3 /home/sendal/laravel/routing/app/Providers/RouteServiceProvider.php(37): Illuminate\\Routing\\RouteRegistrar->group()
#4 /home/sendal/laravel/routing/vendor/laravel/framework/src/Illuminate/Container/BoundMethod.php(36): App\\Providers\\RouteServiceProvider->App\\Providers\\{closure}()
#5 /home/sendal/laravel/routing/vendor/laravel/framework/src/Illuminate/Container/Util.php(41): Illuminate\\Container\\BoundMethod::Illuminate\\Container\\{closure}()
#6 /home/sendal/laravel/routing/vendor/laravel/framework/src/Illuminate/Container/BoundMethod.php(81): Illuminate\\Container\\Util::unwrapIfClosure()
#7 /home/sendal/laravel/routing/vendor/laravel/framework/src/Illuminate/Container/BoundMethod.php(37): Illuminate\\Container\\BoundMethod::callBoundMethod()
#8 /home/sendal/laravel/routing/vendor/laravel/framework/src/Illuminate/Container/Container.php(653): Illuminate\\Container\\BoundMethod::call()
#9 /home/sendal/laravel/routing/vendor/laravel/framework/src/Illuminate/Foundation/Support/Providers/RouteServiceProvider.php(120): Illuminate\\Container\\Container->call()
#10 /home/sendal/laravel/routing/vendor/laravel/framework/src/Illuminate/Foundation/Support/Providers/RouteServiceProvider.php(45): Illuminate\\Foundation\\Support\\Providers\\RouteServiceProvider->loadRoutes()
#11 /home/sendal/laravel/routing/vendor/laravel/framework/src/Illuminate/Container/BoundMethod.php(36): Illuminate\\Foundation\\Support\\Providers\\RouteServiceProvider->Illuminate\\Foundation\\Support\\Providers\\{closure}()
#12 /home/sendal/laravel/routing/vendor/laravel/framework/src/Illuminate/Container/Util.php(41): Illuminate\\Container\\BoundMethod::Illuminate\\Container\\{closure}()
#13 /home/sendal/laravel/routing/vendor/laravel/framework/src/Illuminate/Container/BoundMethod.php(81): Illuminate\\Container\\Util::unwrapIfClosure()
#14 /home/sendal/laravel/routing/vendor/laravel/framework/src/Illuminate/Container/BoundMethod.php(37): Illuminate\\Container\\BoundMethod::callBoundMethod()
#15 /home/sendal/laravel/routing/vendor/laravel/framework/src/Illuminate/Container/Container.php(653): Illuminate\\Container\\BoundMethod::call()
#16 /home/sendal/laravel/routing/vendor/laravel/framework/src/Illuminate/Support/ServiceProvider.php(119): Illuminate\\Container\\Container->call()
#17 /home/sendal/laravel/routing/vendor/laravel/framework/src/Illuminate/Foundation/Application.php(931): Illuminate\\Support\\ServiceProvider->callBootedCallbacks()
#18 /home/sendal/laravel/routing/vendor/laravel/framework/src/Illuminate/Foundation/Application.php(909): Illuminate\\Foundation\\Application->bootProvider()
#19 [internal function]: Illuminate\\Foundation\\Application->Illuminate\\Foundation\\{closure}()
#20 /home/sendal/laravel/routing/vendor/laravel/framework/src/Illuminate/Foundation/Application.php(910): array_walk()
#21 /home/sendal/laravel/routing/vendor/laravel/framework/src/Illuminate/Foundation/Bootstrap/BootProviders.php(17): Illuminate\\Foundation\\Application->boot()
#22 /home/sendal/laravel/routing/vendor/laravel/framework/src/Illuminate/Foundation/Application.php(239): Illuminate\\Foundation\\Bootstrap\\BootProviders->bootstrap()
#23 /home/sendal/laravel/routing/vendor/laravel/framework/src/Illuminate/Foundation/Http/Kernel.php(153): Illuminate\\Foundation\\Application->bootstrapWith()
#24 /home/sendal/laravel/routing/vendor/laravel/framework/src/Illuminate/Foundation/Http/Kernel.php(137): Illuminate\\Foundation\\Http\\Kernel->bootstrap()
#25 /home/sendal/laravel/routing/vendor/laravel/framework/src/Illuminate/Foundation/Http/Kernel.php(111): Illuminate\\Foundation\\Http\\Kernel->sendRequestThroughRouter()
#26 /home/sendal/laravel/routing/public/index.php(52): Illuminate\\Foundation\\Http\\Kernel->handle()
#27 /home/sendal/laravel/routing/vendor/laravel/framework/src/Illuminate/Foundation/resources/server.php(16): require_once('...')
#28 {main}
"} 
[2022-03-02 02:26:55] local.ERROR: syntax error, unexpected identifier "text", expecting "," or ";" {"exception":"[object] (ParseError(code: 0): syntax error, unexpected identifier \"text\", expecting \",\" or \";\" at /home/sendal/laravel/routing/routes/web.php:30)
[stacktrace]
#0 /home/sendal/laravel/routing/vendor/laravel/framework/src/Illuminate/Routing/Router.php(429): Illuminate\\Routing\\RouteFileRegistrar->register()
#1 /home/sendal/laravel/routing/vendor/laravel/framework/src/Illuminate/Routing/Router.php(385): Illuminate\\Routing\\Router->loadRoutes()
#2 /home/sendal/laravel/routing/vendor/laravel/framework/src/Illuminate/Routing/RouteRegistrar.php(163): Illuminate\\Routing\\Router->group()
#3 /home/sendal/laravel/routing/app/Providers/RouteServiceProvider.php(37): Illuminate\\Routing\\RouteRegistrar->group()
#4 /home/sendal/laravel/routing/vendor/laravel/framework/src/Illuminate/Container/BoundMethod.php(36): App\\Providers\\RouteServiceProvider->App\\Providers\\{closure}()
#5 /home/sendal/laravel/routing/vendor/laravel/framework/src/Illuminate/Container/Util.php(41): Illuminate\\Container\\BoundMethod::Illuminate\\Container\\{closure}()
#6 /home/sendal/laravel/routing/vendor/laravel/framework/src/Illuminate/Container/BoundMethod.php(81): Illuminate\\Container\\Util::unwrapIfClosure()
#7 /home/sendal/laravel/routing/vendor/laravel/framework/src/Illuminate/Container/BoundMethod.php(37): Illuminate\\Container\\BoundMethod::callBoundMethod()
#8 /home/sendal/laravel/routing/vendor/laravel/framework/src/Illuminate/Container/Container.php(653): Illuminate\\Container\\BoundMethod::call()
#9 /home/sendal/laravel/routing/vendor/laravel/framework/src/Illuminate/Foundation/Support/Providers/RouteServiceProvider.php(120): Illuminate\\Container\\Container->call()
#10 /home/sendal/laravel/routing/vendor/laravel/framework/src/Illuminate/Foundation/Support/Providers/RouteServiceProvider.php(45): Illuminate\\Foundation\\Support\\Providers\\RouteServiceProvider->loadRoutes()
#11 /home/sendal/laravel/routing/vendor/laravel/framework/src/Illuminate/Container/BoundMethod.php(36): Illuminate\\Foundation\\Support\\Providers\\RouteServiceProvider->Illuminate\\Foundation\\Support\\Providers\\{closure}()
#12 /home/sendal/laravel/routing/vendor/laravel/framework/src/Illuminate/Container/Util.php(41): Illuminate\\Container\\BoundMethod::Illuminate\\Container\\{closure}()
#13 /home/sendal/laravel/routing/vendor/laravel/framework/src/Illuminate/Container/BoundMethod.php(81): Illuminate\\Container\\Util::unwrapIfClosure()
#14 /home/sendal/laravel/routing/vendor/laravel/framework/src/Illuminate/Container/BoundMethod.php(37): Illuminate\\Container\\BoundMethod::callBoundMethod()
#15 /home/sendal/laravel/routing/vendor/laravel/framework/src/Illuminate/Container/Container.php(653): Illuminate\\Container\\BoundMethod::call()
#16 /home/sendal/laravel/routing/vendor/laravel/framework/src/Illuminate/Support/ServiceProvider.php(119): Illuminate\\Container\\Container->call()
#17 /home/sendal/laravel/routing/vendor/laravel/framework/src/Illuminate/Foundation/Application.php(931): Illuminate\\Support\\ServiceProvider->callBootedCallbacks()
#18 /home/sendal/laravel/routing/vendor/laravel/framework/src/Illuminate/Foundation/Application.php(909): Illuminate\\Foundation\\Application->bootProvider()
#19 [internal function]: Illuminate\\Foundation\\Application->Illuminate\\Foundation\\{closure}()
#20 /home/sendal/laravel/routing/vendor/laravel/framework/src/Illuminate/Foundation/Application.php(910): array_walk()
#21 /home/sendal/laravel/routing/vendor/laravel/framework/src/Illuminate/Foundation/Bootstrap/BootProviders.php(17): Illuminate\\Foundation\\Application->boot()
#22 /home/sendal/laravel/routing/vendor/laravel/framework/src/Illuminate/Foundation/Application.php(239): Illuminate\\Foundation\\Bootstrap\\BootProviders->bootstrap()
#23 /home/sendal/laravel/routing/vendor/laravel/framework/src/Illuminate/Foundation/Http/Kernel.php(153): Illuminate\\Foundation\\Application->bootstrapWith()
#24 /home/sendal/laravel/routing/vendor/laravel/framework/src/Illuminate/Foundation/Http/Kernel.php(137): Illuminate\\Foundation\\Http\\Kernel->bootstrap()
#25 /home/sendal/laravel/routing/vendor/laravel/framework/src/Illuminate/Foundation/Http/Kernel.php(111): Illuminate\\Foundation\\Http\\Kernel->sendRequestThroughRouter()
#26 /home/sendal/laravel/routing/public/index.php(52): Illuminate\\Foundation\\Http\\Kernel->handle()
#27 /home/sendal/laravel/routing/vendor/laravel/framework/src/Illuminate/Foundation/resources/server.php(16): require_once('...')
#28 {main}
"} 
[2022-03-02 02:44:07] local.ERROR: syntax error, unexpected end of file {"exception":"[object] (ParseError(code: 0): syntax error, unexpected end of file at /home/sendal/laravel/routing/routes/web.php:42)
[stacktrace]
#0 /home/sendal/laravel/routing/vendor/laravel/framework/src/Illuminate/Routing/Router.php(429): Illuminate\\Routing\\RouteFileRegistrar->register()
#1 /home/sendal/laravel/routing/vendor/laravel/framework/src/Illuminate/Routing/Router.php(385): Illuminate\\Routing\\Router->loadRoutes()
#2 /home/sendal/laravel/routing/vendor/laravel/framework/src/Illuminate/Routing/RouteRegistrar.php(163): Illuminate\\Routing\\Router->group()
#3 /home/sendal/laravel/routing/app/Providers/RouteServiceProvider.php(37): Illuminate\\Routing\\RouteRegistrar->group()
#4 /home/sendal/laravel/routing/vendor/laravel/framework/src/Illuminate/Container/BoundMethod.php(36): App\\Providers\\RouteServiceProvider->App\\Providers\\{closure}()
#5 /home/sendal/laravel/routing/vendor/laravel/framework/src/Illuminate/Container/Util.php(41): Illuminate\\Container\\BoundMethod::Illuminate\\Container\\{closure}()
#6 /home/sendal/laravel/routing/vendor/laravel/framework/src/Illuminate/Container/BoundMethod.php(81): Illuminate\\Container\\Util::unwrapIfClosure()
#7 /home/sendal/laravel/routing/vendor/laravel/framework/src/Illuminate/Container/BoundMethod.php(37): Illuminate\\Container\\BoundMethod::callBoundMethod()
#8 /home/sendal/laravel/routing/vendor/laravel/framework/src/Illuminate/Container/Container.php(653): Illuminate\\Container\\BoundMethod::call()
#9 /home/sendal/laravel/routing/vendor/laravel/framework/src/Illuminate/Foundation/Support/Providers/RouteServiceProvider.php(120): Illuminate\\Container\\Container->call()
#10 /home/sendal/laravel/routing/vendor/laravel/framework/src/Illuminate/Foundation/Support/Providers/RouteServiceProvider.php(45): Illuminate\\Foundation\\Support\\Providers\\RouteServiceProvider->loadRoutes()
#11 /home/sendal/laravel/routing/vendor/laravel/framework/src/Illuminate/Container/BoundMethod.php(36): Illuminate\\Foundation\\Support\\Providers\\RouteServiceProvider->Illuminate\\Foundation\\Support\\Providers\\{closure}()
#12 /home/sendal/laravel/routing/vendor/laravel/framework/src/Illuminate/Container/Util.php(41): Illuminate\\Container\\BoundMethod::Illuminate\\Container\\{closure}()
#13 /home/sendal/laravel/routing/vendor/laravel/framework/src/Illuminate/Container/BoundMethod.php(81): Illuminate\\Container\\Util::unwrapIfClosure()
#14 /home/sendal/laravel/routing/vendor/laravel/framework/src/Illuminate/Container/BoundMethod.php(37): Illuminate\\Container\\BoundMethod::callBoundMethod()
#15 /home/sendal/laravel/routing/vendor/laravel/framework/src/Illuminate/Container/Container.php(653): Illuminate\\Container\\BoundMethod::call()
#16 /home/sendal/laravel/routing/vendor/laravel/framework/src/Illuminate/Support/ServiceProvider.php(119): Illuminate\\Container\\Container->call()
#17 /home/sendal/laravel/routing/vendor/laravel/framework/src/Illuminate/Foundation/Application.php(931): Illuminate\\Support\\ServiceProvider->callBootedCallbacks()
#18 /home/sendal/laravel/routing/vendor/laravel/framework/src/Illuminate/Foundation/Application.php(909): Illuminate\\Foundation\\Application->bootProvider()
#19 [internal function]: Illuminate\\Foundation\\Application->Illuminate\\Foundation\\{closure}()
#20 /home/sendal/laravel/routing/vendor/laravel/framework/src/Illuminate/Foundation/Application.php(910): array_walk()
#21 /home/sendal/laravel/routing/vendor/laravel/framework/src/Illuminate/Foundation/Bootstrap/BootProviders.php(17): Illuminate\\Foundation\\Application->boot()
#22 /home/sendal/laravel/routing/vendor/laravel/framework/src/Illuminate/Foundation/Application.php(239): Illuminate\\Foundation\\Bootstrap\\BootProviders->bootstrap()
#23 /home/sendal/laravel/routing/vendor/laravel/framework/src/Illuminate/Foundation/Http/Kernel.php(153): Illuminate\\Foundation\\Application->bootstrapWith()
#24 /home/sendal/laravel/routing/vendor/laravel/framework/src/Illuminate/Foundation/Http/Kernel.php(137): Illuminate\\Foundation\\Http\\Kernel->bootstrap()
#25 /home/sendal/laravel/routing/vendor/laravel/framework/src/Illuminate/Foundation/Http/Kernel.php(111): Illuminate\\Foundation\\Http\\Kernel->sendRequestThroughRouter()
#26 /home/sendal/laravel/routing/public/index.php(52): Illuminate\\Foundation\\Http\\Kernel->handle()
#27 /home/sendal/laravel/routing/vendor/laravel/framework/src/Illuminate/Foundation/resources/server.php(16): require_once('...')
#28 {main}
"} 
[2022-03-02 02:44:08] local.ERROR: syntax error, unexpected end of file {"exception":"[object] (ParseError(code: 0): syntax error, unexpected end of file at /home/sendal/laravel/routing/routes/web.php:42)
[stacktrace]
#0 /home/sendal/laravel/routing/vendor/laravel/framework/src/Illuminate/Routing/Router.php(429): Illuminate\\Routing\\RouteFileRegistrar->register()
#1 /home/sendal/laravel/routing/vendor/laravel/framework/src/Illuminate/Routing/Router.php(385): Illuminate\\Routing\\Router->loadRoutes()
#2 /home/sendal/laravel/routing/vendor/laravel/framework/src/Illuminate/Routing/RouteRegistrar.php(163): Illuminate\\Routing\\Router->group()
#3 /home/sendal/laravel/routing/app/Providers/RouteServiceProvider.php(37): Illuminate\\Routing\\RouteRegistrar->group()
#4 /home/sendal/laravel/routing/vendor/laravel/framework/src/Illuminate/Container/BoundMethod.php(36): App\\Providers\\RouteServiceProvider->App\\Providers\\{closure}()
#5 /home/sendal/laravel/routing/vendor/laravel/framework/src/Illuminate/Container/Util.php(41): Illuminate\\Container\\BoundMethod::Illuminate\\Container\\{closure}()
#6 /home/sendal/laravel/routing/vendor/laravel/framework/src/Illuminate/Container/BoundMethod.php(81): Illuminate\\Container\\Util::unwrapIfClosure()
#7 /home/sendal/laravel/routing/vendor/laravel/framework/src/Illuminate/Container/BoundMethod.php(37): Illuminate\\Container\\BoundMethod::callBoundMethod()
#8 /home/sendal/laravel/routing/vendor/laravel/framework/src/Illuminate/Container/Container.php(653): Illuminate\\Container\\BoundMethod::call()
#9 /home/sendal/laravel/routing/vendor/laravel/framework/src/Illuminate/Foundation/Support/Providers/RouteServiceProvider.php(120): Illuminate\\Container\\Container->call()
#10 /home/sendal/laravel/routing/vendor/laravel/framework/src/Illuminate/Foundation/Support/Providers/RouteServiceProvider.php(45): Illuminate\\Foundation\\Support\\Providers\\RouteServiceProvider->loadRoutes()
#11 /home/sendal/laravel/routing/vendor/laravel/framework/src/Illuminate/Container/BoundMethod.php(36): Illuminate\\Foundation\\Support\\Providers\\RouteServiceProvider->Illuminate\\Foundation\\Support\\Providers\\{closure}()
#12 /home/sendal/laravel/routing/vendor/laravel/framework/src/Illuminate/Container/Util.php(41): Illuminate\\Container\\BoundMethod::Illuminate\\Container\\{closure}()
#13 /home/sendal/laravel/routing/vendor/laravel/framework/src/Illuminate/Container/BoundMethod.php(81): Illuminate\\Container\\Util::unwrapIfClosure()
#14 /home/sendal/laravel/routing/vendor/laravel/framework/src/Illuminate/Container/BoundMethod.php(37): Illuminate\\Container\\BoundMethod::callBoundMethod()
#15 /home/sendal/laravel/routing/vendor/laravel/framework/src/Illuminate/Container/Container.php(653): Illuminate\\Container\\BoundMethod::call()
#16 /home/sendal/laravel/routing/vendor/laravel/framework/src/Illuminate/Support/ServiceProvider.php(119): Illuminate\\Container\\Container->call()
#17 /home/sendal/laravel/routing/vendor/laravel/framework/src/Illuminate/Foundation/Application.php(931): Illuminate\\Support\\ServiceProvider->callBootedCallbacks()
#18 /home/sendal/laravel/routing/vendor/laravel/framework/src/Illuminate/Foundation/Application.php(909): Illuminate\\Foundation\\Application->bootProvider()
#19 [internal function]: Illuminate\\Foundation\\Application->Illuminate\\Foundation\\{closure}()
#20 /home/sendal/laravel/routing/vendor/laravel/framework/src/Illuminate/Foundation/Application.php(910): array_walk()
#21 /home/sendal/laravel/routing/vendor/laravel/framework/src/Illuminate/Foundation/Bootstrap/BootProviders.php(17): Illuminate\\Foundation\\Application->boot()
#22 /home/sendal/laravel/routing/vendor/laravel/framework/src/Illuminate/Foundation/Application.php(239): Illuminate\\Foundation\\Bootstrap\\BootProviders->bootstrap()
#23 /home/sendal/laravel/routing/vendor/laravel/framework/src/Illuminate/Foundation/Http/Kernel.php(153): Illuminate\\Foundation\\Application->bootstrapWith()
#24 /home/sendal/laravel/routing/vendor/laravel/framework/src/Illuminate/Foundation/Http/Kernel.php(137): Illuminate\\Foundation\\Http\\Kernel->bootstrap()
#25 /home/sendal/laravel/routing/vendor/laravel/framework/src/Illuminate/Foundation/Http/Kernel.php(111): Illuminate\\Foundation\\Http\\Kernel->sendRequestThroughRouter()
#26 /home/sendal/laravel/routing/public/index.php(52): Illuminate\\Foundation\\Http\\Kernel->handle()
#27 /home/sendal/laravel/routing/vendor/laravel/framework/src/Illuminate/Foundation/resources/server.php(16): require_once('...')
#28 {main}
"} 
[2022-03-02 02:44:13] local.ERROR: syntax error, unexpected end of file {"exception":"[object] (ParseError(code: 0): syntax error, unexpected end of file at /home/sendal/laravel/routing/routes/web.php:42)
[stacktrace]
#0 /home/sendal/laravel/routing/vendor/laravel/framework/src/Illuminate/Routing/Router.php(429): Illuminate\\Routing\\RouteFileRegistrar->register()
#1 /home/sendal/laravel/routing/vendor/laravel/framework/src/Illuminate/Routing/Router.php(385): Illuminate\\Routing\\Router->loadRoutes()
#2 /home/sendal/laravel/routing/vendor/laravel/framework/src/Illuminate/Routing/RouteRegistrar.php(163): Illuminate\\Routing\\Router->group()
#3 /home/sendal/laravel/routing/app/Providers/RouteServiceProvider.php(37): Illuminate\\Routing\\RouteRegistrar->group()
#4 /home/sendal/laravel/routing/vendor/laravel/framework/src/Illuminate/Container/BoundMethod.php(36): App\\Providers\\RouteServiceProvider->App\\Providers\\{closure}()
#5 /home/sendal/laravel/routing/vendor/laravel/framework/src/Illuminate/Container/Util.php(41): Illuminate\\Container\\BoundMethod::Illuminate\\Container\\{closure}()
#6 /home/sendal/laravel/routing/vendor/laravel/framework/src/Illuminate/Container/BoundMethod.php(81): Illuminate\\Container\\Util::unwrapIfClosure()
#7 /home/sendal/laravel/routing/vendor/laravel/framework/src/Illuminate/Container/BoundMethod.php(37): Illuminate\\Container\\BoundMethod::callBoundMethod()
#8 /home/sendal/laravel/routing/vendor/laravel/framework/src/Illuminate/Container/Container.php(653): Illuminate\\Container\\BoundMethod::call()
#9 /home/sendal/laravel/routing/vendor/laravel/framework/src/Illuminate/Foundation/Support/Providers/RouteServiceProvider.php(120): Illuminate\\Container\\Container->call()
#10 /home/sendal/laravel/routing/vendor/laravel/framework/src/Illuminate/Foundation/Support/Providers/RouteServiceProvider.php(45): Illuminate\\Foundation\\Support\\Providers\\RouteServiceProvider->loadRoutes()
#11 /home/sendal/laravel/routing/vendor/laravel/framework/src/Illuminate/Container/BoundMethod.php(36): Illuminate\\Foundation\\Support\\Providers\\RouteServiceProvider->Illuminate\\Foundation\\Support\\Providers\\{closure}()
#12 /home/sendal/laravel/routing/vendor/laravel/framework/src/Illuminate/Container/Util.php(41): Illuminate\\Container\\BoundMethod::Illuminate\\Container\\{closure}()
#13 /home/sendal/laravel/routing/vendor/laravel/framework/src/Illuminate/Container/BoundMethod.php(81): Illuminate\\Container\\Util::unwrapIfClosure()
#14 /home/sendal/laravel/routing/vendor/laravel/framework/src/Illuminate/Container/BoundMethod.php(37): Illuminate\\Container\\BoundMethod::callBoundMethod()
#15 /home/sendal/laravel/routing/vendor/laravel/framework/src/Illuminate/Container/Container.php(653): Illuminate\\Container\\BoundMethod::call()
#16 /home/sendal/laravel/routing/vendor/laravel/framework/src/Illuminate/Support/ServiceProvider.php(119): Illuminate\\Container\\Container->call()
#17 /home/sendal/laravel/routing/vendor/laravel/framework/src/Illuminate/Foundation/Application.php(931): Illuminate\\Support\\ServiceProvider->callBootedCallbacks()
#18 /home/sendal/laravel/routing/vendor/laravel/framework/src/Illuminate/Foundation/Application.php(909): Illuminate\\Foundation\\Application->bootProvider()
#19 [internal function]: Illuminate\\Foundation\\Application->Illuminate\\Foundation\\{closure}()
#20 /home/sendal/laravel/routing/vendor/laravel/framework/src/Illuminate/Foundation/Application.php(910): array_walk()
#21 /home/sendal/laravel/routing/vendor/laravel/framework/src/Illuminate/Foundation/Bootstrap/BootProviders.php(17): Illuminate\\Foundation\\Application->boot()
#22 /home/sendal/laravel/routing/vendor/laravel/framework/src/Illuminate/Foundation/Application.php(239): Illuminate\\Foundation\\Bootstrap\\BootProviders->bootstrap()
#23 /home/sendal/laravel/routing/vendor/laravel/framework/src/Illuminate/Foundation/Http/Kernel.php(153): Illuminate\\Foundation\\Application->bootstrapWith()
#24 /home/sendal/laravel/routing/vendor/laravel/framework/src/Illuminate/Foundation/Http/Kernel.php(137): Illuminate\\Foundation\\Http\\Kernel->bootstrap()
#25 /home/sendal/laravel/routing/vendor/laravel/framework/src/Illuminate/Foundation/Http/Kernel.php(111): Illuminate\\Foundation\\Http\\Kernel->sendRequestThroughRouter()
#26 /home/sendal/laravel/routing/public/index.php(52): Illuminate\\Foundation\\Http\\Kernel->handle()
#27 /home/sendal/laravel/routing/vendor/laravel/framework/src/Illuminate/Foundation/resources/server.php(16): require_once('...')
#28 {main}
"} 
[2022-03-02 02:45:55] local.ERROR: Too few arguments to function Illuminate\Routing\RouteFileRegistrar::{closure}(), 0 passed in /home/sendal/laravel/routing/vendor/laravel/framework/src/Illuminate/Routing/Route.php on line 237 and exactly 2 expected {"exception":"[object] (ArgumentCountError(code: 0): Too few arguments to function Illuminate\\Routing\\RouteFileRegistrar::{closure}(), 0 passed in /home/sendal/laravel/routing/vendor/laravel/framework/src/Illuminate/Routing/Route.php on line 237 and exactly 2 expected at /home/sendal/laravel/routing/routes/web.php:42)
[stacktrace]
#0 /home/sendal/laravel/routing/vendor/laravel/framework/src/Illuminate/Routing/Route.php(237): Illuminate\\Routing\\RouteFileRegistrar->{closure}()
#1 /home/sendal/laravel/routing/vendor/laravel/framework/src/Illuminate/Routing/Route.php(207): Illuminate\\Routing\\Route->runCallable()
#2 /home/sendal/laravel/routing/vendor/laravel/framework/src/Illuminate/Routing/Router.php(725): Illuminate\\Routing\\Route->run()
#3 /home/sendal/laravel/routing/vendor/laravel/framework/src/Illuminate/Pipeline/Pipeline.php(128): Illuminate\\Routing\\Router->Illuminate\\Routing\\{closure}()
#4 /home/sendal/laravel/routing/vendor/laravel/framework/src/Illuminate/Routing/Middleware/SubstituteBindings.php(50): Illuminate\\Pipeline\\Pipeline->Illuminate\\Pipeline\\{closure}()
#5 /home/sendal/laravel/routing/vendor/laravel/framework/src/Illuminate/Pipeline/Pipeline.php(167): Illuminate\\Routing\\Middleware\\SubstituteBindings->handle()
#6 /home/sendal/laravel/routing/vendor/laravel/framework/src/Illuminate/Foundation/Http/Middleware/VerifyCsrfToken.php(78): Illuminate\\Pipeline\\Pipeline->Illuminate\\Pipeline\\{closure}()
#7 /home/sendal/laravel/routing/vendor/laravel/framework/src/Illuminate/Pipeline/Pipeline.php(167): Illuminate\\Foundation\\Http\\Middleware\\VerifyCsrfToken->handle()
#8 /home/sendal/laravel/routing/vendor/laravel/framework/src/Illuminate/View/Middleware/ShareErrorsFromSession.php(49): Illuminate\\Pipeline\\Pipeline->Illuminate\\Pipeline\\{closure}()
#9 /home/sendal/laravel/routing/vendor/laravel/framework/src/Illuminate/Pipeline/Pipeline.php(167): Illuminate\\View\\Middleware\\ShareErrorsFromSession->handle()
#10 /home/sendal/laravel/routing/vendor/laravel/framework/src/Illuminate/Session/Middleware/StartSession.php(121): Illuminate\\Pipeline\\Pipeline->Illuminate\\Pipeline\\{closure}()
#11 /home/sendal/laravel/routing/vendor/laravel/framework/src/Illuminate/Session/Middleware/StartSession.php(64): Illuminate\\Session\\Middleware\\StartSession->handleStatefulRequest()
#12 /home/sendal/laravel/routing/vendor/laravel/framework/src/Illuminate/Pipeline/Pipeline.php(167): Illuminate\\Session\\Middleware\\StartSession->handle()
#13 /home/sendal/laravel/routing/vendor/laravel/framework/src/Illuminate/Cookie/Middleware/AddQueuedCookiesToResponse.php(37): Illuminate\\Pipeline\\Pipeline->Illuminate\\Pipeline\\{closure}()
#14 /home/sendal/laravel/routing/vendor/laravel/framework/src/Illuminate/Pipeline/Pipeline.php(167): Illuminate\\Cookie\\Middleware\\AddQueuedCookiesToResponse->handle()
#15 /home/sendal/laravel/routing/vendor/laravel/framework/src/Illuminate/Cookie/Middleware/EncryptCookies.php(67): Illuminate\\Pipeline\\Pipeline->Illuminate\\Pipeline\\{closure}()
#16 /home/sendal/laravel/routing/vendor/laravel/framework/src/Illuminate/Pipeline/Pipeline.php(167): Illuminate\\Cookie\\Middleware\\EncryptCookies->handle()
#17 /home/sendal/laravel/routing/vendor/laravel/framework/src/Illuminate/Pipeline/Pipeline.php(103): Illuminate\\Pipeline\\Pipeline->Illuminate\\Pipeline\\{closure}()
#18 /home/sendal/laravel/routing/vendor/laravel/framework/src/Illuminate/Routing/Router.php(727): Illuminate\\Pipeline\\Pipeline->then()
#19 /home/sendal/laravel/routing/vendor/laravel/framework/src/Illuminate/Routing/Router.php(702): Illuminate\\Routing\\Router->runRouteWithinStack()
#20 /home/sendal/laravel/routing/vendor/laravel/framework/src/Illuminate/Routing/Router.php(666): Illuminate\\Routing\\Router->runRoute()
#21 /home/sendal/laravel/routing/vendor/laravel/framework/src/Illuminate/Routing/Router.php(655): Illuminate\\Routing\\Router->dispatchToRoute()
#22 /home/sendal/laravel/routing/vendor/laravel/framework/src/Illuminate/Foundation/Http/Kernel.php(167): Illuminate\\Routing\\Router->dispatch()
#23 /home/sendal/laravel/routing/vendor/laravel/framework/src/Illuminate/Pipeline/Pipeline.php(128): Illuminate\\Foundation\\Http\\Kernel->Illuminate\\Foundation\\Http\\{closure}()
#24 /home/sendal/laravel/routing/vendor/laravel/framework/src/Illuminate/Foundation/Http/Middleware/TransformsRequest.php(21): Illuminate\\Pipeline\\Pipeline->Illuminate\\Pipeline\\{closure}()
#25 /home/sendal/laravel/routing/vendor/laravel/framework/src/Illuminate/Foundation/Http/Middleware/ConvertEmptyStringsToNull.php(31): Illuminate\\Foundation\\Http\\Middleware\\TransformsRequest->handle()
#26 /home/sendal/laravel/routing/vendor/laravel/framework/src/Illuminate/Pipeline/Pipeline.php(167): Illuminate\\Foundation\\Http\\Middleware\\ConvertEmptyStringsToNull->handle()
#27 /home/sendal/laravel/routing/vendor/laravel/framework/src/Illuminate/Foundation/Http/Middleware/TransformsRequest.php(21): Illuminate\\Pipeline\\Pipeline->Illuminate\\Pipeline\\{closure}()
#28 /home/sendal/laravel/routing/vendor/laravel/framework/src/Illuminate/Foundation/Http/Middleware/TrimStrings.php(40): Illuminate\\Foundation\\Http\\Middleware\\TransformsRequest->handle()
#29 /home/sendal/laravel/routing/vendor/laravel/framework/src/Illuminate/Pipeline/Pipeline.php(167): Illuminate\\Foundation\\Http\\Middleware\\TrimStrings->handle()
#30 /home/sendal/laravel/routing/vendor/laravel/framework/src/Illuminate/Foundation/Http/Middleware/ValidatePostSize.php(27): Illuminate\\Pipeline\\Pipeline->Illuminate\\Pipeline\\{closure}()
#31 /home/sendal/laravel/routing/vendor/laravel/framework/src/Illuminate/Pipeline/Pipeline.php(167): Illuminate\\Foundation\\Http\\Middleware\\ValidatePostSize->handle()
#32 /home/sendal/laravel/routing/vendor/laravel/framework/src/Illuminate/Foundation/Http/Middleware/PreventRequestsDuringMaintenance.php(86): Illuminate\\Pipeline\\Pipeline->Illuminate\\Pipeline\\{closure}()
#33 /home/sendal/laravel/routing/vendor/laravel/framework/src/Illuminate/Pipeline/Pipeline.php(167): Illuminate\\Foundation\\Http\\Middleware\\PreventRequestsDuringMaintenance->handle()
#34 /home/sendal/laravel/routing/vendor/laravel/framework/src/Illuminate/Http/Middleware/HandleCors.php(49): Illuminate\\Pipeline\\Pipeline->Illuminate\\Pipeline\\{closure}()
#35 /home/sendal/laravel/routing/vendor/laravel/framework/src/Illuminate/Pipeline/Pipeline.php(167): Illuminate\\Http\\Middleware\\HandleCors->handle()
#36 /home/sendal/laravel/routing/vendor/laravel/framework/src/Illuminate/Http/Middleware/TrustProxies.php(39): Illuminate\\Pipeline\\Pipeline->Illuminate\\Pipeline\\{closure}()
#37 /home/sendal/laravel/routing/vendor/laravel/framework/src/Illuminate/Pipeline/Pipeline.php(167): Illuminate\\Http\\Middleware\\TrustProxies->handle()
#38 /home/sendal/laravel/routing/vendor/laravel/framework/src/Illuminate/Pipeline/Pipeline.php(103): Illuminate\\Pipeline\\Pipeline->Illuminate\\Pipeline\\{closure}()
#39 /home/sendal/laravel/routing/vendor/laravel/framework/src/Illuminate/Foundation/Http/Kernel.php(142): Illuminate\\Pipeline\\Pipeline->then()
#40 /home/sendal/laravel/routing/vendor/laravel/framework/src/Illuminate/Foundation/Http/Kernel.php(111): Illuminate\\Foundation\\Http\\Kernel->sendRequestThroughRouter()
#41 /home/sendal/laravel/routing/public/index.php(52): Illuminate\\Foundation\\Http\\Kernel->handle()
#42 /home/sendal/laravel/routing/vendor/laravel/framework/src/Illuminate/Foundation/resources/server.php(16): require_once('...')
#43 {main}
"} 
[2022-03-02 02:57:21] local.ERROR: syntax error, unexpected token "=" {"exception":"[object] (ParseError(code: 0): syntax error, unexpected token \"=\" at /home/sendal/laravel/routing/routes/web.php:48)
[stacktrace]
#0 /home/sendal/laravel/routing/vendor/laravel/framework/src/Illuminate/Routing/Router.php(429): Illuminate\\Routing\\RouteFileRegistrar->register()
#1 /home/sendal/laravel/routing/vendor/laravel/framework/src/Illuminate/Routing/Router.php(385): Illuminate\\Routing\\Router->loadRoutes()
#2 /home/sendal/laravel/routing/vendor/laravel/framework/src/Illuminate/Routing/RouteRegistrar.php(163): Illuminate\\Routing\\Router->group()
#3 /home/sendal/laravel/routing/app/Providers/RouteServiceProvider.php(37): Illuminate\\Routing\\RouteRegistrar->group()
#4 /home/sendal/laravel/routing/vendor/laravel/framework/src/Illuminate/Container/BoundMethod.php(36): App\\Providers\\RouteServiceProvider->App\\Providers\\{closure}()
#5 /home/sendal/laravel/routing/vendor/laravel/framework/src/Illuminate/Container/Util.php(41): Illuminate\\Container\\BoundMethod::Illuminate\\Container\\{closure}()
#6 /home/sendal/laravel/routing/vendor/laravel/framework/src/Illuminate/Container/BoundMethod.php(81): Illuminate\\Container\\Util::unwrapIfClosure()
#7 /home/sendal/laravel/routing/vendor/laravel/framework/src/Illuminate/Container/BoundMethod.php(37): Illuminate\\Container\\BoundMethod::callBoundMethod()
#8 /home/sendal/laravel/routing/vendor/laravel/framework/src/Illuminate/Container/Container.php(653): Illuminate\\Container\\BoundMethod::call()
#9 /home/sendal/laravel/routing/vendor/laravel/framework/src/Illuminate/Foundation/Support/Providers/RouteServiceProvider.php(120): Illuminate\\Container\\Container->call()
#10 /home/sendal/laravel/routing/vendor/laravel/framework/src/Illuminate/Foundation/Support/Providers/RouteServiceProvider.php(45): Illuminate\\Foundation\\Support\\Providers\\RouteServiceProvider->loadRoutes()
#11 /home/sendal/laravel/routing/vendor/laravel/framework/src/Illuminate/Container/BoundMethod.php(36): Illuminate\\Foundation\\Support\\Providers\\RouteServiceProvider->Illuminate\\Foundation\\Support\\Providers\\{closure}()
#12 /home/sendal/laravel/routing/vendor/laravel/framework/src/Illuminate/Container/Util.php(41): Illuminate\\Container\\BoundMethod::Illuminate\\Container\\{closure}()
#13 /home/sendal/laravel/routing/vendor/laravel/framework/src/Illuminate/Container/BoundMethod.php(81): Illuminate\\Container\\Util::unwrapIfClosure()
#14 /home/sendal/laravel/routing/vendor/laravel/framework/src/Illuminate/Container/BoundMethod.php(37): Illuminate\\Container\\BoundMethod::callBoundMethod()
#15 /home/sendal/laravel/routing/vendor/laravel/framework/src/Illuminate/Container/Container.php(653): Illuminate\\Container\\BoundMethod::call()
#16 /home/sendal/laravel/routing/vendor/laravel/framework/src/Illuminate/Support/ServiceProvider.php(119): Illuminate\\Container\\Container->call()
#17 /home/sendal/laravel/routing/vendor/laravel/framework/src/Illuminate/Foundation/Application.php(931): Illuminate\\Support\\ServiceProvider->callBootedCallbacks()
#18 /home/sendal/laravel/routing/vendor/laravel/framework/src/Illuminate/Foundation/Application.php(909): Illuminate\\Foundation\\Application->bootProvider()
#19 [internal function]: Illuminate\\Foundation\\Application->Illuminate\\Foundation\\{closure}()
#20 /home/sendal/laravel/routing/vendor/laravel/framework/src/Illuminate/Foundation/Application.php(910): array_walk()
#21 /home/sendal/laravel/routing/vendor/laravel/framework/src/Illuminate/Foundation/Bootstrap/BootProviders.php(17): Illuminate\\Foundation\\Application->boot()
#22 /home/sendal/laravel/routing/vendor/laravel/framework/src/Illuminate/Foundation/Application.php(239): Illuminate\\Foundation\\Bootstrap\\BootProviders->bootstrap()
#23 /home/sendal/laravel/routing/vendor/laravel/framework/src/Illuminate/Foundation/Http/Kernel.php(153): Illuminate\\Foundation\\Application->bootstrapWith()
#24 /home/sendal/laravel/routing/vendor/laravel/framework/src/Illuminate/Foundation/Http/Kernel.php(137): Illuminate\\Foundation\\Http\\Kernel->bootstrap()
#25 /home/sendal/laravel/routing/vendor/laravel/framework/src/Illuminate/Foundation/Http/Kernel.php(111): Illuminate\\Foundation\\Http\\Kernel->sendRequestThroughRouter()
#26 /home/sendal/laravel/routing/public/index.php(52): Illuminate\\Foundation\\Http\\Kernel->handle()
#27 /home/sendal/laravel/routing/vendor/laravel/framework/src/Illuminate/Foundation/resources/server.php(16): require_once('...')
#28 {main}
"} 
[2022-03-02 02:57:29] local.ERROR: syntax error, unexpected token "=" {"exception":"[object] (ParseError(code: 0): syntax error, unexpected token \"=\" at /home/sendal/laravel/routing/routes/web.php:48)
[stacktrace]
#0 /home/sendal/laravel/routing/vendor/laravel/framework/src/Illuminate/Routing/Router.php(429): Illuminate\\Routing\\RouteFileRegistrar->register()
#1 /home/sendal/laravel/routing/vendor/laravel/framework/src/Illuminate/Routing/Router.php(385): Illuminate\\Routing\\Router->loadRoutes()
#2 /home/sendal/laravel/routing/vendor/laravel/framework/src/Illuminate/Routing/RouteRegistrar.php(163): Illuminate\\Routing\\Router->group()
#3 /home/sendal/laravel/routing/app/Providers/RouteServiceProvider.php(37): Illuminate\\Routing\\RouteRegistrar->group()
#4 /home/sendal/laravel/routing/vendor/laravel/framework/src/Illuminate/Container/BoundMethod.php(36): App\\Providers\\RouteServiceProvider->App\\Providers\\{closure}()
#5 /home/sendal/laravel/routing/vendor/laravel/framework/src/Illuminate/Container/Util.php(41): Illuminate\\Container\\BoundMethod::Illuminate\\Container\\{closure}()
#6 /home/sendal/laravel/routing/vendor/laravel/framework/src/Illuminate/Container/BoundMethod.php(81): Illuminate\\Container\\Util::unwrapIfClosure()
#7 /home/sendal/laravel/routing/vendor/laravel/framework/src/Illuminate/Container/BoundMethod.php(37): Illuminate\\Container\\BoundMethod::callBoundMethod()
#8 /home/sendal/laravel/routing/vendor/laravel/framework/src/Illuminate/Container/Container.php(653): Illuminate\\Container\\BoundMethod::call()
#9 /home/sendal/laravel/routing/vendor/laravel/framework/src/Illuminate/Foundation/Support/Providers/RouteServiceProvider.php(120): Illuminate\\Container\\Container->call()
#10 /home/sendal/laravel/routing/vendor/laravel/framework/src/Illuminate/Foundation/Support/Providers/RouteServiceProvider.php(45): Illuminate\\Foundation\\Support\\Providers\\RouteServiceProvider->loadRoutes()
#11 /home/sendal/laravel/routing/vendor/laravel/framework/src/Illuminate/Container/BoundMethod.php(36): Illuminate\\Foundation\\Support\\Providers\\RouteServiceProvider->Illuminate\\Foundation\\Support\\Providers\\{closure}()
#12 /home/sendal/laravel/routing/vendor/laravel/framework/src/Illuminate/Container/Util.php(41): Illuminate\\Container\\BoundMethod::Illuminate\\Container\\{closure}()
#13 /home/sendal/laravel/routing/vendor/laravel/framework/src/Illuminate/Container/BoundMethod.php(81): Illuminate\\Container\\Util::unwrapIfClosure()
#14 /home/sendal/laravel/routing/vendor/laravel/framework/src/Illuminate/Container/BoundMethod.php(37): Illuminate\\Container\\BoundMethod::callBoundMethod()
#15 /home/sendal/laravel/routing/vendor/laravel/framework/src/Illuminate/Container/Container.php(653): Illuminate\\Container\\BoundMethod::call()
#16 /home/sendal/laravel/routing/vendor/laravel/framework/src/Illuminate/Support/ServiceProvider.php(119): Illuminate\\Container\\Container->call()
#17 /home/sendal/laravel/routing/vendor/laravel/framework/src/Illuminate/Foundation/Application.php(931): Illuminate\\Support\\ServiceProvider->callBootedCallbacks()
#18 /home/sendal/laravel/routing/vendor/laravel/framework/src/Illuminate/Foundation/Application.php(909): Illuminate\\Foundation\\Application->bootProvider()
#19 [internal function]: Illuminate\\Foundation\\Application->Illuminate\\Foundation\\{closure}()
#20 /home/sendal/laravel/routing/vendor/laravel/framework/src/Illuminate/Foundation/Application.php(910): array_walk()
#21 /home/sendal/laravel/routing/vendor/laravel/framework/src/Illuminate/Foundation/Bootstrap/BootProviders.php(17): Illuminate\\Foundation\\Application->boot()
#22 /home/sendal/laravel/routing/vendor/laravel/framework/src/Illuminate/Foundation/Application.php(239): Illuminate\\Foundation\\Bootstrap\\BootProviders->bootstrap()
#23 /home/sendal/laravel/routing/vendor/laravel/framework/src/Illuminate/Foundation/Http/Kernel.php(153): Illuminate\\Foundation\\Application->bootstrapWith()
#24 /home/sendal/laravel/routing/vendor/laravel/framework/src/Illuminate/Foundation/Http/Kernel.php(137): Illuminate\\Foundation\\Http\\Kernel->bootstrap()
#25 /home/sendal/laravel/routing/vendor/laravel/framework/src/Illuminate/Foundation/Http/Kernel.php(111): Illuminate\\Foundation\\Http\\Kernel->sendRequestThroughRouter()
#26 /home/sendal/laravel/routing/public/index.php(52): Illuminate\\Foundation\\Http\\Kernel->handle()
#27 /home/sendal/laravel/routing/vendor/laravel/framework/src/Illuminate/Foundation/resources/server.php(16): require_once('...')
#28 {main}
"} 
[2022-03-02 02:57:35] local.ERROR: syntax error, unexpected token "=" {"exception":"[object] (ParseError(code: 0): syntax error, unexpected token \"=\" at /home/sendal/laravel/routing/routes/web.php:48)
[stacktrace]
#0 /home/sendal/laravel/routing/vendor/laravel/framework/src/Illuminate/Routing/Router.php(429): Illuminate\\Routing\\RouteFileRegistrar->register()
#1 /home/sendal/laravel/routing/vendor/laravel/framework/src/Illuminate/Routing/Router.php(385): Illuminate\\Routing\\Router->loadRoutes()
#2 /home/sendal/laravel/routing/vendor/laravel/framework/src/Illuminate/Routing/RouteRegistrar.php(163): Illuminate\\Routing\\Router->group()
#3 /home/sendal/laravel/routing/app/Providers/RouteServiceProvider.php(37): Illuminate\\Routing\\RouteRegistrar->group()
#4 /home/sendal/laravel/routing/vendor/laravel/framework/src/Illuminate/Container/BoundMethod.php(36): App\\Providers\\RouteServiceProvider->App\\Providers\\{closure}()
#5 /home/sendal/laravel/routing/vendor/laravel/framework/src/Illuminate/Container/Util.php(41): Illuminate\\Container\\BoundMethod::Illuminate\\Container\\{closure}()
#6 /home/sendal/laravel/routing/vendor/laravel/framework/src/Illuminate/Container/BoundMethod.php(81): Illuminate\\Container\\Util::unwrapIfClosure()
#7 /home/sendal/laravel/routing/vendor/laravel/framework/src/Illuminate/Container/BoundMethod.php(37): Illuminate\\Container\\BoundMethod::callBoundMethod()
#8 /home/sendal/laravel/routing/vendor/laravel/framework/src/Illuminate/Container/Container.php(653): Illuminate\\Container\\BoundMethod::call()
#9 /home/sendal/laravel/routing/vendor/laravel/framework/src/Illuminate/Foundation/Support/Providers/RouteServiceProvider.php(120): Illuminate\\Container\\Container->call()
#10 /home/sendal/laravel/routing/vendor/laravel/framework/src/Illuminate/Foundation/Support/Providers/RouteServiceProvider.php(45): Illuminate\\Foundation\\Support\\Providers\\RouteServiceProvider->loadRoutes()
#11 /home/sendal/laravel/routing/vendor/laravel/framework/src/Illuminate/Container/BoundMethod.php(36): Illuminate\\Foundation\\Support\\Providers\\RouteServiceProvider->Illuminate\\Foundation\\Support\\Providers\\{closure}()
#12 /home/sendal/laravel/routing/vendor/laravel/framework/src/Illuminate/Container/Util.php(41): Illuminate\\Container\\BoundMethod::Illuminate\\Container\\{closure}()
#13 /home/sendal/laravel/routing/vendor/laravel/framework/src/Illuminate/Container/BoundMethod.php(81): Illuminate\\Container\\Util::unwrapIfClosure()
#14 /home/sendal/laravel/routing/vendor/laravel/framework/src/Illuminate/Container/BoundMethod.php(37): Illuminate\\Container\\BoundMethod::callBoundMethod()
#15 /home/sendal/laravel/routing/vendor/laravel/framework/src/Illuminate/Container/Container.php(653): Illuminate\\Container\\BoundMethod::call()
#16 /home/sendal/laravel/routing/vendor/laravel/framework/src/Illuminate/Support/ServiceProvider.php(119): Illuminate\\Container\\Container->call()
#17 /home/sendal/laravel/routing/vendor/laravel/framework/src/Illuminate/Foundation/Application.php(931): Illuminate\\Support\\ServiceProvider->callBootedCallbacks()
#18 /home/sendal/laravel/routing/vendor/laravel/framework/src/Illuminate/Foundation/Application.php(909): Illuminate\\Foundation\\Application->bootProvider()
#19 [internal function]: Illuminate\\Foundation\\Application->Illuminate\\Foundation\\{closure}()
#20 /home/sendal/laravel/routing/vendor/laravel/framework/src/Illuminate/Foundation/Application.php(910): array_walk()
#21 /home/sendal/laravel/routing/vendor/laravel/framework/src/Illuminate/Foundation/Bootstrap/BootProviders.php(17): Illuminate\\Foundation\\Application->boot()
#22 /home/sendal/laravel/routing/vendor/laravel/framework/src/Illuminate/Foundation/Application.php(239): Illuminate\\Foundation\\Bootstrap\\BootProviders->bootstrap()
#23 /home/sendal/laravel/routing/vendor/laravel/framework/src/Illuminate/Foundation/Http/Kernel.php(153): Illuminate\\Foundation\\Application->bootstrapWith()
#24 /home/sendal/laravel/routing/vendor/laravel/framework/src/Illuminate/Foundation/Http/Kernel.php(137): Illuminate\\Foundation\\Http\\Kernel->bootstrap()
#25 /home/sendal/laravel/routing/vendor/laravel/framework/src/Illuminate/Foundation/Http/Kernel.php(111): Illuminate\\Foundation\\Http\\Kernel->sendRequestThroughRouter()
#26 /home/sendal/laravel/routing/public/index.php(52): Illuminate\\Foundation\\Http\\Kernel->handle()
#27 /home/sendal/laravel/routing/vendor/laravel/framework/src/Illuminate/Foundation/resources/server.php(16): require_once('...')
#28 {main}
"} 
[2022-03-02 03:05:57] local.ERROR: Undefined constant "int" {"exception":"[object] (Error(code: 0): Undefined constant \"int\" at /home/sendal/laravel/routing/routes/web.php:48)
[stacktrace]
#0 /home/sendal/laravel/routing/vendor/laravel/framework/src/Illuminate/Routing/Route.php(237): Illuminate\\Routing\\RouteFileRegistrar->{closure}()
#1 /home/sendal/laravel/routing/vendor/laravel/framework/src/Illuminate/Routing/Route.php(207): Illuminate\\Routing\\Route->runCallable()
#2 /home/sendal/laravel/routing/vendor/laravel/framework/src/Illuminate/Routing/Router.php(725): Illuminate\\Routing\\Route->run()
#3 /home/sendal/laravel/routing/vendor/laravel/framework/src/Illuminate/Pipeline/Pipeline.php(128): Illuminate\\Routing\\Router->Illuminate\\Routing\\{closure}()
#4 /home/sendal/laravel/routing/vendor/laravel/framework/src/Illuminate/Routing/Middleware/SubstituteBindings.php(50): Illuminate\\Pipeline\\Pipeline->Illuminate\\Pipeline\\{closure}()
#5 /home/sendal/laravel/routing/vendor/laravel/framework/src/Illuminate/Pipeline/Pipeline.php(167): Illuminate\\Routing\\Middleware\\SubstituteBindings->handle()
#6 /home/sendal/laravel/routing/vendor/laravel/framework/src/Illuminate/Foundation/Http/Middleware/VerifyCsrfToken.php(78): Illuminate\\Pipeline\\Pipeline->Illuminate\\Pipeline\\{closure}()
#7 /home/sendal/laravel/routing/vendor/laravel/framework/src/Illuminate/Pipeline/Pipeline.php(167): Illuminate\\Foundation\\Http\\Middleware\\VerifyCsrfToken->handle()
#8 /home/sendal/laravel/routing/vendor/laravel/framework/src/Illuminate/View/Middleware/ShareErrorsFromSession.php(49): Illuminate\\Pipeline\\Pipeline->Illuminate\\Pipeline\\{closure}()
#9 /home/sendal/laravel/routing/vendor/laravel/framework/src/Illuminate/Pipeline/Pipeline.php(167): Illuminate\\View\\Middleware\\ShareErrorsFromSession->handle()
#10 /home/sendal/laravel/routing/vendor/laravel/framework/src/Illuminate/Session/Middleware/StartSession.php(121): Illuminate\\Pipeline\\Pipeline->Illuminate\\Pipeline\\{closure}()
#11 /home/sendal/laravel/routing/vendor/laravel/framework/src/Illuminate/Session/Middleware/StartSession.php(64): Illuminate\\Session\\Middleware\\StartSession->handleStatefulRequest()
#12 /home/sendal/laravel/routing/vendor/laravel/framework/src/Illuminate/Pipeline/Pipeline.php(167): Illuminate\\Session\\Middleware\\StartSession->handle()
#13 /home/sendal/laravel/routing/vendor/laravel/framework/src/Illuminate/Cookie/Middleware/AddQueuedCookiesToResponse.php(37): Illuminate\\Pipeline\\Pipeline->Illuminate\\Pipeline\\{closure}()
#14 /home/sendal/laravel/routing/vendor/laravel/framework/src/Illuminate/Pipeline/Pipeline.php(167): Illuminate\\Cookie\\Middleware\\AddQueuedCookiesToResponse->handle()
#15 /home/sendal/laravel/routing/vendor/laravel/framework/src/Illuminate/Cookie/Middleware/EncryptCookies.php(67): Illuminate\\Pipeline\\Pipeline->Illuminate\\Pipeline\\{closure}()
#16 /home/sendal/laravel/routing/vendor/laravel/framework/src/Illuminate/Pipeline/Pipeline.php(167): Illuminate\\Cookie\\Middleware\\EncryptCookies->handle()
#17 /home/sendal/laravel/routing/vendor/laravel/framework/src/Illuminate/Pipeline/Pipeline.php(103): Illuminate\\Pipeline\\Pipeline->Illuminate\\Pipeline\\{closure}()
#18 /home/sendal/laravel/routing/vendor/laravel/framework/src/Illuminate/Routing/Router.php(727): Illuminate\\Pipeline\\Pipeline->then()
#19 /home/sendal/laravel/routing/vendor/laravel/framework/src/Illuminate/Routing/Router.php(702): Illuminate\\Routing\\Router->runRouteWithinStack()
#20 /home/sendal/laravel/routing/vendor/laravel/framework/src/Illuminate/Routing/Router.php(666): Illuminate\\Routing\\Router->runRoute()
#21 /home/sendal/laravel/routing/vendor/laravel/framework/src/Illuminate/Routing/Router.php(655): Illuminate\\Routing\\Router->dispatchToRoute()
#22 /home/sendal/laravel/routing/vendor/laravel/framework/src/Illuminate/Foundation/Http/Kernel.php(167): Illuminate\\Routing\\Router->dispatch()
#23 /home/sendal/laravel/routing/vendor/laravel/framework/src/Illuminate/Pipeline/Pipeline.php(128): Illuminate\\Foundation\\Http\\Kernel->Illuminate\\Foundation\\Http\\{closure}()
#24 /home/sendal/laravel/routing/vendor/laravel/framework/src/Illuminate/Foundation/Http/Middleware/TransformsRequest.php(21): Illuminate\\Pipeline\\Pipeline->Illuminate\\Pipeline\\{closure}()
#25 /home/sendal/laravel/routing/vendor/laravel/framework/src/Illuminate/Foundation/Http/Middleware/ConvertEmptyStringsToNull.php(31): Illuminate\\Foundation\\Http\\Middleware\\TransformsRequest->handle()
#26 /home/sendal/laravel/routing/vendor/laravel/framework/src/Illuminate/Pipeline/Pipeline.php(167): Illuminate\\Foundation\\Http\\Middleware\\ConvertEmptyStringsToNull->handle()
#27 /home/sendal/laravel/routing/vendor/laravel/framework/src/Illuminate/Foundation/Http/Middleware/TransformsRequest.php(21): Illuminate\\Pipeline\\Pipeline->Illuminate\\Pipeline\\{closure}()
#28 /home/sendal/laravel/routing/vendor/laravel/framework/src/Illuminate/Foundation/Http/Middleware/TrimStrings.php(40): Illuminate\\Foundation\\Http\\Middleware\\TransformsRequest->handle()
#29 /home/sendal/laravel/routing/vendor/laravel/framework/src/Illuminate/Pipeline/Pipeline.php(167): Illuminate\\Foundation\\Http\\Middleware\\TrimStrings->handle()
#30 /home/sendal/laravel/routing/vendor/laravel/framework/src/Illuminate/Foundation/Http/Middleware/ValidatePostSize.php(27): Illuminate\\Pipeline\\Pipeline->Illuminate\\Pipeline\\{closure}()
#31 /home/sendal/laravel/routing/vendor/laravel/framework/src/Illuminate/Pipeline/Pipeline.php(167): Illuminate\\Foundation\\Http\\Middleware\\ValidatePostSize->handle()
#32 /home/sendal/laravel/routing/vendor/laravel/framework/src/Illuminate/Foundation/Http/Middleware/PreventRequestsDuringMaintenance.php(86): Illuminate\\Pipeline\\Pipeline->Illuminate\\Pipeline\\{closure}()
#33 /home/sendal/laravel/routing/vendor/laravel/framework/src/Illuminate/Pipeline/Pipeline.php(167): Illuminate\\Foundation\\Http\\Middleware\\PreventRequestsDuringMaintenance->handle()
#34 /home/sendal/laravel/routing/vendor/laravel/framework/src/Illuminate/Http/Middleware/HandleCors.php(49): Illuminate\\Pipeline\\Pipeline->Illuminate\\Pipeline\\{closure}()
#35 /home/sendal/laravel/routing/vendor/laravel/framework/src/Illuminate/Pipeline/Pipeline.php(167): Illuminate\\Http\\Middleware\\HandleCors->handle()
#36 /home/sendal/laravel/routing/vendor/laravel/framework/src/Illuminate/Http/Middleware/TrustProxies.php(39): Illuminate\\Pipeline\\Pipeline->Illuminate\\Pipeline\\{closure}()
#37 /home/sendal/laravel/routing/vendor/laravel/framework/src/Illuminate/Pipeline/Pipeline.php(167): Illuminate\\Http\\Middleware\\TrustProxies->handle()
#38 /home/sendal/laravel/routing/vendor/laravel/framework/src/Illuminate/Pipeline/Pipeline.php(103): Illuminate\\Pipeline\\Pipeline->Illuminate\\Pipeline\\{closure}()
#39 /home/sendal/laravel/routing/vendor/laravel/framework/src/Illuminate/Foundation/Http/Kernel.php(142): Illuminate\\Pipeline\\Pipeline->then()
#40 /home/sendal/laravel/routing/vendor/laravel/framework/src/Illuminate/Foundation/Http/Kernel.php(111): Illuminate\\Foundation\\Http\\Kernel->sendRequestThroughRouter()
#41 /home/sendal/laravel/routing/public/index.php(52): Illuminate\\Foundation\\Http\\Kernel->handle()
#42 /home/sendal/laravel/routing/vendor/laravel/framework/src/Illuminate/Foundation/resources/server.php(16): require_once('...')
#43 {main}
"} 
[2022-03-02 03:18:14] local.ERROR: syntax error, unexpected single-quoted string "" {"exception":"[object] (ParseError(code: 0): syntax error, unexpected single-quoted string \"\" at /home/sendal/laravel/routing/routes/web.php:59)
[stacktrace]
#0 /home/sendal/laravel/routing/vendor/laravel/framework/src/Illuminate/Routing/Router.php(429): Illuminate\\Routing\\RouteFileRegistrar->register()
#1 /home/sendal/laravel/routing/vendor/laravel/framework/src/Illuminate/Routing/Router.php(385): Illuminate\\Routing\\Router->loadRoutes()
#2 /home/sendal/laravel/routing/vendor/laravel/framework/src/Illuminate/Routing/RouteRegistrar.php(163): Illuminate\\Routing\\Router->group()
#3 /home/sendal/laravel/routing/app/Providers/RouteServiceProvider.php(37): Illuminate\\Routing\\RouteRegistrar->group()
#4 /home/sendal/laravel/routing/vendor/laravel/framework/src/Illuminate/Container/BoundMethod.php(36): App\\Providers\\RouteServiceProvider->App\\Providers\\{closure}()
#5 /home/sendal/laravel/routing/vendor/laravel/framework/src/Illuminate/Container/Util.php(41): Illuminate\\Container\\BoundMethod::Illuminate\\Container\\{closure}()
#6 /home/sendal/laravel/routing/vendor/laravel/framework/src/Illuminate/Container/BoundMethod.php(81): Illuminate\\Container\\Util::unwrapIfClosure()
#7 /home/sendal/laravel/routing/vendor/laravel/framework/src/Illuminate/Container/BoundMethod.php(37): Illuminate\\Container\\BoundMethod::callBoundMethod()
#8 /home/sendal/laravel/routing/vendor/laravel/framework/src/Illuminate/Container/Container.php(653): Illuminate\\Container\\BoundMethod::call()
#9 /home/sendal/laravel/routing/vendor/laravel/framework/src/Illuminate/Foundation/Support/Providers/RouteServiceProvider.php(120): Illuminate\\Container\\Container->call()
#10 /home/sendal/laravel/routing/vendor/laravel/framework/src/Illuminate/Foundation/Support/Providers/RouteServiceProvider.php(45): Illuminate\\Foundation\\Support\\Providers\\RouteServiceProvider->loadRoutes()
#11 /home/sendal/laravel/routing/vendor/laravel/framework/src/Illuminate/Container/BoundMethod.php(36): Illuminate\\Foundation\\Support\\Providers\\RouteServiceProvider->Illuminate\\Foundation\\Support\\Providers\\{closure}()
#12 /home/sendal/laravel/routing/vendor/laravel/framework/src/Illuminate/Container/Util.php(41): Illuminate\\Container\\BoundMethod::Illuminate\\Container\\{closure}()
#13 /home/sendal/laravel/routing/vendor/laravel/framework/src/Illuminate/Container/BoundMethod.php(81): Illuminate\\Container\\Util::unwrapIfClosure()
#14 /home/sendal/laravel/routing/vendor/laravel/framework/src/Illuminate/Container/BoundMethod.php(37): Illuminate\\Container\\BoundMethod::callBoundMethod()
#15 /home/sendal/laravel/routing/vendor/laravel/framework/src/Illuminate/Container/Container.php(653): Illuminate\\Container\\BoundMethod::call()
#16 /home/sendal/laravel/routing/vendor/laravel/framework/src/Illuminate/Support/ServiceProvider.php(119): Illuminate\\Container\\Container->call()
#17 /home/sendal/laravel/routing/vendor/laravel/framework/src/Illuminate/Foundation/Application.php(931): Illuminate\\Support\\ServiceProvider->callBootedCallbacks()
#18 /home/sendal/laravel/routing/vendor/laravel/framework/src/Illuminate/Foundation/Application.php(909): Illuminate\\Foundation\\Application->bootProvider()
#19 [internal function]: Illuminate\\Foundation\\Application->Illuminate\\Foundation\\{closure}()
#20 /home/sendal/laravel/routing/vendor/laravel/framework/src/Illuminate/Foundation/Application.php(910): array_walk()
#21 /home/sendal/laravel/routing/vendor/laravel/framework/src/Illuminate/Foundation/Bootstrap/BootProviders.php(17): Illuminate\\Foundation\\Application->boot()
#22 /home/sendal/laravel/routing/vendor/laravel/framework/src/Illuminate/Foundation/Application.php(239): Illuminate\\Foundation\\Bootstrap\\BootProviders->bootstrap()
#23 /home/sendal/laravel/routing/vendor/laravel/framework/src/Illuminate/Foundation/Http/Kernel.php(153): Illuminate\\Foundation\\Application->bootstrapWith()
#24 /home/sendal/laravel/routing/vendor/laravel/framework/src/Illuminate/Foundation/Http/Kernel.php(137): Illuminate\\Foundation\\Http\\Kernel->bootstrap()
#25 /home/sendal/laravel/routing/vendor/laravel/framework/src/Illuminate/Foundation/Http/Kernel.php(111): Illuminate\\Foundation\\Http\\Kernel->sendRequestThroughRouter()
#26 /home/sendal/laravel/routing/public/index.php(52): Illuminate\\Foundation\\Http\\Kernel->handle()
#27 /home/sendal/laravel/routing/vendor/laravel/framework/src/Illuminate/Foundation/resources/server.php(16): require_once('...')
#28 {main}
"} 
