[2022-03-18 09:26:26] local.ERROR: Not enough arguments (missing: "name"). {"exception":"[object] (Symfony\\Component\\Console\\Exception\\RuntimeException(code: 0): Not enough arguments (missing: \"name\"). at /home/abdmalik/laravel/tugas-middleware-session/vendor/symfony/console/Input/Input.php:76)
[stacktrace]
#0 /home/abdmalik/laravel/tugas-middleware-session/vendor/symfony/console/Command/Command.php(286): Symfony\\Component\\Console\\Input\\Input->validate()
#1 /home/abdmalik/laravel/tugas-middleware-session/vendor/laravel/framework/src/Illuminate/Console/Command.php(121): Symfony\\Component\\Console\\Command\\Command->run()
#2 /home/abdmalik/laravel/tugas-middleware-session/vendor/symfony/console/Application.php(989): Illuminate\\Console\\Command->run()
#3 /home/abdmalik/laravel/tugas-middleware-session/vendor/symfony/console/Application.php(299): Symfony\\Component\\Console\\Application->doRunCommand()
#4 /home/abdmalik/laravel/tugas-middleware-session/vendor/symfony/console/Application.php(171): Symfony\\Component\\Console\\Application->doRun()
#5 /home/abdmalik/laravel/tugas-middleware-session/vendor/laravel/framework/src/Illuminate/Console/Application.php(102): Symfony\\Component\\Console\\Application->run()
#6 /home/abdmalik/laravel/tugas-middleware-session/vendor/laravel/framework/src/Illuminate/Foundation/Console/Kernel.php(129): Illuminate\\Console\\Application->run()
#7 /home/abdmalik/laravel/tugas-middleware-session/artisan(37): Illuminate\\Foundation\\Console\\Kernel->handle()
#8 {main}
"} 
[2022-03-18 09:31:46] local.ERROR: Command "make:MakeMiddleware" is not defined.

Did you mean one of these?
    make:cast
    make:channel
    make:command
    make:component
    make:controller
    make:event
    make:exception
    make:factory
    make:job
    make:listener
    make:mail
    make:middleware
    make:migration
    make:model
    make:notification
    make:observer
    make:policy
    make:provider
    make:request
    make:resource
    make:rule
    make:scope
    make:seeder
    make:test {"exception":"[object] (Symfony\\Component\\Console\\Exception\\CommandNotFoundException(code: 0): Command \"make:MakeMiddleware\" is not defined.

Did you mean one of these?
    make:cast
    make:channel
    make:command
    make:component
    make:controller
    make:event
    make:exception
    make:factory
    make:job
    make:listener
    make:mail
    make:middleware
    make:migration
    make:model
    make:notification
    make:observer
    make:policy
    make:provider
    make:request
    make:resource
    make:rule
    make:scope
    make:seeder
    make:test at /home/abdmalik/laravel/tugas-middleware-session/vendor/symfony/console/Application.php:683)
[stacktrace]
#0 /home/abdmalik/laravel/tugas-middleware-session/vendor/symfony/console/Application.php(259): Symfony\\Component\\Console\\Application->find()
#1 /home/abdmalik/laravel/tugas-middleware-session/vendor/symfony/console/Application.php(171): Symfony\\Component\\Console\\Application->doRun()
#2 /home/abdmalik/laravel/tugas-middleware-session/vendor/laravel/framework/src/Illuminate/Console/Application.php(102): Symfony\\Component\\Console\\Application->run()
#3 /home/abdmalik/laravel/tugas-middleware-session/vendor/laravel/framework/src/Illuminate/Foundation/Console/Kernel.php(129): Illuminate\\Console\\Application->run()
#4 /home/abdmalik/laravel/tugas-middleware-session/artisan(37): Illuminate\\Foundation\\Console\\Kernel->handle()
#5 {main}
"} 
[2022-03-18 09:50:02] local.ERROR: Target class [MahasiswaController] does not exist. {"exception":"[object] (Illuminate\\Contracts\\Container\\BindingResolutionException(code: 0): Target class [MahasiswaController] does not exist. at /home/abdmalik/laravel/tugas-middleware-session/vendor/laravel/framework/src/Illuminate/Container/Container.php:879)
[stacktrace]
#0 /home/abdmalik/laravel/tugas-middleware-session/vendor/laravel/framework/src/Illuminate/Container/Container.php(758): Illuminate\\Container\\Container->build()
#1 /home/abdmalik/laravel/tugas-middleware-session/vendor/laravel/framework/src/Illuminate/Foundation/Application.php(855): Illuminate\\Container\\Container->resolve()
#2 /home/abdmalik/laravel/tugas-middleware-session/vendor/laravel/framework/src/Illuminate/Container/Container.php(694): Illuminate\\Foundation\\Application->resolve()
#3 /home/abdmalik/laravel/tugas-middleware-session/vendor/laravel/framework/src/Illuminate/Foundation/Application.php(840): Illuminate\\Container\\Container->make()
#4 /home/abdmalik/laravel/tugas-middleware-session/vendor/laravel/framework/src/Illuminate/Routing/Route.php(275): Illuminate\\Foundation\\Application->make()
#5 /home/abdmalik/laravel/tugas-middleware-session/vendor/laravel/framework/src/Illuminate/Routing/Route.php(1071): Illuminate\\Routing\\Route->getController()
#6 /home/abdmalik/laravel/tugas-middleware-session/vendor/laravel/framework/src/Illuminate/Routing/Route.php(1014): Illuminate\\Routing\\Route->controllerMiddleware()
#7 /home/abdmalik/laravel/tugas-middleware-session/vendor/laravel/framework/src/Illuminate/Routing/Router.php(738): Illuminate\\Routing\\Route->gatherMiddleware()
#8 /home/abdmalik/laravel/tugas-middleware-session/vendor/laravel/framework/src/Illuminate/Routing/Router.php(718): Illuminate\\Routing\\Router->gatherRouteMiddleware()
#9 /home/abdmalik/laravel/tugas-middleware-session/vendor/laravel/framework/src/Illuminate/Routing/Router.php(702): Illuminate\\Routing\\Router->runRouteWithinStack()
#10 /home/abdmalik/laravel/tugas-middleware-session/vendor/laravel/framework/src/Illuminate/Routing/Router.php(666): Illuminate\\Routing\\Router->runRoute()
#11 /home/abdmalik/laravel/tugas-middleware-session/vendor/laravel/framework/src/Illuminate/Routing/Router.php(655): Illuminate\\Routing\\Router->dispatchToRoute()
#12 /home/abdmalik/laravel/tugas-middleware-session/vendor/laravel/framework/src/Illuminate/Foundation/Http/Kernel.php(167): Illuminate\\Routing\\Router->dispatch()
#13 /home/abdmalik/laravel/tugas-middleware-session/vendor/laravel/framework/src/Illuminate/Pipeline/Pipeline.php(141): Illuminate\\Foundation\\Http\\Kernel->Illuminate\\Foundation\\Http\\{closure}()
#14 /home/abdmalik/laravel/tugas-middleware-session/vendor/laravel/framework/src/Illuminate/Foundation/Http/Middleware/TransformsRequest.php(21): Illuminate\\Pipeline\\Pipeline->Illuminate\\Pipeline\\{closure}()
#15 /home/abdmalik/laravel/tugas-middleware-session/vendor/laravel/framework/src/Illuminate/Foundation/Http/Middleware/ConvertEmptyStringsToNull.php(31): Illuminate\\Foundation\\Http\\Middleware\\TransformsRequest->handle()
#16 /home/abdmalik/laravel/tugas-middleware-session/vendor/laravel/framework/src/Illuminate/Pipeline/Pipeline.php(180): Illuminate\\Foundation\\Http\\Middleware\\ConvertEmptyStringsToNull->handle()
#17 /home/abdmalik/laravel/tugas-middleware-session/vendor/laravel/framework/src/Illuminate/Foundation/Http/Middleware/TransformsRequest.php(21): Illuminate\\Pipeline\\Pipeline->Illuminate\\Pipeline\\{closure}()
#18 /home/abdmalik/laravel/tugas-middleware-session/vendor/laravel/framework/src/Illuminate/Foundation/Http/Middleware/TrimStrings.php(40): Illuminate\\Foundation\\Http\\Middleware\\TransformsRequest->handle()
#19 /home/abdmalik/laravel/tugas-middleware-session/vendor/laravel/framework/src/Illuminate/Pipeline/Pipeline.php(180): Illuminate\\Foundation\\Http\\Middleware\\TrimStrings->handle()
#20 /home/abdmalik/laravel/tugas-middleware-session/vendor/laravel/framework/src/Illuminate/Foundation/Http/Middleware/ValidatePostSize.php(27): Illuminate\\Pipeline\\Pipeline->Illuminate\\Pipeline\\{closure}()
#21 /home/abdmalik/laravel/tugas-middleware-session/vendor/laravel/framework/src/Illuminate/Pipeline/Pipeline.php(180): Illuminate\\Foundation\\Http\\Middleware\\ValidatePostSize->handle()
#22 /home/abdmalik/laravel/tugas-middleware-session/vendor/laravel/framework/src/Illuminate/Foundation/Http/Middleware/PreventRequestsDuringMaintenance.php(86): Illuminate\\Pipeline\\Pipeline->Illuminate\\Pipeline\\{closure}()
#23 /home/abdmalik/laravel/tugas-middleware-session/vendor/laravel/framework/src/Illuminate/Pipeline/Pipeline.php(180): Illuminate\\Foundation\\Http\\Middleware\\PreventRequestsDuringMaintenance->handle()
#24 /home/abdmalik/laravel/tugas-middleware-session/vendor/laravel/framework/src/Illuminate/Http/Middleware/HandleCors.php(49): Illuminate\\Pipeline\\Pipeline->Illuminate\\Pipeline\\{closure}()
#25 /home/abdmalik/laravel/tugas-middleware-session/vendor/laravel/framework/src/Illuminate/Pipeline/Pipeline.php(180): Illuminate\\Http\\Middleware\\HandleCors->handle()
#26 /home/abdmalik/laravel/tugas-middleware-session/vendor/laravel/framework/src/Illuminate/Http/Middleware/TrustProxies.php(39): Illuminate\\Pipeline\\Pipeline->Illuminate\\Pipeline\\{closure}()
#27 /home/abdmalik/laravel/tugas-middleware-session/vendor/laravel/framework/src/Illuminate/Pipeline/Pipeline.php(180): Illuminate\\Http\\Middleware\\TrustProxies->handle()
#28 /home/abdmalik/laravel/tugas-middleware-session/vendor/laravel/framework/src/Illuminate/Pipeline/Pipeline.php(116): Illuminate\\Pipeline\\Pipeline->Illuminate\\Pipeline\\{closure}()
#29 /home/abdmalik/laravel/tugas-middleware-session/vendor/laravel/framework/src/Illuminate/Foundation/Http/Kernel.php(142): Illuminate\\Pipeline\\Pipeline->then()
#30 /home/abdmalik/laravel/tugas-middleware-session/vendor/laravel/framework/src/Illuminate/Foundation/Http/Kernel.php(111): Illuminate\\Foundation\\Http\\Kernel->sendRequestThroughRouter()
#31 /home/abdmalik/laravel/tugas-middleware-session/public/index.php(52): Illuminate\\Foundation\\Http\\Kernel->handle()
#32 /home/abdmalik/laravel/tugas-middleware-session/vendor/laravel/framework/src/Illuminate/Foundation/resources/server.php(16): require_once('...')
#33 {main}

[previous exception] [object] (ReflectionException(code: -1): Class \"MahasiswaController\" does not exist at /home/abdmalik/laravel/tugas-middleware-session/vendor/laravel/framework/src/Illuminate/Container/Container.php:877)
[stacktrace]
#0 /home/abdmalik/laravel/tugas-middleware-session/vendor/laravel/framework/src/Illuminate/Container/Container.php(877): ReflectionClass->__construct()
#1 /home/abdmalik/laravel/tugas-middleware-session/vendor/laravel/framework/src/Illuminate/Container/Container.php(758): Illuminate\\Container\\Container->build()
#2 /home/abdmalik/laravel/tugas-middleware-session/vendor/laravel/framework/src/Illuminate/Foundation/Application.php(855): Illuminate\\Container\\Container->resolve()
#3 /home/abdmalik/laravel/tugas-middleware-session/vendor/laravel/framework/src/Illuminate/Container/Container.php(694): Illuminate\\Foundation\\Application->resolve()
#4 /home/abdmalik/laravel/tugas-middleware-session/vendor/laravel/framework/src/Illuminate/Foundation/Application.php(840): Illuminate\\Container\\Container->make()
#5 /home/abdmalik/laravel/tugas-middleware-session/vendor/laravel/framework/src/Illuminate/Routing/Route.php(275): Illuminate\\Foundation\\Application->make()
#6 /home/abdmalik/laravel/tugas-middleware-session/vendor/laravel/framework/src/Illuminate/Routing/Route.php(1071): Illuminate\\Routing\\Route->getController()
#7 /home/abdmalik/laravel/tugas-middleware-session/vendor/laravel/framework/src/Illuminate/Routing/Route.php(1014): Illuminate\\Routing\\Route->controllerMiddleware()
#8 /home/abdmalik/laravel/tugas-middleware-session/vendor/laravel/framework/src/Illuminate/Routing/Router.php(738): Illuminate\\Routing\\Route->gatherMiddleware()
#9 /home/abdmalik/laravel/tugas-middleware-session/vendor/laravel/framework/src/Illuminate/Routing/Router.php(718): Illuminate\\Routing\\Router->gatherRouteMiddleware()
#10 /home/abdmalik/laravel/tugas-middleware-session/vendor/laravel/framework/src/Illuminate/Routing/Router.php(702): Illuminate\\Routing\\Router->runRouteWithinStack()
#11 /home/abdmalik/laravel/tugas-middleware-session/vendor/laravel/framework/src/Illuminate/Routing/Router.php(666): Illuminate\\Routing\\Router->runRoute()
#12 /home/abdmalik/laravel/tugas-middleware-session/vendor/laravel/framework/src/Illuminate/Routing/Router.php(655): Illuminate\\Routing\\Router->dispatchToRoute()
#13 /home/abdmalik/laravel/tugas-middleware-session/vendor/laravel/framework/src/Illuminate/Foundation/Http/Kernel.php(167): Illuminate\\Routing\\Router->dispatch()
#14 /home/abdmalik/laravel/tugas-middleware-session/vendor/laravel/framework/src/Illuminate/Pipeline/Pipeline.php(141): Illuminate\\Foundation\\Http\\Kernel->Illuminate\\Foundation\\Http\\{closure}()
#15 /home/abdmalik/laravel/tugas-middleware-session/vendor/laravel/framework/src/Illuminate/Foundation/Http/Middleware/TransformsRequest.php(21): Illuminate\\Pipeline\\Pipeline->Illuminate\\Pipeline\\{closure}()
#16 /home/abdmalik/laravel/tugas-middleware-session/vendor/laravel/framework/src/Illuminate/Foundation/Http/Middleware/ConvertEmptyStringsToNull.php(31): Illuminate\\Foundation\\Http\\Middleware\\TransformsRequest->handle()
#17 /home/abdmalik/laravel/tugas-middleware-session/vendor/laravel/framework/src/Illuminate/Pipeline/Pipeline.php(180): Illuminate\\Foundation\\Http\\Middleware\\ConvertEmptyStringsToNull->handle()
#18 /home/abdmalik/laravel/tugas-middleware-session/vendor/laravel/framework/src/Illuminate/Foundation/Http/Middleware/TransformsRequest.php(21): Illuminate\\Pipeline\\Pipeline->Illuminate\\Pipeline\\{closure}()
#19 /home/abdmalik/laravel/tugas-middleware-session/vendor/laravel/framework/src/Illuminate/Foundation/Http/Middleware/TrimStrings.php(40): Illuminate\\Foundation\\Http\\Middleware\\TransformsRequest->handle()
#20 /home/abdmalik/laravel/tugas-middleware-session/vendor/laravel/framework/src/Illuminate/Pipeline/Pipeline.php(180): Illuminate\\Foundation\\Http\\Middleware\\TrimStrings->handle()
#21 /home/abdmalik/laravel/tugas-middleware-session/vendor/laravel/framework/src/Illuminate/Foundation/Http/Middleware/ValidatePostSize.php(27): Illuminate\\Pipeline\\Pipeline->Illuminate\\Pipeline\\{closure}()
#22 /home/abdmalik/laravel/tugas-middleware-session/vendor/laravel/framework/src/Illuminate/Pipeline/Pipeline.php(180): Illuminate\\Foundation\\Http\\Middleware\\ValidatePostSize->handle()
#23 /home/abdmalik/laravel/tugas-middleware-session/vendor/laravel/framework/src/Illuminate/Foundation/Http/Middleware/PreventRequestsDuringMaintenance.php(86): Illuminate\\Pipeline\\Pipeline->Illuminate\\Pipeline\\{closure}()
#24 /home/abdmalik/laravel/tugas-middleware-session/vendor/laravel/framework/src/Illuminate/Pipeline/Pipeline.php(180): Illuminate\\Foundation\\Http\\Middleware\\PreventRequestsDuringMaintenance->handle()
#25 /home/abdmalik/laravel/tugas-middleware-session/vendor/laravel/framework/src/Illuminate/Http/Middleware/HandleCors.php(49): Illuminate\\Pipeline\\Pipeline->Illuminate\\Pipeline\\{closure}()
#26 /home/abdmalik/laravel/tugas-middleware-session/vendor/laravel/framework/src/Illuminate/Pipeline/Pipeline.php(180): Illuminate\\Http\\Middleware\\HandleCors->handle()
#27 /home/abdmalik/laravel/tugas-middleware-session/vendor/laravel/framework/src/Illuminate/Http/Middleware/TrustProxies.php(39): Illuminate\\Pipeline\\Pipeline->Illuminate\\Pipeline\\{closure}()
#28 /home/abdmalik/laravel/tugas-middleware-session/vendor/laravel/framework/src/Illuminate/Pipeline/Pipeline.php(180): Illuminate\\Http\\Middleware\\TrustProxies->handle()
#29 /home/abdmalik/laravel/tugas-middleware-session/vendor/laravel/framework/src/Illuminate/Pipeline/Pipeline.php(116): Illuminate\\Pipeline\\Pipeline->Illuminate\\Pipeline\\{closure}()
#30 /home/abdmalik/laravel/tugas-middleware-session/vendor/laravel/framework/src/Illuminate/Foundation/Http/Kernel.php(142): Illuminate\\Pipeline\\Pipeline->then()
#31 /home/abdmalik/laravel/tugas-middleware-session/vendor/laravel/framework/src/Illuminate/Foundation/Http/Kernel.php(111): Illuminate\\Foundation\\Http\\Kernel->sendRequestThroughRouter()
#32 /home/abdmalik/laravel/tugas-middleware-session/public/index.php(52): Illuminate\\Foundation\\Http\\Kernel->handle()
#33 /home/abdmalik/laravel/tugas-middleware-session/vendor/laravel/framework/src/Illuminate/Foundation/resources/server.php(16): require_once('...')
#34 {main}
"} 
[2022-03-18 09:51:30] local.ERROR: Target class [MahasiswaController] does not exist. {"exception":"[object] (Illuminate\\Contracts\\Container\\BindingResolutionException(code: 0): Target class [MahasiswaController] does not exist. at /home/abdmalik/laravel/tugas-middleware-session/vendor/laravel/framework/src/Illuminate/Container/Container.php:879)
[stacktrace]
#0 /home/abdmalik/laravel/tugas-middleware-session/vendor/laravel/framework/src/Illuminate/Container/Container.php(758): Illuminate\\Container\\Container->build()
#1 /home/abdmalik/laravel/tugas-middleware-session/vendor/laravel/framework/src/Illuminate/Foundation/Application.php(855): Illuminate\\Container\\Container->resolve()
#2 /home/abdmalik/laravel/tugas-middleware-session/vendor/laravel/framework/src/Illuminate/Container/Container.php(694): Illuminate\\Foundation\\Application->resolve()
#3 /home/abdmalik/laravel/tugas-middleware-session/vendor/laravel/framework/src/Illuminate/Foundation/Application.php(840): Illuminate\\Container\\Container->make()
#4 /home/abdmalik/laravel/tugas-middleware-session/vendor/laravel/framework/src/Illuminate/Routing/Route.php(275): Illuminate\\Foundation\\Application->make()
#5 /home/abdmalik/laravel/tugas-middleware-session/vendor/laravel/framework/src/Illuminate/Routing/Route.php(1071): Illuminate\\Routing\\Route->getController()
#6 /home/abdmalik/laravel/tugas-middleware-session/vendor/laravel/framework/src/Illuminate/Routing/Route.php(1014): Illuminate\\Routing\\Route->controllerMiddleware()
#7 /home/abdmalik/laravel/tugas-middleware-session/vendor/laravel/framework/src/Illuminate/Routing/Router.php(738): Illuminate\\Routing\\Route->gatherMiddleware()
#8 /home/abdmalik/laravel/tugas-middleware-session/vendor/laravel/framework/src/Illuminate/Routing/Router.php(718): Illuminate\\Routing\\Router->gatherRouteMiddleware()
#9 /home/abdmalik/laravel/tugas-middleware-session/vendor/laravel/framework/src/Illuminate/Routing/Router.php(702): Illuminate\\Routing\\Router->runRouteWithinStack()
#10 /home/abdmalik/laravel/tugas-middleware-session/vendor/laravel/framework/src/Illuminate/Routing/Router.php(666): Illuminate\\Routing\\Router->runRoute()
#11 /home/abdmalik/laravel/tugas-middleware-session/vendor/laravel/framework/src/Illuminate/Routing/Router.php(655): Illuminate\\Routing\\Router->dispatchToRoute()
#12 /home/abdmalik/laravel/tugas-middleware-session/vendor/laravel/framework/src/Illuminate/Foundation/Http/Kernel.php(167): Illuminate\\Routing\\Router->dispatch()
#13 /home/abdmalik/laravel/tugas-middleware-session/vendor/laravel/framework/src/Illuminate/Pipeline/Pipeline.php(141): Illuminate\\Foundation\\Http\\Kernel->Illuminate\\Foundation\\Http\\{closure}()
#14 /home/abdmalik/laravel/tugas-middleware-session/vendor/laravel/framework/src/Illuminate/Foundation/Http/Middleware/TransformsRequest.php(21): Illuminate\\Pipeline\\Pipeline->Illuminate\\Pipeline\\{closure}()
#15 /home/abdmalik/laravel/tugas-middleware-session/vendor/laravel/framework/src/Illuminate/Foundation/Http/Middleware/ConvertEmptyStringsToNull.php(31): Illuminate\\Foundation\\Http\\Middleware\\TransformsRequest->handle()
#16 /home/abdmalik/laravel/tugas-middleware-session/vendor/laravel/framework/src/Illuminate/Pipeline/Pipeline.php(180): Illuminate\\Foundation\\Http\\Middleware\\ConvertEmptyStringsToNull->handle()
#17 /home/abdmalik/laravel/tugas-middleware-session/vendor/laravel/framework/src/Illuminate/Foundation/Http/Middleware/TransformsRequest.php(21): Illuminate\\Pipeline\\Pipeline->Illuminate\\Pipeline\\{closure}()
#18 /home/abdmalik/laravel/tugas-middleware-session/vendor/laravel/framework/src/Illuminate/Foundation/Http/Middleware/TrimStrings.php(40): Illuminate\\Foundation\\Http\\Middleware\\TransformsRequest->handle()
#19 /home/abdmalik/laravel/tugas-middleware-session/vendor/laravel/framework/src/Illuminate/Pipeline/Pipeline.php(180): Illuminate\\Foundation\\Http\\Middleware\\TrimStrings->handle()
#20 /home/abdmalik/laravel/tugas-middleware-session/vendor/laravel/framework/src/Illuminate/Foundation/Http/Middleware/ValidatePostSize.php(27): Illuminate\\Pipeline\\Pipeline->Illuminate\\Pipeline\\{closure}()
#21 /home/abdmalik/laravel/tugas-middleware-session/vendor/laravel/framework/src/Illuminate/Pipeline/Pipeline.php(180): Illuminate\\Foundation\\Http\\Middleware\\ValidatePostSize->handle()
#22 /home/abdmalik/laravel/tugas-middleware-session/vendor/laravel/framework/src/Illuminate/Foundation/Http/Middleware/PreventRequestsDuringMaintenance.php(86): Illuminate\\Pipeline\\Pipeline->Illuminate\\Pipeline\\{closure}()
#23 /home/abdmalik/laravel/tugas-middleware-session/vendor/laravel/framework/src/Illuminate/Pipeline/Pipeline.php(180): Illuminate\\Foundation\\Http\\Middleware\\PreventRequestsDuringMaintenance->handle()
#24 /home/abdmalik/laravel/tugas-middleware-session/vendor/laravel/framework/src/Illuminate/Http/Middleware/HandleCors.php(49): Illuminate\\Pipeline\\Pipeline->Illuminate\\Pipeline\\{closure}()
#25 /home/abdmalik/laravel/tugas-middleware-session/vendor/laravel/framework/src/Illuminate/Pipeline/Pipeline.php(180): Illuminate\\Http\\Middleware\\HandleCors->handle()
#26 /home/abdmalik/laravel/tugas-middleware-session/vendor/laravel/framework/src/Illuminate/Http/Middleware/TrustProxies.php(39): Illuminate\\Pipeline\\Pipeline->Illuminate\\Pipeline\\{closure}()
#27 /home/abdmalik/laravel/tugas-middleware-session/vendor/laravel/framework/src/Illuminate/Pipeline/Pipeline.php(180): Illuminate\\Http\\Middleware\\TrustProxies->handle()
#28 /home/abdmalik/laravel/tugas-middleware-session/vendor/laravel/framework/src/Illuminate/Pipeline/Pipeline.php(116): Illuminate\\Pipeline\\Pipeline->Illuminate\\Pipeline\\{closure}()
#29 /home/abdmalik/laravel/tugas-middleware-session/vendor/laravel/framework/src/Illuminate/Foundation/Http/Kernel.php(142): Illuminate\\Pipeline\\Pipeline->then()
#30 /home/abdmalik/laravel/tugas-middleware-session/vendor/laravel/framework/src/Illuminate/Foundation/Http/Kernel.php(111): Illuminate\\Foundation\\Http\\Kernel->sendRequestThroughRouter()
#31 /home/abdmalik/laravel/tugas-middleware-session/public/index.php(52): Illuminate\\Foundation\\Http\\Kernel->handle()
#32 /home/abdmalik/laravel/tugas-middleware-session/vendor/laravel/framework/src/Illuminate/Foundation/resources/server.php(16): require_once('...')
#33 {main}

[previous exception] [object] (ReflectionException(code: -1): Class \"MahasiswaController\" does not exist at /home/abdmalik/laravel/tugas-middleware-session/vendor/laravel/framework/src/Illuminate/Container/Container.php:877)
[stacktrace]
#0 /home/abdmalik/laravel/tugas-middleware-session/vendor/laravel/framework/src/Illuminate/Container/Container.php(877): ReflectionClass->__construct()
#1 /home/abdmalik/laravel/tugas-middleware-session/vendor/laravel/framework/src/Illuminate/Container/Container.php(758): Illuminate\\Container\\Container->build()
#2 /home/abdmalik/laravel/tugas-middleware-session/vendor/laravel/framework/src/Illuminate/Foundation/Application.php(855): Illuminate\\Container\\Container->resolve()
#3 /home/abdmalik/laravel/tugas-middleware-session/vendor/laravel/framework/src/Illuminate/Container/Container.php(694): Illuminate\\Foundation\\Application->resolve()
#4 /home/abdmalik/laravel/tugas-middleware-session/vendor/laravel/framework/src/Illuminate/Foundation/Application.php(840): Illuminate\\Container\\Container->make()
#5 /home/abdmalik/laravel/tugas-middleware-session/vendor/laravel/framework/src/Illuminate/Routing/Route.php(275): Illuminate\\Foundation\\Application->make()
#6 /home/abdmalik/laravel/tugas-middleware-session/vendor/laravel/framework/src/Illuminate/Routing/Route.php(1071): Illuminate\\Routing\\Route->getController()
#7 /home/abdmalik/laravel/tugas-middleware-session/vendor/laravel/framework/src/Illuminate/Routing/Route.php(1014): Illuminate\\Routing\\Route->controllerMiddleware()
#8 /home/abdmalik/laravel/tugas-middleware-session/vendor/laravel/framework/src/Illuminate/Routing/Router.php(738): Illuminate\\Routing\\Route->gatherMiddleware()
#9 /home/abdmalik/laravel/tugas-middleware-session/vendor/laravel/framework/src/Illuminate/Routing/Router.php(718): Illuminate\\Routing\\Router->gatherRouteMiddleware()
#10 /home/abdmalik/laravel/tugas-middleware-session/vendor/laravel/framework/src/Illuminate/Routing/Router.php(702): Illuminate\\Routing\\Router->runRouteWithinStack()
#11 /home/abdmalik/laravel/tugas-middleware-session/vendor/laravel/framework/src/Illuminate/Routing/Router.php(666): Illuminate\\Routing\\Router->runRoute()
#12 /home/abdmalik/laravel/tugas-middleware-session/vendor/laravel/framework/src/Illuminate/Routing/Router.php(655): Illuminate\\Routing\\Router->dispatchToRoute()
#13 /home/abdmalik/laravel/tugas-middleware-session/vendor/laravel/framework/src/Illuminate/Foundation/Http/Kernel.php(167): Illuminate\\Routing\\Router->dispatch()
#14 /home/abdmalik/laravel/tugas-middleware-session/vendor/laravel/framework/src/Illuminate/Pipeline/Pipeline.php(141): Illuminate\\Foundation\\Http\\Kernel->Illuminate\\Foundation\\Http\\{closure}()
#15 /home/abdmalik/laravel/tugas-middleware-session/vendor/laravel/framework/src/Illuminate/Foundation/Http/Middleware/TransformsRequest.php(21): Illuminate\\Pipeline\\Pipeline->Illuminate\\Pipeline\\{closure}()
#16 /home/abdmalik/laravel/tugas-middleware-session/vendor/laravel/framework/src/Illuminate/Foundation/Http/Middleware/ConvertEmptyStringsToNull.php(31): Illuminate\\Foundation\\Http\\Middleware\\TransformsRequest->handle()
#17 /home/abdmalik/laravel/tugas-middleware-session/vendor/laravel/framework/src/Illuminate/Pipeline/Pipeline.php(180): Illuminate\\Foundation\\Http\\Middleware\\ConvertEmptyStringsToNull->handle()
#18 /home/abdmalik/laravel/tugas-middleware-session/vendor/laravel/framework/src/Illuminate/Foundation/Http/Middleware/TransformsRequest.php(21): Illuminate\\Pipeline\\Pipeline->Illuminate\\Pipeline\\{closure}()
#19 /home/abdmalik/laravel/tugas-middleware-session/vendor/laravel/framework/src/Illuminate/Foundation/Http/Middleware/TrimStrings.php(40): Illuminate\\Foundation\\Http\\Middleware\\TransformsRequest->handle()
#20 /home/abdmalik/laravel/tugas-middleware-session/vendor/laravel/framework/src/Illuminate/Pipeline/Pipeline.php(180): Illuminate\\Foundation\\Http\\Middleware\\TrimStrings->handle()
#21 /home/abdmalik/laravel/tugas-middleware-session/vendor/laravel/framework/src/Illuminate/Foundation/Http/Middleware/ValidatePostSize.php(27): Illuminate\\Pipeline\\Pipeline->Illuminate\\Pipeline\\{closure}()
#22 /home/abdmalik/laravel/tugas-middleware-session/vendor/laravel/framework/src/Illuminate/Pipeline/Pipeline.php(180): Illuminate\\Foundation\\Http\\Middleware\\ValidatePostSize->handle()
#23 /home/abdmalik/laravel/tugas-middleware-session/vendor/laravel/framework/src/Illuminate/Foundation/Http/Middleware/PreventRequestsDuringMaintenance.php(86): Illuminate\\Pipeline\\Pipeline->Illuminate\\Pipeline\\{closure}()
#24 /home/abdmalik/laravel/tugas-middleware-session/vendor/laravel/framework/src/Illuminate/Pipeline/Pipeline.php(180): Illuminate\\Foundation\\Http\\Middleware\\PreventRequestsDuringMaintenance->handle()
#25 /home/abdmalik/laravel/tugas-middleware-session/vendor/laravel/framework/src/Illuminate/Http/Middleware/HandleCors.php(49): Illuminate\\Pipeline\\Pipeline->Illuminate\\Pipeline\\{closure}()
#26 /home/abdmalik/laravel/tugas-middleware-session/vendor/laravel/framework/src/Illuminate/Pipeline/Pipeline.php(180): Illuminate\\Http\\Middleware\\HandleCors->handle()
#27 /home/abdmalik/laravel/tugas-middleware-session/vendor/laravel/framework/src/Illuminate/Http/Middleware/TrustProxies.php(39): Illuminate\\Pipeline\\Pipeline->Illuminate\\Pipeline\\{closure}()
#28 /home/abdmalik/laravel/tugas-middleware-session/vendor/laravel/framework/src/Illuminate/Pipeline/Pipeline.php(180): Illuminate\\Http\\Middleware\\TrustProxies->handle()
#29 /home/abdmalik/laravel/tugas-middleware-session/vendor/laravel/framework/src/Illuminate/Pipeline/Pipeline.php(116): Illuminate\\Pipeline\\Pipeline->Illuminate\\Pipeline\\{closure}()
#30 /home/abdmalik/laravel/tugas-middleware-session/vendor/laravel/framework/src/Illuminate/Foundation/Http/Kernel.php(142): Illuminate\\Pipeline\\Pipeline->then()
#31 /home/abdmalik/laravel/tugas-middleware-session/vendor/laravel/framework/src/Illuminate/Foundation/Http/Kernel.php(111): Illuminate\\Foundation\\Http\\Kernel->sendRequestThroughRouter()
#32 /home/abdmalik/laravel/tugas-middleware-session/public/index.php(52): Illuminate\\Foundation\\Http\\Kernel->handle()
#33 /home/abdmalik/laravel/tugas-middleware-session/vendor/laravel/framework/src/Illuminate/Foundation/resources/server.php(16): require_once('...')
#34 {main}
"} 
[2022-03-18 09:51:31] local.ERROR: Target class [MahasiswaController] does not exist. {"exception":"[object] (Illuminate\\Contracts\\Container\\BindingResolutionException(code: 0): Target class [MahasiswaController] does not exist. at /home/abdmalik/laravel/tugas-middleware-session/vendor/laravel/framework/src/Illuminate/Container/Container.php:879)
[stacktrace]
#0 /home/abdmalik/laravel/tugas-middleware-session/vendor/laravel/framework/src/Illuminate/Container/Container.php(758): Illuminate\\Container\\Container->build()
#1 /home/abdmalik/laravel/tugas-middleware-session/vendor/laravel/framework/src/Illuminate/Foundation/Application.php(855): Illuminate\\Container\\Container->resolve()
#2 /home/abdmalik/laravel/tugas-middleware-session/vendor/laravel/framework/src/Illuminate/Container/Container.php(694): Illuminate\\Foundation\\Application->resolve()
#3 /home/abdmalik/laravel/tugas-middleware-session/vendor/laravel/framework/src/Illuminate/Foundation/Application.php(840): Illuminate\\Container\\Container->make()
#4 /home/abdmalik/laravel/tugas-middleware-session/vendor/laravel/framework/src/Illuminate/Routing/Route.php(275): Illuminate\\Foundation\\Application->make()
#5 /home/abdmalik/laravel/tugas-middleware-session/vendor/laravel/framework/src/Illuminate/Routing/Route.php(1071): Illuminate\\Routing\\Route->getController()
#6 /home/abdmalik/laravel/tugas-middleware-session/vendor/laravel/framework/src/Illuminate/Routing/Route.php(1014): Illuminate\\Routing\\Route->controllerMiddleware()
#7 /home/abdmalik/laravel/tugas-middleware-session/vendor/laravel/framework/src/Illuminate/Routing/Router.php(738): Illuminate\\Routing\\Route->gatherMiddleware()
#8 /home/abdmalik/laravel/tugas-middleware-session/vendor/laravel/framework/src/Illuminate/Routing/Router.php(718): Illuminate\\Routing\\Router->gatherRouteMiddleware()
#9 /home/abdmalik/laravel/tugas-middleware-session/vendor/laravel/framework/src/Illuminate/Routing/Router.php(702): Illuminate\\Routing\\Router->runRouteWithinStack()
#10 /home/abdmalik/laravel/tugas-middleware-session/vendor/laravel/framework/src/Illuminate/Routing/Router.php(666): Illuminate\\Routing\\Router->runRoute()
#11 /home/abdmalik/laravel/tugas-middleware-session/vendor/laravel/framework/src/Illuminate/Routing/Router.php(655): Illuminate\\Routing\\Router->dispatchToRoute()
#12 /home/abdmalik/laravel/tugas-middleware-session/vendor/laravel/framework/src/Illuminate/Foundation/Http/Kernel.php(167): Illuminate\\Routing\\Router->dispatch()
#13 /home/abdmalik/laravel/tugas-middleware-session/vendor/laravel/framework/src/Illuminate/Pipeline/Pipeline.php(141): Illuminate\\Foundation\\Http\\Kernel->Illuminate\\Foundation\\Http\\{closure}()
#14 /home/abdmalik/laravel/tugas-middleware-session/vendor/laravel/framework/src/Illuminate/Foundation/Http/Middleware/TransformsRequest.php(21): Illuminate\\Pipeline\\Pipeline->Illuminate\\Pipeline\\{closure}()
#15 /home/abdmalik/laravel/tugas-middleware-session/vendor/laravel/framework/src/Illuminate/Foundation/Http/Middleware/ConvertEmptyStringsToNull.php(31): Illuminate\\Foundation\\Http\\Middleware\\TransformsRequest->handle()
#16 /home/abdmalik/laravel/tugas-middleware-session/vendor/laravel/framework/src/Illuminate/Pipeline/Pipeline.php(180): Illuminate\\Foundation\\Http\\Middleware\\ConvertEmptyStringsToNull->handle()
#17 /home/abdmalik/laravel/tugas-middleware-session/vendor/laravel/framework/src/Illuminate/Foundation/Http/Middleware/TransformsRequest.php(21): Illuminate\\Pipeline\\Pipeline->Illuminate\\Pipeline\\{closure}()
#18 /home/abdmalik/laravel/tugas-middleware-session/vendor/laravel/framework/src/Illuminate/Foundation/Http/Middleware/TrimStrings.php(40): Illuminate\\Foundation\\Http\\Middleware\\TransformsRequest->handle()
#19 /home/abdmalik/laravel/tugas-middleware-session/vendor/laravel/framework/src/Illuminate/Pipeline/Pipeline.php(180): Illuminate\\Foundation\\Http\\Middleware\\TrimStrings->handle()
#20 /home/abdmalik/laravel/tugas-middleware-session/vendor/laravel/framework/src/Illuminate/Foundation/Http/Middleware/ValidatePostSize.php(27): Illuminate\\Pipeline\\Pipeline->Illuminate\\Pipeline\\{closure}()
#21 /home/abdmalik/laravel/tugas-middleware-session/vendor/laravel/framework/src/Illuminate/Pipeline/Pipeline.php(180): Illuminate\\Foundation\\Http\\Middleware\\ValidatePostSize->handle()
#22 /home/abdmalik/laravel/tugas-middleware-session/vendor/laravel/framework/src/Illuminate/Foundation/Http/Middleware/PreventRequestsDuringMaintenance.php(86): Illuminate\\Pipeline\\Pipeline->Illuminate\\Pipeline\\{closure}()
#23 /home/abdmalik/laravel/tugas-middleware-session/vendor/laravel/framework/src/Illuminate/Pipeline/Pipeline.php(180): Illuminate\\Foundation\\Http\\Middleware\\PreventRequestsDuringMaintenance->handle()
#24 /home/abdmalik/laravel/tugas-middleware-session/vendor/laravel/framework/src/Illuminate/Http/Middleware/HandleCors.php(49): Illuminate\\Pipeline\\Pipeline->Illuminate\\Pipeline\\{closure}()
#25 /home/abdmalik/laravel/tugas-middleware-session/vendor/laravel/framework/src/Illuminate/Pipeline/Pipeline.php(180): Illuminate\\Http\\Middleware\\HandleCors->handle()
#26 /home/abdmalik/laravel/tugas-middleware-session/vendor/laravel/framework/src/Illuminate/Http/Middleware/TrustProxies.php(39): Illuminate\\Pipeline\\Pipeline->Illuminate\\Pipeline\\{closure}()
#27 /home/abdmalik/laravel/tugas-middleware-session/vendor/laravel/framework/src/Illuminate/Pipeline/Pipeline.php(180): Illuminate\\Http\\Middleware\\TrustProxies->handle()
#28 /home/abdmalik/laravel/tugas-middleware-session/vendor/laravel/framework/src/Illuminate/Pipeline/Pipeline.php(116): Illuminate\\Pipeline\\Pipeline->Illuminate\\Pipeline\\{closure}()
#29 /home/abdmalik/laravel/tugas-middleware-session/vendor/laravel/framework/src/Illuminate/Foundation/Http/Kernel.php(142): Illuminate\\Pipeline\\Pipeline->then()
#30 /home/abdmalik/laravel/tugas-middleware-session/vendor/laravel/framework/src/Illuminate/Foundation/Http/Kernel.php(111): Illuminate\\Foundation\\Http\\Kernel->sendRequestThroughRouter()
#31 /home/abdmalik/laravel/tugas-middleware-session/public/index.php(52): Illuminate\\Foundation\\Http\\Kernel->handle()
#32 /home/abdmalik/laravel/tugas-middleware-session/vendor/laravel/framework/src/Illuminate/Foundation/resources/server.php(16): require_once('...')
#33 {main}

[previous exception] [object] (ReflectionException(code: -1): Class \"MahasiswaController\" does not exist at /home/abdmalik/laravel/tugas-middleware-session/vendor/laravel/framework/src/Illuminate/Container/Container.php:877)
[stacktrace]
#0 /home/abdmalik/laravel/tugas-middleware-session/vendor/laravel/framework/src/Illuminate/Container/Container.php(877): ReflectionClass->__construct()
#1 /home/abdmalik/laravel/tugas-middleware-session/vendor/laravel/framework/src/Illuminate/Container/Container.php(758): Illuminate\\Container\\Container->build()
#2 /home/abdmalik/laravel/tugas-middleware-session/vendor/laravel/framework/src/Illuminate/Foundation/Application.php(855): Illuminate\\Container\\Container->resolve()
#3 /home/abdmalik/laravel/tugas-middleware-session/vendor/laravel/framework/src/Illuminate/Container/Container.php(694): Illuminate\\Foundation\\Application->resolve()
#4 /home/abdmalik/laravel/tugas-middleware-session/vendor/laravel/framework/src/Illuminate/Foundation/Application.php(840): Illuminate\\Container\\Container->make()
#5 /home/abdmalik/laravel/tugas-middleware-session/vendor/laravel/framework/src/Illuminate/Routing/Route.php(275): Illuminate\\Foundation\\Application->make()
#6 /home/abdmalik/laravel/tugas-middleware-session/vendor/laravel/framework/src/Illuminate/Routing/Route.php(1071): Illuminate\\Routing\\Route->getController()
#7 /home/abdmalik/laravel/tugas-middleware-session/vendor/laravel/framework/src/Illuminate/Routing/Route.php(1014): Illuminate\\Routing\\Route->controllerMiddleware()
#8 /home/abdmalik/laravel/tugas-middleware-session/vendor/laravel/framework/src/Illuminate/Routing/Router.php(738): Illuminate\\Routing\\Route->gatherMiddleware()
#9 /home/abdmalik/laravel/tugas-middleware-session/vendor/laravel/framework/src/Illuminate/Routing/Router.php(718): Illuminate\\Routing\\Router->gatherRouteMiddleware()
#10 /home/abdmalik/laravel/tugas-middleware-session/vendor/laravel/framework/src/Illuminate/Routing/Router.php(702): Illuminate\\Routing\\Router->runRouteWithinStack()
#11 /home/abdmalik/laravel/tugas-middleware-session/vendor/laravel/framework/src/Illuminate/Routing/Router.php(666): Illuminate\\Routing\\Router->runRoute()
#12 /home/abdmalik/laravel/tugas-middleware-session/vendor/laravel/framework/src/Illuminate/Routing/Router.php(655): Illuminate\\Routing\\Router->dispatchToRoute()
#13 /home/abdmalik/laravel/tugas-middleware-session/vendor/laravel/framework/src/Illuminate/Foundation/Http/Kernel.php(167): Illuminate\\Routing\\Router->dispatch()
#14 /home/abdmalik/laravel/tugas-middleware-session/vendor/laravel/framework/src/Illuminate/Pipeline/Pipeline.php(141): Illuminate\\Foundation\\Http\\Kernel->Illuminate\\Foundation\\Http\\{closure}()
#15 /home/abdmalik/laravel/tugas-middleware-session/vendor/laravel/framework/src/Illuminate/Foundation/Http/Middleware/TransformsRequest.php(21): Illuminate\\Pipeline\\Pipeline->Illuminate\\Pipeline\\{closure}()
#16 /home/abdmalik/laravel/tugas-middleware-session/vendor/laravel/framework/src/Illuminate/Foundation/Http/Middleware/ConvertEmptyStringsToNull.php(31): Illuminate\\Foundation\\Http\\Middleware\\TransformsRequest->handle()
#17 /home/abdmalik/laravel/tugas-middleware-session/vendor/laravel/framework/src/Illuminate/Pipeline/Pipeline.php(180): Illuminate\\Foundation\\Http\\Middleware\\ConvertEmptyStringsToNull->handle()
#18 /home/abdmalik/laravel/tugas-middleware-session/vendor/laravel/framework/src/Illuminate/Foundation/Http/Middleware/TransformsRequest.php(21): Illuminate\\Pipeline\\Pipeline->Illuminate\\Pipeline\\{closure}()
#19 /home/abdmalik/laravel/tugas-middleware-session/vendor/laravel/framework/src/Illuminate/Foundation/Http/Middleware/TrimStrings.php(40): Illuminate\\Foundation\\Http\\Middleware\\TransformsRequest->handle()
#20 /home/abdmalik/laravel/tugas-middleware-session/vendor/laravel/framework/src/Illuminate/Pipeline/Pipeline.php(180): Illuminate\\Foundation\\Http\\Middleware\\TrimStrings->handle()
#21 /home/abdmalik/laravel/tugas-middleware-session/vendor/laravel/framework/src/Illuminate/Foundation/Http/Middleware/ValidatePostSize.php(27): Illuminate\\Pipeline\\Pipeline->Illuminate\\Pipeline\\{closure}()
#22 /home/abdmalik/laravel/tugas-middleware-session/vendor/laravel/framework/src/Illuminate/Pipeline/Pipeline.php(180): Illuminate\\Foundation\\Http\\Middleware\\ValidatePostSize->handle()
#23 /home/abdmalik/laravel/tugas-middleware-session/vendor/laravel/framework/src/Illuminate/Foundation/Http/Middleware/PreventRequestsDuringMaintenance.php(86): Illuminate\\Pipeline\\Pipeline->Illuminate\\Pipeline\\{closure}()
#24 /home/abdmalik/laravel/tugas-middleware-session/vendor/laravel/framework/src/Illuminate/Pipeline/Pipeline.php(180): Illuminate\\Foundation\\Http\\Middleware\\PreventRequestsDuringMaintenance->handle()
#25 /home/abdmalik/laravel/tugas-middleware-session/vendor/laravel/framework/src/Illuminate/Http/Middleware/HandleCors.php(49): Illuminate\\Pipeline\\Pipeline->Illuminate\\Pipeline\\{closure}()
#26 /home/abdmalik/laravel/tugas-middleware-session/vendor/laravel/framework/src/Illuminate/Pipeline/Pipeline.php(180): Illuminate\\Http\\Middleware\\HandleCors->handle()
#27 /home/abdmalik/laravel/tugas-middleware-session/vendor/laravel/framework/src/Illuminate/Http/Middleware/TrustProxies.php(39): Illuminate\\Pipeline\\Pipeline->Illuminate\\Pipeline\\{closure}()
#28 /home/abdmalik/laravel/tugas-middleware-session/vendor/laravel/framework/src/Illuminate/Pipeline/Pipeline.php(180): Illuminate\\Http\\Middleware\\TrustProxies->handle()
#29 /home/abdmalik/laravel/tugas-middleware-session/vendor/laravel/framework/src/Illuminate/Pipeline/Pipeline.php(116): Illuminate\\Pipeline\\Pipeline->Illuminate\\Pipeline\\{closure}()
#30 /home/abdmalik/laravel/tugas-middleware-session/vendor/laravel/framework/src/Illuminate/Foundation/Http/Kernel.php(142): Illuminate\\Pipeline\\Pipeline->then()
#31 /home/abdmalik/laravel/tugas-middleware-session/vendor/laravel/framework/src/Illuminate/Foundation/Http/Kernel.php(111): Illuminate\\Foundation\\Http\\Kernel->sendRequestThroughRouter()
#32 /home/abdmalik/laravel/tugas-middleware-session/public/index.php(52): Illuminate\\Foundation\\Http\\Kernel->handle()
#33 /home/abdmalik/laravel/tugas-middleware-session/vendor/laravel/framework/src/Illuminate/Foundation/resources/server.php(16): require_once('...')
#34 {main}
"} 
[2022-03-18 09:51:32] local.ERROR: Target class [MahasiswaController] does not exist. {"exception":"[object] (Illuminate\\Contracts\\Container\\BindingResolutionException(code: 0): Target class [MahasiswaController] does not exist. at /home/abdmalik/laravel/tugas-middleware-session/vendor/laravel/framework/src/Illuminate/Container/Container.php:879)
[stacktrace]
#0 /home/abdmalik/laravel/tugas-middleware-session/vendor/laravel/framework/src/Illuminate/Container/Container.php(758): Illuminate\\Container\\Container->build()
#1 /home/abdmalik/laravel/tugas-middleware-session/vendor/laravel/framework/src/Illuminate/Foundation/Application.php(855): Illuminate\\Container\\Container->resolve()
#2 /home/abdmalik/laravel/tugas-middleware-session/vendor/laravel/framework/src/Illuminate/Container/Container.php(694): Illuminate\\Foundation\\Application->resolve()
#3 /home/abdmalik/laravel/tugas-middleware-session/vendor/laravel/framework/src/Illuminate/Foundation/Application.php(840): Illuminate\\Container\\Container->make()
#4 /home/abdmalik/laravel/tugas-middleware-session/vendor/laravel/framework/src/Illuminate/Routing/Route.php(275): Illuminate\\Foundation\\Application->make()
#5 /home/abdmalik/laravel/tugas-middleware-session/vendor/laravel/framework/src/Illuminate/Routing/Route.php(1071): Illuminate\\Routing\\Route->getController()
#6 /home/abdmalik/laravel/tugas-middleware-session/vendor/laravel/framework/src/Illuminate/Routing/Route.php(1014): Illuminate\\Routing\\Route->controllerMiddleware()
#7 /home/abdmalik/laravel/tugas-middleware-session/vendor/laravel/framework/src/Illuminate/Routing/Router.php(738): Illuminate\\Routing\\Route->gatherMiddleware()
#8 /home/abdmalik/laravel/tugas-middleware-session/vendor/laravel/framework/src/Illuminate/Routing/Router.php(718): Illuminate\\Routing\\Router->gatherRouteMiddleware()
#9 /home/abdmalik/laravel/tugas-middleware-session/vendor/laravel/framework/src/Illuminate/Routing/Router.php(702): Illuminate\\Routing\\Router->runRouteWithinStack()
#10 /home/abdmalik/laravel/tugas-middleware-session/vendor/laravel/framework/src/Illuminate/Routing/Router.php(666): Illuminate\\Routing\\Router->runRoute()
#11 /home/abdmalik/laravel/tugas-middleware-session/vendor/laravel/framework/src/Illuminate/Routing/Router.php(655): Illuminate\\Routing\\Router->dispatchToRoute()
#12 /home/abdmalik/laravel/tugas-middleware-session/vendor/laravel/framework/src/Illuminate/Foundation/Http/Kernel.php(167): Illuminate\\Routing\\Router->dispatch()
#13 /home/abdmalik/laravel/tugas-middleware-session/vendor/laravel/framework/src/Illuminate/Pipeline/Pipeline.php(141): Illuminate\\Foundation\\Http\\Kernel->Illuminate\\Foundation\\Http\\{closure}()
#14 /home/abdmalik/laravel/tugas-middleware-session/vendor/laravel/framework/src/Illuminate/Foundation/Http/Middleware/TransformsRequest.php(21): Illuminate\\Pipeline\\Pipeline->Illuminate\\Pipeline\\{closure}()
#15 /home/abdmalik/laravel/tugas-middleware-session/vendor/laravel/framework/src/Illuminate/Foundation/Http/Middleware/ConvertEmptyStringsToNull.php(31): Illuminate\\Foundation\\Http\\Middleware\\TransformsRequest->handle()
#16 /home/abdmalik/laravel/tugas-middleware-session/vendor/laravel/framework/src/Illuminate/Pipeline/Pipeline.php(180): Illuminate\\Foundation\\Http\\Middleware\\ConvertEmptyStringsToNull->handle()
#17 /home/abdmalik/laravel/tugas-middleware-session/vendor/laravel/framework/src/Illuminate/Foundation/Http/Middleware/TransformsRequest.php(21): Illuminate\\Pipeline\\Pipeline->Illuminate\\Pipeline\\{closure}()
#18 /home/abdmalik/laravel/tugas-middleware-session/vendor/laravel/framework/src/Illuminate/Foundation/Http/Middleware/TrimStrings.php(40): Illuminate\\Foundation\\Http\\Middleware\\TransformsRequest->handle()
#19 /home/abdmalik/laravel/tugas-middleware-session/vendor/laravel/framework/src/Illuminate/Pipeline/Pipeline.php(180): Illuminate\\Foundation\\Http\\Middleware\\TrimStrings->handle()
#20 /home/abdmalik/laravel/tugas-middleware-session/vendor/laravel/framework/src/Illuminate/Foundation/Http/Middleware/ValidatePostSize.php(27): Illuminate\\Pipeline\\Pipeline->Illuminate\\Pipeline\\{closure}()
#21 /home/abdmalik/laravel/tugas-middleware-session/vendor/laravel/framework/src/Illuminate/Pipeline/Pipeline.php(180): Illuminate\\Foundation\\Http\\Middleware\\ValidatePostSize->handle()
#22 /home/abdmalik/laravel/tugas-middleware-session/vendor/laravel/framework/src/Illuminate/Foundation/Http/Middleware/PreventRequestsDuringMaintenance.php(86): Illuminate\\Pipeline\\Pipeline->Illuminate\\Pipeline\\{closure}()
#23 /home/abdmalik/laravel/tugas-middleware-session/vendor/laravel/framework/src/Illuminate/Pipeline/Pipeline.php(180): Illuminate\\Foundation\\Http\\Middleware\\PreventRequestsDuringMaintenance->handle()
#24 /home/abdmalik/laravel/tugas-middleware-session/vendor/laravel/framework/src/Illuminate/Http/Middleware/HandleCors.php(49): Illuminate\\Pipeline\\Pipeline->Illuminate\\Pipeline\\{closure}()
#25 /home/abdmalik/laravel/tugas-middleware-session/vendor/laravel/framework/src/Illuminate/Pipeline/Pipeline.php(180): Illuminate\\Http\\Middleware\\HandleCors->handle()
#26 /home/abdmalik/laravel/tugas-middleware-session/vendor/laravel/framework/src/Illuminate/Http/Middleware/TrustProxies.php(39): Illuminate\\Pipeline\\Pipeline->Illuminate\\Pipeline\\{closure}()
#27 /home/abdmalik/laravel/tugas-middleware-session/vendor/laravel/framework/src/Illuminate/Pipeline/Pipeline.php(180): Illuminate\\Http\\Middleware\\TrustProxies->handle()
#28 /home/abdmalik/laravel/tugas-middleware-session/vendor/laravel/framework/src/Illuminate/Pipeline/Pipeline.php(116): Illuminate\\Pipeline\\Pipeline->Illuminate\\Pipeline\\{closure}()
#29 /home/abdmalik/laravel/tugas-middleware-session/vendor/laravel/framework/src/Illuminate/Foundation/Http/Kernel.php(142): Illuminate\\Pipeline\\Pipeline->then()
#30 /home/abdmalik/laravel/tugas-middleware-session/vendor/laravel/framework/src/Illuminate/Foundation/Http/Kernel.php(111): Illuminate\\Foundation\\Http\\Kernel->sendRequestThroughRouter()
#31 /home/abdmalik/laravel/tugas-middleware-session/public/index.php(52): Illuminate\\Foundation\\Http\\Kernel->handle()
#32 /home/abdmalik/laravel/tugas-middleware-session/vendor/laravel/framework/src/Illuminate/Foundation/resources/server.php(16): require_once('...')
#33 {main}

[previous exception] [object] (ReflectionException(code: -1): Class \"MahasiswaController\" does not exist at /home/abdmalik/laravel/tugas-middleware-session/vendor/laravel/framework/src/Illuminate/Container/Container.php:877)
[stacktrace]
#0 /home/abdmalik/laravel/tugas-middleware-session/vendor/laravel/framework/src/Illuminate/Container/Container.php(877): ReflectionClass->__construct()
#1 /home/abdmalik/laravel/tugas-middleware-session/vendor/laravel/framework/src/Illuminate/Container/Container.php(758): Illuminate\\Container\\Container->build()
#2 /home/abdmalik/laravel/tugas-middleware-session/vendor/laravel/framework/src/Illuminate/Foundation/Application.php(855): Illuminate\\Container\\Container->resolve()
#3 /home/abdmalik/laravel/tugas-middleware-session/vendor/laravel/framework/src/Illuminate/Container/Container.php(694): Illuminate\\Foundation\\Application->resolve()
#4 /home/abdmalik/laravel/tugas-middleware-session/vendor/laravel/framework/src/Illuminate/Foundation/Application.php(840): Illuminate\\Container\\Container->make()
#5 /home/abdmalik/laravel/tugas-middleware-session/vendor/laravel/framework/src/Illuminate/Routing/Route.php(275): Illuminate\\Foundation\\Application->make()
#6 /home/abdmalik/laravel/tugas-middleware-session/vendor/laravel/framework/src/Illuminate/Routing/Route.php(1071): Illuminate\\Routing\\Route->getController()
#7 /home/abdmalik/laravel/tugas-middleware-session/vendor/laravel/framework/src/Illuminate/Routing/Route.php(1014): Illuminate\\Routing\\Route->controllerMiddleware()
#8 /home/abdmalik/laravel/tugas-middleware-session/vendor/laravel/framework/src/Illuminate/Routing/Router.php(738): Illuminate\\Routing\\Route->gatherMiddleware()
#9 /home/abdmalik/laravel/tugas-middleware-session/vendor/laravel/framework/src/Illuminate/Routing/Router.php(718): Illuminate\\Routing\\Router->gatherRouteMiddleware()
#10 /home/abdmalik/laravel/tugas-middleware-session/vendor/laravel/framework/src/Illuminate/Routing/Router.php(702): Illuminate\\Routing\\Router->runRouteWithinStack()
#11 /home/abdmalik/laravel/tugas-middleware-session/vendor/laravel/framework/src/Illuminate/Routing/Router.php(666): Illuminate\\Routing\\Router->runRoute()
#12 /home/abdmalik/laravel/tugas-middleware-session/vendor/laravel/framework/src/Illuminate/Routing/Router.php(655): Illuminate\\Routing\\Router->dispatchToRoute()
#13 /home/abdmalik/laravel/tugas-middleware-session/vendor/laravel/framework/src/Illuminate/Foundation/Http/Kernel.php(167): Illuminate\\Routing\\Router->dispatch()
#14 /home/abdmalik/laravel/tugas-middleware-session/vendor/laravel/framework/src/Illuminate/Pipeline/Pipeline.php(141): Illuminate\\Foundation\\Http\\Kernel->Illuminate\\Foundation\\Http\\{closure}()
#15 /home/abdmalik/laravel/tugas-middleware-session/vendor/laravel/framework/src/Illuminate/Foundation/Http/Middleware/TransformsRequest.php(21): Illuminate\\Pipeline\\Pipeline->Illuminate\\Pipeline\\{closure}()
#16 /home/abdmalik/laravel/tugas-middleware-session/vendor/laravel/framework/src/Illuminate/Foundation/Http/Middleware/ConvertEmptyStringsToNull.php(31): Illuminate\\Foundation\\Http\\Middleware\\TransformsRequest->handle()
#17 /home/abdmalik/laravel/tugas-middleware-session/vendor/laravel/framework/src/Illuminate/Pipeline/Pipeline.php(180): Illuminate\\Foundation\\Http\\Middleware\\ConvertEmptyStringsToNull->handle()
#18 /home/abdmalik/laravel/tugas-middleware-session/vendor/laravel/framework/src/Illuminate/Foundation/Http/Middleware/TransformsRequest.php(21): Illuminate\\Pipeline\\Pipeline->Illuminate\\Pipeline\\{closure}()
#19 /home/abdmalik/laravel/tugas-middleware-session/vendor/laravel/framework/src/Illuminate/Foundation/Http/Middleware/TrimStrings.php(40): Illuminate\\Foundation\\Http\\Middleware\\TransformsRequest->handle()
#20 /home/abdmalik/laravel/tugas-middleware-session/vendor/laravel/framework/src/Illuminate/Pipeline/Pipeline.php(180): Illuminate\\Foundation\\Http\\Middleware\\TrimStrings->handle()
#21 /home/abdmalik/laravel/tugas-middleware-session/vendor/laravel/framework/src/Illuminate/Foundation/Http/Middleware/ValidatePostSize.php(27): Illuminate\\Pipeline\\Pipeline->Illuminate\\Pipeline\\{closure}()
#22 /home/abdmalik/laravel/tugas-middleware-session/vendor/laravel/framework/src/Illuminate/Pipeline/Pipeline.php(180): Illuminate\\Foundation\\Http\\Middleware\\ValidatePostSize->handle()
#23 /home/abdmalik/laravel/tugas-middleware-session/vendor/laravel/framework/src/Illuminate/Foundation/Http/Middleware/PreventRequestsDuringMaintenance.php(86): Illuminate\\Pipeline\\Pipeline->Illuminate\\Pipeline\\{closure}()
#24 /home/abdmalik/laravel/tugas-middleware-session/vendor/laravel/framework/src/Illuminate/Pipeline/Pipeline.php(180): Illuminate\\Foundation\\Http\\Middleware\\PreventRequestsDuringMaintenance->handle()
#25 /home/abdmalik/laravel/tugas-middleware-session/vendor/laravel/framework/src/Illuminate/Http/Middleware/HandleCors.php(49): Illuminate\\Pipeline\\Pipeline->Illuminate\\Pipeline\\{closure}()
#26 /home/abdmalik/laravel/tugas-middleware-session/vendor/laravel/framework/src/Illuminate/Pipeline/Pipeline.php(180): Illuminate\\Http\\Middleware\\HandleCors->handle()
#27 /home/abdmalik/laravel/tugas-middleware-session/vendor/laravel/framework/src/Illuminate/Http/Middleware/TrustProxies.php(39): Illuminate\\Pipeline\\Pipeline->Illuminate\\Pipeline\\{closure}()
#28 /home/abdmalik/laravel/tugas-middleware-session/vendor/laravel/framework/src/Illuminate/Pipeline/Pipeline.php(180): Illuminate\\Http\\Middleware\\TrustProxies->handle()
#29 /home/abdmalik/laravel/tugas-middleware-session/vendor/laravel/framework/src/Illuminate/Pipeline/Pipeline.php(116): Illuminate\\Pipeline\\Pipeline->Illuminate\\Pipeline\\{closure}()
#30 /home/abdmalik/laravel/tugas-middleware-session/vendor/laravel/framework/src/Illuminate/Foundation/Http/Kernel.php(142): Illuminate\\Pipeline\\Pipeline->then()
#31 /home/abdmalik/laravel/tugas-middleware-session/vendor/laravel/framework/src/Illuminate/Foundation/Http/Kernel.php(111): Illuminate\\Foundation\\Http\\Kernel->sendRequestThroughRouter()
#32 /home/abdmalik/laravel/tugas-middleware-session/public/index.php(52): Illuminate\\Foundation\\Http\\Kernel->handle()
#33 /home/abdmalik/laravel/tugas-middleware-session/vendor/laravel/framework/src/Illuminate/Foundation/resources/server.php(16): require_once('...')
#34 {main}
"} 
[2022-03-18 09:51:33] local.ERROR: Target class [MahasiswaController] does not exist. {"exception":"[object] (Illuminate\\Contracts\\Container\\BindingResolutionException(code: 0): Target class [MahasiswaController] does not exist. at /home/abdmalik/laravel/tugas-middleware-session/vendor/laravel/framework/src/Illuminate/Container/Container.php:879)
[stacktrace]
#0 /home/abdmalik/laravel/tugas-middleware-session/vendor/laravel/framework/src/Illuminate/Container/Container.php(758): Illuminate\\Container\\Container->build()
#1 /home/abdmalik/laravel/tugas-middleware-session/vendor/laravel/framework/src/Illuminate/Foundation/Application.php(855): Illuminate\\Container\\Container->resolve()
#2 /home/abdmalik/laravel/tugas-middleware-session/vendor/laravel/framework/src/Illuminate/Container/Container.php(694): Illuminate\\Foundation\\Application->resolve()
#3 /home/abdmalik/laravel/tugas-middleware-session/vendor/laravel/framework/src/Illuminate/Foundation/Application.php(840): Illuminate\\Container\\Container->make()
#4 /home/abdmalik/laravel/tugas-middleware-session/vendor/laravel/framework/src/Illuminate/Routing/Route.php(275): Illuminate\\Foundation\\Application->make()
#5 /home/abdmalik/laravel/tugas-middleware-session/vendor/laravel/framework/src/Illuminate/Routing/Route.php(1071): Illuminate\\Routing\\Route->getController()
#6 /home/abdmalik/laravel/tugas-middleware-session/vendor/laravel/framework/src/Illuminate/Routing/Route.php(1014): Illuminate\\Routing\\Route->controllerMiddleware()
#7 /home/abdmalik/laravel/tugas-middleware-session/vendor/laravel/framework/src/Illuminate/Routing/Router.php(738): Illuminate\\Routing\\Route->gatherMiddleware()
#8 /home/abdmalik/laravel/tugas-middleware-session/vendor/laravel/framework/src/Illuminate/Routing/Router.php(718): Illuminate\\Routing\\Router->gatherRouteMiddleware()
#9 /home/abdmalik/laravel/tugas-middleware-session/vendor/laravel/framework/src/Illuminate/Routing/Router.php(702): Illuminate\\Routing\\Router->runRouteWithinStack()
#10 /home/abdmalik/laravel/tugas-middleware-session/vendor/laravel/framework/src/Illuminate/Routing/Router.php(666): Illuminate\\Routing\\Router->runRoute()
#11 /home/abdmalik/laravel/tugas-middleware-session/vendor/laravel/framework/src/Illuminate/Routing/Router.php(655): Illuminate\\Routing\\Router->dispatchToRoute()
#12 /home/abdmalik/laravel/tugas-middleware-session/vendor/laravel/framework/src/Illuminate/Foundation/Http/Kernel.php(167): Illuminate\\Routing\\Router->dispatch()
#13 /home/abdmalik/laravel/tugas-middleware-session/vendor/laravel/framework/src/Illuminate/Pipeline/Pipeline.php(141): Illuminate\\Foundation\\Http\\Kernel->Illuminate\\Foundation\\Http\\{closure}()
#14 /home/abdmalik/laravel/tugas-middleware-session/vendor/laravel/framework/src/Illuminate/Foundation/Http/Middleware/TransformsRequest.php(21): Illuminate\\Pipeline\\Pipeline->Illuminate\\Pipeline\\{closure}()
#15 /home/abdmalik/laravel/tugas-middleware-session/vendor/laravel/framework/src/Illuminate/Foundation/Http/Middleware/ConvertEmptyStringsToNull.php(31): Illuminate\\Foundation\\Http\\Middleware\\TransformsRequest->handle()
#16 /home/abdmalik/laravel/tugas-middleware-session/vendor/laravel/framework/src/Illuminate/Pipeline/Pipeline.php(180): Illuminate\\Foundation\\Http\\Middleware\\ConvertEmptyStringsToNull->handle()
#17 /home/abdmalik/laravel/tugas-middleware-session/vendor/laravel/framework/src/Illuminate/Foundation/Http/Middleware/TransformsRequest.php(21): Illuminate\\Pipeline\\Pipeline->Illuminate\\Pipeline\\{closure}()
#18 /home/abdmalik/laravel/tugas-middleware-session/vendor/laravel/framework/src/Illuminate/Foundation/Http/Middleware/TrimStrings.php(40): Illuminate\\Foundation\\Http\\Middleware\\TransformsRequest->handle()
#19 /home/abdmalik/laravel/tugas-middleware-session/vendor/laravel/framework/src/Illuminate/Pipeline/Pipeline.php(180): Illuminate\\Foundation\\Http\\Middleware\\TrimStrings->handle()
#20 /home/abdmalik/laravel/tugas-middleware-session/vendor/laravel/framework/src/Illuminate/Foundation/Http/Middleware/ValidatePostSize.php(27): Illuminate\\Pipeline\\Pipeline->Illuminate\\Pipeline\\{closure}()
#21 /home/abdmalik/laravel/tugas-middleware-session/vendor/laravel/framework/src/Illuminate/Pipeline/Pipeline.php(180): Illuminate\\Foundation\\Http\\Middleware\\ValidatePostSize->handle()
#22 /home/abdmalik/laravel/tugas-middleware-session/vendor/laravel/framework/src/Illuminate/Foundation/Http/Middleware/PreventRequestsDuringMaintenance.php(86): Illuminate\\Pipeline\\Pipeline->Illuminate\\Pipeline\\{closure}()
#23 /home/abdmalik/laravel/tugas-middleware-session/vendor/laravel/framework/src/Illuminate/Pipeline/Pipeline.php(180): Illuminate\\Foundation\\Http\\Middleware\\PreventRequestsDuringMaintenance->handle()
#24 /home/abdmalik/laravel/tugas-middleware-session/vendor/laravel/framework/src/Illuminate/Http/Middleware/HandleCors.php(49): Illuminate\\Pipeline\\Pipeline->Illuminate\\Pipeline\\{closure}()
#25 /home/abdmalik/laravel/tugas-middleware-session/vendor/laravel/framework/src/Illuminate/Pipeline/Pipeline.php(180): Illuminate\\Http\\Middleware\\HandleCors->handle()
#26 /home/abdmalik/laravel/tugas-middleware-session/vendor/laravel/framework/src/Illuminate/Http/Middleware/TrustProxies.php(39): Illuminate\\Pipeline\\Pipeline->Illuminate\\Pipeline\\{closure}()
#27 /home/abdmalik/laravel/tugas-middleware-session/vendor/laravel/framework/src/Illuminate/Pipeline/Pipeline.php(180): Illuminate\\Http\\Middleware\\TrustProxies->handle()
#28 /home/abdmalik/laravel/tugas-middleware-session/vendor/laravel/framework/src/Illuminate/Pipeline/Pipeline.php(116): Illuminate\\Pipeline\\Pipeline->Illuminate\\Pipeline\\{closure}()
#29 /home/abdmalik/laravel/tugas-middleware-session/vendor/laravel/framework/src/Illuminate/Foundation/Http/Kernel.php(142): Illuminate\\Pipeline\\Pipeline->then()
#30 /home/abdmalik/laravel/tugas-middleware-session/vendor/laravel/framework/src/Illuminate/Foundation/Http/Kernel.php(111): Illuminate\\Foundation\\Http\\Kernel->sendRequestThroughRouter()
#31 /home/abdmalik/laravel/tugas-middleware-session/public/index.php(52): Illuminate\\Foundation\\Http\\Kernel->handle()
#32 /home/abdmalik/laravel/tugas-middleware-session/vendor/laravel/framework/src/Illuminate/Foundation/resources/server.php(16): require_once('...')
#33 {main}

[previous exception] [object] (ReflectionException(code: -1): Class \"MahasiswaController\" does not exist at /home/abdmalik/laravel/tugas-middleware-session/vendor/laravel/framework/src/Illuminate/Container/Container.php:877)
[stacktrace]
#0 /home/abdmalik/laravel/tugas-middleware-session/vendor/laravel/framework/src/Illuminate/Container/Container.php(877): ReflectionClass->__construct()
#1 /home/abdmalik/laravel/tugas-middleware-session/vendor/laravel/framework/src/Illuminate/Container/Container.php(758): Illuminate\\Container\\Container->build()
#2 /home/abdmalik/laravel/tugas-middleware-session/vendor/laravel/framework/src/Illuminate/Foundation/Application.php(855): Illuminate\\Container\\Container->resolve()
#3 /home/abdmalik/laravel/tugas-middleware-session/vendor/laravel/framework/src/Illuminate/Container/Container.php(694): Illuminate\\Foundation\\Application->resolve()
#4 /home/abdmalik/laravel/tugas-middleware-session/vendor/laravel/framework/src/Illuminate/Foundation/Application.php(840): Illuminate\\Container\\Container->make()
#5 /home/abdmalik/laravel/tugas-middleware-session/vendor/laravel/framework/src/Illuminate/Routing/Route.php(275): Illuminate\\Foundation\\Application->make()
#6 /home/abdmalik/laravel/tugas-middleware-session/vendor/laravel/framework/src/Illuminate/Routing/Route.php(1071): Illuminate\\Routing\\Route->getController()
#7 /home/abdmalik/laravel/tugas-middleware-session/vendor/laravel/framework/src/Illuminate/Routing/Route.php(1014): Illuminate\\Routing\\Route->controllerMiddleware()
#8 /home/abdmalik/laravel/tugas-middleware-session/vendor/laravel/framework/src/Illuminate/Routing/Router.php(738): Illuminate\\Routing\\Route->gatherMiddleware()
#9 /home/abdmalik/laravel/tugas-middleware-session/vendor/laravel/framework/src/Illuminate/Routing/Router.php(718): Illuminate\\Routing\\Router->gatherRouteMiddleware()
#10 /home/abdmalik/laravel/tugas-middleware-session/vendor/laravel/framework/src/Illuminate/Routing/Router.php(702): Illuminate\\Routing\\Router->runRouteWithinStack()
#11 /home/abdmalik/laravel/tugas-middleware-session/vendor/laravel/framework/src/Illuminate/Routing/Router.php(666): Illuminate\\Routing\\Router->runRoute()
#12 /home/abdmalik/laravel/tugas-middleware-session/vendor/laravel/framework/src/Illuminate/Routing/Router.php(655): Illuminate\\Routing\\Router->dispatchToRoute()
#13 /home/abdmalik/laravel/tugas-middleware-session/vendor/laravel/framework/src/Illuminate/Foundation/Http/Kernel.php(167): Illuminate\\Routing\\Router->dispatch()
#14 /home/abdmalik/laravel/tugas-middleware-session/vendor/laravel/framework/src/Illuminate/Pipeline/Pipeline.php(141): Illuminate\\Foundation\\Http\\Kernel->Illuminate\\Foundation\\Http\\{closure}()
#15 /home/abdmalik/laravel/tugas-middleware-session/vendor/laravel/framework/src/Illuminate/Foundation/Http/Middleware/TransformsRequest.php(21): Illuminate\\Pipeline\\Pipeline->Illuminate\\Pipeline\\{closure}()
#16 /home/abdmalik/laravel/tugas-middleware-session/vendor/laravel/framework/src/Illuminate/Foundation/Http/Middleware/ConvertEmptyStringsToNull.php(31): Illuminate\\Foundation\\Http\\Middleware\\TransformsRequest->handle()
#17 /home/abdmalik/laravel/tugas-middleware-session/vendor/laravel/framework/src/Illuminate/Pipeline/Pipeline.php(180): Illuminate\\Foundation\\Http\\Middleware\\ConvertEmptyStringsToNull->handle()
#18 /home/abdmalik/laravel/tugas-middleware-session/vendor/laravel/framework/src/Illuminate/Foundation/Http/Middleware/TransformsRequest.php(21): Illuminate\\Pipeline\\Pipeline->Illuminate\\Pipeline\\{closure}()
#19 /home/abdmalik/laravel/tugas-middleware-session/vendor/laravel/framework/src/Illuminate/Foundation/Http/Middleware/TrimStrings.php(40): Illuminate\\Foundation\\Http\\Middleware\\TransformsRequest->handle()
#20 /home/abdmalik/laravel/tugas-middleware-session/vendor/laravel/framework/src/Illuminate/Pipeline/Pipeline.php(180): Illuminate\\Foundation\\Http\\Middleware\\TrimStrings->handle()
#21 /home/abdmalik/laravel/tugas-middleware-session/vendor/laravel/framework/src/Illuminate/Foundation/Http/Middleware/ValidatePostSize.php(27): Illuminate\\Pipeline\\Pipeline->Illuminate\\Pipeline\\{closure}()
#22 /home/abdmalik/laravel/tugas-middleware-session/vendor/laravel/framework/src/Illuminate/Pipeline/Pipeline.php(180): Illuminate\\Foundation\\Http\\Middleware\\ValidatePostSize->handle()
#23 /home/abdmalik/laravel/tugas-middleware-session/vendor/laravel/framework/src/Illuminate/Foundation/Http/Middleware/PreventRequestsDuringMaintenance.php(86): Illuminate\\Pipeline\\Pipeline->Illuminate\\Pipeline\\{closure}()
#24 /home/abdmalik/laravel/tugas-middleware-session/vendor/laravel/framework/src/Illuminate/Pipeline/Pipeline.php(180): Illuminate\\Foundation\\Http\\Middleware\\PreventRequestsDuringMaintenance->handle()
#25 /home/abdmalik/laravel/tugas-middleware-session/vendor/laravel/framework/src/Illuminate/Http/Middleware/HandleCors.php(49): Illuminate\\Pipeline\\Pipeline->Illuminate\\Pipeline\\{closure}()
#26 /home/abdmalik/laravel/tugas-middleware-session/vendor/laravel/framework/src/Illuminate/Pipeline/Pipeline.php(180): Illuminate\\Http\\Middleware\\HandleCors->handle()
#27 /home/abdmalik/laravel/tugas-middleware-session/vendor/laravel/framework/src/Illuminate/Http/Middleware/TrustProxies.php(39): Illuminate\\Pipeline\\Pipeline->Illuminate\\Pipeline\\{closure}()
#28 /home/abdmalik/laravel/tugas-middleware-session/vendor/laravel/framework/src/Illuminate/Pipeline/Pipeline.php(180): Illuminate\\Http\\Middleware\\TrustProxies->handle()
#29 /home/abdmalik/laravel/tugas-middleware-session/vendor/laravel/framework/src/Illuminate/Pipeline/Pipeline.php(116): Illuminate\\Pipeline\\Pipeline->Illuminate\\Pipeline\\{closure}()
#30 /home/abdmalik/laravel/tugas-middleware-session/vendor/laravel/framework/src/Illuminate/Foundation/Http/Kernel.php(142): Illuminate\\Pipeline\\Pipeline->then()
#31 /home/abdmalik/laravel/tugas-middleware-session/vendor/laravel/framework/src/Illuminate/Foundation/Http/Kernel.php(111): Illuminate\\Foundation\\Http\\Kernel->sendRequestThroughRouter()
#32 /home/abdmalik/laravel/tugas-middleware-session/public/index.php(52): Illuminate\\Foundation\\Http\\Kernel->handle()
#33 /home/abdmalik/laravel/tugas-middleware-session/vendor/laravel/framework/src/Illuminate/Foundation/resources/server.php(16): require_once('...')
#34 {main}
"} 
[2022-03-18 09:52:39] local.ERROR: Target class [MahasiswaController] does not exist. {"exception":"[object] (Illuminate\\Contracts\\Container\\BindingResolutionException(code: 0): Target class [MahasiswaController] does not exist. at /home/abdmalik/laravel/tugas-middleware-session/vendor/laravel/framework/src/Illuminate/Container/Container.php:879)
[stacktrace]
#0 /home/abdmalik/laravel/tugas-middleware-session/vendor/laravel/framework/src/Illuminate/Container/Container.php(758): Illuminate\\Container\\Container->build()
#1 /home/abdmalik/laravel/tugas-middleware-session/vendor/laravel/framework/src/Illuminate/Foundation/Application.php(855): Illuminate\\Container\\Container->resolve()
#2 /home/abdmalik/laravel/tugas-middleware-session/vendor/laravel/framework/src/Illuminate/Container/Container.php(694): Illuminate\\Foundation\\Application->resolve()
#3 /home/abdmalik/laravel/tugas-middleware-session/vendor/laravel/framework/src/Illuminate/Foundation/Application.php(840): Illuminate\\Container\\Container->make()
#4 /home/abdmalik/laravel/tugas-middleware-session/vendor/laravel/framework/src/Illuminate/Routing/Route.php(275): Illuminate\\Foundation\\Application->make()
#5 /home/abdmalik/laravel/tugas-middleware-session/vendor/laravel/framework/src/Illuminate/Routing/Route.php(1071): Illuminate\\Routing\\Route->getController()
#6 /home/abdmalik/laravel/tugas-middleware-session/vendor/laravel/framework/src/Illuminate/Routing/Route.php(1014): Illuminate\\Routing\\Route->controllerMiddleware()
#7 /home/abdmalik/laravel/tugas-middleware-session/vendor/laravel/framework/src/Illuminate/Routing/Router.php(738): Illuminate\\Routing\\Route->gatherMiddleware()
#8 /home/abdmalik/laravel/tugas-middleware-session/vendor/laravel/framework/src/Illuminate/Routing/Router.php(718): Illuminate\\Routing\\Router->gatherRouteMiddleware()
#9 /home/abdmalik/laravel/tugas-middleware-session/vendor/laravel/framework/src/Illuminate/Routing/Router.php(702): Illuminate\\Routing\\Router->runRouteWithinStack()
#10 /home/abdmalik/laravel/tugas-middleware-session/vendor/laravel/framework/src/Illuminate/Routing/Router.php(666): Illuminate\\Routing\\Router->runRoute()
#11 /home/abdmalik/laravel/tugas-middleware-session/vendor/laravel/framework/src/Illuminate/Routing/Router.php(655): Illuminate\\Routing\\Router->dispatchToRoute()
#12 /home/abdmalik/laravel/tugas-middleware-session/vendor/laravel/framework/src/Illuminate/Foundation/Http/Kernel.php(167): Illuminate\\Routing\\Router->dispatch()
#13 /home/abdmalik/laravel/tugas-middleware-session/vendor/laravel/framework/src/Illuminate/Pipeline/Pipeline.php(141): Illuminate\\Foundation\\Http\\Kernel->Illuminate\\Foundation\\Http\\{closure}()
#14 /home/abdmalik/laravel/tugas-middleware-session/vendor/laravel/framework/src/Illuminate/Foundation/Http/Middleware/TransformsRequest.php(21): Illuminate\\Pipeline\\Pipeline->Illuminate\\Pipeline\\{closure}()
#15 /home/abdmalik/laravel/tugas-middleware-session/vendor/laravel/framework/src/Illuminate/Foundation/Http/Middleware/ConvertEmptyStringsToNull.php(31): Illuminate\\Foundation\\Http\\Middleware\\TransformsRequest->handle()
#16 /home/abdmalik/laravel/tugas-middleware-session/vendor/laravel/framework/src/Illuminate/Pipeline/Pipeline.php(180): Illuminate\\Foundation\\Http\\Middleware\\ConvertEmptyStringsToNull->handle()
#17 /home/abdmalik/laravel/tugas-middleware-session/vendor/laravel/framework/src/Illuminate/Foundation/Http/Middleware/TransformsRequest.php(21): Illuminate\\Pipeline\\Pipeline->Illuminate\\Pipeline\\{closure}()
#18 /home/abdmalik/laravel/tugas-middleware-session/vendor/laravel/framework/src/Illuminate/Foundation/Http/Middleware/TrimStrings.php(40): Illuminate\\Foundation\\Http\\Middleware\\TransformsRequest->handle()
#19 /home/abdmalik/laravel/tugas-middleware-session/vendor/laravel/framework/src/Illuminate/Pipeline/Pipeline.php(180): Illuminate\\Foundation\\Http\\Middleware\\TrimStrings->handle()
#20 /home/abdmalik/laravel/tugas-middleware-session/vendor/laravel/framework/src/Illuminate/Foundation/Http/Middleware/ValidatePostSize.php(27): Illuminate\\Pipeline\\Pipeline->Illuminate\\Pipeline\\{closure}()
#21 /home/abdmalik/laravel/tugas-middleware-session/vendor/laravel/framework/src/Illuminate/Pipeline/Pipeline.php(180): Illuminate\\Foundation\\Http\\Middleware\\ValidatePostSize->handle()
#22 /home/abdmalik/laravel/tugas-middleware-session/vendor/laravel/framework/src/Illuminate/Foundation/Http/Middleware/PreventRequestsDuringMaintenance.php(86): Illuminate\\Pipeline\\Pipeline->Illuminate\\Pipeline\\{closure}()
#23 /home/abdmalik/laravel/tugas-middleware-session/vendor/laravel/framework/src/Illuminate/Pipeline/Pipeline.php(180): Illuminate\\Foundation\\Http\\Middleware\\PreventRequestsDuringMaintenance->handle()
#24 /home/abdmalik/laravel/tugas-middleware-session/vendor/laravel/framework/src/Illuminate/Http/Middleware/HandleCors.php(49): Illuminate\\Pipeline\\Pipeline->Illuminate\\Pipeline\\{closure}()
#25 /home/abdmalik/laravel/tugas-middleware-session/vendor/laravel/framework/src/Illuminate/Pipeline/Pipeline.php(180): Illuminate\\Http\\Middleware\\HandleCors->handle()
#26 /home/abdmalik/laravel/tugas-middleware-session/vendor/laravel/framework/src/Illuminate/Http/Middleware/TrustProxies.php(39): Illuminate\\Pipeline\\Pipeline->Illuminate\\Pipeline\\{closure}()
#27 /home/abdmalik/laravel/tugas-middleware-session/vendor/laravel/framework/src/Illuminate/Pipeline/Pipeline.php(180): Illuminate\\Http\\Middleware\\TrustProxies->handle()
#28 /home/abdmalik/laravel/tugas-middleware-session/vendor/laravel/framework/src/Illuminate/Pipeline/Pipeline.php(116): Illuminate\\Pipeline\\Pipeline->Illuminate\\Pipeline\\{closure}()
#29 /home/abdmalik/laravel/tugas-middleware-session/vendor/laravel/framework/src/Illuminate/Foundation/Http/Kernel.php(142): Illuminate\\Pipeline\\Pipeline->then()
#30 /home/abdmalik/laravel/tugas-middleware-session/vendor/laravel/framework/src/Illuminate/Foundation/Http/Kernel.php(111): Illuminate\\Foundation\\Http\\Kernel->sendRequestThroughRouter()
#31 /home/abdmalik/laravel/tugas-middleware-session/public/index.php(52): Illuminate\\Foundation\\Http\\Kernel->handle()
#32 /home/abdmalik/laravel/tugas-middleware-session/vendor/laravel/framework/src/Illuminate/Foundation/resources/server.php(16): require_once('...')
#33 {main}

[previous exception] [object] (ReflectionException(code: -1): Class \"MahasiswaController\" does not exist at /home/abdmalik/laravel/tugas-middleware-session/vendor/laravel/framework/src/Illuminate/Container/Container.php:877)
[stacktrace]
#0 /home/abdmalik/laravel/tugas-middleware-session/vendor/laravel/framework/src/Illuminate/Container/Container.php(877): ReflectionClass->__construct()
#1 /home/abdmalik/laravel/tugas-middleware-session/vendor/laravel/framework/src/Illuminate/Container/Container.php(758): Illuminate\\Container\\Container->build()
#2 /home/abdmalik/laravel/tugas-middleware-session/vendor/laravel/framework/src/Illuminate/Foundation/Application.php(855): Illuminate\\Container\\Container->resolve()
#3 /home/abdmalik/laravel/tugas-middleware-session/vendor/laravel/framework/src/Illuminate/Container/Container.php(694): Illuminate\\Foundation\\Application->resolve()
#4 /home/abdmalik/laravel/tugas-middleware-session/vendor/laravel/framework/src/Illuminate/Foundation/Application.php(840): Illuminate\\Container\\Container->make()
#5 /home/abdmalik/laravel/tugas-middleware-session/vendor/laravel/framework/src/Illuminate/Routing/Route.php(275): Illuminate\\Foundation\\Application->make()
#6 /home/abdmalik/laravel/tugas-middleware-session/vendor/laravel/framework/src/Illuminate/Routing/Route.php(1071): Illuminate\\Routing\\Route->getController()
#7 /home/abdmalik/laravel/tugas-middleware-session/vendor/laravel/framework/src/Illuminate/Routing/Route.php(1014): Illuminate\\Routing\\Route->controllerMiddleware()
#8 /home/abdmalik/laravel/tugas-middleware-session/vendor/laravel/framework/src/Illuminate/Routing/Router.php(738): Illuminate\\Routing\\Route->gatherMiddleware()
#9 /home/abdmalik/laravel/tugas-middleware-session/vendor/laravel/framework/src/Illuminate/Routing/Router.php(718): Illuminate\\Routing\\Router->gatherRouteMiddleware()
#10 /home/abdmalik/laravel/tugas-middleware-session/vendor/laravel/framework/src/Illuminate/Routing/Router.php(702): Illuminate\\Routing\\Router->runRouteWithinStack()
#11 /home/abdmalik/laravel/tugas-middleware-session/vendor/laravel/framework/src/Illuminate/Routing/Router.php(666): Illuminate\\Routing\\Router->runRoute()
#12 /home/abdmalik/laravel/tugas-middleware-session/vendor/laravel/framework/src/Illuminate/Routing/Router.php(655): Illuminate\\Routing\\Router->dispatchToRoute()
#13 /home/abdmalik/laravel/tugas-middleware-session/vendor/laravel/framework/src/Illuminate/Foundation/Http/Kernel.php(167): Illuminate\\Routing\\Router->dispatch()
#14 /home/abdmalik/laravel/tugas-middleware-session/vendor/laravel/framework/src/Illuminate/Pipeline/Pipeline.php(141): Illuminate\\Foundation\\Http\\Kernel->Illuminate\\Foundation\\Http\\{closure}()
#15 /home/abdmalik/laravel/tugas-middleware-session/vendor/laravel/framework/src/Illuminate/Foundation/Http/Middleware/TransformsRequest.php(21): Illuminate\\Pipeline\\Pipeline->Illuminate\\Pipeline\\{closure}()
#16 /home/abdmalik/laravel/tugas-middleware-session/vendor/laravel/framework/src/Illuminate/Foundation/Http/Middleware/ConvertEmptyStringsToNull.php(31): Illuminate\\Foundation\\Http\\Middleware\\TransformsRequest->handle()
#17 /home/abdmalik/laravel/tugas-middleware-session/vendor/laravel/framework/src/Illuminate/Pipeline/Pipeline.php(180): Illuminate\\Foundation\\Http\\Middleware\\ConvertEmptyStringsToNull->handle()
#18 /home/abdmalik/laravel/tugas-middleware-session/vendor/laravel/framework/src/Illuminate/Foundation/Http/Middleware/TransformsRequest.php(21): Illuminate\\Pipeline\\Pipeline->Illuminate\\Pipeline\\{closure}()
#19 /home/abdmalik/laravel/tugas-middleware-session/vendor/laravel/framework/src/Illuminate/Foundation/Http/Middleware/TrimStrings.php(40): Illuminate\\Foundation\\Http\\Middleware\\TransformsRequest->handle()
#20 /home/abdmalik/laravel/tugas-middleware-session/vendor/laravel/framework/src/Illuminate/Pipeline/Pipeline.php(180): Illuminate\\Foundation\\Http\\Middleware\\TrimStrings->handle()
#21 /home/abdmalik/laravel/tugas-middleware-session/vendor/laravel/framework/src/Illuminate/Foundation/Http/Middleware/ValidatePostSize.php(27): Illuminate\\Pipeline\\Pipeline->Illuminate\\Pipeline\\{closure}()
#22 /home/abdmalik/laravel/tugas-middleware-session/vendor/laravel/framework/src/Illuminate/Pipeline/Pipeline.php(180): Illuminate\\Foundation\\Http\\Middleware\\ValidatePostSize->handle()
#23 /home/abdmalik/laravel/tugas-middleware-session/vendor/laravel/framework/src/Illuminate/Foundation/Http/Middleware/PreventRequestsDuringMaintenance.php(86): Illuminate\\Pipeline\\Pipeline->Illuminate\\Pipeline\\{closure}()
#24 /home/abdmalik/laravel/tugas-middleware-session/vendor/laravel/framework/src/Illuminate/Pipeline/Pipeline.php(180): Illuminate\\Foundation\\Http\\Middleware\\PreventRequestsDuringMaintenance->handle()
#25 /home/abdmalik/laravel/tugas-middleware-session/vendor/laravel/framework/src/Illuminate/Http/Middleware/HandleCors.php(49): Illuminate\\Pipeline\\Pipeline->Illuminate\\Pipeline\\{closure}()
#26 /home/abdmalik/laravel/tugas-middleware-session/vendor/laravel/framework/src/Illuminate/Pipeline/Pipeline.php(180): Illuminate\\Http\\Middleware\\HandleCors->handle()
#27 /home/abdmalik/laravel/tugas-middleware-session/vendor/laravel/framework/src/Illuminate/Http/Middleware/TrustProxies.php(39): Illuminate\\Pipeline\\Pipeline->Illuminate\\Pipeline\\{closure}()
#28 /home/abdmalik/laravel/tugas-middleware-session/vendor/laravel/framework/src/Illuminate/Pipeline/Pipeline.php(180): Illuminate\\Http\\Middleware\\TrustProxies->handle()
#29 /home/abdmalik/laravel/tugas-middleware-session/vendor/laravel/framework/src/Illuminate/Pipeline/Pipeline.php(116): Illuminate\\Pipeline\\Pipeline->Illuminate\\Pipeline\\{closure}()
#30 /home/abdmalik/laravel/tugas-middleware-session/vendor/laravel/framework/src/Illuminate/Foundation/Http/Kernel.php(142): Illuminate\\Pipeline\\Pipeline->then()
#31 /home/abdmalik/laravel/tugas-middleware-session/vendor/laravel/framework/src/Illuminate/Foundation/Http/Kernel.php(111): Illuminate\\Foundation\\Http\\Kernel->sendRequestThroughRouter()
#32 /home/abdmalik/laravel/tugas-middleware-session/public/index.php(52): Illuminate\\Foundation\\Http\\Kernel->handle()
#33 /home/abdmalik/laravel/tugas-middleware-session/vendor/laravel/framework/src/Illuminate/Foundation/resources/server.php(16): require_once('...')
#34 {main}
"} 
[2022-03-18 10:05:03] local.ERROR: Uncaught Error: Class "App\Models\Session" not found in Command line code:1
Stack trace:
#0 {main}
  thrown {"exception":"[object] (Symfony\\Component\\ErrorHandler\\Error\\FatalError(code: 0): Uncaught Error: Class \"App\\Models\\Session\" not found in Command line code:1
Stack trace:
#0 {main}
  thrown at Command line code:1)
[stacktrace]
#0 {main}
"} 
[2022-03-18 10:06:39] local.ERROR: Target class [SessionController] does not exist. {"exception":"[object] (Illuminate\\Contracts\\Container\\BindingResolutionException(code: 0): Target class [SessionController] does not exist. at /home/abdmalik/laravel/tugas-middleware-session/vendor/laravel/framework/src/Illuminate/Container/Container.php:879)
[stacktrace]
#0 /home/abdmalik/laravel/tugas-middleware-session/vendor/laravel/framework/src/Illuminate/Container/Container.php(758): Illuminate\\Container\\Container->build()
#1 /home/abdmalik/laravel/tugas-middleware-session/vendor/laravel/framework/src/Illuminate/Foundation/Application.php(855): Illuminate\\Container\\Container->resolve()
#2 /home/abdmalik/laravel/tugas-middleware-session/vendor/laravel/framework/src/Illuminate/Container/Container.php(694): Illuminate\\Foundation\\Application->resolve()
#3 /home/abdmalik/laravel/tugas-middleware-session/vendor/laravel/framework/src/Illuminate/Foundation/Application.php(840): Illuminate\\Container\\Container->make()
#4 /home/abdmalik/laravel/tugas-middleware-session/vendor/laravel/framework/src/Illuminate/Routing/Route.php(275): Illuminate\\Foundation\\Application->make()
#5 /home/abdmalik/laravel/tugas-middleware-session/vendor/laravel/framework/src/Illuminate/Routing/Route.php(1071): Illuminate\\Routing\\Route->getController()
#6 /home/abdmalik/laravel/tugas-middleware-session/vendor/laravel/framework/src/Illuminate/Routing/Route.php(1014): Illuminate\\Routing\\Route->controllerMiddleware()
#7 /home/abdmalik/laravel/tugas-middleware-session/vendor/laravel/framework/src/Illuminate/Routing/Router.php(738): Illuminate\\Routing\\Route->gatherMiddleware()
#8 /home/abdmalik/laravel/tugas-middleware-session/vendor/laravel/framework/src/Illuminate/Routing/Router.php(718): Illuminate\\Routing\\Router->gatherRouteMiddleware()
#9 /home/abdmalik/laravel/tugas-middleware-session/vendor/laravel/framework/src/Illuminate/Routing/Router.php(702): Illuminate\\Routing\\Router->runRouteWithinStack()
#10 /home/abdmalik/laravel/tugas-middleware-session/vendor/laravel/framework/src/Illuminate/Routing/Router.php(666): Illuminate\\Routing\\Router->runRoute()
#11 /home/abdmalik/laravel/tugas-middleware-session/vendor/laravel/framework/src/Illuminate/Routing/Router.php(655): Illuminate\\Routing\\Router->dispatchToRoute()
#12 /home/abdmalik/laravel/tugas-middleware-session/vendor/laravel/framework/src/Illuminate/Foundation/Http/Kernel.php(167): Illuminate\\Routing\\Router->dispatch()
#13 /home/abdmalik/laravel/tugas-middleware-session/vendor/laravel/framework/src/Illuminate/Pipeline/Pipeline.php(141): Illuminate\\Foundation\\Http\\Kernel->Illuminate\\Foundation\\Http\\{closure}()
#14 /home/abdmalik/laravel/tugas-middleware-session/vendor/laravel/framework/src/Illuminate/Foundation/Http/Middleware/TransformsRequest.php(21): Illuminate\\Pipeline\\Pipeline->Illuminate\\Pipeline\\{closure}()
#15 /home/abdmalik/laravel/tugas-middleware-session/vendor/laravel/framework/src/Illuminate/Foundation/Http/Middleware/ConvertEmptyStringsToNull.php(31): Illuminate\\Foundation\\Http\\Middleware\\TransformsRequest->handle()
#16 /home/abdmalik/laravel/tugas-middleware-session/vendor/laravel/framework/src/Illuminate/Pipeline/Pipeline.php(180): Illuminate\\Foundation\\Http\\Middleware\\ConvertEmptyStringsToNull->handle()
#17 /home/abdmalik/laravel/tugas-middleware-session/vendor/laravel/framework/src/Illuminate/Foundation/Http/Middleware/TransformsRequest.php(21): Illuminate\\Pipeline\\Pipeline->Illuminate\\Pipeline\\{closure}()
#18 /home/abdmalik/laravel/tugas-middleware-session/vendor/laravel/framework/src/Illuminate/Foundation/Http/Middleware/TrimStrings.php(40): Illuminate\\Foundation\\Http\\Middleware\\TransformsRequest->handle()
#19 /home/abdmalik/laravel/tugas-middleware-session/vendor/laravel/framework/src/Illuminate/Pipeline/Pipeline.php(180): Illuminate\\Foundation\\Http\\Middleware\\TrimStrings->handle()
#20 /home/abdmalik/laravel/tugas-middleware-session/vendor/laravel/framework/src/Illuminate/Foundation/Http/Middleware/ValidatePostSize.php(27): Illuminate\\Pipeline\\Pipeline->Illuminate\\Pipeline\\{closure}()
#21 /home/abdmalik/laravel/tugas-middleware-session/vendor/laravel/framework/src/Illuminate/Pipeline/Pipeline.php(180): Illuminate\\Foundation\\Http\\Middleware\\ValidatePostSize->handle()
#22 /home/abdmalik/laravel/tugas-middleware-session/vendor/laravel/framework/src/Illuminate/Foundation/Http/Middleware/PreventRequestsDuringMaintenance.php(86): Illuminate\\Pipeline\\Pipeline->Illuminate\\Pipeline\\{closure}()
#23 /home/abdmalik/laravel/tugas-middleware-session/vendor/laravel/framework/src/Illuminate/Pipeline/Pipeline.php(180): Illuminate\\Foundation\\Http\\Middleware\\PreventRequestsDuringMaintenance->handle()
#24 /home/abdmalik/laravel/tugas-middleware-session/vendor/laravel/framework/src/Illuminate/Http/Middleware/HandleCors.php(49): Illuminate\\Pipeline\\Pipeline->Illuminate\\Pipeline\\{closure}()
#25 /home/abdmalik/laravel/tugas-middleware-session/vendor/laravel/framework/src/Illuminate/Pipeline/Pipeline.php(180): Illuminate\\Http\\Middleware\\HandleCors->handle()
#26 /home/abdmalik/laravel/tugas-middleware-session/vendor/laravel/framework/src/Illuminate/Http/Middleware/TrustProxies.php(39): Illuminate\\Pipeline\\Pipeline->Illuminate\\Pipeline\\{closure}()
#27 /home/abdmalik/laravel/tugas-middleware-session/vendor/laravel/framework/src/Illuminate/Pipeline/Pipeline.php(180): Illuminate\\Http\\Middleware\\TrustProxies->handle()
#28 /home/abdmalik/laravel/tugas-middleware-session/vendor/laravel/framework/src/Illuminate/Pipeline/Pipeline.php(116): Illuminate\\Pipeline\\Pipeline->Illuminate\\Pipeline\\{closure}()
#29 /home/abdmalik/laravel/tugas-middleware-session/vendor/laravel/framework/src/Illuminate/Foundation/Http/Kernel.php(142): Illuminate\\Pipeline\\Pipeline->then()
#30 /home/abdmalik/laravel/tugas-middleware-session/vendor/laravel/framework/src/Illuminate/Foundation/Http/Kernel.php(111): Illuminate\\Foundation\\Http\\Kernel->sendRequestThroughRouter()
#31 /home/abdmalik/laravel/tugas-middleware-session/public/index.php(52): Illuminate\\Foundation\\Http\\Kernel->handle()
#32 /home/abdmalik/laravel/tugas-middleware-session/vendor/laravel/framework/src/Illuminate/Foundation/resources/server.php(16): require_once('...')
#33 {main}

[previous exception] [object] (ReflectionException(code: -1): Class \"SessionController\" does not exist at /home/abdmalik/laravel/tugas-middleware-session/vendor/laravel/framework/src/Illuminate/Container/Container.php:877)
[stacktrace]
#0 /home/abdmalik/laravel/tugas-middleware-session/vendor/laravel/framework/src/Illuminate/Container/Container.php(877): ReflectionClass->__construct()
#1 /home/abdmalik/laravel/tugas-middleware-session/vendor/laravel/framework/src/Illuminate/Container/Container.php(758): Illuminate\\Container\\Container->build()
#2 /home/abdmalik/laravel/tugas-middleware-session/vendor/laravel/framework/src/Illuminate/Foundation/Application.php(855): Illuminate\\Container\\Container->resolve()
#3 /home/abdmalik/laravel/tugas-middleware-session/vendor/laravel/framework/src/Illuminate/Container/Container.php(694): Illuminate\\Foundation\\Application->resolve()
#4 /home/abdmalik/laravel/tugas-middleware-session/vendor/laravel/framework/src/Illuminate/Foundation/Application.php(840): Illuminate\\Container\\Container->make()
#5 /home/abdmalik/laravel/tugas-middleware-session/vendor/laravel/framework/src/Illuminate/Routing/Route.php(275): Illuminate\\Foundation\\Application->make()
#6 /home/abdmalik/laravel/tugas-middleware-session/vendor/laravel/framework/src/Illuminate/Routing/Route.php(1071): Illuminate\\Routing\\Route->getController()
#7 /home/abdmalik/laravel/tugas-middleware-session/vendor/laravel/framework/src/Illuminate/Routing/Route.php(1014): Illuminate\\Routing\\Route->controllerMiddleware()
#8 /home/abdmalik/laravel/tugas-middleware-session/vendor/laravel/framework/src/Illuminate/Routing/Router.php(738): Illuminate\\Routing\\Route->gatherMiddleware()
#9 /home/abdmalik/laravel/tugas-middleware-session/vendor/laravel/framework/src/Illuminate/Routing/Router.php(718): Illuminate\\Routing\\Router->gatherRouteMiddleware()
#10 /home/abdmalik/laravel/tugas-middleware-session/vendor/laravel/framework/src/Illuminate/Routing/Router.php(702): Illuminate\\Routing\\Router->runRouteWithinStack()
#11 /home/abdmalik/laravel/tugas-middleware-session/vendor/laravel/framework/src/Illuminate/Routing/Router.php(666): Illuminate\\Routing\\Router->runRoute()
#12 /home/abdmalik/laravel/tugas-middleware-session/vendor/laravel/framework/src/Illuminate/Routing/Router.php(655): Illuminate\\Routing\\Router->dispatchToRoute()
#13 /home/abdmalik/laravel/tugas-middleware-session/vendor/laravel/framework/src/Illuminate/Foundation/Http/Kernel.php(167): Illuminate\\Routing\\Router->dispatch()
#14 /home/abdmalik/laravel/tugas-middleware-session/vendor/laravel/framework/src/Illuminate/Pipeline/Pipeline.php(141): Illuminate\\Foundation\\Http\\Kernel->Illuminate\\Foundation\\Http\\{closure}()
#15 /home/abdmalik/laravel/tugas-middleware-session/vendor/laravel/framework/src/Illuminate/Foundation/Http/Middleware/TransformsRequest.php(21): Illuminate\\Pipeline\\Pipeline->Illuminate\\Pipeline\\{closure}()
#16 /home/abdmalik/laravel/tugas-middleware-session/vendor/laravel/framework/src/Illuminate/Foundation/Http/Middleware/ConvertEmptyStringsToNull.php(31): Illuminate\\Foundation\\Http\\Middleware\\TransformsRequest->handle()
#17 /home/abdmalik/laravel/tugas-middleware-session/vendor/laravel/framework/src/Illuminate/Pipeline/Pipeline.php(180): Illuminate\\Foundation\\Http\\Middleware\\ConvertEmptyStringsToNull->handle()
#18 /home/abdmalik/laravel/tugas-middleware-session/vendor/laravel/framework/src/Illuminate/Foundation/Http/Middleware/TransformsRequest.php(21): Illuminate\\Pipeline\\Pipeline->Illuminate\\Pipeline\\{closure}()
#19 /home/abdmalik/laravel/tugas-middleware-session/vendor/laravel/framework/src/Illuminate/Foundation/Http/Middleware/TrimStrings.php(40): Illuminate\\Foundation\\Http\\Middleware\\TransformsRequest->handle()
#20 /home/abdmalik/laravel/tugas-middleware-session/vendor/laravel/framework/src/Illuminate/Pipeline/Pipeline.php(180): Illuminate\\Foundation\\Http\\Middleware\\TrimStrings->handle()
#21 /home/abdmalik/laravel/tugas-middleware-session/vendor/laravel/framework/src/Illuminate/Foundation/Http/Middleware/ValidatePostSize.php(27): Illuminate\\Pipeline\\Pipeline->Illuminate\\Pipeline\\{closure}()
#22 /home/abdmalik/laravel/tugas-middleware-session/vendor/laravel/framework/src/Illuminate/Pipeline/Pipeline.php(180): Illuminate\\Foundation\\Http\\Middleware\\ValidatePostSize->handle()
#23 /home/abdmalik/laravel/tugas-middleware-session/vendor/laravel/framework/src/Illuminate/Foundation/Http/Middleware/PreventRequestsDuringMaintenance.php(86): Illuminate\\Pipeline\\Pipeline->Illuminate\\Pipeline\\{closure}()
#24 /home/abdmalik/laravel/tugas-middleware-session/vendor/laravel/framework/src/Illuminate/Pipeline/Pipeline.php(180): Illuminate\\Foundation\\Http\\Middleware\\PreventRequestsDuringMaintenance->handle()
#25 /home/abdmalik/laravel/tugas-middleware-session/vendor/laravel/framework/src/Illuminate/Http/Middleware/HandleCors.php(49): Illuminate\\Pipeline\\Pipeline->Illuminate\\Pipeline\\{closure}()
#26 /home/abdmalik/laravel/tugas-middleware-session/vendor/laravel/framework/src/Illuminate/Pipeline/Pipeline.php(180): Illuminate\\Http\\Middleware\\HandleCors->handle()
#27 /home/abdmalik/laravel/tugas-middleware-session/vendor/laravel/framework/src/Illuminate/Http/Middleware/TrustProxies.php(39): Illuminate\\Pipeline\\Pipeline->Illuminate\\Pipeline\\{closure}()
#28 /home/abdmalik/laravel/tugas-middleware-session/vendor/laravel/framework/src/Illuminate/Pipeline/Pipeline.php(180): Illuminate\\Http\\Middleware\\TrustProxies->handle()
#29 /home/abdmalik/laravel/tugas-middleware-session/vendor/laravel/framework/src/Illuminate/Pipeline/Pipeline.php(116): Illuminate\\Pipeline\\Pipeline->Illuminate\\Pipeline\\{closure}()
#30 /home/abdmalik/laravel/tugas-middleware-session/vendor/laravel/framework/src/Illuminate/Foundation/Http/Kernel.php(142): Illuminate\\Pipeline\\Pipeline->then()
#31 /home/abdmalik/laravel/tugas-middleware-session/vendor/laravel/framework/src/Illuminate/Foundation/Http/Kernel.php(111): Illuminate\\Foundation\\Http\\Kernel->sendRequestThroughRouter()
#32 /home/abdmalik/laravel/tugas-middleware-session/public/index.php(52): Illuminate\\Foundation\\Http\\Kernel->handle()
#33 /home/abdmalik/laravel/tugas-middleware-session/vendor/laravel/framework/src/Illuminate/Foundation/resources/server.php(16): require_once('...')
#34 {main}
"} 
